[INFO] 
[INFO] ------------------< org.faktorips:faktorips-runtime >-------------------
[INFO] Building Faktor-IPS Runtime 24.1.0-SNAPSHOT                       [6/93]
[INFO] -------------------------------[ bundle ]-------------------------------
[INFO] 
[INFO] --- maven-clean-plugin:2.5:clean (default-clean) @ faktorips-runtime ---
[INFO] 
[INFO] --- flatten-maven-plugin:1.2.7:clean (flatten.clean) @ faktorips-runtime ---
[INFO] 
[INFO] --- jacoco-maven-plugin:0.8.8:prepare-agent (default) @ faktorips-runtime ---
[INFO] argLine set to -javaagent:/home/jenkins-slave/.m2/repository/org/jacoco/org.jacoco.agent/0.8.8/org.jacoco.agent-0.8.8-runtime.jar=destfile=/data/build-space/workspace/FaktorIPS_CI/runtime/faktorips-runtime/target/jacoco.exec
[INFO] 
[INFO] --- maven-resources-plugin:3.3.1:resources (default-resources) @ faktorips-runtime ---
[INFO] Copying 8 resources from src/main/resources to target/classes
[INFO] 
[INFO] --- flatten-maven-plugin:1.2.7:flatten (flatten) @ faktorips-runtime ---
[INFO] Generating flattened POM of project org.faktorips:faktorips-runtime:bundle:24.1.0-SNAPSHOT...
[INFO] 
[INFO] --- maven-compiler-plugin:3.10.1:compile (default-compile) @ faktorips-runtime ---
[INFO] Changes detected - recompiling the module!
[INFO] Compiling 294 source files to /data/build-space/workspace/FaktorIPS_CI/runtime/faktorips-runtime/target/classes
[INFO] /data/build-space/workspace/FaktorIPS_CI/runtime/faktorips-runtime/src/main/java/org/faktorips/runtime/jaxb/IpsJAXBContext.java: Some input files use or override a deprecated API.
[INFO] /data/build-space/workspace/FaktorIPS_CI/runtime/faktorips-runtime/src/main/java/org/faktorips/runtime/jaxb/IpsJAXBContext.java: Recompile with -Xlint:deprecation for details.
[INFO] /data/build-space/workspace/FaktorIPS_CI/runtime/faktorips-runtime/src/main/java/org/faktorips/runtime/internal/xml/XmlBindingSupportHelper.java: /data/build-space/workspace/FaktorIPS_CI/runtime/faktorips-runtime/src/main/java/org/faktorips/runtime/internal/xml/XmlBindingSupportHelper.java uses or overrides a deprecated API that is marked for removal.
[INFO] /data/build-space/workspace/FaktorIPS_CI/runtime/faktorips-runtime/src/main/java/org/faktorips/runtime/internal/xml/XmlBindingSupportHelper.java: Recompile with -Xlint:removal for details.
[INFO] 
[INFO] --- maven-bundle-plugin:5.1.6:manifest (generate-manifest) @ faktorips-runtime ---
[INFO] No MANIFEST.MF file found, generating manifest.
[WARNING] Manifest org.faktorips:faktorips-runtime:bundle:24.1.0-SNAPSHOT : Export-Package duplicate package name (org.faktorips.runtime.internal) that uses the default version because no version is specified (24.1.0). Remove duplicate package or add an explicit version to it.
[INFO] Writing manifest: /data/build-space/workspace/FaktorIPS_CI/runtime/faktorips-runtime/target/classes/META-INF/MANIFEST.MF
[INFO] 
[INFO] --- maven-resources-plugin:3.3.1:testResources (default-testResources) @ faktorips-runtime ---
[INFO] Copying 61 resources from src/test/resources to target/test-classes
[INFO] 
[INFO] --- maven-compiler-plugin:3.10.1:testCompile (default-testCompile) @ faktorips-runtime ---
[INFO] Changes detected - recompiling the module!
[INFO] Compiling 132 source files to /data/build-space/workspace/FaktorIPS_CI/runtime/faktorips-runtime/target/test-classes
[INFO] /data/build-space/workspace/FaktorIPS_CI/runtime/faktorips-runtime/src/test/java/org/faktorips/runtime/jaxb/MonthAdapterTest.java: Some input files use or override a deprecated API.
[INFO] /data/build-space/workspace/FaktorIPS_CI/runtime/faktorips-runtime/src/test/java/org/faktorips/runtime/jaxb/MonthAdapterTest.java: Recompile with -Xlint:deprecation for details.
[INFO] 
[INFO] --- maven-surefire-plugin:3.0.0-M5:test (default-test) @ faktorips-runtime ---
[INFO] Toolchain in maven-surefire-plugin: JDK[/data/build-space/tools/hudson.model.JDK/JDK8/jdk8u372-b07]
[INFO] Surefire report directory: /data/build-space/workspace/FaktorIPS_CI/runtime/faktorips-runtime/target/surefire-reports
[WARNING] The system property user.language is configured twice! The property appears in <argLine/> and any of <systemPropertyVariables/>, <systemProperties/> or user property.
[WARNING] The system property user.country is configured twice! The property appears in <argLine/> and any of <systemPropertyVariables/>, <systemProperties/> or user property.
[INFO] 
[INFO] -------------------------------------------------------
[INFO]  T E S T S
[INFO] -------------------------------------------------------
[ERROR] Picked up JAVA_TOOL_OPTIONS: -Dmaven.ext.class.path="/data/build-space/workspace/FaktorIPS_CI@tmp/withMavenad64f306/pipeline-maven-spy.jar" -Dorg.jenkinsci.plugins.pipeline.maven.reportsFolder="/data/build-space/workspace/FaktorIPS_CI@tmp/withMavenad64f306" 
[INFO] Running org.faktorips.runtime.productswitch.ProductSwitchTest
[INFO] Tests run: 12, Failures: 0, Errors: 0, Skipped: 0, Time elapsed: 0.086 s - in org.faktorips.runtime.productswitch.ProductSwitchTest
[INFO] Running org.faktorips.runtime.IpsEnumToXmlWriterTest
[INFO] Tests run: 8, Failures: 0, Errors: 0, Skipped: 0, Time elapsed: 0.086 s - in org.faktorips.runtime.IpsEnumToXmlWriterTest
[INFO] Running org.faktorips.runtime.model.table.TableColumnTest
[INFO] Tests run: 3, Failures: 0, Errors: 0, Skipped: 0, Time elapsed: 0.008 s - in org.faktorips.runtime.model.table.TableColumnTest
[INFO] Running org.faktorips.runtime.model.table.TableStructureTest
[INFO] Tests run: 8, Failures: 0, Errors: 0, Skipped: 0, Time elapsed: 0.003 s - in org.faktorips.runtime.model.table.TableStructureTest
[INFO] Running org.faktorips.runtime.model.type.ModelObjectAttributesTest
[INFO] Tests run: 21, Failures: 0, Errors: 0, Skipped: 0, Time elapsed: 0.041 s - in org.faktorips.runtime.model.type.ModelObjectAttributesTest
[INFO] Running org.faktorips.runtime.model.type.ConstantPolicyAttributeTest
[INFO] Tests run: 16, Failures: 0, Errors: 0, Skipped: 0, Time elapsed: 0.006 s - in org.faktorips.runtime.model.type.ConstantPolicyAttributeTest
[INFO] Running org.faktorips.runtime.model.type.PolicyCmptTypeTest
[INFO] Tests run: 32, Failures: 0, Errors: 0, Skipped: 0, Time elapsed: 0.013 s - in org.faktorips.runtime.model.type.PolicyCmptTypeTest
[INFO] Running org.faktorips.runtime.model.type.DefaultPolicyAttributeTest
[INFO] Tests run: 84, Failures: 0, Errors: 0, Skipped: 0, Time elapsed: 0.038 s - in org.faktorips.runtime.model.type.DefaultPolicyAttributeTest
[INFO] Running org.faktorips.runtime.model.type.ModelElementTest
[INFO] Tests run: 7, Failures: 0, Errors: 0, Skipped: 0, Time elapsed: 0.004 s - in org.faktorips.runtime.model.type.ModelElementTest
[INFO] Running org.faktorips.runtime.model.type.read.SimpleTypeModelPartsReaderTest
[INFO] Tests run: 6, Failures: 0, Errors: 0, Skipped: 0, Time elapsed: 0.436 s - in org.faktorips.runtime.model.type.read.SimpleTypeModelPartsReaderTest
[INFO] Running org.faktorips.runtime.model.type.read.SimpleGetterMethodAnnotationProcessorTest
[INFO] Tests run: 2, Failures: 0, Errors: 0, Skipped: 0, Time elapsed: 0.024 s - in org.faktorips.runtime.model.type.read.SimpleGetterMethodAnnotationProcessorTest
[INFO] Running org.faktorips.runtime.model.type.read.SimpleGetterMethodModelDescriptorTest
[INFO] Tests run: 1, Failures: 0, Errors: 0, Skipped: 0, Time elapsed: 0.012 s - in org.faktorips.runtime.model.type.read.SimpleGetterMethodModelDescriptorTest
[INFO] Running org.faktorips.runtime.model.type.read.SimpleGetterMethodCollectorTest
[INFO] Tests run: 2, Failures: 0, Errors: 0, Skipped: 0, Time elapsed: 0.009 s - in org.faktorips.runtime.model.type.read.SimpleGetterMethodCollectorTest
[INFO] Running org.faktorips.runtime.model.type.PolicyAssociationTest
[INFO] Tests run: 46, Failures: 0, Errors: 0, Skipped: 0, Time elapsed: 0.008 s - in org.faktorips.runtime.model.type.PolicyAssociationTest
[INFO] Running org.faktorips.runtime.model.type.ProductCmptTypeTest
[INFO] Tests run: 23, Failures: 0, Errors: 0, Skipped: 0, Time elapsed: 0.005 s - in org.faktorips.runtime.model.type.ProductCmptTypeTest
[INFO] Running org.faktorips.runtime.model.type.TableUsageTest
[INFO] Tests run: 13, Failures: 0, Errors: 0, Skipped: 0, Time elapsed: 0.054 s - in org.faktorips.runtime.model.type.TableUsageTest
[INFO] Running org.faktorips.runtime.model.type.TypeTest
[INFO] Tests run: 9, Failures: 0, Errors: 0, Skipped: 0, Time elapsed: 0.003 s - in org.faktorips.runtime.model.type.TypeTest
[INFO] Running org.faktorips.runtime.model.type.ProductAssociationTest
[INFO] Tests run: 59, Failures: 0, Errors: 0, Skipped: 0, Time elapsed: 0.009 s - in org.faktorips.runtime.model.type.ProductAssociationTest
[INFO] Running org.faktorips.runtime.model.type.ProductAttributeTest
[INFO] Tests run: 10, Failures: 0, Errors: 0, Skipped: 0, Time elapsed: 0.004 s - in org.faktorips.runtime.model.type.ProductAttributeTest
[INFO] Running org.faktorips.runtime.model.type.AttributeTest
[INFO] Tests run: 7, Failures: 0, Errors: 0, Skipped: 0, Time elapsed: 0.002 s - in org.faktorips.runtime.model.type.AttributeTest
[INFO] Running org.faktorips.runtime.model.IpsModelTest
[INFO] Tests run: 28, Failures: 0, Errors: 0, Skipped: 0, Time elapsed: 0.004 s - in org.faktorips.runtime.model.IpsModelTest
[INFO] Running org.faktorips.runtime.model.enumtype.EnumTypeTest
[INFO] Tests run: 14, Failures: 0, Errors: 0, Skipped: 0, Time elapsed: 0.005 s - in org.faktorips.runtime.model.enumtype.EnumTypeTest
[INFO] Running org.faktorips.runtime.model.enumtype.EnumAttributeTest
[INFO] Tests run: 11, Failures: 0, Errors: 0, Skipped: 0, Time elapsed: 0.031 s - in org.faktorips.runtime.model.enumtype.EnumAttributeTest
[INFO] Running org.faktorips.runtime.model.annotation.AnnotatedDeclarationTest
[INFO] Tests run: 11, Failures: 0, Errors: 0, Skipped: 0, Time elapsed: 0.001 s - in org.faktorips.runtime.model.annotation.AnnotatedDeclarationTest
[INFO] Running org.faktorips.runtime.MessageListTest
[INFO] Tests run: 40, Failures: 0, Errors: 0, Skipped: 0, Time elapsed: 0.01 s - in org.faktorips.runtime.MessageListTest
[INFO] Running org.faktorips.runtime.internal.ValidationContextTest
[INFO] Tests run: 2, Failures: 0, Errors: 0, Skipped: 0, Time elapsed: 0.001 s - in org.faktorips.runtime.internal.ValidationContextTest
[INFO] Running org.faktorips.runtime.internal.AbstractTocBasedRuntimeRepositoryTest
[INFO] Tests run: 1, Failures: 0, Errors: 0, Skipped: 0, Time elapsed: 0.012 s - in org.faktorips.runtime.internal.AbstractTocBasedRuntimeRepositoryTest
[INFO] Running org.faktorips.runtime.internal.ProductComponentXmlUtilTest
[INFO] Tests run: 3, Failures: 0, Errors: 0, Skipped: 0, Time elapsed: 0.004 s - in org.faktorips.runtime.internal.ProductComponentXmlUtilTest
[INFO] Running org.faktorips.runtime.internal.ValidationRuleConfigurationTest
[INFO] Tests run: 1, Failures: 0, Errors: 0, Skipped: 0, Time elapsed: 0.001 s - in org.faktorips.runtime.internal.ValidationRuleConfigurationTest
[INFO] Running org.faktorips.runtime.internal.DateTimeTest
[INFO] Tests run: 5, Failures: 0, Errors: 0, Skipped: 0, Time elapsed: 0.001 s - in org.faktorips.runtime.internal.DateTimeTest
[INFO] Running org.faktorips.runtime.internal.TableTest
[INFO] Tests run: 1, Failures: 0, Errors: 0, Skipped: 0, Time elapsed: 0.012 s - in org.faktorips.runtime.internal.TableTest
[INFO] Running org.faktorips.runtime.internal.ReadonlyTableOfContentsTest
[INFO] Tests run: 1, Failures: 0, Errors: 0, Skipped: 0, Time elapsed: 0.002 s - in org.faktorips.runtime.internal.ReadonlyTableOfContentsTest
[INFO] Running org.faktorips.runtime.internal.productvariant.ProductVariantRuntimeHelperTest
[INFO] Tests run: 6, Failures: 0, Errors: 0, Skipped: 0, Time elapsed: 0.14 s - in org.faktorips.runtime.internal.productvariant.ProductVariantRuntimeHelperTest
[INFO] Running org.faktorips.runtime.internal.ValueToXmlHelperTest
[INFO] Tests run: 14, Failures: 0, Errors: 0, Skipped: 0, Time elapsed: 0.014 s - in org.faktorips.runtime.internal.ValueToXmlHelperTest
[INFO] Running org.faktorips.runtime.internal.ProductComponentLinkTest
[INFO] Tests run: 2, Failures: 0, Errors: 0, Skipped: 0, Time elapsed: 0.021 s - in org.faktorips.runtime.internal.ProductComponentLinkTest
[INFO] Running org.faktorips.runtime.internal.ProductComponentTest
[INFO] Tests run: 28, Failures: 0, Errors: 0, Skipped: 0, Time elapsed: 0.086 s - in org.faktorips.runtime.internal.ProductComponentTest
[INFO] Running org.faktorips.runtime.internal.EnumSaxHandlerTest
[INFO] Tests run: 7, Failures: 0, Errors: 0, Skipped: 0, Time elapsed: 0.005 s - in org.faktorips.runtime.internal.EnumSaxHandlerTest
[INFO] Running org.faktorips.runtime.internal.ProductConfigurationTest
[INFO] Tests run: 14, Failures: 0, Errors: 0, Skipped: 0, Time elapsed: 0.023 s - in org.faktorips.runtime.internal.ProductConfigurationTest
[INFO] Running org.faktorips.runtime.internal.MultiValueXmlHelperTest
[INFO] Tests run: 5, Failures: 0, Errors: 0, Skipped: 0, Time elapsed: 0.004 s - in org.faktorips.runtime.internal.MultiValueXmlHelperTest
[INFO] Running org.faktorips.runtime.internal.ProductCmptTocEntryTest
[INFO] Tests run: 6, Failures: 0, Errors: 0, Skipped: 0, Time elapsed: 0.003 s - in org.faktorips.runtime.internal.ProductCmptTocEntryTest
[INFO] Running org.faktorips.runtime.internal.IpsStringUtilsTest
[INFO] Tests run: 33, Failures: 0, Errors: 0, Skipped: 0, Time elapsed: 0.004 s - in org.faktorips.runtime.internal.IpsStringUtilsTest
[INFO] Running org.faktorips.runtime.internal.RuntimeObjectTest
[INFO] Tests run: 1, Failures: 0, Errors: 0, Skipped: 0, Time elapsed: 0.001 s - in org.faktorips.runtime.internal.RuntimeObjectTest
[INFO] Running org.faktorips.runtime.internal.AbstractRuntimeRepositoryMockTest
[INFO] Tests run: 6, Failures: 0, Errors: 0, Skipped: 0, Time elapsed: 0.042 s - in org.faktorips.runtime.internal.AbstractRuntimeRepositoryMockTest
[INFO] Running org.faktorips.runtime.internal.tableindex.SearchStructureTest
[INFO] Tests run: 6, Failures: 0, Errors: 0, Skipped: 0, Time elapsed: 0.009 s - in org.faktorips.runtime.internal.tableindex.SearchStructureTest
[INFO] Running org.faktorips.runtime.internal.tableindex.RangeStructureTest
[INFO] Tests run: 10, Failures: 0, Errors: 0, Skipped: 0, Time elapsed: 0.01 s - in org.faktorips.runtime.internal.tableindex.RangeStructureTest
[INFO] Running org.faktorips.runtime.internal.tableindex.TwoColumnRangeStructureTest
[INFO] Tests run: 32, Failures: 0, Errors: 0, Skipped: 0, Time elapsed: 0.009 s - in org.faktorips.runtime.internal.tableindex.TwoColumnRangeStructureTest
[INFO] Running org.faktorips.runtime.internal.tableindex.TwoColumnRangeTest
[INFO] Tests run: 17, Failures: 0, Errors: 0, Skipped: 0, Time elapsed: 0.002 s - in org.faktorips.runtime.internal.tableindex.TwoColumnRangeTest
[INFO] Running org.faktorips.runtime.internal.tableindex.ResultStructureTest
[INFO] Tests run: 7, Failures: 0, Errors: 0, Skipped: 0, Time elapsed: 0.001 s - in org.faktorips.runtime.internal.tableindex.ResultStructureTest
[INFO] Running org.faktorips.runtime.internal.tableindex.UniqueResultStructureTest
[INFO] Tests run: 1, Failures: 0, Errors: 0, Skipped: 0, Time elapsed: 0 s - in org.faktorips.runtime.internal.tableindex.UniqueResultStructureTest
[INFO] Running org.faktorips.runtime.internal.tableindex.KeyStructureTest
[INFO] Tests run: 9, Failures: 0, Errors: 0, Skipped: 0, Time elapsed: 0.001 s - in org.faktorips.runtime.internal.tableindex.KeyStructureTest
[INFO] Running org.faktorips.runtime.internal.tableindex.AbstractMapStructureTest
[INFO] Tests run: 8, Failures: 0, Errors: 0, Skipped: 0, Time elapsed: 0.014 s - in org.faktorips.runtime.internal.tableindex.AbstractMapStructureTest
[INFO] Running org.faktorips.runtime.internal.ModelObjectDeltaTest
[INFO] Tests run: 18, Failures: 0, Errors: 0, Skipped: 0, Time elapsed: 0.004 s - in org.faktorips.runtime.internal.ModelObjectDeltaTest
[INFO] Running org.faktorips.runtime.internal.FormulaHandlerTest
[INFO] Tests run: 7, Failures: 0, Errors: 0, Skipped: 0, Time elapsed: 0.059 s - in org.faktorips.runtime.internal.FormulaHandlerTest
[INFO] Running org.faktorips.runtime.internal.AbstractClassLoadingRuntimeRepositoryTest
[INFO] Tests run: 9, Failures: 0, Errors: 0, Skipped: 0, Time elapsed: 0.074 s - in org.faktorips.runtime.internal.AbstractClassLoadingRuntimeRepositoryTest
[INFO] Running org.faktorips.runtime.internal.XmlUtilTest
[WARNING] Tests run: 16, Failures: 0, Errors: 0, Skipped: 3, Time elapsed: 0.01 s - in org.faktorips.runtime.internal.XmlUtilTest
[INFO] Running org.faktorips.runtime.internal.ModelObjectDeltaChildrenByObjectTest
[INFO] Tests run: 34, Failures: 0, Errors: 0, Skipped: 0, Time elapsed: 0.007 s - in org.faktorips.runtime.internal.ModelObjectDeltaChildrenByObjectTest
[INFO] Running org.faktorips.runtime.internal.ProductComponentGenerationTest
[INFO] Tests run: 9, Failures: 0, Errors: 0, Skipped: 0, Time elapsed: 0.021 s - in org.faktorips.runtime.internal.ProductComponentGenerationTest
[INFO] Running org.faktorips.runtime.internal.AbstractRuntimeRepositoryTest
[INFO] Tests run: 30, Failures: 0, Errors: 0, Skipped: 0, Time elapsed: 0.007 s - in org.faktorips.runtime.internal.AbstractRuntimeRepositoryTest
[INFO] Running org.faktorips.runtime.internal.TestAbstractPolicyComponentTest
[INFO] Tests run: 4, Failures: 0, Errors: 0, Skipped: 0, Time elapsed: 0.005 s - in org.faktorips.runtime.internal.TestAbstractPolicyComponentTest
[INFO] Running org.faktorips.runtime.internal.ModelObjectDeltaChildrenByPositionTest
[INFO] Tests run: 30, Failures: 0, Errors: 0, Skipped: 0, Time elapsed: 0.003 s - in org.faktorips.runtime.internal.ModelObjectDeltaChildrenByPositionTest
[INFO] Running org.faktorips.runtime.internal.InternationalStringXmlReaderWriterTest
[INFO] Tests run: 7, Failures: 0, Errors: 0, Skipped: 0, Time elapsed: 0.004 s - in org.faktorips.runtime.internal.InternationalStringXmlReaderWriterTest
[INFO] Running org.faktorips.runtime.internal.ProductVariantLoadXmlIntegrationTest
[INFO] Tests run: 2, Failures: 0, Errors: 0, Skipped: 0, Time elapsed: 0.002 s - in org.faktorips.runtime.internal.ProductVariantLoadXmlIntegrationTest
[INFO] Running org.faktorips.runtime.SimpleCacheTest
[INFO] Tests run: 1, Failures: 0, Errors: 0, Skipped: 0, Time elapsed: 0 s - in org.faktorips.runtime.SimpleCacheTest
[INFO] Running org.faktorips.runtime.jaxb.LocalTimeAdapterTest
[INFO] Tests run: 7, Failures: 0, Errors: 0, Skipped: 0, Time elapsed: 0.008 s - in org.faktorips.runtime.jaxb.LocalTimeAdapterTest
[INFO] Running org.faktorips.runtime.jaxb.ProductConfigurationXmlAdapterTest
[INFO] Tests run: 4, Failures: 0, Errors: 0, Skipped: 0, Time elapsed: 0.002 s - in org.faktorips.runtime.jaxb.ProductConfigurationXmlAdapterTest
[INFO] Running org.faktorips.runtime.jaxb.LocalDateTimeAdapterTest
[INFO] Tests run: 7, Failures: 0, Errors: 0, Skipped: 0, Time elapsed: 0.002 s - in org.faktorips.runtime.jaxb.LocalDateTimeAdapterTest
[INFO] Running org.faktorips.runtime.jaxb.MonthAdapterTest
[INFO] Tests run: 3, Failures: 0, Errors: 0, Skipped: 0, Time elapsed: 0.001 s - in org.faktorips.runtime.jaxb.MonthAdapterTest
[INFO] Running org.faktorips.runtime.jaxb.MonthDayAdapterTest
[INFO] Tests run: 7, Failures: 0, Errors: 0, Skipped: 0, Time elapsed: 0.002 s - in org.faktorips.runtime.jaxb.MonthDayAdapterTest
[INFO] Running org.faktorips.runtime.jaxb.LocalDateAdapterTest
[INFO] Tests run: 7, Failures: 0, Errors: 0, Skipped: 0, Time elapsed: 0.002 s - in org.faktorips.runtime.jaxb.LocalDateAdapterTest
[INFO] Running org.faktorips.runtime.test.CmdLineIpsTestRunnerTest
Test test.CalculationTest1 started.
Test test.CalculationTest1 finished.
[INFO] Tests run: 1, Failures: 0, Errors: 0, Skipped: 0, Time elapsed: 0.008 s - in org.faktorips.runtime.test.CmdLineIpsTestRunnerTest
[INFO] Running org.faktorips.runtime.test.IpsTestCase2TestAssertsTest
[INFO] Tests run: 18, Failures: 0, Errors: 0, Skipped: 0, Time elapsed: 0.009 s - in org.faktorips.runtime.test.IpsTestCase2TestAssertsTest
[INFO] Running org.faktorips.runtime.test.IpsTestCase2Test
[INFO] Tests run: 2, Failures: 0, Errors: 0, Skipped: 0, Time elapsed: 0 s - in org.faktorips.runtime.test.IpsTestCase2Test
[INFO] Running org.faktorips.runtime.test.IpsTestSuiteTest
[INFO] Tests run: 3, Failures: 0, Errors: 0, Skipped: 0, Time elapsed: 0 s - in org.faktorips.runtime.test.IpsTestSuiteTest
[INFO] Running org.faktorips.runtime.ClassloaderRuntimeRepositoryTest
[INFO] Tests run: 18, Failures: 0, Errors: 0, Skipped: 0, Time elapsed: 0.047 s - in org.faktorips.runtime.ClassloaderRuntimeRepositoryTest
[INFO] Running org.faktorips.runtime.DefaultObjectReferenceStoreTest
[INFO] Tests run: 1, Failures: 0, Errors: 0, Skipped: 0, Time elapsed: 0.001 s - in org.faktorips.runtime.DefaultObjectReferenceStoreTest
[INFO] Running org.faktorips.runtime.MessageTest
[INFO] Tests run: 38, Failures: 0, Errors: 0, Skipped: 0, Time elapsed: 0.007 s - in org.faktorips.runtime.MessageTest
[INFO] Running org.faktorips.runtime.MessageListsTest
[INFO] Tests run: 16, Failures: 0, Errors: 0, Skipped: 0, Time elapsed: 0.002 s - in org.faktorips.runtime.MessageListsTest
[INFO] Running org.faktorips.runtime.validation.GenericRelevanceValidationTest
[INFO] Tests run: 8, Failures: 0, Errors: 0, Skipped: 0, Time elapsed: 0.029 s - in org.faktorips.runtime.validation.GenericRelevanceValidationTest
[INFO] Running org.faktorips.runtime.validation.RelevanceTest
[INFO] Tests run: 31, Failures: 0, Errors: 0, Skipped: 0, Time elapsed: 0.009 s - in org.faktorips.runtime.validation.RelevanceTest
[INFO] Running org.faktorips.runtime.validation.DefaultGenericAttributeValidationConfigurationTest
[INFO] Tests run: 26, Failures: 0, Errors: 0, Skipped: 0, Time elapsed: 0.006 s - in org.faktorips.runtime.validation.DefaultGenericAttributeValidationConfigurationTest
[INFO] Running org.faktorips.runtime.formula.FormulaEvaluatorUtilTest
[INFO] Tests run: 23, Failures: 0, Errors: 0, Skipped: 0, Time elapsed: 0.017 s - in org.faktorips.runtime.formula.FormulaEvaluatorUtilTest
[INFO] Running org.faktorips.runtime.util.MessagesHelperTest
[INFO] Tests run: 9, Failures: 0, Errors: 0, Skipped: 0, Time elapsed: 0.005 s - in org.faktorips.runtime.util.MessagesHelperTest
[INFO] Running org.faktorips.runtime.util.StringBuilderJoinerTest
[INFO] Tests run: 26, Failures: 0, Errors: 0, Skipped: 0, Time elapsed: 0.004 s - in org.faktorips.runtime.util.StringBuilderJoinerTest
[INFO] Running org.faktorips.runtime.productdataprovider.DetachedContentRuntimeRepositoryManagerTest
[INFO] Tests run: 19, Failures: 0, Errors: 0, Skipped: 0, Time elapsed: 0.084 s - in org.faktorips.runtime.productdataprovider.DetachedContentRuntimeRepositoryManagerTest
[INFO] Running org.faktorips.runtime.productdataprovider.DetachedContentRuntimeRepositoryTest
[INFO] Tests run: 16, Failures: 0, Errors: 0, Skipped: 0, Time elapsed: 0.066 s - in org.faktorips.runtime.productdataprovider.DetachedContentRuntimeRepositoryTest
[INFO] Running org.faktorips.runtime.productdataprovider.ClassLoaderProductDataProviderTest
[INFO] Tests run: 19, Failures: 0, Errors: 0, Skipped: 0, Time elapsed: 0.027 s - in org.faktorips.runtime.productdataprovider.ClassLoaderProductDataProviderTest
[INFO] Running org.faktorips.runtime.IpsPropertyChangeSupportTest
[INFO] Tests run: 1, Failures: 0, Errors: 0, Skipped: 0, Time elapsed: 0.004 s - in org.faktorips.runtime.IpsPropertyChangeSupportTest
[INFO] Running org.faktorips.runtime.ObjectPropertyTest
[INFO] Tests run: 2, Failures: 0, Errors: 0, Skipped: 0, Time elapsed: 0 s - in org.faktorips.runtime.ObjectPropertyTest
[INFO] Running org.faktorips.runtime.ProductCmptGenerationNotFoundExceptionTest
[INFO] Tests run: 1, Failures: 0, Errors: 0, Skipped: 0, Time elapsed: 0.001 s - in org.faktorips.runtime.ProductCmptGenerationNotFoundExceptionTest
[INFO] Running org.faktorips.runtime.GenericVisitorSupportTest
[INFO] Tests run: 4, Failures: 0, Errors: 0, Skipped: 0, Time elapsed: 0.003 s - in org.faktorips.runtime.GenericVisitorSupportTest
[INFO] Running org.faktorips.runtime.InMemoryRuntimeRepositoryTest
[INFO] Tests run: 26, Failures: 0, Errors: 0, Skipped: 0, Time elapsed: 0.005 s - in org.faktorips.runtime.InMemoryRuntimeRepositoryTest
[INFO] 
[INFO] Results:
[INFO] 
[WARNING] Tests run: 1209, Failures: 0, Errors: 0, Skipped: 3
[INFO] 
[INFO] 
[INFO] --- jacoco-maven-plugin:0.8.8:report (report) @ faktorips-runtime ---
[INFO] Loading execution data file /data/build-space/workspace/FaktorIPS_CI/runtime/faktorips-runtime/target/jacoco.exec
[INFO] Analyzed bundle 'Faktor-IPS Runtime' with 285 classes
[INFO] 
[INFO] --- maven-bundle-plugin:5.1.6:bundle (default-bundle) @ faktorips-runtime ---
[WARNING] Bundle org.faktorips:faktorips-runtime:bundle:24.1.0-SNAPSHOT : Export-Package duplicate package name (org.faktorips.runtime.internal) that uses the default version because no version is specified (24.1.0). Remove duplicate package or add an explicit version to it.
[INFO] Building bundle: /data/build-space/workspace/FaktorIPS_CI/runtime/faktorips-runtime/target/faktorips-runtime-24.1.0-SNAPSHOT.jar
[INFO] Writing manifest: /data/build-space/workspace/FaktorIPS_CI/runtime/faktorips-runtime/target/classes/META-INF/MANIFEST.MF
[INFO] 
[INFO] --- maven-javadoc-plugin:3.4.1:jar (create-javadoc) @ faktorips-runtime ---
[INFO] No previous run data found, generating javadoc.
[INFO] Building jar: /data/build-space/workspace/FaktorIPS_CI/runtime/faktorips-runtime/target/faktorips-runtime-24.1.0-SNAPSHOT-javadoc.jar
[INFO] 
[INFO] --- maven-source-plugin:3.2.1:jar-no-fork (attach-sources) @ faktorips-runtime ---
[INFO] Building jar: /data/build-space/workspace/FaktorIPS_CI/runtime/faktorips-runtime/target/faktorips-runtime-24.1.0-SNAPSHOT-sources.jar
[INFO] 
[INFO] --- moditect-maven-plugin:1.0.0.RC2:add-module-info (add-module-infos) @ faktorips-runtime ---
[INFO] 
[INFO] --- tycho-source-plugin:3.0.3:generate-pde-source-header (default) @ faktorips-runtime ---
[INFO] 
[INFO] --- tycho-p2-plugin:3.0.5:p2-metadata (attached-p2-metadata) @ faktorips-runtime ---
[INFO] 
[INFO] --- maven-install-plugin:3.1.1:install (default-install) @ faktorips-runtime ---
[INFO] Installing /data/build-space/workspace/FaktorIPS_CI/runtime/faktorips-runtime/.flattened-pom.xml to /home/jenkins-slave/.m2/repository/org/faktorips/faktorips-runtime/24.1.0-SNAPSHOT/faktorips-runtime-24.1.0-SNAPSHOT.pom
[INFO] Installing /data/build-space/workspace/FaktorIPS_CI/runtime/faktorips-runtime/target/faktorips-runtime-24.1.0-SNAPSHOT.jar to /home/jenkins-slave/.m2/repository/org/faktorips/faktorips-runtime/24.1.0-SNAPSHOT/faktorips-runtime-24.1.0-SNAPSHOT.jar
[INFO] Installing /data/build-space/workspace/FaktorIPS_CI/runtime/faktorips-runtime/target/faktorips-runtime-24.1.0-SNAPSHOT-javadoc.jar to /home/jenkins-slave/.m2/repository/org/faktorips/faktorips-runtime/24.1.0-SNAPSHOT/faktorips-runtime-24.1.0-SNAPSHOT-javadoc.jar
[INFO] Installing /data/build-space/workspace/FaktorIPS_CI/runtime/faktorips-runtime/target/faktorips-runtime-24.1.0-SNAPSHOT-sources-pde.jar to /home/jenkins-slave/.m2/repository/org/faktorips/faktorips-runtime/24.1.0-SNAPSHOT/faktorips-runtime-24.1.0-SNAPSHOT-sources.jar
[INFO] Installing /data/build-space/workspace/FaktorIPS_CI/runtime/faktorips-runtime/target/p2content.xml to /home/jenkins-slave/.m2/repository/org/faktorips/faktorips-runtime/24.1.0-SNAPSHOT/faktorips-runtime-24.1.0-SNAPSHOT-p2metadata.xml
[INFO] Installing /data/build-space/workspace/FaktorIPS_CI/runtime/faktorips-runtime/target/p2artifacts.xml to /home/jenkins-slave/.m2/repository/org/faktorips/faktorips-runtime/24.1.0-SNAPSHOT/faktorips-runtime-24.1.0-SNAPSHOT-p2artifacts.xml
[INFO] 
[INFO] --- maven-bundle-plugin:5.1.6:install (default-install) @ faktorips-runtime ---
[INFO] Installing org/faktorips/faktorips-runtime/24.1.0-SNAPSHOT/faktorips-runtime-24.1.0-SNAPSHOT.jar
[INFO] Writing OBR metadata
[INFO] 
[INFO] --- maven-deploy-plugin:3.0.0:deploy (default-deploy) @ faktorips-runtime ---
[INFO] Downloading from snapshots: https://nexus.faktorzehn.de/content/repositories/faktorips-snapshots/org/faktorips/faktorips-runtime/24.1.0-SNAPSHOT/maven-metadata.xml
[INFO] Downloaded from snapshots: https://nexus.faktorzehn.de/content/repositories/faktorips-snapshots/org/faktorips/faktorips-runtime/24.1.0-SNAPSHOT/maven-metadata.xml (1.7 kB at 45 kB/s)
[INFO] Uploading to snapshots: https://nexus.faktorzehn.de/content/repositories/faktorips-snapshots/org/faktorips/faktorips-runtime/24.1.0-SNAPSHOT/faktorips-runtime-24.1.0-20230926.094540-61.pom
[INFO] Uploaded to snapshots: https://nexus.faktorzehn.de/content/repositories/faktorips-snapshots/org/faktorips/faktorips-runtime/24.1.0-SNAPSHOT/faktorips-runtime-24.1.0-20230926.094540-61.pom (4.8 kB at 57 kB/s)
[INFO] Uploading to snapshots: https://nexus.faktorzehn.de/content/repositories/faktorips-snapshots/org/faktorips/faktorips-runtime/24.1.0-SNAPSHOT/faktorips-runtime-24.1.0-20230926.094540-61.jar
[INFO] Uploaded to snapshots: https://nexus.faktorzehn.de/content/repositories/faktorips-snapshots/org/faktorips/faktorips-runtime/24.1.0-SNAPSHOT/faktorips-runtime-24.1.0-20230926.094540-61.jar (560 kB at 8.5 MB/s)
[INFO] Uploading to snapshots: https://nexus.faktorzehn.de/content/repositories/faktorips-snapshots/org/faktorips/faktorips-runtime/24.1.0-SNAPSHOT/faktorips-runtime-24.1.0-20230926.094540-61-javadoc.jar
[INFO] Uploaded to snapshots: https://nexus.faktorzehn.de/content/repositories/faktorips-snapshots/org/faktorips/faktorips-runtime/24.1.0-SNAPSHOT/faktorips-runtime-24.1.0-20230926.094540-61-javadoc.jar (2.1 MB at 20 MB/s)
[INFO] Uploading to snapshots: https://nexus.faktorzehn.de/content/repositories/faktorips-snapshots/org/faktorips/faktorips-runtime/24.1.0-SNAPSHOT/faktorips-runtime-24.1.0-20230926.094540-61-sources.jar
[INFO] Uploaded to snapshots: https://nexus.faktorzehn.de/content/repositories/faktorips-snapshots/org/faktorips/faktorips-runtime/24.1.0-SNAPSHOT/faktorips-runtime-24.1.0-20230926.094540-61-sources.jar (459 kB at 9.2 MB/s)
[INFO] Uploading to snapshots: https://nexus.faktorzehn.de/content/repositories/faktorips-snapshots/org/faktorips/faktorips-runtime/24.1.0-SNAPSHOT/faktorips-runtime-24.1.0-20230926.094540-61-p2metadata.xml
[INFO] Uploaded to snapshots: https://nexus.faktorzehn.de/content/repositories/faktorips-snapshots/org/faktorips/faktorips-runtime/24.1.0-SNAPSHOT/faktorips-runtime-24.1.0-20230926.094540-61-p2metadata.xml (9.6 kB at 275 kB/s)
[INFO] Uploading to snapshots: https://nexus.faktorzehn.de/content/repositories/faktorips-snapshots/org/faktorips/faktorips-runtime/24.1.0-SNAPSHOT/faktorips-runtime-24.1.0-20230926.094540-61-p2artifacts.xml
[INFO] Uploaded to snapshots: https://nexus.faktorzehn.de/content/repositories/faktorips-snapshots/org/faktorips/faktorips-runtime/24.1.0-SNAPSHOT/faktorips-runtime-24.1.0-20230926.094540-61-p2artifacts.xml (1.2 kB at 32 kB/s)
[INFO] Downloading from snapshots: https://nexus.faktorzehn.de/content/repositories/faktorips-snapshots/org/faktorips/faktorips-runtime/maven-metadata.xml
[INFO] Downloaded from snapshots: https://nexus.faktorzehn.de/content/repositories/faktorips-snapshots/org/faktorips/faktorips-runtime/maven-metadata.xml (2.4 kB at 90 kB/s)
[INFO] Uploading to snapshots: https://nexus.faktorzehn.de/content/repositories/faktorips-snapshots/org/faktorips/faktorips-runtime/24.1.0-SNAPSHOT/maven-metadata.xml
[INFO] Uploaded to snapshots: https://nexus.faktorzehn.de/content/repositories/faktorips-snapshots/org/faktorips/faktorips-runtime/24.1.0-SNAPSHOT/maven-metadata.xml (1.7 kB at 57 kB/s)
[INFO] Uploading to snapshots: https://nexus.faktorzehn.de/content/repositories/faktorips-snapshots/org/faktorips/faktorips-runtime/maven-metadata.xml
[INFO] Uploaded to snapshots: https://nexus.faktorzehn.de/content/repositories/faktorips-snapshots/org/faktorips/faktorips-runtime/maven-metadata.xml (2.4 kB at 74 kB/s)
[INFO] 
[INFO] --- maven-bundle-plugin:5.1.6:deploy (default-deploy) @ faktorips-runtime ---
[INFO] Remote OBR update disabled (enable with -DremoteOBR)
[INFO] 
[INFO] --- maven-site-plugin:4.0.0-M3:site (default-site) @ faktorips-runtime ---
[INFO] Configuring report plugin org.apache.maven.plugins:maven-project-info-reports-plugin:3.4.1
[INFO] 1 report configured for maven-project-info-reports-plugin:3.4.1: summary
[INFO] Configuring report plugin org.apache.maven.plugins:maven-checkstyle-plugin:3.2.0
[INFO] 1 report detected for maven-checkstyle-plugin:3.2.0: checkstyle
[INFO] Configuring report plugin com.github.spotbugs:spotbugs-maven-plugin:4.7.2.1
[INFO] 1 report detected for spotbugs-maven-plugin:4.7.2.1: spotbugs
[INFO] Fork Value is true
     [java] Picked up JAVA_TOOL_OPTIONS: -Dmaven.ext.class.path="/data/build-space/workspace/FaktorIPS_CI@tmp/withMavenad64f306/pipeline-maven-spy.jar" -Dorg.jenkinsci.plugins.pipeline.maven.reportsFolder="/data/build-space/workspace/FaktorIPS_CI@tmp/withMavenad64f306" 
[INFO] Done SpotBugs Analysis....
[INFO] Rendering site with default locale English (en)
[INFO] Relativizing decoration links with respect to localized project URL: http://faktorzehn.org
[INFO] Rendering content with org.apache.maven.skins:maven-default-skin:jar:1.3 skin.
[INFO] Generating "Summary" report              --- maven-project-info-reports-plugin:3.4.1:summary
[INFO] Generating "Checkstyle" report           --- maven-checkstyle-plugin:3.2.0:checkstyle
[WARNING] Unable to locate Source XRef to link to - DISABLED
[WARNING] Unable to locate Test Source XRef to link to - DISABLED
[INFO] Generating "SpotBugs" report             --- spotbugs-maven-plugin:4.7.2.1:spotbugs
[INFO] 
