At revision 24985.
[INFO] Scanning for projects...
[INFO] ------------------------------------------------------------------------
[INFO] Building Hudson Checkstyle Plug-in
[INFO]    task-segment: [release:prepare, release:perform] (aggregator-style)
[INFO] ------------------------------------------------------------------------
[INFO] [release:prepare {execution: default-cli}]
[INFO] Verifying that there are no local modifications...
[INFO] Executing: /bin/sh -c cd /home/hafner/Workspace/release/checkstyle && svn --non-interactive status
[INFO] Working directory: /home/hafner/Workspace/release/checkstyle
[INFO] Checking dependencies and plugins for snapshots ...
[INFO] Transforming 'Hudson Checkstyle Plug-in'...
[INFO] Not generating release POMs
[INFO] Executing goals 'clean verify'...
[INFO] [INFO] Scanning for projects...
[INFO] [INFO] ------------------------------------------------------------------------
[INFO] [INFO] Building Hudson Checkstyle Plug-in
[INFO] [INFO]    task-segment: [clean, verify]
[INFO] [INFO] ------------------------------------------------------------------------
[INFO] [INFO] [clean:clean {execution: default-clean}]
[INFO] [INFO] Deleting directory /home/hafner/Workspace/release/checkstyle/target
[INFO] [INFO] [enforcer:display-info {execution: default}]
[INFO] [INFO] Maven Version: 2.2.1
[INFO] [INFO] JDK Version: 1.6.0_16 normalized as: 1.6.0-16
[INFO] [INFO] OS Info: Arch: i386 Family: unix Name: linux Version: 2.6.31-16-generic
[INFO] [INFO] [localizer:generate {execution: default}]
[INFO] [INFO] [resources:resources {execution: default-resources}]
[INFO] [WARNING] Using platform encoding (UTF-8 actually) to copy filtered resources, i.e. build is platform dependent!
[INFO] [INFO] Copying 34 resources
[INFO] [INFO] [hpi:apt-compile {execution: default-apt-compile}]
[INFO] [INFO] Compiling 23 source files to /home/hafner/Workspace/release/checkstyle/target/classes
[INFO] Note: Generating hudson/plugins/checkstyle/CheckStyleReporter.stapler
[INFO] Note: Generating hudson/plugins/checkstyle/CheckStylePublisher.stapler
[INFO] Note: hudson.plugins.checkstyle.CheckStyleReporter.CHECKSTYLE_SCANNER_DESCRIPTOR indexed under hudson.Extension
[INFO] Note: hudson.plugins.checkstyle.CheckStylePublisher.CHECKSTYLE_DESCRIPTOR indexed under hudson.Extension
[INFO] /home/hafner/Workspace/release/checkstyle/src/main/java/hudson/plugins/checkstyle/CheckStylePublisher.java:103: warning: [deprecation] getWorkspace() in hudson.model.AbstractProject has been deprecated
[INFO]         ParserResult project = build.getProject().getWorkspace().act(parser);
[INFO]                                                  ^
[INFO] 1 warning
[INFO] [INFO] [hpi:insert-test {execution: default-insert-test}]
[INFO] [INFO] [groovy:generateTestStubs {execution: test-in-groovy}]
[INFO] [INFO]  No sources found for Java stub generation
[INFO] [INFO] [resources:testResources {execution: default-testResources}]
[INFO] [WARNING] Using platform encoding (UTF-8 actually) to copy filtered resources, i.e. build is platform dependent!
[INFO] [INFO] Copying 3 resources
[INFO] [INFO] [compiler:testCompile {execution: default-testCompile}]
[INFO] [INFO] Compiling 8 source files to /home/hafner/Workspace/release/checkstyle/target/test-classes
[INFO] [INFO] [hpi:test-hpl {execution: default-test-hpl}]
[INFO] [INFO] Generating /home/hafner/Workspace/release/checkstyle/target/test-classes/the.hpl
[INFO] [INFO] [groovy:testCompile {execution: test-in-groovy}]
[INFO] [INFO]  No sources found to compile
[INFO] [INFO] [surefire:test {execution: default-test}]
[INFO] [INFO] Surefire report directory: /home/hafner/Workspace/release/checkstyle/target/surefire-reports
[INFO] 
[INFO] -------------------------------------------------------
[INFO]  T E S T S
[INFO] -------------------------------------------------------
[INFO] Running hudson.plugins.checkstyle.parser.WarningsDifferencerTest
[INFO] Tests run: 4, Failures: 0, Errors: 0, Skipped: 0, Time elapsed: 0.057 sec
[INFO] Running hudson.plugins.checkstyle.CheckStyleHealthDescriptorTest
[INFO] Tests run: 8, Failures: 0, Errors: 0, Skipped: 0, Time elapsed: 0.316 sec
[INFO] Running hudson.plugins.checkstyle.parser.CheckStyleParserTest
[INFO] Tests run: 1, Failures: 0, Errors: 0, Skipped: 0, Time elapsed: 1.472 sec
[INFO] Running hudson.plugins.checkstyle.CheckstyleResultTest
[INFO] Dec 28, 2009 12:36:21 AM hudson.plugins.analysis.core.BuildResult loadResult
[INFO] INFO: Loaded data file /tmp/checkstyle-warnings.xml for build 3
[INFO] Tests run: 3, Failures: 0, Errors: 0, Skipped: 0, Time elapsed: 0.946 sec
[INFO] Running InjectedTest
[INFO] Tests run: 0, Failures: 0, Errors: 0, Skipped: 0, Time elapsed: 0.01 sec
[INFO] Running hudson.plugins.checkstyle.parser.BugSerializeModelTest
[INFO] Tests run: 3, Failures: 0, Errors: 0, Skipped: 0, Time elapsed: 0.052 sec
[INFO] Running hudson.plugins.checkstyle.ResultSummaryTest
[INFO] Tests run: 14, Failures: 0, Errors: 0, Skipped: 0, Time elapsed: 0.342 sec
[INFO] Running hudson.plugins.checkstyle.rules.CheckStyleRulesTest
[INFO] Tests run: 1, Failures: 0, Errors: 0, Skipped: 0, Time elapsed: 0.656 sec
[INFO] 
[INFO] Results :
[INFO] 
[INFO] Tests run: 34, Failures: 0, Errors: 0, Skipped: 0
[INFO] 
[INFO] [INFO] [hpi:hpi {execution: default-hpi}]
[INFO] [INFO] Exploding webapp...
[INFO] [INFO] Copy webapp webResources to /home/hafner/Workspace/release/checkstyle/target/checkstyle
[INFO] [INFO] Assembling webapp checkstyle in /home/hafner/Workspace/release/checkstyle/target/checkstyle
[INFO] [INFO] Generating hpi /home/hafner/Workspace/release/checkstyle/target/checkstyle.hpi
[INFO] [INFO] Generating /home/hafner/Workspace/release/checkstyle/target/checkstyle/META-INF/MANIFEST.MF
[INFO] [INFO] Building jar: /home/hafner/Workspace/release/checkstyle/target/checkstyle.hpi
[INFO] [INFO] Building jar: /home/hafner/Workspace/release/checkstyle/target/checkstyle.jar
[INFO] [INFO] ------------------------------------------------------------------------
[INFO] [INFO] BUILD SUCCESSFUL
[INFO] [INFO] ------------------------------------------------------------------------
[INFO] [INFO] Total time: 40 seconds
[INFO] [INFO] Finished at: Mon Dec 28 00:36:23 CET 2009
[INFO] [INFO] Final Memory: 48M/63M
[INFO] [INFO] ------------------------------------------------------------------------
[INFO] Checking in modified POMs...
[INFO] Executing: /bin/sh -c cd /home/hafner/Workspace/release/checkstyle && svn --non-interactive commit --file /tmp/maven-scm-1264033793.commit --targets /tmp/maven-scm-8912480887399822094-targets
[INFO] Working directory: /home/hafner/Workspace/release/checkstyle
[INFO] Tagging release with the label checkstyle-3.1...
[INFO] Executing: /bin/sh -c cd /home/hafner/Workspace/release/checkstyle && svn --non-interactive copy --file /tmp/maven-scm-1658573571.commit --revision 24987 https://svn.dev.java.net/svn/hudson/trunk/hudson/plugins/checkstyle https://svn.dev.java.net/svn/hudson/tags/checkstyle-3.1
[INFO] Working directory: /home/hafner/Workspace/release/checkstyle
[INFO] Transforming 'Hudson Checkstyle Plug-in'...
[INFO] Not removing release POMs
[INFO] Checking in modified POMs...
[INFO] Executing: /bin/sh -c cd /home/hafner/Workspace/release/checkstyle && svn --non-interactive commit --file /tmp/maven-scm-2125474021.commit --targets /tmp/maven-scm-8980068418600215242-targets
[INFO] Working directory: /home/hafner/Workspace/release/checkstyle
[INFO] Release preparation complete.
[INFO] [release:perform {execution: default-cli}]
[INFO] Checking out the project to perform the release ...
[INFO] Executing: /bin/sh -c cd /home/hafner/Workspace/release/checkstyle/target && svn --non-interactive checkout https://svn.dev.java.net/svn/hudson/tags/checkstyle-3.1 /home/hafner/Workspace/release/checkstyle/target/checkout
[INFO] Working directory: /home/hafner/Workspace/release/checkstyle/target
[INFO] Executing goals 'deploy hpi:upload hpi:announce'...
[INFO] [INFO] Scanning for projects...
[INFO] [INFO] ------------------------------------------------------------------------
[INFO] [INFO] Building Hudson Checkstyle Plug-in
[INFO] [INFO]    task-segment: [deploy, hpi:upload, hpi:announce]
[INFO] [INFO] ------------------------------------------------------------------------
[INFO] [INFO] [enforcer:display-info {execution: default}]
[INFO] [INFO] Maven Version: 2.2.1
[INFO] [INFO] JDK Version: 1.6.0_16 normalized as: 1.6.0-16
[INFO] [INFO] OS Info: Arch: i386 Family: unix Name: linux Version: 2.6.31-16-generic
[INFO] [INFO] [localizer:generate {execution: default}]
[INFO] [INFO] [resources:resources {execution: default-resources}]
[INFO] [WARNING] Using platform encoding (UTF-8 actually) to copy filtered resources, i.e. build is platform dependent!
[INFO] [INFO] Copying 34 resources
[INFO] [INFO] [hpi:apt-compile {execution: default-apt-compile}]
[INFO] [INFO] Compiling 23 source files to /home/hafner/Workspace/release/checkstyle/target/checkout/target/classes
[INFO] Note: Generating hudson/plugins/checkstyle/CheckStyleReporter.stapler
[INFO] Note: Generating hudson/plugins/checkstyle/CheckStylePublisher.stapler
[INFO] Note: hudson.plugins.checkstyle.CheckStyleReporter.CHECKSTYLE_SCANNER_DESCRIPTOR indexed under hudson.Extension
[INFO] Note: hudson.plugins.checkstyle.CheckStylePublisher.CHECKSTYLE_DESCRIPTOR indexed under hudson.Extension
[INFO] /home/hafner/Workspace/release/checkstyle/target/checkout/src/main/java/hudson/plugins/checkstyle/CheckStylePublisher.java:103: warning: [deprecation] getWorkspace() in hudson.model.AbstractProject has been deprecated
[INFO]         ParserResult project = build.getProject().getWorkspace().act(parser);
[INFO]                                                  ^
[INFO] 1 warning
[INFO] [INFO] [hpi:insert-test {execution: default-insert-test}]
[INFO] [INFO] [groovy:generateTestStubs {execution: test-in-groovy}]
[INFO] [INFO]  No sources found for Java stub generation
[INFO] [INFO] [resources:testResources {execution: default-testResources}]
[INFO] [WARNING] Using platform encoding (UTF-8 actually) to copy filtered resources, i.e. build is platform dependent!
[INFO] [INFO] Copying 3 resources
[INFO] [INFO] [compiler:testCompile {execution: default-testCompile}]
[INFO] [INFO] Compiling 8 source files to /home/hafner/Workspace/release/checkstyle/target/checkout/target/test-classes
[INFO] [INFO] [hpi:test-hpl {execution: default-test-hpl}]
[INFO] [INFO] Generating /home/hafner/Workspace/release/checkstyle/target/checkout/target/test-classes/the.hpl
[INFO] [INFO] [groovy:testCompile {execution: test-in-groovy}]
[INFO] [INFO]  No sources found to compile
[INFO] [INFO] [surefire:test {execution: default-test}]
[INFO] [INFO] Surefire report directory: /home/hafner/Workspace/release/checkstyle/target/checkout/target/surefire-reports
[INFO] 
[INFO] -------------------------------------------------------
[INFO]  T E S T S
[INFO] -------------------------------------------------------
[INFO] Running hudson.plugins.checkstyle.parser.WarningsDifferencerTest
[INFO] Tests run: 4, Failures: 0, Errors: 0, Skipped: 0, Time elapsed: 0.06 sec
[INFO] Running hudson.plugins.checkstyle.CheckStyleHealthDescriptorTest
[INFO] Tests run: 8, Failures: 0, Errors: 0, Skipped: 0, Time elapsed: 0.315 sec
[INFO] Running hudson.plugins.checkstyle.parser.CheckStyleParserTest
[INFO] Tests run: 1, Failures: 0, Errors: 0, Skipped: 0, Time elapsed: 1.488 sec
[INFO] Running hudson.plugins.checkstyle.CheckstyleResultTest
[INFO] Dec 28, 2009 12:37:42 AM hudson.plugins.analysis.core.BuildResult loadResult
[INFO] INFO: Loaded data file /tmp/checkstyle-warnings.xml for build 0
[INFO] Tests run: 3, Failures: 0, Errors: 0, Skipped: 0, Time elapsed: 1.001 sec
[INFO] Running InjectedTest
[INFO] Tests run: 0, Failures: 0, Errors: 0, Skipped: 0, Time elapsed: 0.005 sec
[INFO] Running hudson.plugins.checkstyle.parser.BugSerializeModelTest
[INFO] Tests run: 3, Failures: 0, Errors: 0, Skipped: 0, Time elapsed: 0.137 sec
[INFO] Running hudson.plugins.checkstyle.ResultSummaryTest
[INFO] Tests run: 14, Failures: 0, Errors: 0, Skipped: 0, Time elapsed: 0.292 sec
[INFO] Running hudson.plugins.checkstyle.rules.CheckStyleRulesTest
[INFO] Tests run: 1, Failures: 0, Errors: 0, Skipped: 0, Time elapsed: 0.67 sec
[INFO] 
[INFO] Results :
[INFO] 
[INFO] Tests run: 34, Failures: 0, Errors: 0, Skipped: 0
[INFO] 
[INFO] [INFO] [hpi:hpi {execution: default-hpi}]
[INFO] [INFO] Exploding webapp...
[INFO] [INFO] Copy webapp webResources to /home/hafner/Workspace/release/checkstyle/target/checkout/target/checkstyle
[INFO] [INFO] Assembling webapp checkstyle in /home/hafner/Workspace/release/checkstyle/target/checkout/target/checkstyle
[INFO] [INFO] Generating hpi /home/hafner/Workspace/release/checkstyle/target/checkout/target/checkstyle.hpi
[INFO] [INFO] Generating /home/hafner/Workspace/release/checkstyle/target/checkout/target/checkstyle/META-INF/MANIFEST.MF
[INFO] [INFO] Building jar: /home/hafner/Workspace/release/checkstyle/target/checkout/target/checkstyle.hpi
[INFO] [INFO] Building jar: /home/hafner/Workspace/release/checkstyle/target/checkout/target/checkstyle.jar
[INFO] [INFO] Preparing source:jar
[INFO] [WARNING] Removing: jar from forked lifecycle, to prevent recursive invocation.
[INFO] [INFO] [enforcer:display-info {execution: default}]
[INFO] [INFO] Maven Version: 2.2.1
[INFO] [INFO] JDK Version: 1.6.0_16 normalized as: 1.6.0-16
[INFO] [INFO] OS Info: Arch: i386 Family: unix Name: linux Version: 2.6.31-16-generic
[INFO] [INFO] [localizer:generate {execution: default}]
[INFO] [INFO] [source:jar {execution: attach-sources}]
[INFO] [INFO] Building jar: /home/hafner/Workspace/release/checkstyle/target/checkout/target/checkstyle-sources.jar
[INFO] [INFO] Preparing javadoc:jar
[INFO] [WARNING] Removing: jar from forked lifecycle, to prevent recursive invocation.
[INFO] [WARNING] Removing: jar from forked lifecycle, to prevent recursive invocation.
[INFO] [INFO] [enforcer:display-info {execution: default}]
[INFO] [INFO] Maven Version: 2.2.1
[INFO] [INFO] JDK Version: 1.6.0_16 normalized as: 1.6.0-16
[INFO] [INFO] OS Info: Arch: i386 Family: unix Name: linux Version: 2.6.31-16-generic
[INFO] [INFO] [localizer:generate {execution: default}]
[INFO] [INFO] [javadoc:jar {execution: attach-javadocs}]
[INFO] Loading source files for package hudson.plugins.checkstyle...
[INFO] Loading source files for package hudson.plugins.checkstyle.rules...
[INFO] Loading source files for package hudson.plugins.checkstyle.parser...
[INFO] Constructing Javadoc information...
[INFO] Standard Doclet version 1.6.0_16
[INFO] Building tree for all the packages and classes...
[INFO] Generating /home/hafner/Workspace/release/checkstyle/target/checkout/target/apidocs/hudson/plugins/checkstyle//CheckStyleDescriptor.html...
[INFO] Generating /home/hafner/Workspace/release/checkstyle/target/checkout/target/apidocs/hudson/plugins/checkstyle//CheckStyleHealthDescriptor.html...
[INFO] Generating /home/hafner/Workspace/release/checkstyle/target/checkout/target/apidocs/hudson/plugins/checkstyle//CheckStyleMavenResult.html...
[INFO] Generating /home/hafner/Workspace/release/checkstyle/target/checkout/target/apidocs/hudson/plugins/checkstyle//CheckStylePlugin.html...
[INFO] Generating /home/hafner/Workspace/release/checkstyle/target/checkout/target/apidocs/hudson/plugins/checkstyle//CheckStyleProjectAction.html...
[INFO] Generating /home/hafner/Workspace/release/checkstyle/target/checkout/target/apidocs/hudson/plugins/checkstyle//CheckStylePublisher.html...
[INFO] Generating /home/hafner/Workspace/release/checkstyle/target/checkout/target/apidocs/hudson/plugins/checkstyle//CheckStyleReporter.html...
[INFO] Generating /home/hafner/Workspace/release/checkstyle/target/checkout/target/apidocs/hudson/plugins/checkstyle//CheckStyleReporterDescriptor.html...
[INFO] Generating /home/hafner/Workspace/release/checkstyle/target/checkout/target/apidocs/hudson/plugins/checkstyle//CheckStyleResult.html...
[INFO] Generating /home/hafner/Workspace/release/checkstyle/target/checkout/target/apidocs/hudson/plugins/checkstyle//CheckStyleResultAction.html...
[INFO] Generating /home/hafner/Workspace/release/checkstyle/target/checkout/target/apidocs/hudson/plugins/checkstyle//CheckStyleResultBuilder.html...
[INFO] Generating /home/hafner/Workspace/release/checkstyle/target/checkout/target/apidocs/hudson/plugins/checkstyle//MavenCheckStyleResultAction.html...
[INFO] Generating /home/hafner/Workspace/release/checkstyle/target/checkout/target/apidocs/hudson/plugins/checkstyle//Messages.html...
[INFO] Generating /home/hafner/Workspace/release/checkstyle/target/checkout/target/apidocs/hudson/plugins/checkstyle//ResultSummary.html...
[INFO] Generating /home/hafner/Workspace/release/checkstyle/target/checkout/target/apidocs/hudson/plugins/checkstyle/rules//CheckStyleRules.html...
[INFO] Generating /home/hafner/Workspace/release/checkstyle/target/checkout/target/apidocs/hudson/plugins/checkstyle/rules//Rule.html...
[INFO] Generating /home/hafner/Workspace/release/checkstyle/target/checkout/target/apidocs/hudson/plugins/checkstyle/rules//Topic.html...
[INFO] Generating /home/hafner/Workspace/release/checkstyle/target/checkout/target/apidocs/hudson/plugins/checkstyle/rules//TopicRule.html...
[INFO] Generating /home/hafner/Workspace/release/checkstyle/target/checkout/target/apidocs/hudson/plugins/checkstyle/parser//CheckStyle.html...
[INFO] Generating /home/hafner/Workspace/release/checkstyle/target/checkout/target/apidocs/hudson/plugins/checkstyle/parser//CheckStyleParser.html...
[INFO] Generating /home/hafner/Workspace/release/checkstyle/target/checkout/target/apidocs/hudson/plugins/checkstyle/parser//Error.html...
[INFO] Generating /home/hafner/Workspace/release/checkstyle/target/checkout/target/apidocs/hudson/plugins/checkstyle/parser//File.html...
[INFO] Generating /home/hafner/Workspace/release/checkstyle/target/checkout/target/apidocs/hudson/plugins/checkstyle/parser//Warning.html...
[INFO] Generating /home/hafner/Workspace/release/checkstyle/target/checkout/target/apidocs/overview-frame.html...
[INFO] Generating /home/hafner/Workspace/release/checkstyle/target/checkout/target/apidocs/hudson/plugins/checkstyle//package-frame.html...
[INFO] Generating /home/hafner/Workspace/release/checkstyle/target/checkout/target/apidocs/hudson/plugins/checkstyle//package-summary.html...
[INFO] Generating /home/hafner/Workspace/release/checkstyle/target/checkout/target/apidocs/hudson/plugins/checkstyle//package-tree.html...
[INFO] Generating /home/hafner/Workspace/release/checkstyle/target/checkout/target/apidocs/hudson/plugins/checkstyle/parser//package-frame.html...
[INFO] Generating /home/hafner/Workspace/release/checkstyle/target/checkout/target/apidocs/hudson/plugins/checkstyle/parser//package-summary.html...
[INFO] Generating /home/hafner/Workspace/release/checkstyle/target/checkout/target/apidocs/hudson/plugins/checkstyle/parser//package-tree.html...
[INFO] Generating /home/hafner/Workspace/release/checkstyle/target/checkout/target/apidocs/hudson/plugins/checkstyle/rules//package-frame.html...
[INFO] Generating /home/hafner/Workspace/release/checkstyle/target/checkout/target/apidocs/hudson/plugins/checkstyle/rules//package-summary.html...
[INFO] Generating /home/hafner/Workspace/release/checkstyle/target/checkout/target/apidocs/hudson/plugins/checkstyle/rules//package-tree.html...
[INFO] Generating /home/hafner/Workspace/release/checkstyle/target/checkout/target/apidocs/constant-values.html...
[INFO] Generating /home/hafner/Workspace/release/checkstyle/target/checkout/target/apidocs/serialized-form.html...
[INFO] Generating /home/hafner/Workspace/release/checkstyle/target/checkout/target/apidocs/hudson/plugins/checkstyle//class-use/CheckStyleResultBuilder.html...
[INFO] Generating /home/hafner/Workspace/release/checkstyle/target/checkout/target/apidocs/hudson/plugins/checkstyle//class-use/CheckStyleReporter.html...
[INFO] Generating /home/hafner/Workspace/release/checkstyle/target/checkout/target/apidocs/hudson/plugins/checkstyle//class-use/CheckStyleHealthDescriptor.html...
[INFO] Generating /home/hafner/Workspace/release/checkstyle/target/checkout/target/apidocs/hudson/plugins/checkstyle//class-use/CheckStyleDescriptor.html...
[INFO] Generating /home/hafner/Workspace/release/checkstyle/target/checkout/target/apidocs/hudson/plugins/checkstyle//class-use/CheckStyleResultAction.html...
[INFO] Generating /home/hafner/Workspace/release/checkstyle/target/checkout/target/apidocs/hudson/plugins/checkstyle//class-use/CheckStyleResult.html...
[INFO] Generating /home/hafner/Workspace/release/checkstyle/target/checkout/target/apidocs/hudson/plugins/checkstyle//class-use/MavenCheckStyleResultAction.html...
[INFO] Generating /home/hafner/Workspace/release/checkstyle/target/checkout/target/apidocs/hudson/plugins/checkstyle//class-use/CheckStylePublisher.html...
[INFO] Generating /home/hafner/Workspace/release/checkstyle/target/checkout/target/apidocs/hudson/plugins/checkstyle//class-use/CheckStyleMavenResult.html...
[INFO] Generating /home/hafner/Workspace/release/checkstyle/target/checkout/target/apidocs/hudson/plugins/checkstyle//class-use/CheckStyleProjectAction.html...
[INFO] Generating /home/hafner/Workspace/release/checkstyle/target/checkout/target/apidocs/hudson/plugins/checkstyle//class-use/CheckStylePlugin.html...
[INFO] Generating /home/hafner/Workspace/release/checkstyle/target/checkout/target/apidocs/hudson/plugins/checkstyle//class-use/ResultSummary.html...
[INFO] Generating /home/hafner/Workspace/release/checkstyle/target/checkout/target/apidocs/hudson/plugins/checkstyle//class-use/Messages.html...
[INFO] Generating /home/hafner/Workspace/release/checkstyle/target/checkout/target/apidocs/hudson/plugins/checkstyle//class-use/CheckStyleReporterDescriptor.html...
[INFO] Generating /home/hafner/Workspace/release/checkstyle/target/checkout/target/apidocs/hudson/plugins/checkstyle/rules//class-use/Topic.html...
[INFO] Generating /home/hafner/Workspace/release/checkstyle/target/checkout/target/apidocs/hudson/plugins/checkstyle/rules//class-use/CheckStyleRules.html...
[INFO] Generating /home/hafner/Workspace/release/checkstyle/target/checkout/target/apidocs/hudson/plugins/checkstyle/rules//class-use/TopicRule.html...
[INFO] Generating /home/hafner/Workspace/release/checkstyle/target/checkout/target/apidocs/hudson/plugins/checkstyle/rules//class-use/Rule.html...
[INFO] Generating /home/hafner/Workspace/release/checkstyle/target/checkout/target/apidocs/hudson/plugins/checkstyle/parser//class-use/Warning.html...
[INFO] Generating /home/hafner/Workspace/release/checkstyle/target/checkout/target/apidocs/hudson/plugins/checkstyle/parser//class-use/CheckStyleParser.html...
[INFO] Generating /home/hafner/Workspace/release/checkstyle/target/checkout/target/apidocs/hudson/plugins/checkstyle/parser//class-use/File.html...
[INFO] Generating /home/hafner/Workspace/release/checkstyle/target/checkout/target/apidocs/hudson/plugins/checkstyle/parser//class-use/CheckStyle.html...
[INFO] Generating /home/hafner/Workspace/release/checkstyle/target/checkout/target/apidocs/hudson/plugins/checkstyle/parser//class-use/Error.html...
[INFO] Generating /home/hafner/Workspace/release/checkstyle/target/checkout/target/apidocs/hudson/plugins/checkstyle//package-use.html...
[INFO] Generating /home/hafner/Workspace/release/checkstyle/target/checkout/target/apidocs/hudson/plugins/checkstyle/parser//package-use.html...
[INFO] Generating /home/hafner/Workspace/release/checkstyle/target/checkout/target/apidocs/hudson/plugins/checkstyle/rules//package-use.html...
[INFO] Building index for all the packages and classes...
[INFO] Generating /home/hafner/Workspace/release/checkstyle/target/checkout/target/apidocs/overview-tree.html...
[INFO] Generating /home/hafner/Workspace/release/checkstyle/target/checkout/target/apidocs/index-all.html...
[INFO] Generating /home/hafner/Workspace/release/checkstyle/target/checkout/target/apidocs/deprecated-list.html...
[INFO] Building index for all classes...
[INFO] Generating /home/hafner/Workspace/release/checkstyle/target/checkout/target/apidocs/allclasses-frame.html...
[INFO] Generating /home/hafner/Workspace/release/checkstyle/target/checkout/target/apidocs/allclasses-noframe.html...
[INFO] Generating /home/hafner/Workspace/release/checkstyle/target/checkout/target/apidocs/index.html...
[INFO] Generating /home/hafner/Workspace/release/checkstyle/target/checkout/target/apidocs/overview-summary.html...
[INFO] Generating /home/hafner/Workspace/release/checkstyle/target/checkout/target/apidocs/help-doc.html...
[INFO] Generating /home/hafner/Workspace/release/checkstyle/target/checkout/target/apidocs/stylesheet.css...
[INFO] [INFO] Building jar: /home/hafner/Workspace/release/checkstyle/target/checkout/target/checkstyle-javadoc.jar
[INFO] [INFO] [install:install {execution: default-install}]
[INFO] [INFO] Installing /home/hafner/Workspace/release/checkstyle/target/checkout/target/checkstyle.hpi to /home/hafner/.m2/repository/org/jvnet/hudson/plugins/checkstyle/3.1/checkstyle-3.1.hpi
[INFO] [INFO] Installing /home/hafner/Workspace/release/checkstyle/target/checkout/target/checkstyle.jar to /home/hafner/.m2/repository/org/jvnet/hudson/plugins/checkstyle/3.1/checkstyle-3.1.jar
[INFO] [INFO] Installing /home/hafner/Workspace/release/checkstyle/target/checkout/target/checkstyle-sources.jar to /home/hafner/.m2/repository/org/jvnet/hudson/plugins/checkstyle/3.1/checkstyle-3.1-sources.jar
[INFO] [INFO] Installing /home/hafner/Workspace/release/checkstyle/target/checkout/target/checkstyle-javadoc.jar to /home/hafner/.m2/repository/org/jvnet/hudson/plugins/checkstyle/3.1/checkstyle-3.1-javadoc.jar
[INFO] [INFO] [deploy:deploy {execution: default-deploy}]
[INFO] Uploading: java-net:/maven2-repository/trunk/repository//trunk/repository/org/jvnet/hudson/plugins/checkstyle/3.1/checkstyle-3.1.hpi
[INFO] 
[INFO] [INFO] Uploading project information for checkstyle 3.1
[INFO] [INFO] Retrieving previous metadata from java.net-m2-repository
[INFO] [INFO] Uploading repository metadata for: 'artifact org.jvnet.hudson.plugins:checkstyle'
[INFO] Uploading: java-net:/maven2-repository/trunk/repository//trunk/repository/org/jvnet/hudson/plugins/checkstyle/3.1/checkstyle-3.1.jar
[INFO] 
[INFO] Uploading: java-net:/maven2-repository/trunk/repository//trunk/repository/org/jvnet/hudson/plugins/checkstyle/3.1/checkstyle-3.1-sources.jar
[INFO] 
[INFO] Uploading: java-net:/maven2-repository/trunk/repository//trunk/repository/org/jvnet/hudson/plugins/checkstyle/3.1/checkstyle-3.1-javadoc.jar
[INFO] 
[INFO] [INFO] Preparing hpi:upload
[INFO] [INFO] [enforcer:display-info {execution: default}]
[INFO] [INFO] Maven Version: 2.2.1
[INFO] [INFO] JDK Version: 1.6.0_16 normalized as: 1.6.0-16
[INFO] [INFO] OS Info: Arch: i386 Family: unix Name: linux Version: 2.6.31-16-generic
[INFO] [INFO] [localizer:generate {execution: default}]
[INFO] [INFO] [resources:resources {execution: default-resources}]
[INFO] [WARNING] Using platform encoding (UTF-8 actually) to copy filtered resources, i.e. build is platform dependent!
[INFO] [INFO] Copying 34 resources
[INFO] [INFO] [hpi:apt-compile {execution: default-apt-compile}]
[INFO] [INFO] Nothing to compile - all classes are up to date
[INFO] [INFO] [hpi:insert-test {execution: default-insert-test}]
[INFO] [INFO] [groovy:generateTestStubs {execution: test-in-groovy}]
[INFO] [INFO]  No sources found for Java stub generation
[INFO] [INFO] [resources:testResources {execution: default-testResources}]
[INFO] [WARNING] Using platform encoding (UTF-8 actually) to copy filtered resources, i.e. build is platform dependent!
[INFO] [INFO] Copying 3 resources
[INFO] [INFO] [compiler:testCompile {execution: default-testCompile}]
[INFO] [INFO] Nothing to compile - all classes are up to date
[INFO] [INFO] [hpi:test-hpl {execution: default-test-hpl}]
[INFO] [INFO] Generating /home/hafner/Workspace/release/checkstyle/target/checkout/target/test-classes/the.hpl
[INFO] [INFO] [groovy:testCompile {execution: test-in-groovy}]
[INFO] [INFO]  No sources found to compile
[INFO] [INFO] [surefire:test {execution: default-test}]
[INFO] [INFO] Surefire report directory: /home/hafner/Workspace/release/checkstyle/target/checkout/target/surefire-reports
[INFO] 
[INFO] -------------------------------------------------------
[INFO]  T E S T S
[INFO] -------------------------------------------------------
[INFO] Running hudson.plugins.checkstyle.parser.WarningsDifferencerTest
[INFO] Tests run: 4, Failures: 0, Errors: 0, Skipped: 0, Time elapsed: 0.059 sec
[INFO] Running hudson.plugins.checkstyle.CheckStyleHealthDescriptorTest
[INFO] Tests run: 8, Failures: 0, Errors: 0, Skipped: 0, Time elapsed: 0.326 sec
[INFO] Running hudson.plugins.checkstyle.parser.CheckStyleParserTest
[INFO] Tests run: 1, Failures: 0, Errors: 0, Skipped: 0, Time elapsed: 1.476 sec
[INFO] Running hudson.plugins.checkstyle.CheckstyleResultTest
[INFO] Dec 28, 2009 12:42:00 AM hudson.plugins.analysis.core.BuildResult loadResult
[INFO] INFO: Loaded data file /tmp/checkstyle-warnings.xml for build 0
[INFO] Tests run: 3, Failures: 0, Errors: 0, Skipped: 0, Time elapsed: 0.949 sec
[INFO] Running InjectedTest
[INFO] Tests run: 0, Failures: 0, Errors: 0, Skipped: 0, Time elapsed: 0.01 sec
[INFO] Running hudson.plugins.checkstyle.parser.BugSerializeModelTest
[INFO] Tests run: 3, Failures: 0, Errors: 0, Skipped: 0, Time elapsed: 0.057 sec
[INFO] Running hudson.plugins.checkstyle.ResultSummaryTest
[INFO] Tests run: 14, Failures: 0, Errors: 0, Skipped: 0, Time elapsed: 0.357 sec
[INFO] Running hudson.plugins.checkstyle.rules.CheckStyleRulesTest
[INFO] Tests run: 1, Failures: 0, Errors: 0, Skipped: 0, Time elapsed: 0.731 sec
[INFO] 
[INFO] Results :
[INFO] 
[INFO] Tests run: 34, Failures: 0, Errors: 0, Skipped: 0
[INFO] 
[INFO] [INFO] [hpi:hpi {execution: default-hpi}]
[INFO] [INFO] Exploding webapp...
[INFO] [INFO] Copy webapp webResources to /home/hafner/Workspace/release/checkstyle/target/checkout/target/checkstyle
[INFO] [INFO] Assembling webapp checkstyle in /home/hafner/Workspace/release/checkstyle/target/checkout/target/checkstyle
[INFO] [INFO] Generating hpi /home/hafner/Workspace/release/checkstyle/target/checkout/target/checkstyle.hpi
[INFO] [INFO] Generating /home/hafner/Workspace/release/checkstyle/target/checkout/target/checkstyle/META-INF/MANIFEST.MF
[INFO] [INFO] Building jar: /home/hafner/Workspace/release/checkstyle/target/checkout/target/checkstyle.hpi
[INFO] [INFO] Building jar: /home/hafner/Workspace/release/checkstyle/target/checkout/target/checkstyle.jar
[INFO] [INFO] Preparing source:jar
[INFO] [WARNING] Removing: jar from forked lifecycle, to prevent recursive invocation.
[INFO] [INFO] [enforcer:display-info {execution: default}]
[INFO] [INFO] Maven Version: 2.2.1
[INFO] [INFO] JDK Version: 1.6.0_16 normalized as: 1.6.0-16
[INFO] [INFO] OS Info: Arch: i386 Family: unix Name: linux Version: 2.6.31-16-generic
[INFO] [INFO] [localizer:generate {execution: default}]
[INFO] [INFO] [source:jar {execution: attach-sources}]
[INFO] [INFO] Building jar: /home/hafner/Workspace/release/checkstyle/target/checkout/target/checkstyle-sources.jar
[INFO] [INFO] Preparing javadoc:jar
[INFO] [WARNING] Removing: jar from forked lifecycle, to prevent recursive invocation.
[INFO] [WARNING] Removing: jar from forked lifecycle, to prevent recursive invocation.
[INFO] [INFO] [enforcer:display-info {execution: default}]
[INFO] [INFO] Maven Version: 2.2.1
[INFO] [INFO] JDK Version: 1.6.0_16 normalized as: 1.6.0-16
[INFO] [INFO] OS Info: Arch: i386 Family: unix Name: linux Version: 2.6.31-16-generic
[INFO] [INFO] [localizer:generate {execution: default}]
[INFO] [INFO] [javadoc:jar {execution: attach-javadocs}]
[INFO] Loading source files for package hudson.plugins.checkstyle...
[INFO] Loading source files for package hudson.plugins.checkstyle.rules...
[INFO] Loading source files for package hudson.plugins.checkstyle.parser...
[INFO] Constructing Javadoc information...
[INFO] Standard Doclet version 1.6.0_16
[INFO] Building tree for all the packages and classes...
[INFO] Generating /home/hafner/Workspace/release/checkstyle/target/checkout/target/apidocs/hudson/plugins/checkstyle//CheckStyleDescriptor.html...
[INFO] Generating /home/hafner/Workspace/release/checkstyle/target/checkout/target/apidocs/hudson/plugins/checkstyle//CheckStyleHealthDescriptor.html...
[INFO] Generating /home/hafner/Workspace/release/checkstyle/target/checkout/target/apidocs/hudson/plugins/checkstyle//CheckStyleMavenResult.html...
[INFO] Generating /home/hafner/Workspace/release/checkstyle/target/checkout/target/apidocs/hudson/plugins/checkstyle//CheckStylePlugin.html...
[INFO] Generating /home/hafner/Workspace/release/checkstyle/target/checkout/target/apidocs/hudson/plugins/checkstyle//CheckStyleProjectAction.html...
[INFO] Generating /home/hafner/Workspace/release/checkstyle/target/checkout/target/apidocs/hudson/plugins/checkstyle//CheckStylePublisher.html...
[INFO] Generating /home/hafner/Workspace/release/checkstyle/target/checkout/target/apidocs/hudson/plugins/checkstyle//CheckStyleReporter.html...
[INFO] Generating /home/hafner/Workspace/release/checkstyle/target/checkout/target/apidocs/hudson/plugins/checkstyle//CheckStyleReporterDescriptor.html...
[INFO] Generating /home/hafner/Workspace/release/checkstyle/target/checkout/target/apidocs/hudson/plugins/checkstyle//CheckStyleResult.html...
[INFO] Generating /home/hafner/Workspace/release/checkstyle/target/checkout/target/apidocs/hudson/plugins/checkstyle//CheckStyleResultAction.html...
[INFO] Generating /home/hafner/Workspace/release/checkstyle/target/checkout/target/apidocs/hudson/plugins/checkstyle//CheckStyleResultBuilder.html...
[INFO] Generating /home/hafner/Workspace/release/checkstyle/target/checkout/target/apidocs/hudson/plugins/checkstyle//MavenCheckStyleResultAction.html...
[INFO] Generating /home/hafner/Workspace/release/checkstyle/target/checkout/target/apidocs/hudson/plugins/checkstyle//Messages.html...
[INFO] Generating /home/hafner/Workspace/release/checkstyle/target/checkout/target/apidocs/hudson/plugins/checkstyle//ResultSummary.html...
[INFO] Generating /home/hafner/Workspace/release/checkstyle/target/checkout/target/apidocs/hudson/plugins/checkstyle/rules//CheckStyleRules.html...
[INFO] Generating /home/hafner/Workspace/release/checkstyle/target/checkout/target/apidocs/hudson/plugins/checkstyle/rules//Rule.html...
[INFO] Generating /home/hafner/Workspace/release/checkstyle/target/checkout/target/apidocs/hudson/plugins/checkstyle/rules//Topic.html...
[INFO] Generating /home/hafner/Workspace/release/checkstyle/target/checkout/target/apidocs/hudson/plugins/checkstyle/rules//TopicRule.html...
[INFO] Generating /home/hafner/Workspace/release/checkstyle/target/checkout/target/apidocs/hudson/plugins/checkstyle/parser//CheckStyle.html...
[INFO] Generating /home/hafner/Workspace/release/checkstyle/target/checkout/target/apidocs/hudson/plugins/checkstyle/parser//CheckStyleParser.html...
[INFO] Generating /home/hafner/Workspace/release/checkstyle/target/checkout/target/apidocs/hudson/plugins/checkstyle/parser//Error.html...
[INFO] Generating /home/hafner/Workspace/release/checkstyle/target/checkout/target/apidocs/hudson/plugins/checkstyle/parser//File.html...
[INFO] Generating /home/hafner/Workspace/release/checkstyle/target/checkout/target/apidocs/hudson/plugins/checkstyle/parser//Warning.html...
[INFO] Generating /home/hafner/Workspace/release/checkstyle/target/checkout/target/apidocs/overview-frame.html...
[INFO] Generating /home/hafner/Workspace/release/checkstyle/target/checkout/target/apidocs/hudson/plugins/checkstyle//package-frame.html...
[INFO] Generating /home/hafner/Workspace/release/checkstyle/target/checkout/target/apidocs/hudson/plugins/checkstyle//package-summary.html...
[INFO] Generating /home/hafner/Workspace/release/checkstyle/target/checkout/target/apidocs/hudson/plugins/checkstyle//package-tree.html...
[INFO] Generating /home/hafner/Workspace/release/checkstyle/target/checkout/target/apidocs/hudson/plugins/checkstyle/parser//package-frame.html...
[INFO] Generating /home/hafner/Workspace/release/checkstyle/target/checkout/target/apidocs/hudson/plugins/checkstyle/parser//package-summary.html...
[INFO] Generating /home/hafner/Workspace/release/checkstyle/target/checkout/target/apidocs/hudson/plugins/checkstyle/parser//package-tree.html...
[INFO] Generating /home/hafner/Workspace/release/checkstyle/target/checkout/target/apidocs/hudson/plugins/checkstyle/rules//package-frame.html...
[INFO] Generating /home/hafner/Workspace/release/checkstyle/target/checkout/target/apidocs/hudson/plugins/checkstyle/rules//package-summary.html...
[INFO] Generating /home/hafner/Workspace/release/checkstyle/target/checkout/target/apidocs/hudson/plugins/checkstyle/rules//package-tree.html...
[INFO] Generating /home/hafner/Workspace/release/checkstyle/target/checkout/target/apidocs/constant-values.html...
[INFO] Generating /home/hafner/Workspace/release/checkstyle/target/checkout/target/apidocs/serialized-form.html...
[INFO] Generating /home/hafner/Workspace/release/checkstyle/target/checkout/target/apidocs/hudson/plugins/checkstyle//class-use/CheckStyleResultBuilder.html...
[INFO] Generating /home/hafner/Workspace/release/checkstyle/target/checkout/target/apidocs/hudson/plugins/checkstyle//class-use/CheckStyleReporter.html...
[INFO] Generating /home/hafner/Workspace/release/checkstyle/target/checkout/target/apidocs/hudson/plugins/checkstyle//class-use/CheckStyleHealthDescriptor.html...
[INFO] Generating /home/hafner/Workspace/release/checkstyle/target/checkout/target/apidocs/hudson/plugins/checkstyle//class-use/CheckStyleDescriptor.html...
[INFO] Generating /home/hafner/Workspace/release/checkstyle/target/checkout/target/apidocs/hudson/plugins/checkstyle//class-use/CheckStyleResultAction.html...
[INFO] Generating /home/hafner/Workspace/release/checkstyle/target/checkout/target/apidocs/hudson/plugins/checkstyle//class-use/CheckStyleResult.html...
[INFO] Generating /home/hafner/Workspace/release/checkstyle/target/checkout/target/apidocs/hudson/plugins/checkstyle//class-use/MavenCheckStyleResultAction.html...
[INFO] Generating /home/hafner/Workspace/release/checkstyle/target/checkout/target/apidocs/hudson/plugins/checkstyle//class-use/CheckStylePublisher.html...
[INFO] Generating /home/hafner/Workspace/release/checkstyle/target/checkout/target/apidocs/hudson/plugins/checkstyle//class-use/CheckStyleMavenResult.html...
[INFO] Generating /home/hafner/Workspace/release/checkstyle/target/checkout/target/apidocs/hudson/plugins/checkstyle//class-use/CheckStyleProjectAction.html...
[INFO] Generating /home/hafner/Workspace/release/checkstyle/target/checkout/target/apidocs/hudson/plugins/checkstyle//class-use/CheckStylePlugin.html...
[INFO] Generating /home/hafner/Workspace/release/checkstyle/target/checkout/target/apidocs/hudson/plugins/checkstyle//class-use/ResultSummary.html...
[INFO] Generating /home/hafner/Workspace/release/checkstyle/target/checkout/target/apidocs/hudson/plugins/checkstyle//class-use/Messages.html...
[INFO] Generating /home/hafner/Workspace/release/checkstyle/target/checkout/target/apidocs/hudson/plugins/checkstyle//class-use/CheckStyleReporterDescriptor.html...
[INFO] Generating /home/hafner/Workspace/release/checkstyle/target/checkout/target/apidocs/hudson/plugins/checkstyle/rules//class-use/Topic.html...
[INFO] Generating /home/hafner/Workspace/release/checkstyle/target/checkout/target/apidocs/hudson/plugins/checkstyle/rules//class-use/CheckStyleRules.html...
[INFO] Generating /home/hafner/Workspace/release/checkstyle/target/checkout/target/apidocs/hudson/plugins/checkstyle/rules//class-use/TopicRule.html...
[INFO] Generating /home/hafner/Workspace/release/checkstyle/target/checkout/target/apidocs/hudson/plugins/checkstyle/rules//class-use/Rule.html...
[INFO] Generating /home/hafner/Workspace/release/checkstyle/target/checkout/target/apidocs/hudson/plugins/checkstyle/parser//class-use/Warning.html...
[INFO] Generating /home/hafner/Workspace/release/checkstyle/target/checkout/target/apidocs/hudson/plugins/checkstyle/parser//class-use/CheckStyleParser.html...
[INFO] Generating /home/hafner/Workspace/release/checkstyle/target/checkout/target/apidocs/hudson/plugins/checkstyle/parser//class-use/File.html...
[INFO] Generating /home/hafner/Workspace/release/checkstyle/target/checkout/target/apidocs/hudson/plugins/checkstyle/parser//class-use/CheckStyle.html...
[INFO] Generating /home/hafner/Workspace/release/checkstyle/target/checkout/target/apidocs/hudson/plugins/checkstyle/parser//class-use/Error.html...
[INFO] Generating /home/hafner/Workspace/release/checkstyle/target/checkout/target/apidocs/hudson/plugins/checkstyle//package-use.html...
[INFO] Generating /home/hafner/Workspace/release/checkstyle/target/checkout/target/apidocs/hudson/plugins/checkstyle/parser//package-use.html...
[INFO] Generating /home/hafner/Workspace/release/checkstyle/target/checkout/target/apidocs/hudson/plugins/checkstyle/rules//package-use.html...
[INFO] Building index for all the packages and classes...
[INFO] Generating /home/hafner/Workspace/release/checkstyle/target/checkout/target/apidocs/overview-tree.html...
[INFO] Generating /home/hafner/Workspace/release/checkstyle/target/checkout/target/apidocs/index-all.html...
[INFO] Generating /home/hafner/Workspace/release/checkstyle/target/checkout/target/apidocs/deprecated-list.html...
[INFO] Building index for all classes...
[INFO] Generating /home/hafner/Workspace/release/checkstyle/target/checkout/target/apidocs/allclasses-frame.html...
[INFO] Generating /home/hafner/Workspace/release/checkstyle/target/checkout/target/apidocs/allclasses-noframe.html...
[INFO] Generating /home/hafner/Workspace/release/checkstyle/target/checkout/target/apidocs/index.html...
[INFO] Generating /home/hafner/Workspace/release/checkstyle/target/checkout/target/apidocs/overview-summary.html...
[INFO] Generating /home/hafner/Workspace/release/checkstyle/target/checkout/target/apidocs/help-doc.html...
[INFO] Generating /home/hafner/Workspace/release/checkstyle/target/checkout/target/apidocs/stylesheet.css...
[INFO] [INFO] Building jar: /home/hafner/Workspace/release/checkstyle/target/checkout/target/checkstyle-javadoc.jar
[INFO] [INFO] [hpi:upload {execution: default-cli}]
[INFO] [INFO] [hpi:announce {execution: default-cli}]
[INFO] [INFO] ------------------------------------------------------------------------
[INFO] [INFO] BUILD SUCCESSFUL
[INFO] [INFO] ------------------------------------------------------------------------
[INFO] [INFO] Total time: 6 minutes 44 seconds
[INFO] [INFO] Finished at: Mon Dec 28 00:44:01 CET 2009
[INFO] [INFO] Final Memory: 42M/63M
[INFO] [INFO] ------------------------------------------------------------------------
[INFO] Cleaning up after release...
[INFO] ------------------------------------------------------------------------
[INFO] BUILD SUCCESSFUL
[INFO] ------------------------------------------------------------------------
[INFO] Total time: 8 minutes 38 seconds
[INFO] Finished at: Mon Dec 28 00:44:01 CET 2009
[INFO] Final Memory: 31M/56M
[INFO] ------------------------------------------------------------------------
cp: cannot create regular file `/home/ulli/Hudson/plugins': No such file or directory
U    pom.xml
D    release.bat
D    eclipse.bat
D    debug.bat
D    debug.sh
U    .project
A    src/main/java/hudson/plugins/dry/DryTabDetail.java
U    src/main/java/hudson/plugins/dry/DryPublisher.java
U    src/main/java/hudson/plugins/dry/DryReporter.java
U    src/main/java/hudson/plugins/dry/DryDetailBuilder.java
A    src/main/resources/tabview
A    src/main/resources/tabview/details.jelly
A    src/main/resources/tabview/warnings.jelly
D    src/main/webapp/icons/spinner.gif
D    src/main/webapp/icons/clearpixel.gif
U    .classpath
D    checkstyle-configuration.xml
A    checkstyle-configuration.xml
U    .settings/org.eclipse.jdt.core.prefs
U    .settings/org.eclipse.jdt.ui.prefs
Updated to revision 24989.
[INFO] Scanning for projects...
[INFO] ------------------------------------------------------------------------
[INFO] Building Hudson Duplicate Code Scanner Plug-in
[INFO]    task-segment: [release:prepare, release:perform] (aggregator-style)
[INFO] ------------------------------------------------------------------------
[INFO] [release:prepare {execution: default-cli}]
[INFO] Verifying that there are no local modifications...
[INFO] Executing: /bin/sh -c cd /home/hafner/Workspace/release/dry && svn --non-interactive status
[INFO] Working directory: /home/hafner/Workspace/release/dry
[INFO] Checking dependencies and plugins for snapshots ...
[INFO] Transforming 'Hudson Duplicate Code Scanner Plug-in'...
[INFO] Not generating release POMs
[INFO] Executing goals 'clean verify'...
[INFO] [INFO] Scanning for projects...
[INFO] [INFO] ------------------------------------------------------------------------
[INFO] [INFO] Building Hudson Duplicate Code Scanner Plug-in
[INFO] [INFO]    task-segment: [clean, verify]
[INFO] [INFO] ------------------------------------------------------------------------
[INFO] [INFO] [clean:clean {execution: default-clean}]
[INFO] [INFO] Deleting directory /home/hafner/Workspace/release/dry/target
[INFO] [INFO] [enforcer:display-info {execution: default}]
[INFO] [INFO] Maven Version: 2.2.1
[INFO] [INFO] JDK Version: 1.6.0_16 normalized as: 1.6.0-16
[INFO] [INFO] OS Info: Arch: i386 Family: unix Name: linux Version: 2.6.31-16-generic
[INFO] [INFO] [localizer:generate {execution: default}]
[INFO] [INFO] [resources:resources {execution: default-resources}]
[INFO] [WARNING] Using platform encoding (UTF-8 actually) to copy filtered resources, i.e. build is platform dependent!
[INFO] [INFO] Copying 23 resources
[INFO] [INFO] [hpi:apt-compile {execution: default-apt-compile}]
[INFO] [INFO] Compiling 22 source files to /home/hafner/Workspace/release/dry/target/classes
[INFO] Note: Generating hudson/plugins/dry/DryReporter.stapler
[INFO] Note: Generating hudson/plugins/dry/DryPublisher.stapler
[INFO] Note: hudson.plugins.dry.DryReporter.DRY_SCANNER_DESCRIPTOR indexed under hudson.Extension
[INFO] Note: hudson.plugins.dry.DryPublisher.DRY_DESCRIPTOR indexed under hudson.Extension
[INFO] /home/hafner/Workspace/release/dry/src/main/java/hudson/plugins/dry/DryPublisher.java:103: warning: [deprecation] getWorkspace() in hudson.model.AbstractProject has been deprecated
[INFO]         ParserResult project = build.getProject().getWorkspace().act(dryCollector);
[INFO]                                                  ^
[INFO] 1 warning
[INFO] [INFO] [hpi:insert-test {execution: default-insert-test}]
[INFO] [INFO] [groovy:generateTestStubs {execution: test-in-groovy}]
[INFO] [INFO]  No sources found for Java stub generation
[INFO] [INFO] [resources:testResources {execution: default-testResources}]
[INFO] [WARNING] Using platform encoding (UTF-8 actually) to copy filtered resources, i.e. build is platform dependent!
[INFO] [INFO] Copying 5 resources
[INFO] [INFO] [compiler:testCompile {execution: default-testCompile}]
[INFO] [INFO] Compiling 7 source files to /home/hafner/Workspace/release/dry/target/test-classes
[INFO] [INFO] [hpi:test-hpl {execution: default-test-hpl}]
[INFO] [INFO] Generating /home/hafner/Workspace/release/dry/target/test-classes/the.hpl
[INFO] [INFO] [groovy:testCompile {execution: test-in-groovy}]
[INFO] [INFO]  No sources found to compile
[INFO] [INFO] [surefire:test {execution: default-test}]
[INFO] [INFO] Surefire report directory: /home/hafner/Workspace/release/dry/target/surefire-reports
[INFO] 
[INFO] -------------------------------------------------------
[INFO]  T E S T S
[INFO] -------------------------------------------------------
[INFO] Running hudson.plugins.dry.ResultSummaryTest
[INFO] Tests run: 14, Failures: 0, Errors: 0, Skipped: 0, Time elapsed: 0.407 sec
[INFO] Running hudson.plugins.dry.DryResultTest
[INFO] Tests run: 3, Failures: 0, Errors: 0, Skipped: 0, Time elapsed: 1.125 sec
[INFO] Running hudson.plugins.dry.parser.DuplicationDifferencerTest
[INFO] Tests run: 4, Failures: 0, Errors: 0, Skipped: 0, Time elapsed: 0.023 sec
[INFO] Running hudson.plugins.dry.DryHealthDescriptorTest
[INFO] Tests run: 8, Failures: 0, Errors: 0, Skipped: 0, Time elapsed: 0.217 sec
[INFO] Running InjectedTest
[INFO] Tests run: 0, Failures: 0, Errors: 0, Skipped: 0, Time elapsed: 0.006 sec
[INFO] Running hudson.plugins.dry.parser.cpd.CpdParserTest
[INFO] Tests run: 3, Failures: 0, Errors: 0, Skipped: 0, Time elapsed: 0.402 sec
[INFO] Running hudson.plugins.dry.parser.DuplicationSerializeModelTest
[INFO] Tests run: 3, Failures: 0, Errors: 0, Skipped: 0, Time elapsed: 0.362 sec
[INFO] 
[INFO] Results :
[INFO] 
[INFO] Tests run: 35, Failures: 0, Errors: 0, Skipped: 0
[INFO] 
[INFO] [INFO] [hpi:hpi {execution: default-hpi}]
[INFO] [INFO] Exploding webapp...
[INFO] [INFO] Copy webapp webResources to /home/hafner/Workspace/release/dry/target/dry
[INFO] [INFO] Assembling webapp dry in /home/hafner/Workspace/release/dry/target/dry
[INFO] [INFO] Generating hpi /home/hafner/Workspace/release/dry/target/dry.hpi
[INFO] [INFO] Generating /home/hafner/Workspace/release/dry/target/dry/META-INF/MANIFEST.MF
[INFO] [INFO] Building jar: /home/hafner/Workspace/release/dry/target/dry.hpi
[INFO] [INFO] Building jar: /home/hafner/Workspace/release/dry/target/dry.jar
[INFO] [INFO] ------------------------------------------------------------------------
[INFO] [INFO] BUILD SUCCESSFUL
[INFO] [INFO] ------------------------------------------------------------------------
[INFO] [INFO] Total time: 32 seconds
[INFO] [INFO] Finished at: Mon Dec 28 00:44:58 CET 2009
[INFO] [INFO] Final Memory: 48M/63M
[INFO] [INFO] ------------------------------------------------------------------------
[INFO] Checking in modified POMs...
[INFO] Executing: /bin/sh -c cd /home/hafner/Workspace/release/dry && svn --non-interactive commit --file /tmp/maven-scm-210248339.commit --targets /tmp/maven-scm-8159686721392189682-targets
[INFO] Working directory: /home/hafner/Workspace/release/dry
[INFO] Tagging release with the label dry-2.1...
[INFO] Executing: /bin/sh -c cd /home/hafner/Workspace/release/dry && svn --non-interactive copy --file /tmp/maven-scm-497807888.commit --revision 24990 https://svn.dev.java.net/svn/hudson/trunk/hudson/plugins/dry https://svn.dev.java.net/svn/hudson/tags/dry-2.1
[INFO] Working directory: /home/hafner/Workspace/release/dry
[INFO] Transforming 'Hudson Duplicate Code Scanner Plug-in'...
[INFO] Not removing release POMs
[INFO] Checking in modified POMs...
[INFO] Executing: /bin/sh -c cd /home/hafner/Workspace/release/dry && svn --non-interactive commit --file /tmp/maven-scm-1313207353.commit --targets /tmp/maven-scm-8393526443627048300-targets
[INFO] Working directory: /home/hafner/Workspace/release/dry
[INFO] Release preparation complete.
[INFO] [release:perform {execution: default-cli}]
[INFO] Checking out the project to perform the release ...
[INFO] Executing: /bin/sh -c cd /home/hafner/Workspace/release/dry/target && svn --non-interactive checkout https://svn.dev.java.net/svn/hudson/tags/dry-2.1 /home/hafner/Workspace/release/dry/target/checkout
[INFO] Working directory: /home/hafner/Workspace/release/dry/target
[INFO] Executing goals 'deploy hpi:upload hpi:announce'...
[INFO] [INFO] Scanning for projects...
[INFO] [INFO] ------------------------------------------------------------------------
[INFO] [INFO] Building Hudson Duplicate Code Scanner Plug-in
[INFO] [INFO]    task-segment: [deploy, hpi:upload, hpi:announce]
[INFO] [INFO] ------------------------------------------------------------------------
[INFO] [INFO] [enforcer:display-info {execution: default}]
[INFO] [INFO] Maven Version: 2.2.1
[INFO] [INFO] JDK Version: 1.6.0_16 normalized as: 1.6.0-16
[INFO] [INFO] OS Info: Arch: i386 Family: unix Name: linux Version: 2.6.31-16-generic
[INFO] [INFO] [localizer:generate {execution: default}]
[INFO] [INFO] [resources:resources {execution: default-resources}]
[INFO] [WARNING] Using platform encoding (UTF-8 actually) to copy filtered resources, i.e. build is platform dependent!
[INFO] [INFO] Copying 23 resources
[INFO] [INFO] [hpi:apt-compile {execution: default-apt-compile}]
[INFO] [INFO] Compiling 22 source files to /home/hafner/Workspace/release/dry/target/checkout/target/classes
[INFO] Note: Generating hudson/plugins/dry/DryReporter.stapler
[INFO] Note: Generating hudson/plugins/dry/DryPublisher.stapler
[INFO] Note: hudson.plugins.dry.DryReporter.DRY_SCANNER_DESCRIPTOR indexed under hudson.Extension
[INFO] Note: hudson.plugins.dry.DryPublisher.DRY_DESCRIPTOR indexed under hudson.Extension
[INFO] /home/hafner/Workspace/release/dry/target/checkout/src/main/java/hudson/plugins/dry/DryPublisher.java:103: warning: [deprecation] getWorkspace() in hudson.model.AbstractProject has been deprecated
[INFO]         ParserResult project = build.getProject().getWorkspace().act(dryCollector);
[INFO]                                                  ^
[INFO] 1 warning
[INFO] [INFO] [hpi:insert-test {execution: default-insert-test}]
[INFO] [INFO] [groovy:generateTestStubs {execution: test-in-groovy}]
[INFO] [INFO]  No sources found for Java stub generation
[INFO] [INFO] [resources:testResources {execution: default-testResources}]
[INFO] [WARNING] Using platform encoding (UTF-8 actually) to copy filtered resources, i.e. build is platform dependent!
[INFO] [INFO] Copying 5 resources
[INFO] [INFO] [compiler:testCompile {execution: default-testCompile}]
[INFO] [INFO] Compiling 7 source files to /home/hafner/Workspace/release/dry/target/checkout/target/test-classes
[INFO] [INFO] [hpi:test-hpl {execution: default-test-hpl}]
[INFO] [INFO] Generating /home/hafner/Workspace/release/dry/target/checkout/target/test-classes/the.hpl
[INFO] [INFO] [groovy:testCompile {execution: test-in-groovy}]
[INFO] [INFO]  No sources found to compile
[INFO] [INFO] [surefire:test {execution: default-test}]
[INFO] [INFO] Surefire report directory: /home/hafner/Workspace/release/dry/target/checkout/target/surefire-reports
[INFO] 
[INFO] -------------------------------------------------------
[INFO]  T E S T S
[INFO] -------------------------------------------------------
[INFO] Running hudson.plugins.dry.ResultSummaryTest
[INFO] Tests run: 14, Failures: 0, Errors: 0, Skipped: 0, Time elapsed: 0.39 sec
[INFO] Running hudson.plugins.dry.DryResultTest
[INFO] Tests run: 3, Failures: 0, Errors: 0, Skipped: 0, Time elapsed: 0.914 sec
[INFO] Running hudson.plugins.dry.parser.DuplicationDifferencerTest
[INFO] Tests run: 4, Failures: 0, Errors: 0, Skipped: 0, Time elapsed: 0.028 sec
[INFO] Running hudson.plugins.dry.DryHealthDescriptorTest
[INFO] Tests run: 8, Failures: 0, Errors: 0, Skipped: 0, Time elapsed: 0.151 sec
[INFO] Running InjectedTest
[INFO] Tests run: 0, Failures: 0, Errors: 0, Skipped: 0, Time elapsed: 0.005 sec
[INFO] Running hudson.plugins.dry.parser.cpd.CpdParserTest
[INFO] Tests run: 3, Failures: 0, Errors: 0, Skipped: 0, Time elapsed: 0.318 sec
[INFO] Running hudson.plugins.dry.parser.DuplicationSerializeModelTest
[INFO] Tests run: 3, Failures: 0, Errors: 0, Skipped: 0, Time elapsed: 0.193 sec
[INFO] 
[INFO] Results :
[INFO] 
[INFO] Tests run: 35, Failures: 0, Errors: 0, Skipped: 0
[INFO] 
[INFO] [INFO] [hpi:hpi {execution: default-hpi}]
[INFO] [INFO] Exploding webapp...
[INFO] [INFO] Copy webapp webResources to /home/hafner/Workspace/release/dry/target/checkout/target/dry
[INFO] [INFO] Assembling webapp dry in /home/hafner/Workspace/release/dry/target/checkout/target/dry
[INFO] [INFO] Generating hpi /home/hafner/Workspace/release/dry/target/checkout/target/dry.hpi
[INFO] [INFO] Generating /home/hafner/Workspace/release/dry/target/checkout/target/dry/META-INF/MANIFEST.MF
[INFO] [INFO] Building jar: /home/hafner/Workspace/release/dry/target/checkout/target/dry.hpi
[INFO] [INFO] Building jar: /home/hafner/Workspace/release/dry/target/checkout/target/dry.jar
[INFO] [INFO] Preparing source:jar
[INFO] [WARNING] Removing: jar from forked lifecycle, to prevent recursive invocation.
[INFO] [INFO] [enforcer:display-info {execution: default}]
[INFO] [INFO] Maven Version: 2.2.1
[INFO] [INFO] JDK Version: 1.6.0_16 normalized as: 1.6.0-16
[INFO] [INFO] OS Info: Arch: i386 Family: unix Name: linux Version: 2.6.31-16-generic
[INFO] [INFO] [localizer:generate {execution: default}]
[INFO] [INFO] [source:jar {execution: attach-sources}]
[INFO] [INFO] Building jar: /home/hafner/Workspace/release/dry/target/checkout/target/dry-sources.jar
[INFO] [INFO] Preparing javadoc:jar
[INFO] [WARNING] Removing: jar from forked lifecycle, to prevent recursive invocation.
[INFO] [WARNING] Removing: jar from forked lifecycle, to prevent recursive invocation.
[INFO] [INFO] [enforcer:display-info {execution: default}]
[INFO] [INFO] Maven Version: 2.2.1
[INFO] [INFO] JDK Version: 1.6.0_16 normalized as: 1.6.0-16
[INFO] [INFO] OS Info: Arch: i386 Family: unix Name: linux Version: 2.6.31-16-generic
[INFO] [INFO] [localizer:generate {execution: default}]
[INFO] [INFO] [javadoc:jar {execution: attach-javadocs}]
[INFO] Loading source files for package hudson.plugins.dry...
[INFO] Loading source files for package hudson.plugins.dry.parser...
[INFO] Loading source files for package hudson.plugins.dry.parser.cpd...
[INFO] Constructing Javadoc information...
[INFO] Standard Doclet version 1.6.0_16
[INFO] Building tree for all the packages and classes...
[INFO] Generating /home/hafner/Workspace/release/dry/target/checkout/target/apidocs/hudson/plugins/dry//DryDescriptor.html...
[INFO] Generating /home/hafner/Workspace/release/dry/target/checkout/target/apidocs/hudson/plugins/dry//DryDetailBuilder.html...
[INFO] Generating /home/hafner/Workspace/release/dry/target/checkout/target/apidocs/hudson/plugins/dry//DryHealthDescriptor.html...
[INFO] Generating /home/hafner/Workspace/release/dry/target/checkout/target/apidocs/hudson/plugins/dry//DryMavenResult.html...
[INFO] Generating /home/hafner/Workspace/release/dry/target/checkout/target/apidocs/hudson/plugins/dry//DryPlugin.html...
[INFO] Generating /home/hafner/Workspace/release/dry/target/checkout/target/apidocs/hudson/plugins/dry//DryProjectAction.html...
[INFO] Generating /home/hafner/Workspace/release/dry/target/checkout/target/apidocs/hudson/plugins/dry//DryPublisher.html...
[INFO] Generating /home/hafner/Workspace/release/dry/target/checkout/target/apidocs/hudson/plugins/dry//DryReporter.html...
[INFO] Generating /home/hafner/Workspace/release/dry/target/checkout/target/apidocs/hudson/plugins/dry//DryReporterDescriptor.html...
[INFO] Generating /home/hafner/Workspace/release/dry/target/checkout/target/apidocs/hudson/plugins/dry//DryResult.html...
[INFO] Generating /home/hafner/Workspace/release/dry/target/checkout/target/apidocs/hudson/plugins/dry//DryResultAction.html...
[INFO] Generating /home/hafner/Workspace/release/dry/target/checkout/target/apidocs/hudson/plugins/dry//DryResultBuilder.html...
[INFO] Generating /home/hafner/Workspace/release/dry/target/checkout/target/apidocs/hudson/plugins/dry//DryTabDetail.html...
[INFO] Generating /home/hafner/Workspace/release/dry/target/checkout/target/apidocs/hudson/plugins/dry//MavenDryResultAction.html...
[INFO] Generating /home/hafner/Workspace/release/dry/target/checkout/target/apidocs/hudson/plugins/dry//Messages.html...
[INFO] Generating /home/hafner/Workspace/release/dry/target/checkout/target/apidocs/hudson/plugins/dry//ResultSummary.html...
[INFO] Generating /home/hafner/Workspace/release/dry/target/checkout/target/apidocs/hudson/plugins/dry/parser//AbstractDryParser.html...
[INFO] Generating /home/hafner/Workspace/release/dry/target/checkout/target/apidocs/hudson/plugins/dry/parser//DuplicateCode.html...
[INFO] Generating /home/hafner/Workspace/release/dry/target/checkout/target/apidocs/hudson/plugins/dry/parser//DuplicationParserRegistry.html...
[INFO] Generating /home/hafner/Workspace/release/dry/target/checkout/target/apidocs/hudson/plugins/dry/parser/cpd//CpdParser.html...
[INFO] Generating /home/hafner/Workspace/release/dry/target/checkout/target/apidocs/hudson/plugins/dry/parser/cpd//Duplication.html...
[INFO] Generating /home/hafner/Workspace/release/dry/target/checkout/target/apidocs/hudson/plugins/dry/parser/cpd//SourceFile.html...
[INFO] Generating /home/hafner/Workspace/release/dry/target/checkout/target/apidocs/overview-frame.html...
[INFO] Generating /home/hafner/Workspace/release/dry/target/checkout/target/apidocs/hudson/plugins/dry//package-frame.html...
[INFO] Generating /home/hafner/Workspace/release/dry/target/checkout/target/apidocs/hudson/plugins/dry//package-summary.html...
[INFO] Generating /home/hafner/Workspace/release/dry/target/checkout/target/apidocs/hudson/plugins/dry//package-tree.html...
[INFO] Generating /home/hafner/Workspace/release/dry/target/checkout/target/apidocs/hudson/plugins/dry/parser//package-frame.html...
[INFO] Generating /home/hafner/Workspace/release/dry/target/checkout/target/apidocs/hudson/plugins/dry/parser//package-summary.html...
[INFO] Generating /home/hafner/Workspace/release/dry/target/checkout/target/apidocs/hudson/plugins/dry/parser//package-tree.html...
[INFO] Generating /home/hafner/Workspace/release/dry/target/checkout/target/apidocs/hudson/plugins/dry/parser/cpd//package-frame.html...
[INFO] Generating /home/hafner/Workspace/release/dry/target/checkout/target/apidocs/hudson/plugins/dry/parser/cpd//package-summary.html...
[INFO] Generating /home/hafner/Workspace/release/dry/target/checkout/target/apidocs/hudson/plugins/dry/parser/cpd//package-tree.html...
[INFO] Generating /home/hafner/Workspace/release/dry/target/checkout/target/apidocs/constant-values.html...
[INFO] Generating /home/hafner/Workspace/release/dry/target/checkout/target/apidocs/serialized-form.html...
[INFO] Generating /home/hafner/Workspace/release/dry/target/checkout/target/apidocs/hudson/plugins/dry//class-use/DryProjectAction.html...
[INFO] Generating /home/hafner/Workspace/release/dry/target/checkout/target/apidocs/hudson/plugins/dry//class-use/DryDetailBuilder.html...
[INFO] Generating /home/hafner/Workspace/release/dry/target/checkout/target/apidocs/hudson/plugins/dry//class-use/DryReporterDescriptor.html...
[INFO] Generating /home/hafner/Workspace/release/dry/target/checkout/target/apidocs/hudson/plugins/dry//class-use/DryDescriptor.html...
[INFO] Generating /home/hafner/Workspace/release/dry/target/checkout/target/apidocs/hudson/plugins/dry//class-use/DryPublisher.html...
[INFO] Generating /home/hafner/Workspace/release/dry/target/checkout/target/apidocs/hudson/plugins/dry//class-use/MavenDryResultAction.html...
[INFO] Generating /home/hafner/Workspace/release/dry/target/checkout/target/apidocs/hudson/plugins/dry//class-use/DryReporter.html...
[INFO] Generating /home/hafner/Workspace/release/dry/target/checkout/target/apidocs/hudson/plugins/dry//class-use/DryMavenResult.html...
[INFO] Generating /home/hafner/Workspace/release/dry/target/checkout/target/apidocs/hudson/plugins/dry//class-use/DryResultBuilder.html...
[INFO] Generating /home/hafner/Workspace/release/dry/target/checkout/target/apidocs/hudson/plugins/dry//class-use/DryResult.html...
[INFO] Generating /home/hafner/Workspace/release/dry/target/checkout/target/apidocs/hudson/plugins/dry//class-use/DryPlugin.html...
[INFO] Generating /home/hafner/Workspace/release/dry/target/checkout/target/apidocs/hudson/plugins/dry//class-use/DryResultAction.html...
[INFO] Generating /home/hafner/Workspace/release/dry/target/checkout/target/apidocs/hudson/plugins/dry//class-use/DryTabDetail.html...
[INFO] Generating /home/hafner/Workspace/release/dry/target/checkout/target/apidocs/hudson/plugins/dry//class-use/ResultSummary.html...
[INFO] Generating /home/hafner/Workspace/release/dry/target/checkout/target/apidocs/hudson/plugins/dry//class-use/DryHealthDescriptor.html...
[INFO] Generating /home/hafner/Workspace/release/dry/target/checkout/target/apidocs/hudson/plugins/dry//class-use/Messages.html...
[INFO] Generating /home/hafner/Workspace/release/dry/target/checkout/target/apidocs/hudson/plugins/dry/parser//class-use/AbstractDryParser.html...
[INFO] Generating /home/hafner/Workspace/release/dry/target/checkout/target/apidocs/hudson/plugins/dry/parser//class-use/DuplicateCode.html...
[INFO] Generating /home/hafner/Workspace/release/dry/target/checkout/target/apidocs/hudson/plugins/dry/parser//class-use/DuplicationParserRegistry.html...
[INFO] Generating /home/hafner/Workspace/release/dry/target/checkout/target/apidocs/hudson/plugins/dry/parser/cpd//class-use/SourceFile.html...
[INFO] Generating /home/hafner/Workspace/release/dry/target/checkout/target/apidocs/hudson/plugins/dry/parser/cpd//class-use/Duplication.html...
[INFO] Generating /home/hafner/Workspace/release/dry/target/checkout/target/apidocs/hudson/plugins/dry/parser/cpd//class-use/CpdParser.html...
[INFO] Generating /home/hafner/Workspace/release/dry/target/checkout/target/apidocs/hudson/plugins/dry//package-use.html...
[INFO] Generating /home/hafner/Workspace/release/dry/target/checkout/target/apidocs/hudson/plugins/dry/parser//package-use.html...
[INFO] Generating /home/hafner/Workspace/release/dry/target/checkout/target/apidocs/hudson/plugins/dry/parser/cpd//package-use.html...
[INFO] Building index for all the packages and classes...
[INFO] Generating /home/hafner/Workspace/release/dry/target/checkout/target/apidocs/overview-tree.html...
[INFO] Generating /home/hafner/Workspace/release/dry/target/checkout/target/apidocs/index-all.html...
[INFO] Generating /home/hafner/Workspace/release/dry/target/checkout/target/apidocs/deprecated-list.html...
[INFO] Building index for all classes...
[INFO] Generating /home/hafner/Workspace/release/dry/target/checkout/target/apidocs/allclasses-frame.html...
[INFO] Generating /home/hafner/Workspace/release/dry/target/checkout/target/apidocs/allclasses-noframe.html...
[INFO] Generating /home/hafner/Workspace/release/dry/target/checkout/target/apidocs/index.html...
[INFO] Generating /home/hafner/Workspace/release/dry/target/checkout/target/apidocs/overview-summary.html...
[INFO] Generating /home/hafner/Workspace/release/dry/target/checkout/target/apidocs/help-doc.html...
[INFO] Generating /home/hafner/Workspace/release/dry/target/checkout/target/apidocs/stylesheet.css...
[INFO] [INFO] Building jar: /home/hafner/Workspace/release/dry/target/checkout/target/dry-javadoc.jar
[INFO] [INFO] [install:install {execution: default-install}]
[INFO] [INFO] Installing /home/hafner/Workspace/release/dry/target/checkout/target/dry.hpi to /home/hafner/.m2/repository/org/jvnet/hudson/plugins/dry/2.1/dry-2.1.hpi
[INFO] [INFO] Installing /home/hafner/Workspace/release/dry/target/checkout/target/dry.jar to /home/hafner/.m2/repository/org/jvnet/hudson/plugins/dry/2.1/dry-2.1.jar
[INFO] [INFO] Installing /home/hafner/Workspace/release/dry/target/checkout/target/dry-sources.jar to /home/hafner/.m2/repository/org/jvnet/hudson/plugins/dry/2.1/dry-2.1-sources.jar
[INFO] [INFO] Installing /home/hafner/Workspace/release/dry/target/checkout/target/dry-javadoc.jar to /home/hafner/.m2/repository/org/jvnet/hudson/plugins/dry/2.1/dry-2.1-javadoc.jar
[INFO] [INFO] [deploy:deploy {execution: default-deploy}]
[INFO] Uploading: java-net:/maven2-repository/trunk/repository//trunk/repository/org/jvnet/hudson/plugins/dry/2.1/dry-2.1.hpi
[INFO] 
[INFO] [INFO] Uploading project information for dry 2.1
[INFO] [INFO] Retrieving previous metadata from java.net-m2-repository
[INFO] [INFO] Uploading repository metadata for: 'artifact org.jvnet.hudson.plugins:dry'
[INFO] Uploading: java-net:/maven2-repository/trunk/repository//trunk/repository/org/jvnet/hudson/plugins/dry/2.1/dry-2.1.jar
[INFO] 
[INFO] Uploading: java-net:/maven2-repository/trunk/repository//trunk/repository/org/jvnet/hudson/plugins/dry/2.1/dry-2.1-sources.jar
[INFO] 
[INFO] Uploading: java-net:/maven2-repository/trunk/repository//trunk/repository/org/jvnet/hudson/plugins/dry/2.1/dry-2.1-javadoc.jar
[INFO] 
[INFO] [INFO] Preparing hpi:upload
[INFO] [INFO] [enforcer:display-info {execution: default}]
[INFO] [INFO] Maven Version: 2.2.1
[INFO] [INFO] JDK Version: 1.6.0_16 normalized as: 1.6.0-16
[INFO] [INFO] OS Info: Arch: i386 Family: unix Name: linux Version: 2.6.31-16-generic
[INFO] [INFO] [localizer:generate {execution: default}]
[INFO] [INFO] [resources:resources {execution: default-resources}]
[INFO] [WARNING] Using platform encoding (UTF-8 actually) to copy filtered resources, i.e. build is platform dependent!
[INFO] [INFO] Copying 23 resources
[INFO] [INFO] [hpi:apt-compile {execution: default-apt-compile}]
[INFO] [INFO] Nothing to compile - all classes are up to date
[INFO] [INFO] [hpi:insert-test {execution: default-insert-test}]
[INFO] [INFO] [groovy:generateTestStubs {execution: test-in-groovy}]
[INFO] [INFO]  No sources found for Java stub generation
[INFO] [INFO] [resources:testResources {execution: default-testResources}]
[INFO] [WARNING] Using platform encoding (UTF-8 actually) to copy filtered resources, i.e. build is platform dependent!
[INFO] [INFO] Copying 5 resources
[INFO] [INFO] [compiler:testCompile {execution: default-testCompile}]
[INFO] [INFO] Nothing to compile - all classes are up to date
[INFO] [INFO] [hpi:test-hpl {execution: default-test-hpl}]
[INFO] [INFO] Generating /home/hafner/Workspace/release/dry/target/checkout/target/test-classes/the.hpl
[INFO] [INFO] [groovy:testCompile {execution: test-in-groovy}]
[INFO] [INFO]  No sources found to compile
[INFO] [INFO] [surefire:test {execution: default-test}]
[INFO] [INFO] Surefire report directory: /home/hafner/Workspace/release/dry/target/checkout/target/surefire-reports
[INFO] 
[INFO] -------------------------------------------------------
[INFO]  T E S T S
[INFO] -------------------------------------------------------
[INFO] Running hudson.plugins.dry.ResultSummaryTest
[INFO] Tests run: 14, Failures: 0, Errors: 0, Skipped: 0, Time elapsed: 0.377 sec
[INFO] Running hudson.plugins.dry.DryResultTest
[INFO] Tests run: 3, Failures: 0, Errors: 0, Skipped: 0, Time elapsed: 0.92 sec
[INFO] Running hudson.plugins.dry.parser.DuplicationDifferencerTest
[INFO] Tests run: 4, Failures: 0, Errors: 0, Skipped: 0, Time elapsed: 0.016 sec
[INFO] Running hudson.plugins.dry.DryHealthDescriptorTest
[INFO] Tests run: 8, Failures: 0, Errors: 0, Skipped: 0, Time elapsed: 0.159 sec
[INFO] Running InjectedTest
[INFO] Tests run: 0, Failures: 0, Errors: 0, Skipped: 0, Time elapsed: 0.006 sec
[INFO] Running hudson.plugins.dry.parser.cpd.CpdParserTest
[INFO] Tests run: 3, Failures: 0, Errors: 0, Skipped: 0, Time elapsed: 0.316 sec
[INFO] Running hudson.plugins.dry.parser.DuplicationSerializeModelTest
[INFO] Tests run: 3, Failures: 0, Errors: 0, Skipped: 0, Time elapsed: 0.202 sec
[INFO] 
[INFO] Results :
[INFO] 
[INFO] Tests run: 35, Failures: 0, Errors: 0, Skipped: 0
[INFO] 
[INFO] [INFO] [hpi:hpi {execution: default-hpi}]
[INFO] [INFO] Exploding webapp...
[INFO] [INFO] Copy webapp webResources to /home/hafner/Workspace/release/dry/target/checkout/target/dry
[INFO] [INFO] Assembling webapp dry in /home/hafner/Workspace/release/dry/target/checkout/target/dry
[INFO] [INFO] Generating hpi /home/hafner/Workspace/release/dry/target/checkout/target/dry.hpi
[INFO] [INFO] Generating /home/hafner/Workspace/release/dry/target/checkout/target/dry/META-INF/MANIFEST.MF
[INFO] [INFO] Building jar: /home/hafner/Workspace/release/dry/target/checkout/target/dry.hpi
[INFO] [INFO] Building jar: /home/hafner/Workspace/release/dry/target/checkout/target/dry.jar
[INFO] [INFO] Preparing source:jar
[INFO] [WARNING] Removing: jar from forked lifecycle, to prevent recursive invocation.
[INFO] [INFO] [enforcer:display-info {execution: default}]
[INFO] [INFO] Maven Version: 2.2.1
[INFO] [INFO] JDK Version: 1.6.0_16 normalized as: 1.6.0-16
[INFO] [INFO] OS Info: Arch: i386 Family: unix Name: linux Version: 2.6.31-16-generic
[INFO] [INFO] [localizer:generate {execution: default}]
[INFO] [INFO] [source:jar {execution: attach-sources}]
[INFO] [INFO] Building jar: /home/hafner/Workspace/release/dry/target/checkout/target/dry-sources.jar
[INFO] [INFO] Preparing javadoc:jar
[INFO] [WARNING] Removing: jar from forked lifecycle, to prevent recursive invocation.
[INFO] [WARNING] Removing: jar from forked lifecycle, to prevent recursive invocation.
[INFO] [INFO] [enforcer:display-info {execution: default}]
[INFO] [INFO] Maven Version: 2.2.1
[INFO] [INFO] JDK Version: 1.6.0_16 normalized as: 1.6.0-16
[INFO] [INFO] OS Info: Arch: i386 Family: unix Name: linux Version: 2.6.31-16-generic
[INFO] [INFO] [localizer:generate {execution: default}]
[INFO] [INFO] [javadoc:jar {execution: attach-javadocs}]
[INFO] Loading source files for package hudson.plugins.dry...
[INFO] Loading source files for package hudson.plugins.dry.parser...
[INFO] Loading source files for package hudson.plugins.dry.parser.cpd...
[INFO] Constructing Javadoc information...
[INFO] Standard Doclet version 1.6.0_16
[INFO] Building tree for all the packages and classes...
[INFO] Generating /home/hafner/Workspace/release/dry/target/checkout/target/apidocs/hudson/plugins/dry//DryDescriptor.html...
[INFO] Generating /home/hafner/Workspace/release/dry/target/checkout/target/apidocs/hudson/plugins/dry//DryDetailBuilder.html...
[INFO] Generating /home/hafner/Workspace/release/dry/target/checkout/target/apidocs/hudson/plugins/dry//DryHealthDescriptor.html...
[INFO] Generating /home/hafner/Workspace/release/dry/target/checkout/target/apidocs/hudson/plugins/dry//DryMavenResult.html...
[INFO] Generating /home/hafner/Workspace/release/dry/target/checkout/target/apidocs/hudson/plugins/dry//DryPlugin.html...
[INFO] Generating /home/hafner/Workspace/release/dry/target/checkout/target/apidocs/hudson/plugins/dry//DryProjectAction.html...
[INFO] Generating /home/hafner/Workspace/release/dry/target/checkout/target/apidocs/hudson/plugins/dry//DryPublisher.html...
[INFO] Generating /home/hafner/Workspace/release/dry/target/checkout/target/apidocs/hudson/plugins/dry//DryReporter.html...
[INFO] Generating /home/hafner/Workspace/release/dry/target/checkout/target/apidocs/hudson/plugins/dry//DryReporterDescriptor.html...
[INFO] Generating /home/hafner/Workspace/release/dry/target/checkout/target/apidocs/hudson/plugins/dry//DryResult.html...
[INFO] Generating /home/hafner/Workspace/release/dry/target/checkout/target/apidocs/hudson/plugins/dry//DryResultAction.html...
[INFO] Generating /home/hafner/Workspace/release/dry/target/checkout/target/apidocs/hudson/plugins/dry//DryResultBuilder.html...
[INFO] Generating /home/hafner/Workspace/release/dry/target/checkout/target/apidocs/hudson/plugins/dry//DryTabDetail.html...
[INFO] Generating /home/hafner/Workspace/release/dry/target/checkout/target/apidocs/hudson/plugins/dry//MavenDryResultAction.html...
[INFO] Generating /home/hafner/Workspace/release/dry/target/checkout/target/apidocs/hudson/plugins/dry//Messages.html...
[INFO] Generating /home/hafner/Workspace/release/dry/target/checkout/target/apidocs/hudson/plugins/dry//ResultSummary.html...
[INFO] Generating /home/hafner/Workspace/release/dry/target/checkout/target/apidocs/hudson/plugins/dry/parser//AbstractDryParser.html...
[INFO] Generating /home/hafner/Workspace/release/dry/target/checkout/target/apidocs/hudson/plugins/dry/parser//DuplicateCode.html...
[INFO] Generating /home/hafner/Workspace/release/dry/target/checkout/target/apidocs/hudson/plugins/dry/parser//DuplicationParserRegistry.html...
[INFO] Generating /home/hafner/Workspace/release/dry/target/checkout/target/apidocs/hudson/plugins/dry/parser/cpd//CpdParser.html...
[INFO] Generating /home/hafner/Workspace/release/dry/target/checkout/target/apidocs/hudson/plugins/dry/parser/cpd//Duplication.html...
[INFO] Generating /home/hafner/Workspace/release/dry/target/checkout/target/apidocs/hudson/plugins/dry/parser/cpd//SourceFile.html...
[INFO] Generating /home/hafner/Workspace/release/dry/target/checkout/target/apidocs/overview-frame.html...
[INFO] Generating /home/hafner/Workspace/release/dry/target/checkout/target/apidocs/hudson/plugins/dry//package-frame.html...
[INFO] Generating /home/hafner/Workspace/release/dry/target/checkout/target/apidocs/hudson/plugins/dry//package-summary.html...
[INFO] Generating /home/hafner/Workspace/release/dry/target/checkout/target/apidocs/hudson/plugins/dry//package-tree.html...
[INFO] Generating /home/hafner/Workspace/release/dry/target/checkout/target/apidocs/hudson/plugins/dry/parser//package-frame.html...
[INFO] Generating /home/hafner/Workspace/release/dry/target/checkout/target/apidocs/hudson/plugins/dry/parser//package-summary.html...
[INFO] Generating /home/hafner/Workspace/release/dry/target/checkout/target/apidocs/hudson/plugins/dry/parser//package-tree.html...
[INFO] Generating /home/hafner/Workspace/release/dry/target/checkout/target/apidocs/hudson/plugins/dry/parser/cpd//package-frame.html...
[INFO] Generating /home/hafner/Workspace/release/dry/target/checkout/target/apidocs/hudson/plugins/dry/parser/cpd//package-summary.html...
[INFO] Generating /home/hafner/Workspace/release/dry/target/checkout/target/apidocs/hudson/plugins/dry/parser/cpd//package-tree.html...
[INFO] Generating /home/hafner/Workspace/release/dry/target/checkout/target/apidocs/constant-values.html...
[INFO] Generating /home/hafner/Workspace/release/dry/target/checkout/target/apidocs/serialized-form.html...
[INFO] Generating /home/hafner/Workspace/release/dry/target/checkout/target/apidocs/hudson/plugins/dry//class-use/DryProjectAction.html...
[INFO] Generating /home/hafner/Workspace/release/dry/target/checkout/target/apidocs/hudson/plugins/dry//class-use/DryDetailBuilder.html...
[INFO] Generating /home/hafner/Workspace/release/dry/target/checkout/target/apidocs/hudson/plugins/dry//class-use/DryReporterDescriptor.html...
[INFO] Generating /home/hafner/Workspace/release/dry/target/checkout/target/apidocs/hudson/plugins/dry//class-use/DryDescriptor.html...
[INFO] Generating /home/hafner/Workspace/release/dry/target/checkout/target/apidocs/hudson/plugins/dry//class-use/DryPublisher.html...
[INFO] Generating /home/hafner/Workspace/release/dry/target/checkout/target/apidocs/hudson/plugins/dry//class-use/MavenDryResultAction.html...
[INFO] Generating /home/hafner/Workspace/release/dry/target/checkout/target/apidocs/hudson/plugins/dry//class-use/DryReporter.html...
[INFO] Generating /home/hafner/Workspace/release/dry/target/checkout/target/apidocs/hudson/plugins/dry//class-use/DryMavenResult.html...
[INFO] Generating /home/hafner/Workspace/release/dry/target/checkout/target/apidocs/hudson/plugins/dry//class-use/DryResultBuilder.html...
[INFO] Generating /home/hafner/Workspace/release/dry/target/checkout/target/apidocs/hudson/plugins/dry//class-use/DryResult.html...
[INFO] Generating /home/hafner/Workspace/release/dry/target/checkout/target/apidocs/hudson/plugins/dry//class-use/DryPlugin.html...
[INFO] Generating /home/hafner/Workspace/release/dry/target/checkout/target/apidocs/hudson/plugins/dry//class-use/DryResultAction.html...
[INFO] Generating /home/hafner/Workspace/release/dry/target/checkout/target/apidocs/hudson/plugins/dry//class-use/DryTabDetail.html...
[INFO] Generating /home/hafner/Workspace/release/dry/target/checkout/target/apidocs/hudson/plugins/dry//class-use/ResultSummary.html...
[INFO] Generating /home/hafner/Workspace/release/dry/target/checkout/target/apidocs/hudson/plugins/dry//class-use/DryHealthDescriptor.html...
[INFO] Generating /home/hafner/Workspace/release/dry/target/checkout/target/apidocs/hudson/plugins/dry//class-use/Messages.html...
[INFO] Generating /home/hafner/Workspace/release/dry/target/checkout/target/apidocs/hudson/plugins/dry/parser//class-use/AbstractDryParser.html...
[INFO] Generating /home/hafner/Workspace/release/dry/target/checkout/target/apidocs/hudson/plugins/dry/parser//class-use/DuplicateCode.html...
[INFO] Generating /home/hafner/Workspace/release/dry/target/checkout/target/apidocs/hudson/plugins/dry/parser//class-use/DuplicationParserRegistry.html...
[INFO] Generating /home/hafner/Workspace/release/dry/target/checkout/target/apidocs/hudson/plugins/dry/parser/cpd//class-use/SourceFile.html...
[INFO] Generating /home/hafner/Workspace/release/dry/target/checkout/target/apidocs/hudson/plugins/dry/parser/cpd//class-use/Duplication.html...
[INFO] Generating /home/hafner/Workspace/release/dry/target/checkout/target/apidocs/hudson/plugins/dry/parser/cpd//class-use/CpdParser.html...
[INFO] Generating /home/hafner/Workspace/release/dry/target/checkout/target/apidocs/hudson/plugins/dry//package-use.html...
[INFO] Generating /home/hafner/Workspace/release/dry/target/checkout/target/apidocs/hudson/plugins/dry/parser//package-use.html...
[INFO] Generating /home/hafner/Workspace/release/dry/target/checkout/target/apidocs/hudson/plugins/dry/parser/cpd//package-use.html...
[INFO] Building index for all the packages and classes...
[INFO] Generating /home/hafner/Workspace/release/dry/target/checkout/target/apidocs/overview-tree.html...
[INFO] Generating /home/hafner/Workspace/release/dry/target/checkout/target/apidocs/index-all.html...
[INFO] Generating /home/hafner/Workspace/release/dry/target/checkout/target/apidocs/deprecated-list.html...
[INFO] Building index for all classes...
[INFO] Generating /home/hafner/Workspace/release/dry/target/checkout/target/apidocs/allclasses-frame.html...
[INFO] Generating /home/hafner/Workspace/release/dry/target/checkout/target/apidocs/allclasses-noframe.html...
[INFO] Generating /home/hafner/Workspace/release/dry/target/checkout/target/apidocs/index.html...
[INFO] Generating /home/hafner/Workspace/release/dry/target/checkout/target/apidocs/overview-summary.html...
[INFO] Generating /home/hafner/Workspace/release/dry/target/checkout/target/apidocs/help-doc.html...
[INFO] Generating /home/hafner/Workspace/release/dry/target/checkout/target/apidocs/stylesheet.css...
[INFO] [INFO] Building jar: /home/hafner/Workspace/release/dry/target/checkout/target/dry-javadoc.jar
[INFO] [INFO] [hpi:upload {execution: default-cli}]
[INFO] [INFO] [hpi:announce {execution: default-cli}]
[INFO] [INFO] ------------------------------------------------------------------------
[INFO] [INFO] BUILD SUCCESSFUL
[INFO] [INFO] ------------------------------------------------------------------------
[INFO] [INFO] Total time: 5 minutes 2 seconds
[INFO] [INFO] Finished at: Mon Dec 28 00:50:55 CET 2009
[INFO] [INFO] Final Memory: 42M/63M
[INFO] [INFO] ------------------------------------------------------------------------
[INFO] Cleaning up after release...
[INFO] ------------------------------------------------------------------------
[INFO] BUILD SUCCESSFUL
[INFO] ------------------------------------------------------------------------
[INFO] Total time: 6 minutes 47 seconds
[INFO] Finished at: Mon Dec 28 00:50:56 CET 2009
[INFO] Final Memory: 30M/55M
[INFO] ------------------------------------------------------------------------
cp: cannot create regular file `/home/ulli/Hudson/plugins': No such file or directory
U    pom.xml
D    release.bat
D    eclipse.bat
D    debug.bat
D    eclipse.sh
U    .project
U    src/main/java/hudson/plugins/findbugs/FindBugsPublisher.java
U    src/main/java/hudson/plugins/findbugs/FindBugsReporter.java
D    src/main/webapp/icons/spinner.gif
D    src/main/webapp/icons/clearpixel.gif
U    .classpath
D    checkstyle-configuration.xml
A    checkstyle-configuration.xml
U    .settings/org.eclipse.jdt.core.prefs
U    .settings/org.eclipse.jdt.ui.prefs
Updated to revision 24992.
[INFO] Scanning for projects...
[INFO] ------------------------------------------------------------------------
[INFO] Building Hudson FindBugs Plug-in
[INFO]    task-segment: [release:prepare, release:perform] (aggregator-style)
[INFO] ------------------------------------------------------------------------
[INFO] [release:prepare {execution: default-cli}]
[INFO] Release preparation already completed. You can now continue with release:perform, or start again using the -Dresume=false flag
[INFO] [release:perform {execution: default-cli}]
[INFO] Checking out the project to perform the release ...
[INFO] Executing: /bin/sh -c cd /home/hafner/Workspace/release/findbugs/target && svn --non-interactive checkout https://svn.dev.java.net/svn/hudson/tags/findbugs-4.0 /home/hafner/Workspace/release/findbugs/target/checkout
[INFO] Working directory: /home/hafner/Workspace/release/findbugs/target
[INFO] Executing goals 'deploy hpi:upload hpi:announce'...
[INFO] [INFO] Scanning for projects...
[INFO] [INFO] ------------------------------------------------------------------------
[INFO] [INFO] Building Hudson FindBugs Plug-in
[INFO] [INFO]    task-segment: [deploy, hpi:upload, hpi:announce]
[INFO] [INFO] ------------------------------------------------------------------------
[INFO] [INFO] [enforcer:display-info {execution: default}]
[INFO] [INFO] Maven Version: 2.2.1
[INFO] [INFO] JDK Version: 1.6.0_16 normalized as: 1.6.0-16
[INFO] [INFO] OS Info: Arch: i386 Family: unix Name: linux Version: 2.6.31-16-generic
[INFO] [INFO] [localizer:generate {execution: default}]
[INFO] [INFO] [resources:resources {execution: default-resources}]
[INFO] [WARNING] Using platform encoding (UTF-8 actually) to copy filtered resources, i.e. build is platform dependent!
[INFO] [INFO] Copying 24 resources
[INFO] [INFO] [hpi:apt-compile {execution: default-apt-compile}]
[INFO] [INFO] Compiling 24 source files to /home/hafner/Workspace/release/findbugs/target/checkout/target/classes
[INFO] Note: Generating hudson/plugins/findbugs/FindBugsPublisher.stapler
[INFO] Note: Generating hudson/plugins/findbugs/FindBugsReporter.stapler
[INFO] Note: hudson.plugins.findbugs.FindBugsPublisher.FIND_BUGS_DESCRIPTOR indexed under hudson.Extension
[INFO] Note: hudson.plugins.findbugs.FindBugsReporter.FINDBUGS_SCANNER_DESCRIPTOR indexed under hudson.Extension
[INFO] [INFO] [hpi:insert-test {execution: default-insert-test}]
[INFO] [INFO] [groovy:generateTestStubs {execution: test-in-groovy}]
[INFO] [INFO]  No sources found for Java stub generation
[INFO] [INFO] [resources:testResources {execution: default-testResources}]
[INFO] [WARNING] Using platform encoding (UTF-8 actually) to copy filtered resources, i.e. build is platform dependent!
[INFO] [INFO] Copying 11 resources
[INFO] [INFO] [compiler:testCompile {execution: default-testCompile}]
[INFO] [INFO] Compiling 10 source files to /home/hafner/Workspace/release/findbugs/target/checkout/target/test-classes
[INFO] [INFO] [hpi:test-hpl {execution: default-test-hpl}]
[INFO] [INFO] Generating /home/hafner/Workspace/release/findbugs/target/checkout/target/test-classes/the.hpl
[INFO] [INFO] [groovy:testCompile {execution: test-in-groovy}]
[INFO] [INFO]  No sources found to compile
[INFO] [INFO] [surefire:test {execution: default-test}]
[INFO] [INFO] Surefire report directory: /home/hafner/Workspace/release/findbugs/target/checkout/target/surefire-reports
[INFO] 
[INFO] -------------------------------------------------------
[INFO]  T E S T S
[INFO] -------------------------------------------------------
[INFO] Running hudson.plugins.findbugs.parser.maven.BugInstanceTest
[INFO] Tests run: 3, Failures: 0, Errors: 0, Skipped: 0, Time elapsed: 0.06 sec
[INFO] Running hudson.plugins.findbugs.FindBugsMessagesTest
[INFO] Tests run: 4, Failures: 0, Errors: 0, Skipped: 0, Time elapsed: 1.002 sec
[INFO] Running hudson.plugins.findbugs.parser.BugSerializeModelTest
[INFO] Tests run: 3, Failures: 0, Errors: 0, Skipped: 0, Time elapsed: 0.468 sec
[INFO] Running hudson.plugins.findbugs.parser.maven.MavenFindBugsParserTest
[INFO] Tests run: 12, Failures: 0, Errors: 0, Skipped: 0, Time elapsed: 0.266 sec
[INFO] Running hudson.plugins.findbugs.ResultSummaryTest
[INFO] Tests run: 14, Failures: 0, Errors: 0, Skipped: 0, Time elapsed: 0.276 sec
[INFO] Running hudson.plugins.findbugs.parser.BugsDifferencerTest
[INFO] Tests run: 4, Failures: 0, Errors: 0, Skipped: 0, Time elapsed: 0.019 sec
[INFO] Running InjectedTest
[INFO] Tests run: 0, Failures: 0, Errors: 0, Skipped: 0, Time elapsed: 0.007 sec
[INFO] Running hudson.plugins.findbugs.FindBugsResultTest
[INFO] Dec 28, 2009 12:52:05 AM hudson.plugins.analysis.core.BuildResult loadResult
[INFO] INFO: Loaded data file /tmp/findbugs-warnings.xml for build 2
[INFO] Tests run: 3, Failures: 0, Errors: 0, Skipped: 0, Time elapsed: 0.703 sec
[INFO] Running hudson.plugins.findbugs.parser.NativeFindBugsParserTest
[INFO] Dec 28, 2009 12:52:08 AM hudson.plugins.findbugs.parser.NativeFindBugsParser parse
[INFO] WARNING: Can't resolve absolute file name for file BlockCrcUpgrade.java, dir list = [/home/johan/hudson/hudson-findbugs/work/jobs/Hadoop/workspace/hadoop/src/java, /home/johan/hudson/hudson-findbugs/work/jobs/Hadoop/workspace/hadoop/src/examples, /home/johan/hudson/hudson-findbugs/work/jobs/Hadoop/workspace/hadoop/src/contrib/streaming/src/java]
[INFO] Dec 28, 2009 12:52:08 AM hudson.plugins.findbugs.parser.NativeFindBugsParser parse
[INFO] WARNING: Can't resolve absolute file name for file StreamJob.java, dir list = [/home/johan/hudson/hudson-findbugs/work/jobs/Hadoop/workspace/hadoop/src/java, /home/johan/hudson/hudson-findbugs/work/jobs/Hadoop/workspace/hadoop/src/examples, /home/johan/hudson/hudson-findbugs/work/jobs/Hadoop/workspace/hadoop/src/contrib/streaming/src/java]
[INFO] Dec 28, 2009 12:52:08 AM hudson.plugins.findbugs.parser.NativeFindBugsParser parse
[INFO] WARNING: Can't resolve absolute file name for file PluginLoader.java, dir list = [/export/homes/submit/.hudson/jobs/FindBugs/workspace/findbugs/findbugs/src/java, /export/homes/submit/.hudson/jobs/FindBugs/workspace/findbugs/findbugs/src/java5]
[INFO] Dec 28, 2009 12:52:08 AM hudson.plugins.findbugs.parser.NativeFindBugsParser parse
[INFO] WARNING: Can't resolve absolute file name for file PluginLoader.java, dir list = [/export/homes/submit/.hudson/jobs/FindBugs/workspace/findbugs/findbugs/src/java, /export/homes/submit/.hudson/jobs/FindBugs/workspace/findbugs/findbugs/src/java5]
[INFO] Dec 28, 2009 12:52:08 AM hudson.plugins.findbugs.parser.NativeFindBugsParser parse
[INFO] WARNING: Can't resolve absolute file name for file ResultSummary.java, dir list = []
[INFO] Dec 28, 2009 12:52:08 AM hudson.plugins.findbugs.parser.NativeFindBugsParser parse
[INFO] WARNING: Can't resolve absolute file name for file ResultSummary.java, dir list = []
[INFO] Dec 28, 2009 12:52:08 AM hudson.plugins.findbugs.parser.NativeFindBugsParser parse
[INFO] WARNING: Can't resolve absolute file name for file TasksModuleDetail.java, dir list = []
[INFO] Dec 28, 2009 12:52:08 AM hudson.plugins.findbugs.parser.NativeFindBugsParser parse
[INFO] WARNING: Can't resolve absolute file name for file TasksReporter.java, dir list = []
[INFO] Dec 28, 2009 12:52:08 AM hudson.plugins.findbugs.parser.NativeFindBugsParser parse
[INFO] WARNING: Can't resolve absolute file name for file TasksReporter.java, dir list = []
[INFO] Dec 28, 2009 12:52:08 AM hudson.plugins.findbugs.parser.NativeFindBugsParser parse
[INFO] WARNING: Can't resolve absolute file name for file TasksReporter.java, dir list = []
[INFO] Dec 28, 2009 12:52:08 AM hudson.plugins.findbugs.parser.NativeFindBugsParser parse
[INFO] WARNING: Can't resolve absolute file name for file TasksReporter.java, dir list = []
[INFO] Dec 28, 2009 12:52:08 AM hudson.plugins.findbugs.parser.NativeFindBugsParser parse
[INFO] WARNING: Can't resolve absolute file name for file TasksReporter.java, dir list = []
[INFO] Dec 28, 2009 12:52:08 AM hudson.plugins.findbugs.parser.NativeFindBugsParser parse
[INFO] WARNING: Can't resolve absolute file name for file TasksReporter.java, dir list = []
[INFO] Dec 28, 2009 12:52:08 AM hudson.plugins.findbugs.parser.NativeFindBugsParser parse
[INFO] WARNING: Can't resolve absolute file name for file TasksReporter.java, dir list = []
[INFO] Dec 28, 2009 12:52:08 AM hudson.plugins.findbugs.parser.NativeFindBugsParser parse
[INFO] WARNING: Can't resolve absolute file name for file TasksReporter.java, dir list = []
[INFO] Dec 28, 2009 12:52:08 AM hudson.plugins.findbugs.parser.NativeFindBugsParser parse
[INFO] WARNING: Can't resolve absolute file name for file E:\Dokumente und Einstellungen\Ulli\Eigene Dateien\Workspace\Eclipse\tasks\src\main\java\hudson\plugins\tasks\TasksReporter.java, dir list = []
[INFO] Dec 28, 2009 12:52:08 AM hudson.plugins.findbugs.parser.NativeFindBugsParser parse
[INFO] WARNING: Can't resolve absolute file name for file TasksResult.java, dir list = []
[INFO] Dec 28, 2009 12:52:08 AM hudson.plugins.findbugs.parser.NativeFindBugsParser parse
[INFO] WARNING: Can't resolve absolute file name for file TasksResult.java, dir list = []
[INFO] Dec 28, 2009 12:52:08 AM hudson.plugins.findbugs.parser.NativeFindBugsParser parse
[INFO] WARNING: Can't resolve absolute file name for file TasksResultAction.java, dir list = []
[INFO] Dec 28, 2009 12:52:08 AM hudson.plugins.findbugs.parser.NativeFindBugsParser parse
[INFO] WARNING: Can't resolve absolute file name for file TasksResultAction.java, dir list = []
[INFO] Dec 28, 2009 12:52:08 AM hudson.plugins.findbugs.parser.NativeFindBugsParser parse
[INFO] WARNING: Can't resolve absolute file name for file TaskScanner.java, dir list = []
[INFO] Dec 28, 2009 12:52:08 AM hudson.plugins.findbugs.parser.NativeFindBugsParser parse
[INFO] WARNING: Can't resolve absolute file name for file ChartBuilder.java, dir list = []
[INFO] Dec 28, 2009 12:52:08 AM hudson.plugins.findbugs.parser.NativeFindBugsParser parse
[INFO] WARNING: Can't resolve absolute file name for file HealthAwarePublisher.java, dir list = []
[INFO] Dec 28, 2009 12:52:08 AM hudson.plugins.findbugs.parser.NativeFindBugsParser parse
[INFO] WARNING: Can't resolve absolute file name for file HealthAwarePublisher.java, dir list = []
[INFO] Dec 28, 2009 12:52:08 AM hudson.plugins.findbugs.parser.NativeFindBugsParser parse
[INFO] WARNING: Can't resolve absolute file name for file HealthAwarePublisher.java, dir list = []
[INFO] Dec 28, 2009 12:52:08 AM hudson.plugins.findbugs.parser.NativeFindBugsParser parse
[INFO] WARNING: Can't resolve absolute file name for file HealthReportBuilderTest.java, dir list = []
[INFO] Dec 28, 2009 12:52:08 AM hudson.plugins.findbugs.parser.NativeFindBugsParser parse
[INFO] WARNING: Can't resolve absolute file name for file HealthReportBuilderTest.java, dir list = []
[INFO] Dec 28, 2009 12:52:08 AM hudson.plugins.findbugs.parser.NativeFindBugsParser parse
[INFO] WARNING: Can't resolve absolute file name for file HealthReportBuilderTest.java, dir list = []
[INFO] Dec 28, 2009 12:52:08 AM hudson.plugins.findbugs.parser.NativeFindBugsParser parse
[INFO] WARNING: Can't resolve absolute file name for file HealthReportBuilderTest.java, dir list = []
[INFO] Dec 28, 2009 12:52:08 AM hudson.plugins.findbugs.parser.NativeFindBugsParser parse
[INFO] WARNING: Can't resolve absolute file name for file HealthReportBuilderTest.java, dir list = []
[INFO] Dec 28, 2009 12:52:08 AM hudson.plugins.findbugs.parser.NativeFindBugsParser parse
[INFO] WARNING: Can't resolve absolute file name for file HealthReportBuilderTest.java, dir list = []
[INFO] Dec 28, 2009 12:52:08 AM hudson.plugins.findbugs.parser.NativeFindBugsParser parse
[INFO] WARNING: Can't resolve absolute file name for file HealthReportBuilderTest.java, dir list = []
[INFO] Dec 28, 2009 12:52:08 AM hudson.plugins.findbugs.parser.NativeFindBugsParser parse
[INFO] WARNING: Can't resolve absolute file name for file HealthReportBuilderTest.java, dir list = []
[INFO] Dec 28, 2009 12:52:08 AM hudson.plugins.findbugs.parser.NativeFindBugsParser parse
[INFO] WARNING: Can't resolve absolute file name for file HealthReportBuilderTest.java, dir list = []
[INFO] Dec 28, 2009 12:52:08 AM hudson.plugins.findbugs.parser.NativeFindBugsParser parse
[INFO] WARNING: Can't resolve absolute file name for file HealthReportBuilderTest.java, dir list = []
[INFO] Dec 28, 2009 12:52:08 AM hudson.plugins.findbugs.parser.NativeFindBugsParser parse
[INFO] WARNING: Can't resolve absolute file name for file HealthReportBuilderTest.java, dir list = []
[INFO] Dec 28, 2009 12:52:08 AM hudson.plugins.findbugs.parser.NativeFindBugsParser parse
[INFO] WARNING: Can't resolve absolute file name for file HealthReportBuilderTest.java, dir list = []
[INFO] Dec 28, 2009 12:52:08 AM hudson.plugins.findbugs.parser.NativeFindBugsParser parse
[INFO] WARNING: Can't resolve absolute file name for file HealthReportBuilderTest.java, dir list = []
[INFO] Dec 28, 2009 12:52:08 AM hudson.plugins.findbugs.parser.NativeFindBugsParser parse
[INFO] WARNING: Can't resolve absolute file name for file HealthReportBuilderTest.java, dir list = []
[INFO] Dec 28, 2009 12:52:08 AM hudson.plugins.findbugs.parser.NativeFindBugsParser parse
[INFO] WARNING: Can't resolve absolute file name for file HealthReportBuilderTest.java, dir list = []
[INFO] Dec 28, 2009 12:52:08 AM hudson.plugins.findbugs.parser.NativeFindBugsParser parse
[INFO] WARNING: Can't resolve absolute file name for file HealthReportBuilderTest.java, dir list = []
[INFO] Dec 28, 2009 12:52:08 AM hudson.plugins.findbugs.parser.NativeFindBugsParser parse
[INFO] WARNING: Can't resolve absolute file name for file HealthReportBuilderTest.java, dir list = []
[INFO] Dec 28, 2009 12:52:08 AM hudson.plugins.findbugs.parser.NativeFindBugsParser parse
[INFO] WARNING: Can't resolve absolute file name for file HealthReportBuilderTest.java, dir list = []
[INFO] Dec 28, 2009 12:52:08 AM hudson.plugins.findbugs.parser.NativeFindBugsParser parse
[INFO] WARNING: Can't resolve absolute file name for file HealthReportBuilderTest.java, dir list = []
[INFO] Dec 28, 2009 12:52:08 AM hudson.plugins.findbugs.parser.NativeFindBugsParser parse
[INFO] WARNING: Can't resolve absolute file name for file HealthReportBuilderTest.java, dir list = []
[INFO] Dec 28, 2009 12:52:08 AM hudson.plugins.findbugs.parser.NativeFindBugsParser parse
[INFO] WARNING: Can't resolve absolute file name for file HealthReportBuilderTest.java, dir list = []
[INFO] Dec 28, 2009 12:52:08 AM hudson.plugins.findbugs.parser.NativeFindBugsParser parse
[INFO] WARNING: Can't resolve absolute file name for file HealthReportBuilderTest.java, dir list = []
[INFO] Dec 28, 2009 12:52:08 AM hudson.plugins.findbugs.parser.NativeFindBugsParser parse
[INFO] WARNING: Can't resolve absolute file name for file HealthReportBuilderTest.java, dir list = []
[INFO] Dec 28, 2009 12:52:08 AM hudson.plugins.findbugs.parser.NativeFindBugsParser parse
[INFO] WARNING: Can't resolve absolute file name for file HealthReportBuilderTest.java, dir list = []
[INFO] Dec 28, 2009 12:52:08 AM hudson.plugins.findbugs.parser.NativeFindBugsParser parse
[INFO] WARNING: Can't resolve absolute file name for file HealthReportBuilderTest.java, dir list = []
[INFO] Dec 28, 2009 12:52:08 AM hudson.plugins.findbugs.parser.NativeFindBugsParser parse
[INFO] WARNING: Can't resolve absolute file name for file HealthReportBuilderTest.java, dir list = []
[INFO] Dec 28, 2009 12:52:08 AM hudson.plugins.findbugs.parser.NativeFindBugsParser parse
[INFO] WARNING: Can't resolve absolute file name for file HealthReportBuilderTest.java, dir list = []
[INFO] Dec 28, 2009 12:52:08 AM hudson.plugins.findbugs.parser.NativeFindBugsParser parse
[INFO] WARNING: Can't resolve absolute file name for file Messages.java, dir list = []
[INFO] Dec 28, 2009 12:52:08 AM hudson.plugins.findbugs.parser.NativeFindBugsParser parse
[INFO] WARNING: Can't resolve absolute file name for file Messages.java, dir list = []
[INFO] Dec 28, 2009 12:52:08 AM hudson.plugins.findbugs.parser.NativeFindBugsParser parse
[INFO] WARNING: Can't resolve absolute file name for file Messages.java, dir list = []
[INFO] Dec 28, 2009 12:52:08 AM hudson.plugins.findbugs.parser.NativeFindBugsParser parse
[INFO] WARNING: Can't resolve absolute file name for file ModuleDetail.java, dir list = []
[INFO] Dec 28, 2009 12:52:08 AM hudson.plugins.findbugs.parser.NativeFindBugsParser parse
[INFO] WARNING: Can't resolve absolute file name for file SourceDetail.java, dir list = []
[INFO] Dec 28, 2009 12:52:08 AM hudson.plugins.findbugs.parser.NativeFindBugsParser parse
[INFO] WARNING: Can't resolve absolute file name for file ThresholdValidator.java, dir list = []
[INFO] Dec 28, 2009 12:52:08 AM hudson.plugins.findbugs.parser.NativeFindBugsParser parse
[INFO] WARNING: Can't resolve absolute file name for file AbstractAnnotation.java, dir list = []
[INFO] Dec 28, 2009 12:52:08 AM hudson.plugins.findbugs.parser.NativeFindBugsParser parse
[INFO] WARNING: Can't resolve absolute file name for file AbstractAnnotation.java, dir list = []
[INFO] Dec 28, 2009 12:52:08 AM hudson.plugins.findbugs.parser.NativeFindBugsParser parse
[INFO] WARNING: Can't resolve absolute file name for file AbstractAnnotation.java, dir list = []
[INFO] Dec 28, 2009 12:52:08 AM hudson.plugins.findbugs.parser.NativeFindBugsParser parse
[INFO] WARNING: Can't resolve absolute file name for file AbstractSerializeModelTest.java, dir list = []
[INFO] Dec 28, 2009 12:52:08 AM hudson.plugins.findbugs.parser.NativeFindBugsParser parse
[INFO] WARNING: Can't resolve absolute file name for file LineRange.java, dir list = []
[INFO] Dec 28, 2009 12:52:08 AM hudson.plugins.findbugs.parser.NativeFindBugsParser parse
[INFO] WARNING: Can't resolve absolute file name for file WarningsResultBuilder.java, dir list = []
[INFO] Tests run: 5, Failures: 0, Errors: 0, Skipped: 0, Time elapsed: 2.61 sec
[INFO] Running hudson.plugins.findbugs.FindBugsHealthDescriptorTest
[INFO] Tests run: 8, Failures: 0, Errors: 0, Skipped: 0, Time elapsed: 0.191 sec
[INFO] 
[INFO] Results :
[INFO] 
[INFO] Tests run: 56, Failures: 0, Errors: 0, Skipped: 0
[INFO] 
[INFO] [INFO] [hpi:hpi {execution: default-hpi}]
[INFO] [INFO] Exploding webapp...
[INFO] [INFO] Copy webapp webResources to /home/hafner/Workspace/release/findbugs/target/checkout/target/findbugs
[INFO] [INFO] Assembling webapp findbugs in /home/hafner/Workspace/release/findbugs/target/checkout/target/findbugs
[INFO] [INFO] Generating hpi /home/hafner/Workspace/release/findbugs/target/checkout/target/findbugs.hpi
[INFO] [INFO] Generating /home/hafner/Workspace/release/findbugs/target/checkout/target/findbugs/META-INF/MANIFEST.MF
[INFO] [INFO] Building jar: /home/hafner/Workspace/release/findbugs/target/checkout/target/findbugs.hpi
[INFO] [INFO] Building jar: /home/hafner/Workspace/release/findbugs/target/checkout/target/findbugs.jar
[INFO] [INFO] Preparing source:jar
[INFO] [WARNING] Removing: jar from forked lifecycle, to prevent recursive invocation.
[INFO] [INFO] [enforcer:display-info {execution: default}]
[INFO] [INFO] Maven Version: 2.2.1
[INFO] [INFO] JDK Version: 1.6.0_16 normalized as: 1.6.0-16
[INFO] [INFO] OS Info: Arch: i386 Family: unix Name: linux Version: 2.6.31-16-generic
[INFO] [INFO] [localizer:generate {execution: default}]
[INFO] [INFO] [source:jar {execution: attach-sources}]
[INFO] [INFO] Building jar: /home/hafner/Workspace/release/findbugs/target/checkout/target/findbugs-sources.jar
[INFO] [INFO] Preparing javadoc:jar
[INFO] [WARNING] Removing: jar from forked lifecycle, to prevent recursive invocation.
[INFO] [WARNING] Removing: jar from forked lifecycle, to prevent recursive invocation.
[INFO] [INFO] [enforcer:display-info {execution: default}]
[INFO] [INFO] Maven Version: 2.2.1
[INFO] [INFO] JDK Version: 1.6.0_16 normalized as: 1.6.0-16
[INFO] [INFO] OS Info: Arch: i386 Family: unix Name: linux Version: 2.6.31-16-generic
[INFO] [INFO] [localizer:generate {execution: default}]
[INFO] [INFO] [javadoc:jar {execution: attach-javadocs}]
[INFO] Loading source files for package hudson.plugins.findbugs...
[INFO] Loading source files for package hudson.plugins.findbugs.parser...
[INFO] Loading source files for package hudson.plugins.findbugs.parser.maven...
[INFO] Constructing Javadoc information...
[INFO] Standard Doclet version 1.6.0_16
[INFO] Building tree for all the packages and classes...
[INFO] Generating /home/hafner/Workspace/release/findbugs/target/checkout/target/apidocs/hudson/plugins/findbugs//FindBugsDescriptor.html...
[INFO] Generating /home/hafner/Workspace/release/findbugs/target/checkout/target/apidocs/hudson/plugins/findbugs//FindBugsHealthDescriptor.html...
[INFO] Generating /home/hafner/Workspace/release/findbugs/target/checkout/target/apidocs/hudson/plugins/findbugs//FindBugsMavenResult.html...
[INFO] Generating /home/hafner/Workspace/release/findbugs/target/checkout/target/apidocs/hudson/plugins/findbugs//FindBugsMessages.html...
[INFO] Generating /home/hafner/Workspace/release/findbugs/target/checkout/target/apidocs/hudson/plugins/findbugs//FindBugsPlugin.html...
[INFO] Generating /home/hafner/Workspace/release/findbugs/target/checkout/target/apidocs/hudson/plugins/findbugs//FindBugsProjectAction.html...
[INFO] Generating /home/hafner/Workspace/release/findbugs/target/checkout/target/apidocs/hudson/plugins/findbugs//FindBugsPublisher.html...
[INFO] Generating /home/hafner/Workspace/release/findbugs/target/checkout/target/apidocs/hudson/plugins/findbugs//FindBugsReporter.html...
[INFO] Generating /home/hafner/Workspace/release/findbugs/target/checkout/target/apidocs/hudson/plugins/findbugs//FindBugsReporterDescriptor.html...
[INFO] Generating /home/hafner/Workspace/release/findbugs/target/checkout/target/apidocs/hudson/plugins/findbugs//FindBugsResult.html...
[INFO] Generating /home/hafner/Workspace/release/findbugs/target/checkout/target/apidocs/hudson/plugins/findbugs//FindBugsResultAction.html...
[INFO] Generating /home/hafner/Workspace/release/findbugs/target/checkout/target/apidocs/hudson/plugins/findbugs//FindBugsResultBuilder.html...
[INFO] Generating /home/hafner/Workspace/release/findbugs/target/checkout/target/apidocs/hudson/plugins/findbugs//MavenFindBugsResultAction.html...
[INFO] Generating /home/hafner/Workspace/release/findbugs/target/checkout/target/apidocs/hudson/plugins/findbugs//Messages.html...
[INFO] Generating /home/hafner/Workspace/release/findbugs/target/checkout/target/apidocs/hudson/plugins/findbugs//Pattern.html...
[INFO] Generating /home/hafner/Workspace/release/findbugs/target/checkout/target/apidocs/hudson/plugins/findbugs//ResultSummary.html...
[INFO] Generating /home/hafner/Workspace/release/findbugs/target/checkout/target/apidocs/hudson/plugins/findbugs/parser//Bug.html...
[INFO] Generating /home/hafner/Workspace/release/findbugs/target/checkout/target/apidocs/hudson/plugins/findbugs/parser//FindBugsParser.html...
[INFO] Generating /home/hafner/Workspace/release/findbugs/target/checkout/target/apidocs/hudson/plugins/findbugs/parser//NativeFindBugsParser.html...
[INFO] Generating /home/hafner/Workspace/release/findbugs/target/checkout/target/apidocs/hudson/plugins/findbugs/parser//XmlBugInstance.html...
[INFO] Generating /home/hafner/Workspace/release/findbugs/target/checkout/target/apidocs/hudson/plugins/findbugs/parser/maven//BugCollection.html...
[INFO] Generating /home/hafner/Workspace/release/findbugs/target/checkout/target/apidocs/hudson/plugins/findbugs/parser/maven//BugInstance.html...
[INFO] Generating /home/hafner/Workspace/release/findbugs/target/checkout/target/apidocs/hudson/plugins/findbugs/parser/maven//File.html...
[INFO] Generating /home/hafner/Workspace/release/findbugs/target/checkout/target/apidocs/hudson/plugins/findbugs/parser/maven//MavenFindBugsParser.html...
[INFO] Generating /home/hafner/Workspace/release/findbugs/target/checkout/target/apidocs/overview-frame.html...
[INFO] Generating /home/hafner/Workspace/release/findbugs/target/checkout/target/apidocs/hudson/plugins/findbugs//package-frame.html...
[INFO] Generating /home/hafner/Workspace/release/findbugs/target/checkout/target/apidocs/hudson/plugins/findbugs//package-summary.html...
[INFO] Generating /home/hafner/Workspace/release/findbugs/target/checkout/target/apidocs/hudson/plugins/findbugs//package-tree.html...
[INFO] Generating /home/hafner/Workspace/release/findbugs/target/checkout/target/apidocs/hudson/plugins/findbugs/parser//package-frame.html...
[INFO] Generating /home/hafner/Workspace/release/findbugs/target/checkout/target/apidocs/hudson/plugins/findbugs/parser//package-summary.html...
[INFO] Generating /home/hafner/Workspace/release/findbugs/target/checkout/target/apidocs/hudson/plugins/findbugs/parser//package-tree.html...
[INFO] Generating /home/hafner/Workspace/release/findbugs/target/checkout/target/apidocs/hudson/plugins/findbugs/parser/maven//package-frame.html...
[INFO] Generating /home/hafner/Workspace/release/findbugs/target/checkout/target/apidocs/hudson/plugins/findbugs/parser/maven//package-summary.html...
[INFO] Generating /home/hafner/Workspace/release/findbugs/target/checkout/target/apidocs/hudson/plugins/findbugs/parser/maven//package-tree.html...
[INFO] Generating /home/hafner/Workspace/release/findbugs/target/checkout/target/apidocs/constant-values.html...
[INFO] Generating /home/hafner/Workspace/release/findbugs/target/checkout/target/apidocs/serialized-form.html...
[INFO] Generating /home/hafner/Workspace/release/findbugs/target/checkout/target/apidocs/hudson/plugins/findbugs//class-use/FindBugsHealthDescriptor.html...
[INFO] Generating /home/hafner/Workspace/release/findbugs/target/checkout/target/apidocs/hudson/plugins/findbugs//class-use/FindBugsReporter.html...
[INFO] Generating /home/hafner/Workspace/release/findbugs/target/checkout/target/apidocs/hudson/plugins/findbugs//class-use/FindBugsReporterDescriptor.html...
[INFO] Generating /home/hafner/Workspace/release/findbugs/target/checkout/target/apidocs/hudson/plugins/findbugs//class-use/FindBugsPlugin.html...
[INFO] Generating /home/hafner/Workspace/release/findbugs/target/checkout/target/apidocs/hudson/plugins/findbugs//class-use/FindBugsResultBuilder.html...
[INFO] Generating /home/hafner/Workspace/release/findbugs/target/checkout/target/apidocs/hudson/plugins/findbugs//class-use/FindBugsPublisher.html...
[INFO] Generating /home/hafner/Workspace/release/findbugs/target/checkout/target/apidocs/hudson/plugins/findbugs//class-use/FindBugsProjectAction.html...
[INFO] Generating /home/hafner/Workspace/release/findbugs/target/checkout/target/apidocs/hudson/plugins/findbugs//class-use/FindBugsMavenResult.html...
[INFO] Generating /home/hafner/Workspace/release/findbugs/target/checkout/target/apidocs/hudson/plugins/findbugs//class-use/MavenFindBugsResultAction.html...
[INFO] Generating /home/hafner/Workspace/release/findbugs/target/checkout/target/apidocs/hudson/plugins/findbugs//class-use/FindBugsResult.html...
[INFO] Generating /home/hafner/Workspace/release/findbugs/target/checkout/target/apidocs/hudson/plugins/findbugs//class-use/FindBugsResultAction.html...
[INFO] Generating /home/hafner/Workspace/release/findbugs/target/checkout/target/apidocs/hudson/plugins/findbugs//class-use/Pattern.html...
[INFO] Generating /home/hafner/Workspace/release/findbugs/target/checkout/target/apidocs/hudson/plugins/findbugs//class-use/FindBugsDescriptor.html...
[INFO] Generating /home/hafner/Workspace/release/findbugs/target/checkout/target/apidocs/hudson/plugins/findbugs//class-use/ResultSummary.html...
[INFO] Generating /home/hafner/Workspace/release/findbugs/target/checkout/target/apidocs/hudson/plugins/findbugs//class-use/Messages.html...
[INFO] Generating /home/hafner/Workspace/release/findbugs/target/checkout/target/apidocs/hudson/plugins/findbugs//class-use/FindBugsMessages.html...
[INFO] Generating /home/hafner/Workspace/release/findbugs/target/checkout/target/apidocs/hudson/plugins/findbugs/parser//class-use/NativeFindBugsParser.html...
[INFO] Generating /home/hafner/Workspace/release/findbugs/target/checkout/target/apidocs/hudson/plugins/findbugs/parser//class-use/Bug.html...
[INFO] Generating /home/hafner/Workspace/release/findbugs/target/checkout/target/apidocs/hudson/plugins/findbugs/parser//class-use/FindBugsParser.html...
[INFO] Generating /home/hafner/Workspace/release/findbugs/target/checkout/target/apidocs/hudson/plugins/findbugs/parser//class-use/XmlBugInstance.html...
[INFO] Generating /home/hafner/Workspace/release/findbugs/target/checkout/target/apidocs/hudson/plugins/findbugs/parser/maven//class-use/BugInstance.html...
[INFO] Generating /home/hafner/Workspace/release/findbugs/target/checkout/target/apidocs/hudson/plugins/findbugs/parser/maven//class-use/MavenFindBugsParser.html...
[INFO] Generating /home/hafner/Workspace/release/findbugs/target/checkout/target/apidocs/hudson/plugins/findbugs/parser/maven//class-use/File.html...
[INFO] Generating /home/hafner/Workspace/release/findbugs/target/checkout/target/apidocs/hudson/plugins/findbugs/parser/maven//class-use/BugCollection.html...
[INFO] Generating /home/hafner/Workspace/release/findbugs/target/checkout/target/apidocs/hudson/plugins/findbugs//package-use.html...
[INFO] Generating /home/hafner/Workspace/release/findbugs/target/checkout/target/apidocs/hudson/plugins/findbugs/parser//package-use.html...
[INFO] Generating /home/hafner/Workspace/release/findbugs/target/checkout/target/apidocs/hudson/plugins/findbugs/parser/maven//package-use.html...
[INFO] Building index for all the packages and classes...
[INFO] Generating /home/hafner/Workspace/release/findbugs/target/checkout/target/apidocs/overview-tree.html...
[INFO] Generating /home/hafner/Workspace/release/findbugs/target/checkout/target/apidocs/index-all.html...
[INFO] Generating /home/hafner/Workspace/release/findbugs/target/checkout/target/apidocs/deprecated-list.html...
[INFO] Building index for all classes...
[INFO] Generating /home/hafner/Workspace/release/findbugs/target/checkout/target/apidocs/allclasses-frame.html...
[INFO] Generating /home/hafner/Workspace/release/findbugs/target/checkout/target/apidocs/allclasses-noframe.html...
[INFO] Generating /home/hafner/Workspace/release/findbugs/target/checkout/target/apidocs/index.html...
[INFO] Generating /home/hafner/Workspace/release/findbugs/target/checkout/target/apidocs/overview-summary.html...
[INFO] Generating /home/hafner/Workspace/release/findbugs/target/checkout/target/apidocs/help-doc.html...
[INFO] Generating /home/hafner/Workspace/release/findbugs/target/checkout/target/apidocs/stylesheet.css...
[INFO] [INFO] Building jar: /home/hafner/Workspace/release/findbugs/target/checkout/target/findbugs-javadoc.jar
[INFO] [INFO] [install:install {execution: default-install}]
[INFO] [INFO] Installing /home/hafner/Workspace/release/findbugs/target/checkout/target/findbugs.hpi to /home/hafner/.m2/repository/org/jvnet/hudson/plugins/findbugs/4.0/findbugs-4.0.hpi
[INFO] [INFO] Installing /home/hafner/Workspace/release/findbugs/target/checkout/target/findbugs.jar to /home/hafner/.m2/repository/org/jvnet/hudson/plugins/findbugs/4.0/findbugs-4.0.jar
[INFO] [INFO] Installing /home/hafner/Workspace/release/findbugs/target/checkout/target/findbugs-sources.jar to /home/hafner/.m2/repository/org/jvnet/hudson/plugins/findbugs/4.0/findbugs-4.0-sources.jar
[INFO] [INFO] Installing /home/hafner/Workspace/release/findbugs/target/checkout/target/findbugs-javadoc.jar to /home/hafner/.m2/repository/org/jvnet/hudson/plugins/findbugs/4.0/findbugs-4.0-javadoc.jar
[INFO] [INFO] [deploy:deploy {execution: default-deploy}]
[INFO] Uploading: java-net:/maven2-repository/trunk/repository//trunk/repository/org/jvnet/hudson/plugins/findbugs/4.0/findbugs-4.0.hpi
[INFO] 
[INFO] [INFO] Retrieving previous metadata from java.net-m2-repository
[INFO] [INFO] Uploading repository metadata for: 'artifact org.jvnet.hudson.plugins:findbugs'
[INFO] [INFO] Uploading project information for findbugs 4.0
[INFO] Uploading: java-net:/maven2-repository/trunk/repository//trunk/repository/org/jvnet/hudson/plugins/findbugs/4.0/findbugs-4.0.jar
[INFO] 
[INFO] Uploading: java-net:/maven2-repository/trunk/repository//trunk/repository/org/jvnet/hudson/plugins/findbugs/4.0/findbugs-4.0-sources.jar
[INFO] 
[INFO] Uploading: java-net:/maven2-repository/trunk/repository//trunk/repository/org/jvnet/hudson/plugins/findbugs/4.0/findbugs-4.0-javadoc.jar
[INFO] 
[INFO] [INFO] Preparing hpi:upload
[INFO] [INFO] [enforcer:display-info {execution: default}]
[INFO] [INFO] Maven Version: 2.2.1
[INFO] [INFO] JDK Version: 1.6.0_16 normalized as: 1.6.0-16
[INFO] [INFO] OS Info: Arch: i386 Family: unix Name: linux Version: 2.6.31-16-generic
[INFO] [INFO] [localizer:generate {execution: default}]
[INFO] [INFO] [resources:resources {execution: default-resources}]
[INFO] [WARNING] Using platform encoding (UTF-8 actually) to copy filtered resources, i.e. build is platform dependent!
[INFO] [INFO] Copying 24 resources
[INFO] [INFO] [hpi:apt-compile {execution: default-apt-compile}]
[INFO] [INFO] Nothing to compile - all classes are up to date
[INFO] [INFO] [hpi:insert-test {execution: default-insert-test}]
[INFO] [INFO] [groovy:generateTestStubs {execution: test-in-groovy}]
[INFO] [INFO]  No sources found for Java stub generation
[INFO] [INFO] [resources:testResources {execution: default-testResources}]
[INFO] [WARNING] Using platform encoding (UTF-8 actually) to copy filtered resources, i.e. build is platform dependent!
[INFO] [INFO] Copying 11 resources
[INFO] [INFO] [compiler:testCompile {execution: default-testCompile}]
[INFO] [INFO] Nothing to compile - all classes are up to date
[INFO] [INFO] [hpi:test-hpl {execution: default-test-hpl}]
[INFO] [INFO] Generating /home/hafner/Workspace/release/findbugs/target/checkout/target/test-classes/the.hpl
[INFO] [INFO] [groovy:testCompile {execution: test-in-groovy}]
[INFO] [INFO]  No sources found to compile
[INFO] [INFO] [surefire:test {execution: default-test}]
[INFO] [INFO] Surefire report directory: /home/hafner/Workspace/release/findbugs/target/checkout/target/surefire-reports
[INFO] 
[INFO] -------------------------------------------------------
[INFO]  T E S T S
[INFO] -------------------------------------------------------
[INFO] Running hudson.plugins.findbugs.parser.maven.BugInstanceTest
[INFO] Tests run: 3, Failures: 0, Errors: 0, Skipped: 0, Time elapsed: 0.056 sec
[INFO] Running hudson.plugins.findbugs.FindBugsMessagesTest
[INFO] Tests run: 4, Failures: 0, Errors: 0, Skipped: 0, Time elapsed: 1.012 sec
[INFO] Running hudson.plugins.findbugs.parser.BugSerializeModelTest
[INFO] Tests run: 3, Failures: 0, Errors: 0, Skipped: 0, Time elapsed: 0.462 sec
[INFO] Running hudson.plugins.findbugs.parser.maven.MavenFindBugsParserTest
[INFO] Tests run: 12, Failures: 0, Errors: 0, Skipped: 0, Time elapsed: 0.278 sec
[INFO] Running hudson.plugins.findbugs.ResultSummaryTest
[INFO] Tests run: 14, Failures: 0, Errors: 0, Skipped: 0, Time elapsed: 0.27 sec
[INFO] Running hudson.plugins.findbugs.parser.BugsDifferencerTest
[INFO] Tests run: 4, Failures: 0, Errors: 0, Skipped: 0, Time elapsed: 0.022 sec
[INFO] Running InjectedTest
[INFO] Tests run: 0, Failures: 0, Errors: 0, Skipped: 0, Time elapsed: 0.004 sec
[INFO] Running hudson.plugins.findbugs.FindBugsResultTest
[INFO] Dec 28, 2009 1:00:12 AM hudson.plugins.analysis.core.BuildResult loadResult
[INFO] INFO: Loaded data file /tmp/findbugs-warnings.xml for build 2
[INFO] Tests run: 3, Failures: 0, Errors: 0, Skipped: 0, Time elapsed: 0.703 sec
[INFO] Running hudson.plugins.findbugs.parser.NativeFindBugsParserTest
[INFO] Dec 28, 2009 1:00:15 AM hudson.plugins.findbugs.parser.NativeFindBugsParser parse
[INFO] WARNING: Can't resolve absolute file name for file BlockCrcUpgrade.java, dir list = [/home/johan/hudson/hudson-findbugs/work/jobs/Hadoop/workspace/hadoop/src/java, /home/johan/hudson/hudson-findbugs/work/jobs/Hadoop/workspace/hadoop/src/examples, /home/johan/hudson/hudson-findbugs/work/jobs/Hadoop/workspace/hadoop/src/contrib/streaming/src/java]
[INFO] Dec 28, 2009 1:00:15 AM hudson.plugins.findbugs.parser.NativeFindBugsParser parse
[INFO] WARNING: Can't resolve absolute file name for file StreamJob.java, dir list = [/home/johan/hudson/hudson-findbugs/work/jobs/Hadoop/workspace/hadoop/src/java, /home/johan/hudson/hudson-findbugs/work/jobs/Hadoop/workspace/hadoop/src/examples, /home/johan/hudson/hudson-findbugs/work/jobs/Hadoop/workspace/hadoop/src/contrib/streaming/src/java]
[INFO] Dec 28, 2009 1:00:15 AM hudson.plugins.findbugs.parser.NativeFindBugsParser parse
[INFO] WARNING: Can't resolve absolute file name for file PluginLoader.java, dir list = [/export/homes/submit/.hudson/jobs/FindBugs/workspace/findbugs/findbugs/src/java, /export/homes/submit/.hudson/jobs/FindBugs/workspace/findbugs/findbugs/src/java5]
[INFO] Dec 28, 2009 1:00:15 AM hudson.plugins.findbugs.parser.NativeFindBugsParser parse
[INFO] WARNING: Can't resolve absolute file name for file PluginLoader.java, dir list = [/export/homes/submit/.hudson/jobs/FindBugs/workspace/findbugs/findbugs/src/java, /export/homes/submit/.hudson/jobs/FindBugs/workspace/findbugs/findbugs/src/java5]
[INFO] Dec 28, 2009 1:00:15 AM hudson.plugins.findbugs.parser.NativeFindBugsParser parse
[INFO] WARNING: Can't resolve absolute file name for file ResultSummary.java, dir list = []
[INFO] Dec 28, 2009 1:00:15 AM hudson.plugins.findbugs.parser.NativeFindBugsParser parse
[INFO] WARNING: Can't resolve absolute file name for file ResultSummary.java, dir list = []
[INFO] Dec 28, 2009 1:00:15 AM hudson.plugins.findbugs.parser.NativeFindBugsParser parse
[INFO] WARNING: Can't resolve absolute file name for file TasksModuleDetail.java, dir list = []
[INFO] Dec 28, 2009 1:00:15 AM hudson.plugins.findbugs.parser.NativeFindBugsParser parse
[INFO] WARNING: Can't resolve absolute file name for file TasksReporter.java, dir list = []
[INFO] Dec 28, 2009 1:00:15 AM hudson.plugins.findbugs.parser.NativeFindBugsParser parse
[INFO] WARNING: Can't resolve absolute file name for file TasksReporter.java, dir list = []
[INFO] Dec 28, 2009 1:00:15 AM hudson.plugins.findbugs.parser.NativeFindBugsParser parse
[INFO] WARNING: Can't resolve absolute file name for file TasksReporter.java, dir list = []
[INFO] Dec 28, 2009 1:00:15 AM hudson.plugins.findbugs.parser.NativeFindBugsParser parse
[INFO] WARNING: Can't resolve absolute file name for file TasksReporter.java, dir list = []
[INFO] Dec 28, 2009 1:00:15 AM hudson.plugins.findbugs.parser.NativeFindBugsParser parse
[INFO] WARNING: Can't resolve absolute file name for file TasksReporter.java, dir list = []
[INFO] Dec 28, 2009 1:00:15 AM hudson.plugins.findbugs.parser.NativeFindBugsParser parse
[INFO] WARNING: Can't resolve absolute file name for file TasksReporter.java, dir list = []
[INFO] Dec 28, 2009 1:00:15 AM hudson.plugins.findbugs.parser.NativeFindBugsParser parse
[INFO] WARNING: Can't resolve absolute file name for file TasksReporter.java, dir list = []
[INFO] Dec 28, 2009 1:00:15 AM hudson.plugins.findbugs.parser.NativeFindBugsParser parse
[INFO] WARNING: Can't resolve absolute file name for file TasksReporter.java, dir list = []
[INFO] Dec 28, 2009 1:00:15 AM hudson.plugins.findbugs.parser.NativeFindBugsParser parse
[INFO] WARNING: Can't resolve absolute file name for file E:\Dokumente und Einstellungen\Ulli\Eigene Dateien\Workspace\Eclipse\tasks\src\main\java\hudson\plugins\tasks\TasksReporter.java, dir list = []
[INFO] Dec 28, 2009 1:00:15 AM hudson.plugins.findbugs.parser.NativeFindBugsParser parse
[INFO] WARNING: Can't resolve absolute file name for file TasksResult.java, dir list = []
[INFO] Dec 28, 2009 1:00:15 AM hudson.plugins.findbugs.parser.NativeFindBugsParser parse
[INFO] WARNING: Can't resolve absolute file name for file TasksResult.java, dir list = []
[INFO] Dec 28, 2009 1:00:15 AM hudson.plugins.findbugs.parser.NativeFindBugsParser parse
[INFO] WARNING: Can't resolve absolute file name for file TasksResultAction.java, dir list = []
[INFO] Dec 28, 2009 1:00:15 AM hudson.plugins.findbugs.parser.NativeFindBugsParser parse
[INFO] WARNING: Can't resolve absolute file name for file TasksResultAction.java, dir list = []
[INFO] Dec 28, 2009 1:00:15 AM hudson.plugins.findbugs.parser.NativeFindBugsParser parse
[INFO] WARNING: Can't resolve absolute file name for file TaskScanner.java, dir list = []
[INFO] Dec 28, 2009 1:00:15 AM hudson.plugins.findbugs.parser.NativeFindBugsParser parse
[INFO] WARNING: Can't resolve absolute file name for file ChartBuilder.java, dir list = []
[INFO] Dec 28, 2009 1:00:15 AM hudson.plugins.findbugs.parser.NativeFindBugsParser parse
[INFO] WARNING: Can't resolve absolute file name for file HealthAwarePublisher.java, dir list = []
[INFO] Dec 28, 2009 1:00:15 AM hudson.plugins.findbugs.parser.NativeFindBugsParser parse
[INFO] WARNING: Can't resolve absolute file name for file HealthAwarePublisher.java, dir list = []
[INFO] Dec 28, 2009 1:00:15 AM hudson.plugins.findbugs.parser.NativeFindBugsParser parse
[INFO] WARNING: Can't resolve absolute file name for file HealthAwarePublisher.java, dir list = []
[INFO] Dec 28, 2009 1:00:15 AM hudson.plugins.findbugs.parser.NativeFindBugsParser parse
[INFO] WARNING: Can't resolve absolute file name for file HealthReportBuilderTest.java, dir list = []
[INFO] Dec 28, 2009 1:00:15 AM hudson.plugins.findbugs.parser.NativeFindBugsParser parse
[INFO] WARNING: Can't resolve absolute file name for file HealthReportBuilderTest.java, dir list = []
[INFO] Dec 28, 2009 1:00:15 AM hudson.plugins.findbugs.parser.NativeFindBugsParser parse
[INFO] WARNING: Can't resolve absolute file name for file HealthReportBuilderTest.java, dir list = []
[INFO] Dec 28, 2009 1:00:15 AM hudson.plugins.findbugs.parser.NativeFindBugsParser parse
[INFO] WARNING: Can't resolve absolute file name for file HealthReportBuilderTest.java, dir list = []
[INFO] Dec 28, 2009 1:00:15 AM hudson.plugins.findbugs.parser.NativeFindBugsParser parse
[INFO] WARNING: Can't resolve absolute file name for file HealthReportBuilderTest.java, dir list = []
[INFO] Dec 28, 2009 1:00:15 AM hudson.plugins.findbugs.parser.NativeFindBugsParser parse
[INFO] WARNING: Can't resolve absolute file name for file HealthReportBuilderTest.java, dir list = []
[INFO] Dec 28, 2009 1:00:15 AM hudson.plugins.findbugs.parser.NativeFindBugsParser parse
[INFO] WARNING: Can't resolve absolute file name for file HealthReportBuilderTest.java, dir list = []
[INFO] Dec 28, 2009 1:00:15 AM hudson.plugins.findbugs.parser.NativeFindBugsParser parse
[INFO] WARNING: Can't resolve absolute file name for file HealthReportBuilderTest.java, dir list = []
[INFO] Dec 28, 2009 1:00:15 AM hudson.plugins.findbugs.parser.NativeFindBugsParser parse
[INFO] WARNING: Can't resolve absolute file name for file HealthReportBuilderTest.java, dir list = []
[INFO] Dec 28, 2009 1:00:15 AM hudson.plugins.findbugs.parser.NativeFindBugsParser parse
[INFO] WARNING: Can't resolve absolute file name for file HealthReportBuilderTest.java, dir list = []
[INFO] Dec 28, 2009 1:00:15 AM hudson.plugins.findbugs.parser.NativeFindBugsParser parse
[INFO] WARNING: Can't resolve absolute file name for file HealthReportBuilderTest.java, dir list = []
[INFO] Dec 28, 2009 1:00:15 AM hudson.plugins.findbugs.parser.NativeFindBugsParser parse
[INFO] WARNING: Can't resolve absolute file name for file HealthReportBuilderTest.java, dir list = []
[INFO] Dec 28, 2009 1:00:15 AM hudson.plugins.findbugs.parser.NativeFindBugsParser parse
[INFO] WARNING: Can't resolve absolute file name for file HealthReportBuilderTest.java, dir list = []
[INFO] Dec 28, 2009 1:00:15 AM hudson.plugins.findbugs.parser.NativeFindBugsParser parse
[INFO] WARNING: Can't resolve absolute file name for file HealthReportBuilderTest.java, dir list = []
[INFO] Dec 28, 2009 1:00:15 AM hudson.plugins.findbugs.parser.NativeFindBugsParser parse
[INFO] WARNING: Can't resolve absolute file name for file HealthReportBuilderTest.java, dir list = []
[INFO] Dec 28, 2009 1:00:15 AM hudson.plugins.findbugs.parser.NativeFindBugsParser parse
[INFO] WARNING: Can't resolve absolute file name for file HealthReportBuilderTest.java, dir list = []
[INFO] Dec 28, 2009 1:00:15 AM hudson.plugins.findbugs.parser.NativeFindBugsParser parse
[INFO] WARNING: Can't resolve absolute file name for file HealthReportBuilderTest.java, dir list = []
[INFO] Dec 28, 2009 1:00:15 AM hudson.plugins.findbugs.parser.NativeFindBugsParser parse
[INFO] WARNING: Can't resolve absolute file name for file HealthReportBuilderTest.java, dir list = []
[INFO] Dec 28, 2009 1:00:15 AM hudson.plugins.findbugs.parser.NativeFindBugsParser parse
[INFO] WARNING: Can't resolve absolute file name for file HealthReportBuilderTest.java, dir list = []
[INFO] Dec 28, 2009 1:00:15 AM hudson.plugins.findbugs.parser.NativeFindBugsParser parse
[INFO] WARNING: Can't resolve absolute file name for file HealthReportBuilderTest.java, dir list = []
[INFO] Dec 28, 2009 1:00:15 AM hudson.plugins.findbugs.parser.NativeFindBugsParser parse
[INFO] WARNING: Can't resolve absolute file name for file HealthReportBuilderTest.java, dir list = []
[INFO] Dec 28, 2009 1:00:15 AM hudson.plugins.findbugs.parser.NativeFindBugsParser parse
[INFO] WARNING: Can't resolve absolute file name for file HealthReportBuilderTest.java, dir list = []
[INFO] Dec 28, 2009 1:00:15 AM hudson.plugins.findbugs.parser.NativeFindBugsParser parse
[INFO] WARNING: Can't resolve absolute file name for file HealthReportBuilderTest.java, dir list = []
[INFO] Dec 28, 2009 1:00:15 AM hudson.plugins.findbugs.parser.NativeFindBugsParser parse
[INFO] WARNING: Can't resolve absolute file name for file HealthReportBuilderTest.java, dir list = []
[INFO] Dec 28, 2009 1:00:15 AM hudson.plugins.findbugs.parser.NativeFindBugsParser parse
[INFO] WARNING: Can't resolve absolute file name for file HealthReportBuilderTest.java, dir list = []
[INFO] Dec 28, 2009 1:00:15 AM hudson.plugins.findbugs.parser.NativeFindBugsParser parse
[INFO] WARNING: Can't resolve absolute file name for file HealthReportBuilderTest.java, dir list = []
[INFO] Dec 28, 2009 1:00:15 AM hudson.plugins.findbugs.parser.NativeFindBugsParser parse
[INFO] WARNING: Can't resolve absolute file name for file HealthReportBuilderTest.java, dir list = []
[INFO] Dec 28, 2009 1:00:15 AM hudson.plugins.findbugs.parser.NativeFindBugsParser parse
[INFO] WARNING: Can't resolve absolute file name for file Messages.java, dir list = []
[INFO] Dec 28, 2009 1:00:15 AM hudson.plugins.findbugs.parser.NativeFindBugsParser parse
[INFO] WARNING: Can't resolve absolute file name for file Messages.java, dir list = []
[INFO] Dec 28, 2009 1:00:15 AM hudson.plugins.findbugs.parser.NativeFindBugsParser parse
[INFO] WARNING: Can't resolve absolute file name for file Messages.java, dir list = []
[INFO] Dec 28, 2009 1:00:15 AM hudson.plugins.findbugs.parser.NativeFindBugsParser parse
[INFO] WARNING: Can't resolve absolute file name for file ModuleDetail.java, dir list = []
[INFO] Dec 28, 2009 1:00:15 AM hudson.plugins.findbugs.parser.NativeFindBugsParser parse
[INFO] WARNING: Can't resolve absolute file name for file SourceDetail.java, dir list = []
[INFO] Dec 28, 2009 1:00:15 AM hudson.plugins.findbugs.parser.NativeFindBugsParser parse
[INFO] WARNING: Can't resolve absolute file name for file ThresholdValidator.java, dir list = []
[INFO] Dec 28, 2009 1:00:15 AM hudson.plugins.findbugs.parser.NativeFindBugsParser parse
[INFO] WARNING: Can't resolve absolute file name for file AbstractAnnotation.java, dir list = []
[INFO] Dec 28, 2009 1:00:15 AM hudson.plugins.findbugs.parser.NativeFindBugsParser parse
[INFO] WARNING: Can't resolve absolute file name for file AbstractAnnotation.java, dir list = []
[INFO] Dec 28, 2009 1:00:15 AM hudson.plugins.findbugs.parser.NativeFindBugsParser parse
[INFO] WARNING: Can't resolve absolute file name for file AbstractAnnotation.java, dir list = []
[INFO] Dec 28, 2009 1:00:15 AM hudson.plugins.findbugs.parser.NativeFindBugsParser parse
[INFO] WARNING: Can't resolve absolute file name for file AbstractSerializeModelTest.java, dir list = []
[INFO] Dec 28, 2009 1:00:15 AM hudson.plugins.findbugs.parser.NativeFindBugsParser parse
[INFO] WARNING: Can't resolve absolute file name for file LineRange.java, dir list = []
[INFO] Dec 28, 2009 1:00:15 AM hudson.plugins.findbugs.parser.NativeFindBugsParser parse
[INFO] WARNING: Can't resolve absolute file name for file WarningsResultBuilder.java, dir list = []
[INFO] Tests run: 5, Failures: 0, Errors: 0, Skipped: 0, Time elapsed: 2.379 sec
[INFO] Running hudson.plugins.findbugs.FindBugsHealthDescriptorTest
[INFO] Tests run: 8, Failures: 0, Errors: 0, Skipped: 0, Time elapsed: 0.189 sec
[INFO] 
[INFO] Results :
[INFO] 
[INFO] Tests run: 56, Failures: 0, Errors: 0, Skipped: 0
[INFO] 
[INFO] [INFO] [hpi:hpi {execution: default-hpi}]
[INFO] [INFO] Exploding webapp...
[INFO] [INFO] Copy webapp webResources to /home/hafner/Workspace/release/findbugs/target/checkout/target/findbugs
[INFO] [INFO] Assembling webapp findbugs in /home/hafner/Workspace/release/findbugs/target/checkout/target/findbugs
[INFO] [INFO] Generating hpi /home/hafner/Workspace/release/findbugs/target/checkout/target/findbugs.hpi
[INFO] [INFO] Generating /home/hafner/Workspace/release/findbugs/target/checkout/target/findbugs/META-INF/MANIFEST.MF
[INFO] [INFO] Building jar: /home/hafner/Workspace/release/findbugs/target/checkout/target/findbugs.hpi
[INFO] [INFO] Building jar: /home/hafner/Workspace/release/findbugs/target/checkout/target/findbugs.jar
[INFO] [INFO] Preparing source:jar
[INFO] [WARNING] Removing: jar from forked lifecycle, to prevent recursive invocation.
[INFO] [INFO] [enforcer:display-info {execution: default}]
[INFO] [INFO] Maven Version: 2.2.1
[INFO] [INFO] JDK Version: 1.6.0_16 normalized as: 1.6.0-16
[INFO] [INFO] OS Info: Arch: i386 Family: unix Name: linux Version: 2.6.31-16-generic
[INFO] [INFO] [localizer:generate {execution: default}]
[INFO] [INFO] [source:jar {execution: attach-sources}]
[INFO] [INFO] Building jar: /home/hafner/Workspace/release/findbugs/target/checkout/target/findbugs-sources.jar
[INFO] [INFO] Preparing javadoc:jar
[INFO] [WARNING] Removing: jar from forked lifecycle, to prevent recursive invocation.
[INFO] [WARNING] Removing: jar from forked lifecycle, to prevent recursive invocation.
[INFO] [INFO] [enforcer:display-info {execution: default}]
[INFO] [INFO] Maven Version: 2.2.1
[INFO] [INFO] JDK Version: 1.6.0_16 normalized as: 1.6.0-16
[INFO] [INFO] OS Info: Arch: i386 Family: unix Name: linux Version: 2.6.31-16-generic
[INFO] [INFO] [localizer:generate {execution: default}]
[INFO] [INFO] [javadoc:jar {execution: attach-javadocs}]
[INFO] Loading source files for package hudson.plugins.findbugs...
[INFO] Loading source files for package hudson.plugins.findbugs.parser...
[INFO] Loading source files for package hudson.plugins.findbugs.parser.maven...
[INFO] Constructing Javadoc information...
[INFO] Standard Doclet version 1.6.0_16
[INFO] Building tree for all the packages and classes...
[INFO] Generating /home/hafner/Workspace/release/findbugs/target/checkout/target/apidocs/hudson/plugins/findbugs//FindBugsDescriptor.html...
[INFO] Generating /home/hafner/Workspace/release/findbugs/target/checkout/target/apidocs/hudson/plugins/findbugs//FindBugsHealthDescriptor.html...
[INFO] Generating /home/hafner/Workspace/release/findbugs/target/checkout/target/apidocs/hudson/plugins/findbugs//FindBugsMavenResult.html...
[INFO] Generating /home/hafner/Workspace/release/findbugs/target/checkout/target/apidocs/hudson/plugins/findbugs//FindBugsMessages.html...
[INFO] Generating /home/hafner/Workspace/release/findbugs/target/checkout/target/apidocs/hudson/plugins/findbugs//FindBugsPlugin.html...
[INFO] Generating /home/hafner/Workspace/release/findbugs/target/checkout/target/apidocs/hudson/plugins/findbugs//FindBugsProjectAction.html...
[INFO] Generating /home/hafner/Workspace/release/findbugs/target/checkout/target/apidocs/hudson/plugins/findbugs//FindBugsPublisher.html...
[INFO] Generating /home/hafner/Workspace/release/findbugs/target/checkout/target/apidocs/hudson/plugins/findbugs//FindBugsReporter.html...
[INFO] Generating /home/hafner/Workspace/release/findbugs/target/checkout/target/apidocs/hudson/plugins/findbugs//FindBugsReporterDescriptor.html...
[INFO] Generating /home/hafner/Workspace/release/findbugs/target/checkout/target/apidocs/hudson/plugins/findbugs//FindBugsResult.html...
[INFO] Generating /home/hafner/Workspace/release/findbugs/target/checkout/target/apidocs/hudson/plugins/findbugs//FindBugsResultAction.html...
[INFO] Generating /home/hafner/Workspace/release/findbugs/target/checkout/target/apidocs/hudson/plugins/findbugs//FindBugsResultBuilder.html...
[INFO] Generating /home/hafner/Workspace/release/findbugs/target/checkout/target/apidocs/hudson/plugins/findbugs//MavenFindBugsResultAction.html...
[INFO] Generating /home/hafner/Workspace/release/findbugs/target/checkout/target/apidocs/hudson/plugins/findbugs//Messages.html...
[INFO] Generating /home/hafner/Workspace/release/findbugs/target/checkout/target/apidocs/hudson/plugins/findbugs//Pattern.html...
[INFO] Generating /home/hafner/Workspace/release/findbugs/target/checkout/target/apidocs/hudson/plugins/findbugs//ResultSummary.html...
[INFO] Generating /home/hafner/Workspace/release/findbugs/target/checkout/target/apidocs/hudson/plugins/findbugs/parser//Bug.html...
[INFO] Generating /home/hafner/Workspace/release/findbugs/target/checkout/target/apidocs/hudson/plugins/findbugs/parser//FindBugsParser.html...
[INFO] Generating /home/hafner/Workspace/release/findbugs/target/checkout/target/apidocs/hudson/plugins/findbugs/parser//NativeFindBugsParser.html...
[INFO] Generating /home/hafner/Workspace/release/findbugs/target/checkout/target/apidocs/hudson/plugins/findbugs/parser//XmlBugInstance.html...
[INFO] Generating /home/hafner/Workspace/release/findbugs/target/checkout/target/apidocs/hudson/plugins/findbugs/parser/maven//BugCollection.html...
[INFO] Generating /home/hafner/Workspace/release/findbugs/target/checkout/target/apidocs/hudson/plugins/findbugs/parser/maven//BugInstance.html...
[INFO] Generating /home/hafner/Workspace/release/findbugs/target/checkout/target/apidocs/hudson/plugins/findbugs/parser/maven//File.html...
[INFO] Generating /home/hafner/Workspace/release/findbugs/target/checkout/target/apidocs/hudson/plugins/findbugs/parser/maven//MavenFindBugsParser.html...
[INFO] Generating /home/hafner/Workspace/release/findbugs/target/checkout/target/apidocs/overview-frame.html...
[INFO] Generating /home/hafner/Workspace/release/findbugs/target/checkout/target/apidocs/hudson/plugins/findbugs//package-frame.html...
[INFO] Generating /home/hafner/Workspace/release/findbugs/target/checkout/target/apidocs/hudson/plugins/findbugs//package-summary.html...
[INFO] Generating /home/hafner/Workspace/release/findbugs/target/checkout/target/apidocs/hudson/plugins/findbugs//package-tree.html...
[INFO] Generating /home/hafner/Workspace/release/findbugs/target/checkout/target/apidocs/hudson/plugins/findbugs/parser//package-frame.html...
[INFO] Generating /home/hafner/Workspace/release/findbugs/target/checkout/target/apidocs/hudson/plugins/findbugs/parser//package-summary.html...
[INFO] Generating /home/hafner/Workspace/release/findbugs/target/checkout/target/apidocs/hudson/plugins/findbugs/parser//package-tree.html...
[INFO] Generating /home/hafner/Workspace/release/findbugs/target/checkout/target/apidocs/hudson/plugins/findbugs/parser/maven//package-frame.html...
[INFO] Generating /home/hafner/Workspace/release/findbugs/target/checkout/target/apidocs/hudson/plugins/findbugs/parser/maven//package-summary.html...
[INFO] Generating /home/hafner/Workspace/release/findbugs/target/checkout/target/apidocs/hudson/plugins/findbugs/parser/maven//package-tree.html...
[INFO] Generating /home/hafner/Workspace/release/findbugs/target/checkout/target/apidocs/constant-values.html...
[INFO] Generating /home/hafner/Workspace/release/findbugs/target/checkout/target/apidocs/serialized-form.html...
[INFO] Generating /home/hafner/Workspace/release/findbugs/target/checkout/target/apidocs/hudson/plugins/findbugs//class-use/FindBugsHealthDescriptor.html...
[INFO] Generating /home/hafner/Workspace/release/findbugs/target/checkout/target/apidocs/hudson/plugins/findbugs//class-use/FindBugsReporter.html...
[INFO] Generating /home/hafner/Workspace/release/findbugs/target/checkout/target/apidocs/hudson/plugins/findbugs//class-use/FindBugsReporterDescriptor.html...
[INFO] Generating /home/hafner/Workspace/release/findbugs/target/checkout/target/apidocs/hudson/plugins/findbugs//class-use/FindBugsPlugin.html...
[INFO] Generating /home/hafner/Workspace/release/findbugs/target/checkout/target/apidocs/hudson/plugins/findbugs//class-use/FindBugsResultBuilder.html...
[INFO] Generating /home/hafner/Workspace/release/findbugs/target/checkout/target/apidocs/hudson/plugins/findbugs//class-use/FindBugsPublisher.html...
[INFO] Generating /home/hafner/Workspace/release/findbugs/target/checkout/target/apidocs/hudson/plugins/findbugs//class-use/FindBugsProjectAction.html...
[INFO] Generating /home/hafner/Workspace/release/findbugs/target/checkout/target/apidocs/hudson/plugins/findbugs//class-use/FindBugsMavenResult.html...
[INFO] Generating /home/hafner/Workspace/release/findbugs/target/checkout/target/apidocs/hudson/plugins/findbugs//class-use/MavenFindBugsResultAction.html...
[INFO] Generating /home/hafner/Workspace/release/findbugs/target/checkout/target/apidocs/hudson/plugins/findbugs//class-use/FindBugsResult.html...
[INFO] Generating /home/hafner/Workspace/release/findbugs/target/checkout/target/apidocs/hudson/plugins/findbugs//class-use/FindBugsResultAction.html...
[INFO] Generating /home/hafner/Workspace/release/findbugs/target/checkout/target/apidocs/hudson/plugins/findbugs//class-use/Pattern.html...
[INFO] Generating /home/hafner/Workspace/release/findbugs/target/checkout/target/apidocs/hudson/plugins/findbugs//class-use/FindBugsDescriptor.html...
[INFO] Generating /home/hafner/Workspace/release/findbugs/target/checkout/target/apidocs/hudson/plugins/findbugs//class-use/ResultSummary.html...
[INFO] Generating /home/hafner/Workspace/release/findbugs/target/checkout/target/apidocs/hudson/plugins/findbugs//class-use/Messages.html...
[INFO] Generating /home/hafner/Workspace/release/findbugs/target/checkout/target/apidocs/hudson/plugins/findbugs//class-use/FindBugsMessages.html...
[INFO] Generating /home/hafner/Workspace/release/findbugs/target/checkout/target/apidocs/hudson/plugins/findbugs/parser//class-use/NativeFindBugsParser.html...
[INFO] Generating /home/hafner/Workspace/release/findbugs/target/checkout/target/apidocs/hudson/plugins/findbugs/parser//class-use/Bug.html...
[INFO] Generating /home/hafner/Workspace/release/findbugs/target/checkout/target/apidocs/hudson/plugins/findbugs/parser//class-use/FindBugsParser.html...
[INFO] Generating /home/hafner/Workspace/release/findbugs/target/checkout/target/apidocs/hudson/plugins/findbugs/parser//class-use/XmlBugInstance.html...
[INFO] Generating /home/hafner/Workspace/release/findbugs/target/checkout/target/apidocs/hudson/plugins/findbugs/parser/maven//class-use/BugInstance.html...
[INFO] Generating /home/hafner/Workspace/release/findbugs/target/checkout/target/apidocs/hudson/plugins/findbugs/parser/maven//class-use/MavenFindBugsParser.html...
[INFO] Generating /home/hafner/Workspace/release/findbugs/target/checkout/target/apidocs/hudson/plugins/findbugs/parser/maven//class-use/File.html...
[INFO] Generating /home/hafner/Workspace/release/findbugs/target/checkout/target/apidocs/hudson/plugins/findbugs/parser/maven//class-use/BugCollection.html...
[INFO] Generating /home/hafner/Workspace/release/findbugs/target/checkout/target/apidocs/hudson/plugins/findbugs//package-use.html...
[INFO] Generating /home/hafner/Workspace/release/findbugs/target/checkout/target/apidocs/hudson/plugins/findbugs/parser//package-use.html...
[INFO] Generating /home/hafner/Workspace/release/findbugs/target/checkout/target/apidocs/hudson/plugins/findbugs/parser/maven//package-use.html...
[INFO] Building index for all the packages and classes...
[INFO] Generating /home/hafner/Workspace/release/findbugs/target/checkout/target/apidocs/overview-tree.html...
[INFO] Generating /home/hafner/Workspace/release/findbugs/target/checkout/target/apidocs/index-all.html...
[INFO] Generating /home/hafner/Workspace/release/findbugs/target/checkout/target/apidocs/deprecated-list.html...
[INFO] Building index for all classes...
[INFO] Generating /home/hafner/Workspace/release/findbugs/target/checkout/target/apidocs/allclasses-frame.html...
[INFO] Generating /home/hafner/Workspace/release/findbugs/target/checkout/target/apidocs/allclasses-noframe.html...
[INFO] Generating /home/hafner/Workspace/release/findbugs/target/checkout/target/apidocs/index.html...
[INFO] Generating /home/hafner/Workspace/release/findbugs/target/checkout/target/apidocs/overview-summary.html...
[INFO] Generating /home/hafner/Workspace/release/findbugs/target/checkout/target/apidocs/help-doc.html...
[INFO] Generating /home/hafner/Workspace/release/findbugs/target/checkout/target/apidocs/stylesheet.css...
[INFO] [INFO] Building jar: /home/hafner/Workspace/release/findbugs/target/checkout/target/findbugs-javadoc.jar
[INFO] [INFO] [hpi:upload {execution: default-cli}]
[INFO] [INFO] ------------------------------------------------------------------------
[INFO] [ERROR] FATAL ERROR
[INFO] [INFO] ------------------------------------------------------------------------
[INFO] [INFO] Java heap space
[INFO] [INFO] ------------------------------------------------------------------------
[INFO] [INFO] Trace
[INFO] java.lang.OutOfMemoryError: Java heap space
[INFO] 	at java.util.Arrays.copyOf(Arrays.java:2786)
[INFO] 	at java.io.ByteArrayOutputStream.write(ByteArrayOutputStream.java:94)
[INFO] 	at sun.net.www.http.PosterOutputStream.write(PosterOutputStream.java:61)
[INFO] 	at com.meterware.httpunit.MimeEncodedMessageBody$MimeEncoding.addFile(MimeEncodedMessageBody.java:144)
[INFO] 	at com.meterware.httpunit.FileSubmitFormControl.addValues(FormControl.java:867)
[INFO] 	at com.meterware.httpunit.WebForm.recordParameters(WebForm.java:499)
[INFO] 	at com.meterware.httpunit.MimeEncodedMessageBody.writeTo(MimeEncodedMessageBody.java:59)
[INFO] 	at com.meterware.httpunit.MessageBodyWebRequest.writeMessageBody(MessageBodyWebRequest.java:84)
[INFO] 	at com.meterware.httpunit.MessageBodyWebRequest.completeRequest(MessageBodyWebRequest.java:97)
[INFO] 	at com.meterware.httpunit.WebConversation.newResponse(WebConversation.java:60)
[INFO] 	at com.meterware.httpunit.WebWindow.getResource(WebWindow.java:162)
[INFO] 	at com.meterware.httpunit.WebWindow.getSubframeResponse(WebWindow.java:125)
[INFO] 	at com.meterware.httpunit.WebWindow.getResponse(WebWindow.java:118)
[INFO] 	at com.meterware.httpunit.WebWindow.sendRequest(WebWindow.java:107)
[INFO] 	at com.meterware.httpunit.WebRequestSource.submitRequest(WebRequestSource.java:245)
[INFO] 	at com.meterware.httpunit.WebRequestSource.submitRequest(WebRequestSource.java:224)
[INFO] 	at com.meterware.httpunit.WebForm.doFormSubmit(WebForm.java:75)
[INFO] 	at com.meterware.httpunit.WebForm.submit(WebForm.java:67)
[INFO] 	at com.meterware.httpunit.WebForm.submit(WebForm.java:56)
[INFO] 	at org.kohsuke.jnt.JNFileFolder$2.scrape(JNFileFolder.java:279)
[INFO] 	at org.kohsuke.jnt.JNFileFolder$2.scrape(JNFileFolder.java:222)
[INFO] 	at org.kohsuke.jnt.Scraper.run(Scraper.java:29)
[INFO] 	at org.kohsuke.jnt.JNFileFolder._upload(JNFileFolder.java:222)
[INFO] 	at org.kohsuke.jnt.JNFileFolder.uploadFile(JNFileFolder.java:302)
[INFO] 	at org.jvnet.hudson.maven.plugins.hpi.UploadMojo.execute(UploadMojo.java:49)
[INFO] 	at org.apache.maven.plugin.DefaultPluginManager.executeMojo(DefaultPluginManager.java:490)
[INFO] 	at org.apache.maven.lifecycle.DefaultLifecycleExecutor.executeGoals(DefaultLifecycleExecutor.java:694)
[INFO] 	at org.apache.maven.lifecycle.DefaultLifecycleExecutor.executeStandaloneGoal(DefaultLifecycleExecutor.java:569)
[INFO] 	at org.apache.maven.lifecycle.DefaultLifecycleExecutor.executeGoal(DefaultLifecycleExecutor.java:539)
[INFO] 	at org.apache.maven.lifecycle.DefaultLifecycleExecutor.executeGoalAndHandleFailures(DefaultLifecycleExecutor.java:387)
[INFO] 	at org.apache.maven.lifecycle.DefaultLifecycleExecutor.executeTaskSegments(DefaultLifecycleExecutor.java:348)
[INFO] 	at org.apache.maven.lifecycle.DefaultLifecycleExecutor.execute(DefaultLifecycleExecutor.java:180)
[INFO] [INFO] ------------------------------------------------------------------------
[INFO] [INFO] Total time: 9 minutes 8 seconds
[INFO] [INFO] Finished at: Mon Dec 28 01:00:49 CET 2009
[INFO] [INFO] Final Memory: 54M/63M
[INFO] [INFO] ------------------------------------------------------------------------
[INFO] ------------------------------------------------------------------------
[ERROR] BUILD ERROR
[INFO] ------------------------------------------------------------------------
[INFO] Maven execution failed, exit code: '1'

[INFO] ------------------------------------------------------------------------
[INFO] For more information, run Maven with the -e switch
[INFO] ------------------------------------------------------------------------
[INFO] Total time: 9 minutes 46 seconds
[INFO] Finished at: Mon Dec 28 01:00:49 CET 2009
[INFO] Final Memory: 31M/56M
[INFO] ------------------------------------------------------------------------
cp: cannot create regular file `/home/ulli/Hudson/plugins': No such file or directory
U    pom.xml
D    release.bat
D    eclipse.bat
D    eclipse.sh
U    .project
U    src/main/java/hudson/plugins/tasks/TasksPublisher.java
U    src/main/java/hudson/plugins/tasks/TasksReporter.java
U    src/main/java/hudson/plugins/tasks/TasksDetailBuilder.java
U    src/main/resources/tasks/main.jelly
D    src/main/webapp/yui
D    src/main/webapp/icons/spinner.gif
D    src/main/webapp/icons/clearpixel.gif
U    .classpath
D    checkstyle-configuration.xml
A    checkstyle-configuration.xml
U    .settings/org.eclipse.jdt.ui.prefs
Updated to revision 24992.
[INFO] Scanning for projects...
[INFO] ------------------------------------------------------------------------
[INFO] Building Hudson Task Scanner Plug-in
[INFO]    task-segment: [release:prepare, release:perform] (aggregator-style)
[INFO] ------------------------------------------------------------------------
[INFO] [release:prepare {execution: default-cli}]
[INFO] Verifying that there are no local modifications...
[INFO] Executing: /bin/sh -c cd /home/hafner/Workspace/release/tasks && svn --non-interactive status
[INFO] Working directory: /home/hafner/Workspace/release/tasks
[INFO] Checking dependencies and plugins for snapshots ...
[INFO] Transforming 'Hudson Task Scanner Plug-in'...
[INFO] Not generating release POMs
[INFO] Executing goals 'clean verify'...
[INFO] [INFO] Scanning for projects...
[INFO] [INFO] ------------------------------------------------------------------------
[INFO] [INFO] Building Hudson Task Scanner Plug-in
[INFO] [INFO]    task-segment: [clean, verify]
[INFO] [INFO] ------------------------------------------------------------------------
[INFO] [INFO] [clean:clean {execution: default-clean}]
[INFO] [INFO] Deleting directory /home/hafner/Workspace/release/tasks/target
[INFO] [INFO] [enforcer:display-info {execution: default}]
[INFO] [INFO] Maven Version: 2.2.1
[INFO] [INFO] JDK Version: 1.6.0_16 normalized as: 1.6.0-16
[INFO] [INFO] OS Info: Arch: i386 Family: unix Name: linux Version: 2.6.31-16-generic
[INFO] [INFO] [localizer:generate {execution: default}]
[INFO] [INFO] [resources:resources {execution: default-resources}]
[INFO] [WARNING] Using platform encoding (UTF-8 actually) to copy filtered resources, i.e. build is platform dependent!
[INFO] [INFO] Copying 55 resources
[INFO] [INFO] [hpi:apt-compile {execution: default-apt-compile}]
[INFO] [INFO] Compiling 28 source files to /home/hafner/Workspace/release/tasks/target/classes
[INFO] Note: Generating hudson/plugins/tasks/TasksPublisher.stapler
[INFO] Note: Generating hudson/plugins/tasks/TasksReporter.stapler
[INFO] Note: hudson.plugins.tasks.TasksPublisher.TASK_SCANNER_DESCRIPTOR indexed under hudson.Extension
[INFO] Note: hudson.plugins.tasks.TasksReporter.TASK_SCANNER_DESCRIPTOR indexed under hudson.Extension
[INFO] /home/hafner/Workspace/release/tasks/src/main/java/hudson/plugins/tasks/TasksPublisher.java:199: warning: [deprecation] getWorkspace() in hudson.model.AbstractProject has been deprecated
[INFO]         project = build.getProject().getWorkspace().act(
[INFO]                                     ^
[INFO] 1 warning
[INFO] [INFO] [hpi:insert-test {execution: default-insert-test}]
[INFO] [INFO] [groovy:generateTestStubs {execution: test-in-groovy}]
[INFO] [INFO]  No sources found for Java stub generation
[INFO] [INFO] [resources:testResources {execution: default-testResources}]
[INFO] [WARNING] Using platform encoding (UTF-8 actually) to copy filtered resources, i.e. build is platform dependent!
[INFO] [INFO] Copying 6 resources
[INFO] [INFO] [compiler:testCompile {execution: default-testCompile}]
[INFO] [INFO] Compiling 6 source files to /home/hafner/Workspace/release/tasks/target/test-classes
[INFO] [INFO] [hpi:test-hpl {execution: default-test-hpl}]
[INFO] [INFO] Generating /home/hafner/Workspace/release/tasks/target/test-classes/the.hpl
[INFO] [INFO] [groovy:testCompile {execution: test-in-groovy}]
[INFO] [INFO]  No sources found to compile
[INFO] [INFO] [surefire:test {execution: default-test}]
[INFO] [INFO] Surefire report directory: /home/hafner/Workspace/release/tasks/target/surefire-reports
[INFO] 
[INFO] -------------------------------------------------------
[INFO]  T E S T S
[INFO] -------------------------------------------------------
[INFO] Running hudson.plugins.tasks.TasksHealthDescriptorTest
[INFO] Tests run: 8, Failures: 0, Errors: 0, Skipped: 0, Time elapsed: 0.33 sec
[INFO] Running hudson.plugins.tasks.parser.TasksDifferencerTest
[INFO] Tests run: 4, Failures: 0, Errors: 0, Skipped: 0, Time elapsed: 0.027 sec
[INFO] Running InjectedTest
[INFO] Tests run: 0, Failures: 0, Errors: 0, Skipped: 0, Time elapsed: 0.005 sec
[INFO] Running hudson.plugins.tasks.ResultSummaryTest
[INFO] Tests run: 6, Failures: 0, Errors: 0, Skipped: 0, Time elapsed: 0.297 sec
[INFO] Running hudson.plugins.tasks.parser.TaskScannerTest
[INFO] Tests run: 13, Failures: 0, Errors: 0, Skipped: 0, Time elapsed: 0.061 sec
[INFO] Running hudson.plugins.tasks.parser.TaskSerializeModelTest
[INFO] Tests run: 3, Failures: 0, Errors: 0, Skipped: 0, Time elapsed: 0.473 sec
[INFO] 
[INFO] Results :
[INFO] 
[INFO] Tests run: 34, Failures: 0, Errors: 0, Skipped: 0
[INFO] 
[INFO] [INFO] [hpi:hpi {execution: default-hpi}]
[INFO] [INFO] Exploding webapp...
[INFO] [INFO] Copy webapp webResources to /home/hafner/Workspace/release/tasks/target/tasks
[INFO] [INFO] Assembling webapp tasks in /home/hafner/Workspace/release/tasks/target/tasks
[INFO] [INFO] Generating hpi /home/hafner/Workspace/release/tasks/target/tasks.hpi
[INFO] [INFO] Generating /home/hafner/Workspace/release/tasks/target/tasks/META-INF/MANIFEST.MF
[INFO] [INFO] Building jar: /home/hafner/Workspace/release/tasks/target/tasks.hpi
[INFO] [INFO] Building jar: /home/hafner/Workspace/release/tasks/target/tasks.jar
[INFO] [INFO] ------------------------------------------------------------------------
[INFO] [INFO] BUILD SUCCESSFUL
[INFO] [INFO] ------------------------------------------------------------------------
[INFO] [INFO] Total time: 25 seconds
[INFO] [INFO] Finished at: Mon Dec 28 01:01:37 CET 2009
[INFO] [INFO] Final Memory: 48M/63M
[INFO] [INFO] ------------------------------------------------------------------------
[INFO] Checking in modified POMs...
[INFO] Executing: /bin/sh -c cd /home/hafner/Workspace/release/tasks && svn --non-interactive commit --file /tmp/maven-scm-1231830827.commit --targets /tmp/maven-scm-6112228288690309288-targets
[INFO] Working directory: /home/hafner/Workspace/release/tasks
[INFO] Tagging release with the label tasks-4.1...
[INFO] Executing: /bin/sh -c cd /home/hafner/Workspace/release/tasks && svn --non-interactive copy --file /tmp/maven-scm-977694049.commit --revision 24993 https://svn.dev.java.net/svn/hudson/trunk/hudson/plugins/tasks https://svn.dev.java.net/svn/hudson/tags/tasks-4.1
[INFO] Working directory: /home/hafner/Workspace/release/tasks
[INFO] Transforming 'Hudson Task Scanner Plug-in'...
[INFO] Not removing release POMs
[INFO] Checking in modified POMs...
[INFO] Executing: /bin/sh -c cd /home/hafner/Workspace/release/tasks && svn --non-interactive commit --file /tmp/maven-scm-226534426.commit --targets /tmp/maven-scm-5097930282842558279-targets
[INFO] Working directory: /home/hafner/Workspace/release/tasks
[INFO] Release preparation complete.
[INFO] [release:perform {execution: default-cli}]
[INFO] Checking out the project to perform the release ...
[INFO] Executing: /bin/sh -c cd /home/hafner/Workspace/release/tasks/target && svn --non-interactive checkout https://svn.dev.java.net/svn/hudson/tags/tasks-4.1 /home/hafner/Workspace/release/tasks/target/checkout
[INFO] Working directory: /home/hafner/Workspace/release/tasks/target
[INFO] Executing goals 'deploy hpi:upload hpi:announce'...
[INFO] [INFO] Scanning for projects...
[INFO] [INFO] ------------------------------------------------------------------------
[INFO] [INFO] Building Hudson Task Scanner Plug-in
[INFO] [INFO]    task-segment: [deploy, hpi:upload, hpi:announce]
[INFO] [INFO] ------------------------------------------------------------------------
[INFO] [INFO] [enforcer:display-info {execution: default}]
[INFO] [INFO] Maven Version: 2.2.1
[INFO] [INFO] JDK Version: 1.6.0_16 normalized as: 1.6.0-16
[INFO] [INFO] OS Info: Arch: i386 Family: unix Name: linux Version: 2.6.31-16-generic
[INFO] [INFO] [localizer:generate {execution: default}]
[INFO] [INFO] [resources:resources {execution: default-resources}]
[INFO] [WARNING] Using platform encoding (UTF-8 actually) to copy filtered resources, i.e. build is platform dependent!
[INFO] [INFO] Copying 55 resources
[INFO] [INFO] [hpi:apt-compile {execution: default-apt-compile}]
[INFO] [INFO] Compiling 28 source files to /home/hafner/Workspace/release/tasks/target/checkout/target/classes
[INFO] Note: Generating hudson/plugins/tasks/TasksPublisher.stapler
[INFO] Note: Generating hudson/plugins/tasks/TasksReporter.stapler
[INFO] Note: hudson.plugins.tasks.TasksPublisher.TASK_SCANNER_DESCRIPTOR indexed under hudson.Extension
[INFO] Note: hudson.plugins.tasks.TasksReporter.TASK_SCANNER_DESCRIPTOR indexed under hudson.Extension
[INFO] /home/hafner/Workspace/release/tasks/target/checkout/src/main/java/hudson/plugins/tasks/TasksPublisher.java:199: warning: [deprecation] getWorkspace() in hudson.model.AbstractProject has been deprecated
[INFO]         project = build.getProject().getWorkspace().act(
[INFO]                                     ^
[INFO] 1 warning
[INFO] [INFO] [hpi:insert-test {execution: default-insert-test}]
[INFO] [INFO] [groovy:generateTestStubs {execution: test-in-groovy}]
[INFO] [INFO]  No sources found for Java stub generation
[INFO] [INFO] [resources:testResources {execution: default-testResources}]
[INFO] [WARNING] Using platform encoding (UTF-8 actually) to copy filtered resources, i.e. build is platform dependent!
[INFO] [INFO] Copying 6 resources
[INFO] [INFO] [compiler:testCompile {execution: default-testCompile}]
[INFO] [INFO] Compiling 6 source files to /home/hafner/Workspace/release/tasks/target/checkout/target/test-classes
[INFO] [INFO] [hpi:test-hpl {execution: default-test-hpl}]
[INFO] [INFO] Generating /home/hafner/Workspace/release/tasks/target/checkout/target/test-classes/the.hpl
[INFO] [INFO] [groovy:testCompile {execution: test-in-groovy}]
[INFO] [INFO]  No sources found to compile
[INFO] [INFO] [surefire:test {execution: default-test}]
[INFO] [INFO] Surefire report directory: /home/hafner/Workspace/release/tasks/target/checkout/target/surefire-reports
[INFO] 
[INFO] -------------------------------------------------------
[INFO]  T E S T S
[INFO] -------------------------------------------------------
[INFO] Running hudson.plugins.tasks.TasksHealthDescriptorTest
[INFO] Tests run: 8, Failures: 0, Errors: 0, Skipped: 0, Time elapsed: 0.325 sec
[INFO] Running hudson.plugins.tasks.parser.TasksDifferencerTest
[INFO] Tests run: 4, Failures: 0, Errors: 0, Skipped: 0, Time elapsed: 0.033 sec
[INFO] Running InjectedTest
[INFO] Tests run: 0, Failures: 0, Errors: 0, Skipped: 0, Time elapsed: 0.006 sec
[INFO] Running hudson.plugins.tasks.ResultSummaryTest
[INFO] Tests run: 6, Failures: 0, Errors: 0, Skipped: 0, Time elapsed: 0.298 sec
[INFO] Running hudson.plugins.tasks.parser.TaskScannerTest
[INFO] Tests run: 13, Failures: 0, Errors: 0, Skipped: 0, Time elapsed: 0.058 sec
[INFO] Running hudson.plugins.tasks.parser.TaskSerializeModelTest
[INFO] Tests run: 3, Failures: 0, Errors: 0, Skipped: 0, Time elapsed: 0.478 sec
[INFO] 
[INFO] Results :
[INFO] 
[INFO] Tests run: 34, Failures: 0, Errors: 0, Skipped: 0
[INFO] 
[INFO] [INFO] [hpi:hpi {execution: default-hpi}]
[INFO] [INFO] Exploding webapp...
[INFO] [INFO] Copy webapp webResources to /home/hafner/Workspace/release/tasks/target/checkout/target/tasks
[INFO] [INFO] Assembling webapp tasks in /home/hafner/Workspace/release/tasks/target/checkout/target/tasks
[INFO] [INFO] Generating hpi /home/hafner/Workspace/release/tasks/target/checkout/target/tasks.hpi
[INFO] [INFO] Generating /home/hafner/Workspace/release/tasks/target/checkout/target/tasks/META-INF/MANIFEST.MF
[INFO] [INFO] Building jar: /home/hafner/Workspace/release/tasks/target/checkout/target/tasks.hpi
[INFO] [INFO] Building jar: /home/hafner/Workspace/release/tasks/target/checkout/target/tasks.jar
[INFO] [INFO] Preparing source:jar
[INFO] [WARNING] Removing: jar from forked lifecycle, to prevent recursive invocation.
[INFO] [INFO] [enforcer:display-info {execution: default}]
[INFO] [INFO] Maven Version: 2.2.1
[INFO] [INFO] JDK Version: 1.6.0_16 normalized as: 1.6.0-16
[INFO] [INFO] OS Info: Arch: i386 Family: unix Name: linux Version: 2.6.31-16-generic
[INFO] [INFO] [localizer:generate {execution: default}]
[INFO] [INFO] [source:jar {execution: attach-sources}]
[INFO] [INFO] Building jar: /home/hafner/Workspace/release/tasks/target/checkout/target/tasks-sources.jar
[INFO] [INFO] Preparing javadoc:jar
[INFO] [WARNING] Removing: jar from forked lifecycle, to prevent recursive invocation.
[INFO] [WARNING] Removing: jar from forked lifecycle, to prevent recursive invocation.
[INFO] [INFO] [enforcer:display-info {execution: default}]
[INFO] [INFO] Maven Version: 2.2.1
[INFO] [INFO] JDK Version: 1.6.0_16 normalized as: 1.6.0-16
[INFO] [INFO] OS Info: Arch: i386 Family: unix Name: linux Version: 2.6.31-16-generic
[INFO] [INFO] [localizer:generate {execution: default}]
[INFO] [INFO] [javadoc:jar {execution: attach-javadocs}]
[INFO] Loading source files for package hudson.plugins.tasks...
[INFO] Loading source files for package hudson.plugins.tasks.parser...
[INFO] Loading source files for package hudson.plugins.tasks.util...
[INFO] Constructing Javadoc information...
[INFO] Standard Doclet version 1.6.0_16
[INFO] Building tree for all the packages and classes...
[INFO] Generating /home/hafner/Workspace/release/tasks/target/checkout/target/apidocs/hudson/plugins/tasks//FixedTasksDetail.html...
[INFO] Generating /home/hafner/Workspace/release/tasks/target/checkout/target/apidocs/hudson/plugins/tasks//MavenTasksResultAction.html...
[INFO] Generating /home/hafner/Workspace/release/tasks/target/checkout/target/apidocs/hudson/plugins/tasks//Messages.html...
[INFO] Generating /home/hafner/Workspace/release/tasks/target/checkout/target/apidocs/hudson/plugins/tasks//NewTasksDetail.html...
[INFO] Generating /home/hafner/Workspace/release/tasks/target/checkout/target/apidocs/hudson/plugins/tasks//ResultSummary.html...
[INFO] Generating /home/hafner/Workspace/release/tasks/target/checkout/target/apidocs/hudson/plugins/tasks//TasksDescriptor.html...
[INFO] Generating /home/hafner/Workspace/release/tasks/target/checkout/target/apidocs/hudson/plugins/tasks//TasksDetailBuilder.html...
[INFO] Generating /home/hafner/Workspace/release/tasks/target/checkout/target/apidocs/hudson/plugins/tasks//TasksFileDetail.html...
[INFO] Generating /home/hafner/Workspace/release/tasks/target/checkout/target/apidocs/hudson/plugins/tasks//TasksHealthDescriptor.html...
[INFO] Generating /home/hafner/Workspace/release/tasks/target/checkout/target/apidocs/hudson/plugins/tasks//TasksMavenResult.html...
[INFO] Generating /home/hafner/Workspace/release/tasks/target/checkout/target/apidocs/hudson/plugins/tasks//TasksModuleDetail.html...
[INFO] Generating /home/hafner/Workspace/release/tasks/target/checkout/target/apidocs/hudson/plugins/tasks//TasksPackageDetail.html...
[INFO] Generating /home/hafner/Workspace/release/tasks/target/checkout/target/apidocs/hudson/plugins/tasks//TasksPlugin.html...
[INFO] Generating /home/hafner/Workspace/release/tasks/target/checkout/target/apidocs/hudson/plugins/tasks//TasksPrioritiesDetail.html...
[INFO] Generating /home/hafner/Workspace/release/tasks/target/checkout/target/apidocs/hudson/plugins/tasks//TasksProjectAction.html...
[INFO] Generating /home/hafner/Workspace/release/tasks/target/checkout/target/apidocs/hudson/plugins/tasks//TasksPublisher.html...
[INFO] Generating /home/hafner/Workspace/release/tasks/target/checkout/target/apidocs/hudson/plugins/tasks//TasksReporter.html...
[INFO] Generating /home/hafner/Workspace/release/tasks/target/checkout/target/apidocs/hudson/plugins/tasks//TasksReporterDescriptor.html...
[INFO] Generating /home/hafner/Workspace/release/tasks/target/checkout/target/apidocs/hudson/plugins/tasks//TasksResult.html...
[INFO] Generating /home/hafner/Workspace/release/tasks/target/checkout/target/apidocs/hudson/plugins/tasks//TasksResultAction.html...
[INFO] Generating /home/hafner/Workspace/release/tasks/target/checkout/target/apidocs/hudson/plugins/tasks//TasksResultBuilder.html...
[INFO] Generating /home/hafner/Workspace/release/tasks/target/checkout/target/apidocs/hudson/plugins/tasks//TasksTabDetail.html...
[INFO] Generating /home/hafner/Workspace/release/tasks/target/checkout/target/apidocs/hudson/plugins/tasks//TaskTagsHandler.html...
[INFO] Generating /home/hafner/Workspace/release/tasks/target/checkout/target/apidocs/hudson/plugins/tasks/parser//Task.html...
[INFO] Generating /home/hafner/Workspace/release/tasks/target/checkout/target/apidocs/hudson/plugins/tasks/parser//TaskScanner.html...
[INFO] Generating /home/hafner/Workspace/release/tasks/target/checkout/target/apidocs/hudson/plugins/tasks/parser//TasksParserResult.html...
[INFO] Generating /home/hafner/Workspace/release/tasks/target/checkout/target/apidocs/hudson/plugins/tasks/parser//WorkspaceScanner.html...
[INFO] Generating /home/hafner/Workspace/release/tasks/target/checkout/target/apidocs/hudson/plugins/tasks/util//Messages.html...
[INFO] Generating /home/hafner/Workspace/release/tasks/target/checkout/target/apidocs/overview-frame.html...
[INFO] Generating /home/hafner/Workspace/release/tasks/target/checkout/target/apidocs/hudson/plugins/tasks//package-frame.html...
[INFO] Generating /home/hafner/Workspace/release/tasks/target/checkout/target/apidocs/hudson/plugins/tasks//package-summary.html...
[INFO] Generating /home/hafner/Workspace/release/tasks/target/checkout/target/apidocs/hudson/plugins/tasks//package-tree.html...
[INFO] Generating /home/hafner/Workspace/release/tasks/target/checkout/target/apidocs/hudson/plugins/tasks/parser//package-frame.html...
[INFO] Generating /home/hafner/Workspace/release/tasks/target/checkout/target/apidocs/hudson/plugins/tasks/parser//package-summary.html...
[INFO] Generating /home/hafner/Workspace/release/tasks/target/checkout/target/apidocs/hudson/plugins/tasks/parser//package-tree.html...
[INFO] Generating /home/hafner/Workspace/release/tasks/target/checkout/target/apidocs/hudson/plugins/tasks/util//package-frame.html...
[INFO] Generating /home/hafner/Workspace/release/tasks/target/checkout/target/apidocs/hudson/plugins/tasks/util//package-summary.html...
[INFO] Generating /home/hafner/Workspace/release/tasks/target/checkout/target/apidocs/hudson/plugins/tasks/util//package-tree.html...
[INFO] Generating /home/hafner/Workspace/release/tasks/target/checkout/target/apidocs/constant-values.html...
[INFO] Generating /home/hafner/Workspace/release/tasks/target/checkout/target/apidocs/serialized-form.html...
[INFO] Generating /home/hafner/Workspace/release/tasks/target/checkout/target/apidocs/hudson/plugins/tasks//class-use/TasksDetailBuilder.html...
[INFO] Generating /home/hafner/Workspace/release/tasks/target/checkout/target/apidocs/hudson/plugins/tasks//class-use/TasksDescriptor.html...
[INFO] Generating /home/hafner/Workspace/release/tasks/target/checkout/target/apidocs/hudson/plugins/tasks//class-use/NewTasksDetail.html...
[INFO] Generating /home/hafner/Workspace/release/tasks/target/checkout/target/apidocs/hudson/plugins/tasks//class-use/TasksTabDetail.html...
[INFO] Generating /home/hafner/Workspace/release/tasks/target/checkout/target/apidocs/hudson/plugins/tasks//class-use/TasksResultBuilder.html...
[INFO] Generating /home/hafner/Workspace/release/tasks/target/checkout/target/apidocs/hudson/plugins/tasks//class-use/TasksHealthDescriptor.html...
[INFO] Generating /home/hafner/Workspace/release/tasks/target/checkout/target/apidocs/hudson/plugins/tasks//class-use/MavenTasksResultAction.html...
[INFO] Generating /home/hafner/Workspace/release/tasks/target/checkout/target/apidocs/hudson/plugins/tasks//class-use/TasksProjectAction.html...
[INFO] Generating /home/hafner/Workspace/release/tasks/target/checkout/target/apidocs/hudson/plugins/tasks//class-use/TasksResultAction.html...
[INFO] Generating /home/hafner/Workspace/release/tasks/target/checkout/target/apidocs/hudson/plugins/tasks//class-use/TasksPackageDetail.html...
[INFO] Generating /home/hafner/Workspace/release/tasks/target/checkout/target/apidocs/hudson/plugins/tasks//class-use/TaskTagsHandler.html...
[INFO] Generating /home/hafner/Workspace/release/tasks/target/checkout/target/apidocs/hudson/plugins/tasks//class-use/TasksPublisher.html...
[INFO] Generating /home/hafner/Workspace/release/tasks/target/checkout/target/apidocs/hudson/plugins/tasks//class-use/TasksModuleDetail.html...
[INFO] Generating /home/hafner/Workspace/release/tasks/target/checkout/target/apidocs/hudson/plugins/tasks//class-use/TasksResult.html...
[INFO] Generating /home/hafner/Workspace/release/tasks/target/checkout/target/apidocs/hudson/plugins/tasks//class-use/TasksFileDetail.html...
[INFO] Generating /home/hafner/Workspace/release/tasks/target/checkout/target/apidocs/hudson/plugins/tasks//class-use/TasksMavenResult.html...
[INFO] Generating /home/hafner/Workspace/release/tasks/target/checkout/target/apidocs/hudson/plugins/tasks//class-use/TasksReporterDescriptor.html...
[INFO] Generating /home/hafner/Workspace/release/tasks/target/checkout/target/apidocs/hudson/plugins/tasks//class-use/ResultSummary.html...
[INFO] Generating /home/hafner/Workspace/release/tasks/target/checkout/target/apidocs/hudson/plugins/tasks//class-use/TasksPlugin.html...
[INFO] Generating /home/hafner/Workspace/release/tasks/target/checkout/target/apidocs/hudson/plugins/tasks//class-use/TasksReporter.html...
[INFO] Generating /home/hafner/Workspace/release/tasks/target/checkout/target/apidocs/hudson/plugins/tasks//class-use/TasksPrioritiesDetail.html...
[INFO] Generating /home/hafner/Workspace/release/tasks/target/checkout/target/apidocs/hudson/plugins/tasks//class-use/Messages.html...
[INFO] Generating /home/hafner/Workspace/release/tasks/target/checkout/target/apidocs/hudson/plugins/tasks//class-use/FixedTasksDetail.html...
[INFO] Generating /home/hafner/Workspace/release/tasks/target/checkout/target/apidocs/hudson/plugins/tasks/parser//class-use/WorkspaceScanner.html...
[INFO] Generating /home/hafner/Workspace/release/tasks/target/checkout/target/apidocs/hudson/plugins/tasks/parser//class-use/Task.html...
[INFO] Generating /home/hafner/Workspace/release/tasks/target/checkout/target/apidocs/hudson/plugins/tasks/parser//class-use/TasksParserResult.html...
[INFO] Generating /home/hafner/Workspace/release/tasks/target/checkout/target/apidocs/hudson/plugins/tasks/parser//class-use/TaskScanner.html...
[INFO] Generating /home/hafner/Workspace/release/tasks/target/checkout/target/apidocs/hudson/plugins/tasks/util//class-use/Messages.html...
[INFO] Generating /home/hafner/Workspace/release/tasks/target/checkout/target/apidocs/hudson/plugins/tasks//package-use.html...
[INFO] Generating /home/hafner/Workspace/release/tasks/target/checkout/target/apidocs/hudson/plugins/tasks/parser//package-use.html...
[INFO] Generating /home/hafner/Workspace/release/tasks/target/checkout/target/apidocs/hudson/plugins/tasks/util//package-use.html...
[INFO] Building index for all the packages and classes...
[INFO] Generating /home/hafner/Workspace/release/tasks/target/checkout/target/apidocs/overview-tree.html...
[INFO] Generating /home/hafner/Workspace/release/tasks/target/checkout/target/apidocs/index-all.html...
[INFO] Generating /home/hafner/Workspace/release/tasks/target/checkout/target/apidocs/deprecated-list.html...
[INFO] Building index for all classes...
[INFO] Generating /home/hafner/Workspace/release/tasks/target/checkout/target/apidocs/allclasses-frame.html...
[INFO] Generating /home/hafner/Workspace/release/tasks/target/checkout/target/apidocs/allclasses-noframe.html...
[INFO] Generating /home/hafner/Workspace/release/tasks/target/checkout/target/apidocs/index.html...
[INFO] Generating /home/hafner/Workspace/release/tasks/target/checkout/target/apidocs/overview-summary.html...
[INFO] Generating /home/hafner/Workspace/release/tasks/target/checkout/target/apidocs/help-doc.html...
[INFO] Generating /home/hafner/Workspace/release/tasks/target/checkout/target/apidocs/stylesheet.css...
[INFO] [INFO] Building jar: /home/hafner/Workspace/release/tasks/target/checkout/target/tasks-javadoc.jar
[INFO] [INFO] [install:install {execution: default-install}]
[INFO] [INFO] Installing /home/hafner/Workspace/release/tasks/target/checkout/target/tasks.hpi to /home/hafner/.m2/repository/org/jvnet/hudson/plugins/tasks/4.1/tasks-4.1.hpi
[INFO] [INFO] Installing /home/hafner/Workspace/release/tasks/target/checkout/target/tasks.jar to /home/hafner/.m2/repository/org/jvnet/hudson/plugins/tasks/4.1/tasks-4.1.jar
[INFO] [INFO] Installing /home/hafner/Workspace/release/tasks/target/checkout/target/tasks-sources.jar to /home/hafner/.m2/repository/org/jvnet/hudson/plugins/tasks/4.1/tasks-4.1-sources.jar
[INFO] [INFO] Installing /home/hafner/Workspace/release/tasks/target/checkout/target/tasks-javadoc.jar to /home/hafner/.m2/repository/org/jvnet/hudson/plugins/tasks/4.1/tasks-4.1-javadoc.jar
[INFO] [INFO] [deploy:deploy {execution: default-deploy}]
[INFO] Uploading: java-net:/maven2-repository/trunk/repository//trunk/repository/org/jvnet/hudson/plugins/tasks/4.1/tasks-4.1.hpi
[INFO] 
[INFO] [INFO] Uploading project information for tasks 4.1
[INFO] [INFO] Retrieving previous metadata from java.net-m2-repository
[INFO] [INFO] Uploading repository metadata for: 'artifact org.jvnet.hudson.plugins:tasks'
[INFO] Uploading: java-net:/maven2-repository/trunk/repository//trunk/repository/org/jvnet/hudson/plugins/tasks/4.1/tasks-4.1.jar
[INFO] 
[INFO] Uploading: java-net:/maven2-repository/trunk/repository//trunk/repository/org/jvnet/hudson/plugins/tasks/4.1/tasks-4.1-sources.jar
[INFO] 
[INFO] Uploading: java-net:/maven2-repository/trunk/repository//trunk/repository/org/jvnet/hudson/plugins/tasks/4.1/tasks-4.1-javadoc.jar
[INFO] 
[INFO] [INFO] Preparing hpi:upload
[INFO] [INFO] [enforcer:display-info {execution: default}]
[INFO] [INFO] Maven Version: 2.2.1
[INFO] [INFO] JDK Version: 1.6.0_16 normalized as: 1.6.0-16
[INFO] [INFO] OS Info: Arch: i386 Family: unix Name: linux Version: 2.6.31-16-generic
[INFO] [INFO] [localizer:generate {execution: default}]
[INFO] [INFO] [resources:resources {execution: default-resources}]
[INFO] [WARNING] Using platform encoding (UTF-8 actually) to copy filtered resources, i.e. build is platform dependent!
[INFO] [INFO] Copying 55 resources
[INFO] [INFO] [hpi:apt-compile {execution: default-apt-compile}]
[INFO] [INFO] Nothing to compile - all classes are up to date
[INFO] [INFO] [hpi:insert-test {execution: default-insert-test}]
[INFO] [INFO] [groovy:generateTestStubs {execution: test-in-groovy}]
[INFO] [INFO]  No sources found for Java stub generation
[INFO] [INFO] [resources:testResources {execution: default-testResources}]
[INFO] [WARNING] Using platform encoding (UTF-8 actually) to copy filtered resources, i.e. build is platform dependent!
[INFO] [INFO] Copying 6 resources
[INFO] [INFO] [compiler:testCompile {execution: default-testCompile}]
[INFO] [INFO] Nothing to compile - all classes are up to date
[INFO] [INFO] [hpi:test-hpl {execution: default-test-hpl}]
[INFO] [INFO] Generating /home/hafner/Workspace/release/tasks/target/checkout/target/test-classes/the.hpl
[INFO] [INFO] [groovy:testCompile {execution: test-in-groovy}]
[INFO] [INFO]  No sources found to compile
[INFO] [INFO] [surefire:test {execution: default-test}]
[INFO] [INFO] Surefire report directory: /home/hafner/Workspace/release/tasks/target/checkout/target/surefire-reports
[INFO] 
[INFO] -------------------------------------------------------
[INFO]  T E S T S
[INFO] -------------------------------------------------------
[INFO] Running hudson.plugins.tasks.TasksHealthDescriptorTest
[INFO] Tests run: 8, Failures: 0, Errors: 0, Skipped: 0, Time elapsed: 0.319 sec
[INFO] Running hudson.plugins.tasks.parser.TasksDifferencerTest
[INFO] Tests run: 4, Failures: 0, Errors: 0, Skipped: 0, Time elapsed: 0.036 sec
[INFO] Running InjectedTest
[INFO] Tests run: 0, Failures: 0, Errors: 0, Skipped: 0, Time elapsed: 0.007 sec
[INFO] Running hudson.plugins.tasks.ResultSummaryTest
[INFO] Tests run: 6, Failures: 0, Errors: 0, Skipped: 0, Time elapsed: 0.301 sec
[INFO] Running hudson.plugins.tasks.parser.TaskScannerTest
[INFO] Tests run: 13, Failures: 0, Errors: 0, Skipped: 0, Time elapsed: 0.057 sec
[INFO] Running hudson.plugins.tasks.parser.TaskSerializeModelTest
[INFO] Tests run: 3, Failures: 0, Errors: 0, Skipped: 0, Time elapsed: 0.476 sec
[INFO] 
[INFO] Results :
[INFO] 
[INFO] Tests run: 34, Failures: 0, Errors: 0, Skipped: 0
[INFO] 
[INFO] [INFO] [hpi:hpi {execution: default-hpi}]
[INFO] [INFO] Exploding webapp...
[INFO] [INFO] Copy webapp webResources to /home/hafner/Workspace/release/tasks/target/checkout/target/tasks
[INFO] [INFO] Assembling webapp tasks in /home/hafner/Workspace/release/tasks/target/checkout/target/tasks
[INFO] [INFO] Generating hpi /home/hafner/Workspace/release/tasks/target/checkout/target/tasks.hpi
[INFO] [INFO] Generating /home/hafner/Workspace/release/tasks/target/checkout/target/tasks/META-INF/MANIFEST.MF
[INFO] [INFO] Building jar: /home/hafner/Workspace/release/tasks/target/checkout/target/tasks.hpi
[INFO] [INFO] Building jar: /home/hafner/Workspace/release/tasks/target/checkout/target/tasks.jar
[INFO] [INFO] Preparing source:jar
[INFO] [WARNING] Removing: jar from forked lifecycle, to prevent recursive invocation.
[INFO] [INFO] [enforcer:display-info {execution: default}]
[INFO] [INFO] Maven Version: 2.2.1
[INFO] [INFO] JDK Version: 1.6.0_16 normalized as: 1.6.0-16
[INFO] [INFO] OS Info: Arch: i386 Family: unix Name: linux Version: 2.6.31-16-generic
[INFO] [INFO] [localizer:generate {execution: default}]
[INFO] [INFO] [source:jar {execution: attach-sources}]
[INFO] [INFO] Building jar: /home/hafner/Workspace/release/tasks/target/checkout/target/tasks-sources.jar
[INFO] [INFO] Preparing javadoc:jar
[INFO] [WARNING] Removing: jar from forked lifecycle, to prevent recursive invocation.
[INFO] [WARNING] Removing: jar from forked lifecycle, to prevent recursive invocation.
[INFO] [INFO] [enforcer:display-info {execution: default}]
[INFO] [INFO] Maven Version: 2.2.1
[INFO] [INFO] JDK Version: 1.6.0_16 normalized as: 1.6.0-16
[INFO] [INFO] OS Info: Arch: i386 Family: unix Name: linux Version: 2.6.31-16-generic
[INFO] [INFO] [localizer:generate {execution: default}]
[INFO] [INFO] [javadoc:jar {execution: attach-javadocs}]
[INFO] Loading source files for package hudson.plugins.tasks...
[INFO] Loading source files for package hudson.plugins.tasks.parser...
[INFO] Loading source files for package hudson.plugins.tasks.util...
[INFO] Constructing Javadoc information...
[INFO] Standard Doclet version 1.6.0_16
[INFO] Building tree for all the packages and classes...
[INFO] Generating /home/hafner/Workspace/release/tasks/target/checkout/target/apidocs/hudson/plugins/tasks//FixedTasksDetail.html...
[INFO] Generating /home/hafner/Workspace/release/tasks/target/checkout/target/apidocs/hudson/plugins/tasks//MavenTasksResultAction.html...
[INFO] Generating /home/hafner/Workspace/release/tasks/target/checkout/target/apidocs/hudson/plugins/tasks//Messages.html...
[INFO] Generating /home/hafner/Workspace/release/tasks/target/checkout/target/apidocs/hudson/plugins/tasks//NewTasksDetail.html...
[INFO] Generating /home/hafner/Workspace/release/tasks/target/checkout/target/apidocs/hudson/plugins/tasks//ResultSummary.html...
[INFO] Generating /home/hafner/Workspace/release/tasks/target/checkout/target/apidocs/hudson/plugins/tasks//TasksDescriptor.html...
[INFO] Generating /home/hafner/Workspace/release/tasks/target/checkout/target/apidocs/hudson/plugins/tasks//TasksDetailBuilder.html...
[INFO] Generating /home/hafner/Workspace/release/tasks/target/checkout/target/apidocs/hudson/plugins/tasks//TasksFileDetail.html...
[INFO] Generating /home/hafner/Workspace/release/tasks/target/checkout/target/apidocs/hudson/plugins/tasks//TasksHealthDescriptor.html...
[INFO] Generating /home/hafner/Workspace/release/tasks/target/checkout/target/apidocs/hudson/plugins/tasks//TasksMavenResult.html...
[INFO] Generating /home/hafner/Workspace/release/tasks/target/checkout/target/apidocs/hudson/plugins/tasks//TasksModuleDetail.html...
[INFO] Generating /home/hafner/Workspace/release/tasks/target/checkout/target/apidocs/hudson/plugins/tasks//TasksPackageDetail.html...
[INFO] Generating /home/hafner/Workspace/release/tasks/target/checkout/target/apidocs/hudson/plugins/tasks//TasksPlugin.html...
[INFO] Generating /home/hafner/Workspace/release/tasks/target/checkout/target/apidocs/hudson/plugins/tasks//TasksPrioritiesDetail.html...
[INFO] Generating /home/hafner/Workspace/release/tasks/target/checkout/target/apidocs/hudson/plugins/tasks//TasksProjectAction.html...
[INFO] Generating /home/hafner/Workspace/release/tasks/target/checkout/target/apidocs/hudson/plugins/tasks//TasksPublisher.html...
[INFO] Generating /home/hafner/Workspace/release/tasks/target/checkout/target/apidocs/hudson/plugins/tasks//TasksReporter.html...
[INFO] Generating /home/hafner/Workspace/release/tasks/target/checkout/target/apidocs/hudson/plugins/tasks//TasksReporterDescriptor.html...
[INFO] Generating /home/hafner/Workspace/release/tasks/target/checkout/target/apidocs/hudson/plugins/tasks//TasksResult.html...
[INFO] Generating /home/hafner/Workspace/release/tasks/target/checkout/target/apidocs/hudson/plugins/tasks//TasksResultAction.html...
[INFO] Generating /home/hafner/Workspace/release/tasks/target/checkout/target/apidocs/hudson/plugins/tasks//TasksResultBuilder.html...
[INFO] Generating /home/hafner/Workspace/release/tasks/target/checkout/target/apidocs/hudson/plugins/tasks//TasksTabDetail.html...
[INFO] Generating /home/hafner/Workspace/release/tasks/target/checkout/target/apidocs/hudson/plugins/tasks//TaskTagsHandler.html...
[INFO] Generating /home/hafner/Workspace/release/tasks/target/checkout/target/apidocs/hudson/plugins/tasks/parser//Task.html...
[INFO] Generating /home/hafner/Workspace/release/tasks/target/checkout/target/apidocs/hudson/plugins/tasks/parser//TaskScanner.html...
[INFO] Generating /home/hafner/Workspace/release/tasks/target/checkout/target/apidocs/hudson/plugins/tasks/parser//TasksParserResult.html...
[INFO] Generating /home/hafner/Workspace/release/tasks/target/checkout/target/apidocs/hudson/plugins/tasks/parser//WorkspaceScanner.html...
[INFO] Generating /home/hafner/Workspace/release/tasks/target/checkout/target/apidocs/hudson/plugins/tasks/util//Messages.html...
[INFO] Generating /home/hafner/Workspace/release/tasks/target/checkout/target/apidocs/overview-frame.html...
[INFO] Generating /home/hafner/Workspace/release/tasks/target/checkout/target/apidocs/hudson/plugins/tasks//package-frame.html...
[INFO] Generating /home/hafner/Workspace/release/tasks/target/checkout/target/apidocs/hudson/plugins/tasks//package-summary.html...
[INFO] Generating /home/hafner/Workspace/release/tasks/target/checkout/target/apidocs/hudson/plugins/tasks//package-tree.html...
[INFO] Generating /home/hafner/Workspace/release/tasks/target/checkout/target/apidocs/hudson/plugins/tasks/parser//package-frame.html...
[INFO] Generating /home/hafner/Workspace/release/tasks/target/checkout/target/apidocs/hudson/plugins/tasks/parser//package-summary.html...
[INFO] Generating /home/hafner/Workspace/release/tasks/target/checkout/target/apidocs/hudson/plugins/tasks/parser//package-tree.html...
[INFO] Generating /home/hafner/Workspace/release/tasks/target/checkout/target/apidocs/hudson/plugins/tasks/util//package-frame.html...
[INFO] Generating /home/hafner/Workspace/release/tasks/target/checkout/target/apidocs/hudson/plugins/tasks/util//package-summary.html...
[INFO] Generating /home/hafner/Workspace/release/tasks/target/checkout/target/apidocs/hudson/plugins/tasks/util//package-tree.html...
[INFO] Generating /home/hafner/Workspace/release/tasks/target/checkout/target/apidocs/constant-values.html...
[INFO] Generating /home/hafner/Workspace/release/tasks/target/checkout/target/apidocs/serialized-form.html...
[INFO] Generating /home/hafner/Workspace/release/tasks/target/checkout/target/apidocs/hudson/plugins/tasks//class-use/TasksDetailBuilder.html...
[INFO] Generating /home/hafner/Workspace/release/tasks/target/checkout/target/apidocs/hudson/plugins/tasks//class-use/TasksDescriptor.html...
[INFO] Generating /home/hafner/Workspace/release/tasks/target/checkout/target/apidocs/hudson/plugins/tasks//class-use/NewTasksDetail.html...
[INFO] Generating /home/hafner/Workspace/release/tasks/target/checkout/target/apidocs/hudson/plugins/tasks//class-use/TasksTabDetail.html...
[INFO] Generating /home/hafner/Workspace/release/tasks/target/checkout/target/apidocs/hudson/plugins/tasks//class-use/TasksResultBuilder.html...
[INFO] Generating /home/hafner/Workspace/release/tasks/target/checkout/target/apidocs/hudson/plugins/tasks//class-use/TasksHealthDescriptor.html...
[INFO] Generating /home/hafner/Workspace/release/tasks/target/checkout/target/apidocs/hudson/plugins/tasks//class-use/MavenTasksResultAction.html...
[INFO] Generating /home/hafner/Workspace/release/tasks/target/checkout/target/apidocs/hudson/plugins/tasks//class-use/TasksProjectAction.html...
[INFO] Generating /home/hafner/Workspace/release/tasks/target/checkout/target/apidocs/hudson/plugins/tasks//class-use/TasksResultAction.html...
[INFO] Generating /home/hafner/Workspace/release/tasks/target/checkout/target/apidocs/hudson/plugins/tasks//class-use/TasksPackageDetail.html...
[INFO] Generating /home/hafner/Workspace/release/tasks/target/checkout/target/apidocs/hudson/plugins/tasks//class-use/TaskTagsHandler.html...
[INFO] Generating /home/hafner/Workspace/release/tasks/target/checkout/target/apidocs/hudson/plugins/tasks//class-use/TasksPublisher.html...
[INFO] Generating /home/hafner/Workspace/release/tasks/target/checkout/target/apidocs/hudson/plugins/tasks//class-use/TasksModuleDetail.html...
[INFO] Generating /home/hafner/Workspace/release/tasks/target/checkout/target/apidocs/hudson/plugins/tasks//class-use/TasksResult.html...
[INFO] Generating /home/hafner/Workspace/release/tasks/target/checkout/target/apidocs/hudson/plugins/tasks//class-use/TasksFileDetail.html...
[INFO] Generating /home/hafner/Workspace/release/tasks/target/checkout/target/apidocs/hudson/plugins/tasks//class-use/TasksMavenResult.html...
[INFO] Generating /home/hafner/Workspace/release/tasks/target/checkout/target/apidocs/hudson/plugins/tasks//class-use/TasksReporterDescriptor.html...
[INFO] Generating /home/hafner/Workspace/release/tasks/target/checkout/target/apidocs/hudson/plugins/tasks//class-use/ResultSummary.html...
[INFO] Generating /home/hafner/Workspace/release/tasks/target/checkout/target/apidocs/hudson/plugins/tasks//class-use/TasksPlugin.html...
[INFO] Generating /home/hafner/Workspace/release/tasks/target/checkout/target/apidocs/hudson/plugins/tasks//class-use/TasksReporter.html...
[INFO] Generating /home/hafner/Workspace/release/tasks/target/checkout/target/apidocs/hudson/plugins/tasks//class-use/TasksPrioritiesDetail.html...
[INFO] Generating /home/hafner/Workspace/release/tasks/target/checkout/target/apidocs/hudson/plugins/tasks//class-use/Messages.html...
[INFO] Generating /home/hafner/Workspace/release/tasks/target/checkout/target/apidocs/hudson/plugins/tasks//class-use/FixedTasksDetail.html...
[INFO] Generating /home/hafner/Workspace/release/tasks/target/checkout/target/apidocs/hudson/plugins/tasks/parser//class-use/WorkspaceScanner.html...
[INFO] Generating /home/hafner/Workspace/release/tasks/target/checkout/target/apidocs/hudson/plugins/tasks/parser//class-use/Task.html...
[INFO] Generating /home/hafner/Workspace/release/tasks/target/checkout/target/apidocs/hudson/plugins/tasks/parser//class-use/TasksParserResult.html...
[INFO] Generating /home/hafner/Workspace/release/tasks/target/checkout/target/apidocs/hudson/plugins/tasks/parser//class-use/TaskScanner.html...
[INFO] Generating /home/hafner/Workspace/release/tasks/target/checkout/target/apidocs/hudson/plugins/tasks/util//class-use/Messages.html...
[INFO] Generating /home/hafner/Workspace/release/tasks/target/checkout/target/apidocs/hudson/plugins/tasks//package-use.html...
[INFO] Generating /home/hafner/Workspace/release/tasks/target/checkout/target/apidocs/hudson/plugins/tasks/parser//package-use.html...
[INFO] Generating /home/hafner/Workspace/release/tasks/target/checkout/target/apidocs/hudson/plugins/tasks/util//package-use.html...
[INFO] Building index for all the packages and classes...
[INFO] Generating /home/hafner/Workspace/release/tasks/target/checkout/target/apidocs/overview-tree.html...
[INFO] Generating /home/hafner/Workspace/release/tasks/target/checkout/target/apidocs/index-all.html...
[INFO] Generating /home/hafner/Workspace/release/tasks/target/checkout/target/apidocs/deprecated-list.html...
[INFO] Building index for all classes...
[INFO] Generating /home/hafner/Workspace/release/tasks/target/checkout/target/apidocs/allclasses-frame.html...
[INFO] Generating /home/hafner/Workspace/release/tasks/target/checkout/target/apidocs/allclasses-noframe.html...
[INFO] Generating /home/hafner/Workspace/release/tasks/target/checkout/target/apidocs/index.html...
[INFO] Generating /home/hafner/Workspace/release/tasks/target/checkout/target/apidocs/overview-summary.html...
[INFO] Generating /home/hafner/Workspace/release/tasks/target/checkout/target/apidocs/help-doc.html...
[INFO] Generating /home/hafner/Workspace/release/tasks/target/checkout/target/apidocs/stylesheet.css...
[INFO] [INFO] Building jar: /home/hafner/Workspace/release/tasks/target/checkout/target/tasks-javadoc.jar
[INFO] [INFO] [hpi:upload {execution: default-cli}]
[INFO] [INFO] [hpi:announce {execution: default-cli}]
[INFO] [INFO] ------------------------------------------------------------------------
[INFO] [INFO] BUILD SUCCESSFUL
[INFO] [INFO] ------------------------------------------------------------------------
[INFO] [INFO] Total time: 5 minutes 5 seconds
[INFO] [INFO] Finished at: Mon Dec 28 01:07:37 CET 2009
[INFO] [INFO] Final Memory: 45M/63M
[INFO] [INFO] ------------------------------------------------------------------------
[INFO] Cleaning up after release...
[INFO] ------------------------------------------------------------------------
[INFO] BUILD SUCCESSFUL
[INFO] ------------------------------------------------------------------------
[INFO] Total time: 6 minutes 41 seconds
[INFO] Finished at: Mon Dec 28 01:07:37 CET 2009
[INFO] Final Memory: 31M/55M
[INFO] ------------------------------------------------------------------------
cp: cannot create regular file `/home/ulli/Hudson/plugins': No such file or directory
