At revision 25064.
[INFO] Scanning for projects...
[INFO] ------------------------------------------------------------------------
[INFO] Building Hudson PMD Plug-in
[INFO]    task-segment: [release:prepare, release:perform] (aggregator-style)
[INFO] ------------------------------------------------------------------------
[INFO] [release:prepare {execution: default-cli}]
[INFO] Release preparation already completed. You can now continue with release:perform, or start again using the -Dresume=false flag
[INFO] [release:perform {execution: default-cli}]
[INFO] Checking out the project to perform the release ...
[INFO] Executing: /bin/sh -c cd /home/hafner/Programs/hudson/release/pmd/target && svn --username drulli --non-interactive checkout https://svn.dev.java.net/svn/hudson/tags/pmd-3.1 /home/hafner/Programs/hudson/release/pmd/target/checkout
[INFO] Working directory: /home/hafner/Programs/hudson/release/pmd/target
[INFO] Executing goals 'deploy hpi:upload hpi:announce'...
[INFO] [INFO] Scanning for projects...
[INFO] [INFO] ------------------------------------------------------------------------
[INFO] [INFO] Building Hudson PMD Plug-in
[INFO] [INFO]    task-segment: [deploy, hpi:upload, hpi:announce]
[INFO] [INFO] ------------------------------------------------------------------------
[INFO] [INFO] [enforcer:display-info {execution: default}]
[INFO] [INFO] Maven Version: 2.2.1
[INFO] [INFO] JDK Version: 1.6.0_15 normalized as: 1.6.0-15
[INFO] [INFO] OS Info: Arch: i386 Family: unix Name: linux Version: 2.6.31-16-generic-pae
[INFO] [INFO] [localizer:generate {execution: default}]
[INFO] [INFO] [resources:resources {execution: default-resources}]
[INFO] [WARNING] Using platform encoding (UTF-8 actually) to copy filtered resources, i.e. build is platform dependent!
[INFO] [INFO] Copying 19 resources
[INFO] [INFO] [hpi:apt-compile {execution: default-apt-compile}]
[INFO] [INFO] Compiling 20 source files to /home/hafner/Programs/hudson/release/pmd/target/checkout/target/classes
[INFO] Note: Generating hudson/plugins/pmd/PmdReporter.stapler
[INFO] Note: Generating hudson/plugins/pmd/PmdPublisher.stapler
[INFO] Note: hudson.plugins.pmd.PmdReporter.PMD_SCANNER_DESCRIPTOR indexed under hudson.Extension
[INFO] Note: hudson.plugins.pmd.PmdPublisher.PMD_DESCRIPTOR indexed under hudson.Extension
[INFO] /home/hafner/Programs/hudson/release/pmd/target/checkout/src/main/java/hudson/plugins/pmd/PmdPublisher.java:103: warning: [deprecation] getWorkspace() in hudson.model.AbstractProject has been deprecated
[INFO]         ParserResult project = build.getProject().getWorkspace().act(pmdCollector);
[INFO]                                                  ^
[INFO] 1 warning
[INFO] [INFO] [hpi:insert-test {execution: default-insert-test}]
[INFO] [INFO] [groovy:generateTestStubs {execution: test-in-groovy}]
[INFO] [INFO]  No sources found for Java stub generation
[INFO] [INFO] [resources:testResources {execution: default-testResources}]
[INFO] [WARNING] Using platform encoding (UTF-8 actually) to copy filtered resources, i.e. build is platform dependent!
[INFO] [INFO] Copying 7 resources
[INFO] [INFO] [compiler:testCompile {execution: default-testCompile}]
[INFO] [INFO] Compiling 7 source files to /home/hafner/Programs/hudson/release/pmd/target/checkout/target/test-classes
[INFO] [INFO] [hpi:test-hpl {execution: default-test-hpl}]
[INFO] [INFO] Generating /home/hafner/Programs/hudson/release/pmd/target/checkout/target/test-classes/the.hpl
[INFO] [INFO] [groovy:testCompile {execution: test-in-groovy}]
[INFO] [INFO]  No sources found to compile
[INFO] [INFO] [surefire:test {execution: default-test}]
[INFO] [INFO] Surefire report directory: /home/hafner/Programs/hudson/release/pmd/target/checkout/target/surefire-reports
[INFO] 
[INFO] -------------------------------------------------------
[INFO]  T E S T S
[INFO] -------------------------------------------------------
[INFO] Running hudson.plugins.pmd.parser.BugsDifferencerTest
[INFO] Tests run: 4, Failures: 0, Errors: 0, Skipped: 0, Time elapsed: 0.05 sec
[INFO] Running hudson.plugins.pmd.PmdHealthDescriptorTest
[INFO] Tests run: 8, Failures: 0, Errors: 0, Skipped: 0, Time elapsed: 0.31 sec
[INFO] Running hudson.plugins.pmd.parser.PmdParserTest
[INFO] Tests run: 4, Failures: 0, Errors: 0, Skipped: 0, Time elapsed: 1.597 sec
[INFO] Running hudson.plugins.pmd.parser.BugSerializeModelTest
[INFO] Tests run: 3, Failures: 0, Errors: 0, Skipped: 0, Time elapsed: 0.748 sec
[INFO] Running hudson.plugins.pmd.PmdResultTest
[INFO] Tests run: 3, Failures: 0, Errors: 0, Skipped: 0, Time elapsed: 0.492 sec
[INFO] Running InjectedTest
[INFO] Tests run: 0, Failures: 0, Errors: 0, Skipped: 0, Time elapsed: 0.012 sec
[INFO] Running hudson.plugins.pmd.ResultSummaryTest
[INFO] Tests run: 14, Failures: 0, Errors: 0, Skipped: 0, Time elapsed: 0.196 sec
[INFO] 
[INFO] Results :
[INFO] 
[INFO] Tests run: 36, Failures: 0, Errors: 0, Skipped: 0
[INFO] 
[INFO] [INFO] [hpi:hpi {execution: default-hpi}]
[INFO] [INFO] Exploding webapp...
[INFO] [INFO] Copy webapp webResources to /home/hafner/Programs/hudson/release/pmd/target/checkout/target/pmd
[INFO] [INFO] Assembling webapp pmd in /home/hafner/Programs/hudson/release/pmd/target/checkout/target/pmd
[INFO] [INFO] Generating hpi /home/hafner/Programs/hudson/release/pmd/target/checkout/target/pmd.hpi
[INFO] [INFO] Generating /home/hafner/Programs/hudson/release/pmd/target/checkout/target/pmd/META-INF/MANIFEST.MF
[INFO] [INFO] Building jar: /home/hafner/Programs/hudson/release/pmd/target/checkout/target/pmd.hpi
[INFO] [INFO] Building jar: /home/hafner/Programs/hudson/release/pmd/target/checkout/target/pmd.jar
[INFO] [INFO] Preparing source:jar
[INFO] [WARNING] Removing: jar from forked lifecycle, to prevent recursive invocation.
[INFO] [INFO] [enforcer:display-info {execution: default}]
[INFO] [INFO] Maven Version: 2.2.1
[INFO] [INFO] JDK Version: 1.6.0_15 normalized as: 1.6.0-15
[INFO] [INFO] OS Info: Arch: i386 Family: unix Name: linux Version: 2.6.31-16-generic-pae
[INFO] [INFO] [localizer:generate {execution: default}]
[INFO] [INFO] [source:jar {execution: attach-sources}]
[INFO] [INFO] Building jar: /home/hafner/Programs/hudson/release/pmd/target/checkout/target/pmd-sources.jar
[INFO] [INFO] Preparing javadoc:jar
[INFO] [WARNING] Removing: jar from forked lifecycle, to prevent recursive invocation.
[INFO] [WARNING] Removing: jar from forked lifecycle, to prevent recursive invocation.
[INFO] [INFO] [enforcer:display-info {execution: default}]
[INFO] [INFO] Maven Version: 2.2.1
[INFO] [INFO] JDK Version: 1.6.0_15 normalized as: 1.6.0-15
[INFO] [INFO] OS Info: Arch: i386 Family: unix Name: linux Version: 2.6.31-16-generic-pae
[INFO] [INFO] [localizer:generate {execution: default}]
[INFO] [INFO] [javadoc:jar {execution: attach-javadocs}]
[INFO] Loading source files for package hudson.plugins.pmd.parser...
[INFO] Loading source files for package hudson.plugins.pmd...
[INFO] Constructing Javadoc information...
[INFO] Standard Doclet version 1.6.0_15
[INFO] Building tree for all the packages and classes...
[INFO] Generating /home/hafner/Programs/hudson/release/pmd/target/checkout/target/apidocs/hudson/plugins/pmd/parser//Bug.html...
[INFO] Generating /home/hafner/Programs/hudson/release/pmd/target/checkout/target/apidocs/hudson/plugins/pmd/parser//File.html...
[INFO] Generating /home/hafner/Programs/hudson/release/pmd/target/checkout/target/apidocs/hudson/plugins/pmd/parser//Pmd.html...
[INFO] Generating /home/hafner/Programs/hudson/release/pmd/target/checkout/target/apidocs/hudson/plugins/pmd/parser//PmdMessages.html...
[INFO] Generating /home/hafner/Programs/hudson/release/pmd/target/checkout/target/apidocs/hudson/plugins/pmd/parser//PmdParser.html...
[INFO] Generating /home/hafner/Programs/hudson/release/pmd/target/checkout/target/apidocs/hudson/plugins/pmd/parser//Violation.html...
[INFO] Generating /home/hafner/Programs/hudson/release/pmd/target/checkout/target/apidocs/hudson/plugins/pmd//MavenPmdResultAction.html...
[INFO] Generating /home/hafner/Programs/hudson/release/pmd/target/checkout/target/apidocs/hudson/plugins/pmd//Messages.html...
[INFO] Generating /home/hafner/Programs/hudson/release/pmd/target/checkout/target/apidocs/hudson/plugins/pmd//PmdDescriptor.html...
[INFO] Generating /home/hafner/Programs/hudson/release/pmd/target/checkout/target/apidocs/hudson/plugins/pmd//PmdHealthDescriptor.html...
[INFO] Generating /home/hafner/Programs/hudson/release/pmd/target/checkout/target/apidocs/hudson/plugins/pmd//PmdMavenResult.html...
[INFO] Generating /home/hafner/Programs/hudson/release/pmd/target/checkout/target/apidocs/hudson/plugins/pmd//PmdPlugin.html...
[INFO] Generating /home/hafner/Programs/hudson/release/pmd/target/checkout/target/apidocs/hudson/plugins/pmd//PmdProjectAction.html...
[INFO] Generating /home/hafner/Programs/hudson/release/pmd/target/checkout/target/apidocs/hudson/plugins/pmd//PmdPublisher.html...
[INFO] Generating /home/hafner/Programs/hudson/release/pmd/target/checkout/target/apidocs/hudson/plugins/pmd//PmdReporter.html...
[INFO] Generating /home/hafner/Programs/hudson/release/pmd/target/checkout/target/apidocs/hudson/plugins/pmd//PmdReporterDescriptor.html...
[INFO] Generating /home/hafner/Programs/hudson/release/pmd/target/checkout/target/apidocs/hudson/plugins/pmd//PmdResult.html...
[INFO] Generating /home/hafner/Programs/hudson/release/pmd/target/checkout/target/apidocs/hudson/plugins/pmd//PmdResultAction.html...
[INFO] Generating /home/hafner/Programs/hudson/release/pmd/target/checkout/target/apidocs/hudson/plugins/pmd//PmdResultBuilder.html...
[INFO] Generating /home/hafner/Programs/hudson/release/pmd/target/checkout/target/apidocs/hudson/plugins/pmd//ResultSummary.html...
[INFO] Generating /home/hafner/Programs/hudson/release/pmd/target/checkout/target/apidocs/overview-frame.html...
[INFO] Generating /home/hafner/Programs/hudson/release/pmd/target/checkout/target/apidocs/hudson/plugins/pmd//package-frame.html...
[INFO] Generating /home/hafner/Programs/hudson/release/pmd/target/checkout/target/apidocs/hudson/plugins/pmd//package-summary.html...
[INFO] Generating /home/hafner/Programs/hudson/release/pmd/target/checkout/target/apidocs/hudson/plugins/pmd//package-tree.html...
[INFO] Generating /home/hafner/Programs/hudson/release/pmd/target/checkout/target/apidocs/hudson/plugins/pmd/parser//package-frame.html...
[INFO] Generating /home/hafner/Programs/hudson/release/pmd/target/checkout/target/apidocs/hudson/plugins/pmd/parser//package-summary.html...
[INFO] Generating /home/hafner/Programs/hudson/release/pmd/target/checkout/target/apidocs/hudson/plugins/pmd/parser//package-tree.html...
[INFO] Generating /home/hafner/Programs/hudson/release/pmd/target/checkout/target/apidocs/constant-values.html...
[INFO] Generating /home/hafner/Programs/hudson/release/pmd/target/checkout/target/apidocs/serialized-form.html...
[INFO] Generating /home/hafner/Programs/hudson/release/pmd/target/checkout/target/apidocs/hudson/plugins/pmd/parser//class-use/File.html...
[INFO] Generating /home/hafner/Programs/hudson/release/pmd/target/checkout/target/apidocs/hudson/plugins/pmd/parser//class-use/Bug.html...
[INFO] Generating /home/hafner/Programs/hudson/release/pmd/target/checkout/target/apidocs/hudson/plugins/pmd/parser//class-use/Pmd.html...
[INFO] Generating /home/hafner/Programs/hudson/release/pmd/target/checkout/target/apidocs/hudson/plugins/pmd/parser//class-use/PmdMessages.html...
[INFO] Generating /home/hafner/Programs/hudson/release/pmd/target/checkout/target/apidocs/hudson/plugins/pmd/parser//class-use/Violation.html...
[INFO] Generating /home/hafner/Programs/hudson/release/pmd/target/checkout/target/apidocs/hudson/plugins/pmd/parser//class-use/PmdParser.html...
[INFO] Generating /home/hafner/Programs/hudson/release/pmd/target/checkout/target/apidocs/hudson/plugins/pmd//class-use/PmdDescriptor.html...
[INFO] Generating /home/hafner/Programs/hudson/release/pmd/target/checkout/target/apidocs/hudson/plugins/pmd//class-use/PmdProjectAction.html...
[INFO] Generating /home/hafner/Programs/hudson/release/pmd/target/checkout/target/apidocs/hudson/plugins/pmd//class-use/ResultSummary.html...
[INFO] Generating /home/hafner/Programs/hudson/release/pmd/target/checkout/target/apidocs/hudson/plugins/pmd//class-use/PmdResult.html...
[INFO] Generating /home/hafner/Programs/hudson/release/pmd/target/checkout/target/apidocs/hudson/plugins/pmd//class-use/PmdResultAction.html...
[INFO] Generating /home/hafner/Programs/hudson/release/pmd/target/checkout/target/apidocs/hudson/plugins/pmd//class-use/Messages.html...
[INFO] Generating /home/hafner/Programs/hudson/release/pmd/target/checkout/target/apidocs/hudson/plugins/pmd//class-use/MavenPmdResultAction.html...
[INFO] Generating /home/hafner/Programs/hudson/release/pmd/target/checkout/target/apidocs/hudson/plugins/pmd//class-use/PmdHealthDescriptor.html...
[INFO] Generating /home/hafner/Programs/hudson/release/pmd/target/checkout/target/apidocs/hudson/plugins/pmd//class-use/PmdPlugin.html...
[INFO] Generating /home/hafner/Programs/hudson/release/pmd/target/checkout/target/apidocs/hudson/plugins/pmd//class-use/PmdReporterDescriptor.html...
[INFO] Generating /home/hafner/Programs/hudson/release/pmd/target/checkout/target/apidocs/hudson/plugins/pmd//class-use/PmdMavenResult.html...
[INFO] Generating /home/hafner/Programs/hudson/release/pmd/target/checkout/target/apidocs/hudson/plugins/pmd//class-use/PmdReporter.html...
[INFO] Generating /home/hafner/Programs/hudson/release/pmd/target/checkout/target/apidocs/hudson/plugins/pmd//class-use/PmdResultBuilder.html...
[INFO] Generating /home/hafner/Programs/hudson/release/pmd/target/checkout/target/apidocs/hudson/plugins/pmd//class-use/PmdPublisher.html...
[INFO] Generating /home/hafner/Programs/hudson/release/pmd/target/checkout/target/apidocs/hudson/plugins/pmd//package-use.html...
[INFO] Generating /home/hafner/Programs/hudson/release/pmd/target/checkout/target/apidocs/hudson/plugins/pmd/parser//package-use.html...
[INFO] Building index for all the packages and classes...
[INFO] Generating /home/hafner/Programs/hudson/release/pmd/target/checkout/target/apidocs/overview-tree.html...
[INFO] Generating /home/hafner/Programs/hudson/release/pmd/target/checkout/target/apidocs/index-all.html...
[INFO] Generating /home/hafner/Programs/hudson/release/pmd/target/checkout/target/apidocs/deprecated-list.html...
[INFO] Building index for all classes...
[INFO] Generating /home/hafner/Programs/hudson/release/pmd/target/checkout/target/apidocs/allclasses-frame.html...
[INFO] Generating /home/hafner/Programs/hudson/release/pmd/target/checkout/target/apidocs/allclasses-noframe.html...
[INFO] Generating /home/hafner/Programs/hudson/release/pmd/target/checkout/target/apidocs/index.html...
[INFO] Generating /home/hafner/Programs/hudson/release/pmd/target/checkout/target/apidocs/overview-summary.html...
[INFO] Generating /home/hafner/Programs/hudson/release/pmd/target/checkout/target/apidocs/help-doc.html...
[INFO] Generating /home/hafner/Programs/hudson/release/pmd/target/checkout/target/apidocs/stylesheet.css...
[INFO] [INFO] Building jar: /home/hafner/Programs/hudson/release/pmd/target/checkout/target/pmd-javadoc.jar
[INFO] [INFO] [install:install {execution: default-install}]
[INFO] [INFO] Installing /home/hafner/Programs/hudson/release/pmd/target/checkout/target/pmd.hpi to /home/hafner/.m2/repository/org/jvnet/hudson/plugins/pmd/3.1/pmd-3.1.hpi
[INFO] [INFO] Installing /home/hafner/Programs/hudson/release/pmd/target/checkout/target/pmd.jar to /home/hafner/.m2/repository/org/jvnet/hudson/plugins/pmd/3.1/pmd-3.1.jar
[INFO] [INFO] Installing /home/hafner/Programs/hudson/release/pmd/target/checkout/target/pmd-sources.jar to /home/hafner/.m2/repository/org/jvnet/hudson/plugins/pmd/3.1/pmd-3.1-sources.jar
[INFO] [INFO] Installing /home/hafner/Programs/hudson/release/pmd/target/checkout/target/pmd-javadoc.jar to /home/hafner/.m2/repository/org/jvnet/hudson/plugins/pmd/3.1/pmd-3.1-javadoc.jar
[INFO] [INFO] [deploy:deploy {execution: default-deploy}]
[INFO] Uploading: java-net:/maven2-repository/trunk/repository//trunk/repository/org/jvnet/hudson/plugins/pmd/3.1/pmd-3.1.hpi
[INFO] 
[INFO] [INFO] Uploading project information for pmd 3.1
[INFO] [INFO] Retrieving previous metadata from java.net-m2-repository
[INFO] [INFO] Uploading repository metadata for: 'artifact org.jvnet.hudson.plugins:pmd'
[INFO] Uploading: java-net:/maven2-repository/trunk/repository//trunk/repository/org/jvnet/hudson/plugins/pmd/3.1/pmd-3.1.jar
[INFO] 
[INFO] Uploading: java-net:/maven2-repository/trunk/repository//trunk/repository/org/jvnet/hudson/plugins/pmd/3.1/pmd-3.1-sources.jar
[INFO] 
[INFO] Uploading: java-net:/maven2-repository/trunk/repository//trunk/repository/org/jvnet/hudson/plugins/pmd/3.1/pmd-3.1-javadoc.jar
[INFO] 
[INFO] [INFO] Preparing hpi:upload
[INFO] [INFO] [enforcer:display-info {execution: default}]
[INFO] [INFO] Maven Version: 2.2.1
[INFO] [INFO] JDK Version: 1.6.0_15 normalized as: 1.6.0-15
[INFO] [INFO] OS Info: Arch: i386 Family: unix Name: linux Version: 2.6.31-16-generic-pae
[INFO] [INFO] [localizer:generate {execution: default}]
[INFO] [INFO] [resources:resources {execution: default-resources}]
[INFO] [WARNING] Using platform encoding (UTF-8 actually) to copy filtered resources, i.e. build is platform dependent!
[INFO] [INFO] Copying 19 resources
[INFO] [INFO] [hpi:apt-compile {execution: default-apt-compile}]
[INFO] [INFO] Nothing to compile - all classes are up to date
[INFO] [INFO] [hpi:insert-test {execution: default-insert-test}]
[INFO] [INFO] [groovy:generateTestStubs {execution: test-in-groovy}]
[INFO] [INFO]  No sources found for Java stub generation
[INFO] [INFO] [resources:testResources {execution: default-testResources}]
[INFO] [WARNING] Using platform encoding (UTF-8 actually) to copy filtered resources, i.e. build is platform dependent!
[INFO] [INFO] Copying 7 resources
[INFO] [INFO] [compiler:testCompile {execution: default-testCompile}]
[INFO] [INFO] Nothing to compile - all classes are up to date
[INFO] [INFO] [hpi:test-hpl {execution: default-test-hpl}]
[INFO] [INFO] Generating /home/hafner/Programs/hudson/release/pmd/target/checkout/target/test-classes/the.hpl
[INFO] [INFO] [groovy:testCompile {execution: test-in-groovy}]
[INFO] [INFO]  No sources found to compile
[INFO] [INFO] [surefire:test {execution: default-test}]
[INFO] [INFO] Surefire report directory: /home/hafner/Programs/hudson/release/pmd/target/checkout/target/surefire-reports
[INFO] 
[INFO] -------------------------------------------------------
[INFO]  T E S T S
[INFO] -------------------------------------------------------
[INFO] Running hudson.plugins.pmd.parser.BugsDifferencerTest
[INFO] Tests run: 4, Failures: 0, Errors: 0, Skipped: 0, Time elapsed: 0.055 sec
[INFO] Running hudson.plugins.pmd.PmdHealthDescriptorTest
[INFO] Tests run: 8, Failures: 0, Errors: 0, Skipped: 0, Time elapsed: 0.265 sec
[INFO] Running hudson.plugins.pmd.parser.PmdParserTest
[INFO] Tests run: 4, Failures: 0, Errors: 0, Skipped: 0, Time elapsed: 1.737 sec
[INFO] Running hudson.plugins.pmd.parser.BugSerializeModelTest
[INFO] Tests run: 3, Failures: 0, Errors: 0, Skipped: 0, Time elapsed: 0.653 sec
[INFO] Running hudson.plugins.pmd.PmdResultTest
[INFO] Tests run: 3, Failures: 0, Errors: 0, Skipped: 0, Time elapsed: 0.565 sec
[INFO] Running InjectedTest
[INFO] Tests run: 0, Failures: 0, Errors: 0, Skipped: 0, Time elapsed: 0.006 sec
[INFO] Running hudson.plugins.pmd.ResultSummaryTest
[INFO] Tests run: 14, Failures: 0, Errors: 0, Skipped: 0, Time elapsed: 0.287 sec
[INFO] 
[INFO] Results :
[INFO] 
[INFO] Tests run: 36, Failures: 0, Errors: 0, Skipped: 0
[INFO] 
[INFO] [INFO] [hpi:hpi {execution: default-hpi}]
[INFO] [INFO] Exploding webapp...
[INFO] [INFO] Copy webapp webResources to /home/hafner/Programs/hudson/release/pmd/target/checkout/target/pmd
[INFO] [INFO] Assembling webapp pmd in /home/hafner/Programs/hudson/release/pmd/target/checkout/target/pmd
[INFO] [INFO] Generating hpi /home/hafner/Programs/hudson/release/pmd/target/checkout/target/pmd.hpi
[INFO] [INFO] Generating /home/hafner/Programs/hudson/release/pmd/target/checkout/target/pmd/META-INF/MANIFEST.MF
[INFO] [INFO] Building jar: /home/hafner/Programs/hudson/release/pmd/target/checkout/target/pmd.hpi
[INFO] [INFO] Building jar: /home/hafner/Programs/hudson/release/pmd/target/checkout/target/pmd.jar
[INFO] [INFO] Preparing source:jar
[INFO] [WARNING] Removing: jar from forked lifecycle, to prevent recursive invocation.
[INFO] [INFO] [enforcer:display-info {execution: default}]
[INFO] [INFO] Maven Version: 2.2.1
[INFO] [INFO] JDK Version: 1.6.0_15 normalized as: 1.6.0-15
[INFO] [INFO] OS Info: Arch: i386 Family: unix Name: linux Version: 2.6.31-16-generic-pae
[INFO] [INFO] [localizer:generate {execution: default}]
[INFO] [INFO] [source:jar {execution: attach-sources}]
[INFO] [INFO] Building jar: /home/hafner/Programs/hudson/release/pmd/target/checkout/target/pmd-sources.jar
[INFO] [INFO] Preparing javadoc:jar
[INFO] [WARNING] Removing: jar from forked lifecycle, to prevent recursive invocation.
[INFO] [WARNING] Removing: jar from forked lifecycle, to prevent recursive invocation.
[INFO] [INFO] [enforcer:display-info {execution: default}]
[INFO] [INFO] Maven Version: 2.2.1
[INFO] [INFO] JDK Version: 1.6.0_15 normalized as: 1.6.0-15
[INFO] [INFO] OS Info: Arch: i386 Family: unix Name: linux Version: 2.6.31-16-generic-pae
[INFO] [INFO] [localizer:generate {execution: default}]
[INFO] [INFO] [javadoc:jar {execution: attach-javadocs}]
[INFO] Loading source files for package hudson.plugins.pmd.parser...
[INFO] Loading source files for package hudson.plugins.pmd...
[INFO] Constructing Javadoc information...
[INFO] Standard Doclet version 1.6.0_15
[INFO] Building tree for all the packages and classes...
[INFO] Generating /home/hafner/Programs/hudson/release/pmd/target/checkout/target/apidocs/hudson/plugins/pmd/parser//Bug.html...
[INFO] Generating /home/hafner/Programs/hudson/release/pmd/target/checkout/target/apidocs/hudson/plugins/pmd/parser//File.html...
[INFO] Generating /home/hafner/Programs/hudson/release/pmd/target/checkout/target/apidocs/hudson/plugins/pmd/parser//Pmd.html...
[INFO] Generating /home/hafner/Programs/hudson/release/pmd/target/checkout/target/apidocs/hudson/plugins/pmd/parser//PmdMessages.html...
[INFO] Generating /home/hafner/Programs/hudson/release/pmd/target/checkout/target/apidocs/hudson/plugins/pmd/parser//PmdParser.html...
[INFO] Generating /home/hafner/Programs/hudson/release/pmd/target/checkout/target/apidocs/hudson/plugins/pmd/parser//Violation.html...
[INFO] Generating /home/hafner/Programs/hudson/release/pmd/target/checkout/target/apidocs/hudson/plugins/pmd//MavenPmdResultAction.html...
[INFO] Generating /home/hafner/Programs/hudson/release/pmd/target/checkout/target/apidocs/hudson/plugins/pmd//Messages.html...
[INFO] Generating /home/hafner/Programs/hudson/release/pmd/target/checkout/target/apidocs/hudson/plugins/pmd//PmdDescriptor.html...
[INFO] Generating /home/hafner/Programs/hudson/release/pmd/target/checkout/target/apidocs/hudson/plugins/pmd//PmdHealthDescriptor.html...
[INFO] Generating /home/hafner/Programs/hudson/release/pmd/target/checkout/target/apidocs/hudson/plugins/pmd//PmdMavenResult.html...
[INFO] Generating /home/hafner/Programs/hudson/release/pmd/target/checkout/target/apidocs/hudson/plugins/pmd//PmdPlugin.html...
[INFO] Generating /home/hafner/Programs/hudson/release/pmd/target/checkout/target/apidocs/hudson/plugins/pmd//PmdProjectAction.html...
[INFO] Generating /home/hafner/Programs/hudson/release/pmd/target/checkout/target/apidocs/hudson/plugins/pmd//PmdPublisher.html...
[INFO] Generating /home/hafner/Programs/hudson/release/pmd/target/checkout/target/apidocs/hudson/plugins/pmd//PmdReporter.html...
[INFO] Generating /home/hafner/Programs/hudson/release/pmd/target/checkout/target/apidocs/hudson/plugins/pmd//PmdReporterDescriptor.html...
[INFO] Generating /home/hafner/Programs/hudson/release/pmd/target/checkout/target/apidocs/hudson/plugins/pmd//PmdResult.html...
[INFO] Generating /home/hafner/Programs/hudson/release/pmd/target/checkout/target/apidocs/hudson/plugins/pmd//PmdResultAction.html...
[INFO] Generating /home/hafner/Programs/hudson/release/pmd/target/checkout/target/apidocs/hudson/plugins/pmd//PmdResultBuilder.html...
[INFO] Generating /home/hafner/Programs/hudson/release/pmd/target/checkout/target/apidocs/hudson/plugins/pmd//ResultSummary.html...
[INFO] Generating /home/hafner/Programs/hudson/release/pmd/target/checkout/target/apidocs/overview-frame.html...
[INFO] Generating /home/hafner/Programs/hudson/release/pmd/target/checkout/target/apidocs/hudson/plugins/pmd//package-frame.html...
[INFO] Generating /home/hafner/Programs/hudson/release/pmd/target/checkout/target/apidocs/hudson/plugins/pmd//package-summary.html...
[INFO] Generating /home/hafner/Programs/hudson/release/pmd/target/checkout/target/apidocs/hudson/plugins/pmd//package-tree.html...
[INFO] Generating /home/hafner/Programs/hudson/release/pmd/target/checkout/target/apidocs/hudson/plugins/pmd/parser//package-frame.html...
[INFO] Generating /home/hafner/Programs/hudson/release/pmd/target/checkout/target/apidocs/hudson/plugins/pmd/parser//package-summary.html...
[INFO] Generating /home/hafner/Programs/hudson/release/pmd/target/checkout/target/apidocs/hudson/plugins/pmd/parser//package-tree.html...
[INFO] Generating /home/hafner/Programs/hudson/release/pmd/target/checkout/target/apidocs/constant-values.html...
[INFO] Generating /home/hafner/Programs/hudson/release/pmd/target/checkout/target/apidocs/serialized-form.html...
[INFO] Generating /home/hafner/Programs/hudson/release/pmd/target/checkout/target/apidocs/hudson/plugins/pmd/parser//class-use/File.html...
[INFO] Generating /home/hafner/Programs/hudson/release/pmd/target/checkout/target/apidocs/hudson/plugins/pmd/parser//class-use/Bug.html...
[INFO] Generating /home/hafner/Programs/hudson/release/pmd/target/checkout/target/apidocs/hudson/plugins/pmd/parser//class-use/Pmd.html...
[INFO] Generating /home/hafner/Programs/hudson/release/pmd/target/checkout/target/apidocs/hudson/plugins/pmd/parser//class-use/PmdMessages.html...
[INFO] Generating /home/hafner/Programs/hudson/release/pmd/target/checkout/target/apidocs/hudson/plugins/pmd/parser//class-use/Violation.html...
[INFO] Generating /home/hafner/Programs/hudson/release/pmd/target/checkout/target/apidocs/hudson/plugins/pmd/parser//class-use/PmdParser.html...
[INFO] Generating /home/hafner/Programs/hudson/release/pmd/target/checkout/target/apidocs/hudson/plugins/pmd//class-use/PmdDescriptor.html...
[INFO] Generating /home/hafner/Programs/hudson/release/pmd/target/checkout/target/apidocs/hudson/plugins/pmd//class-use/PmdProjectAction.html...
[INFO] Generating /home/hafner/Programs/hudson/release/pmd/target/checkout/target/apidocs/hudson/plugins/pmd//class-use/ResultSummary.html...
[INFO] Generating /home/hafner/Programs/hudson/release/pmd/target/checkout/target/apidocs/hudson/plugins/pmd//class-use/PmdResult.html...
[INFO] Generating /home/hafner/Programs/hudson/release/pmd/target/checkout/target/apidocs/hudson/plugins/pmd//class-use/PmdResultAction.html...
[INFO] Generating /home/hafner/Programs/hudson/release/pmd/target/checkout/target/apidocs/hudson/plugins/pmd//class-use/Messages.html...
[INFO] Generating /home/hafner/Programs/hudson/release/pmd/target/checkout/target/apidocs/hudson/plugins/pmd//class-use/MavenPmdResultAction.html...
[INFO] Generating /home/hafner/Programs/hudson/release/pmd/target/checkout/target/apidocs/hudson/plugins/pmd//class-use/PmdHealthDescriptor.html...
[INFO] Generating /home/hafner/Programs/hudson/release/pmd/target/checkout/target/apidocs/hudson/plugins/pmd//class-use/PmdPlugin.html...
[INFO] Generating /home/hafner/Programs/hudson/release/pmd/target/checkout/target/apidocs/hudson/plugins/pmd//class-use/PmdReporterDescriptor.html...
[INFO] Generating /home/hafner/Programs/hudson/release/pmd/target/checkout/target/apidocs/hudson/plugins/pmd//class-use/PmdMavenResult.html...
[INFO] Generating /home/hafner/Programs/hudson/release/pmd/target/checkout/target/apidocs/hudson/plugins/pmd//class-use/PmdReporter.html...
[INFO] Generating /home/hafner/Programs/hudson/release/pmd/target/checkout/target/apidocs/hudson/plugins/pmd//class-use/PmdResultBuilder.html...
[INFO] Generating /home/hafner/Programs/hudson/release/pmd/target/checkout/target/apidocs/hudson/plugins/pmd//class-use/PmdPublisher.html...
[INFO] Generating /home/hafner/Programs/hudson/release/pmd/target/checkout/target/apidocs/hudson/plugins/pmd//package-use.html...
[INFO] Generating /home/hafner/Programs/hudson/release/pmd/target/checkout/target/apidocs/hudson/plugins/pmd/parser//package-use.html...
[INFO] Building index for all the packages and classes...
[INFO] Generating /home/hafner/Programs/hudson/release/pmd/target/checkout/target/apidocs/overview-tree.html...
[INFO] Generating /home/hafner/Programs/hudson/release/pmd/target/checkout/target/apidocs/index-all.html...
[INFO] Generating /home/hafner/Programs/hudson/release/pmd/target/checkout/target/apidocs/deprecated-list.html...
[INFO] Building index for all classes...
[INFO] Generating /home/hafner/Programs/hudson/release/pmd/target/checkout/target/apidocs/allclasses-frame.html...
[INFO] Generating /home/hafner/Programs/hudson/release/pmd/target/checkout/target/apidocs/allclasses-noframe.html...
[INFO] Generating /home/hafner/Programs/hudson/release/pmd/target/checkout/target/apidocs/index.html...
[INFO] Generating /home/hafner/Programs/hudson/release/pmd/target/checkout/target/apidocs/overview-summary.html...
[INFO] Generating /home/hafner/Programs/hudson/release/pmd/target/checkout/target/apidocs/help-doc.html...
[INFO] Generating /home/hafner/Programs/hudson/release/pmd/target/checkout/target/apidocs/stylesheet.css...
[INFO] [INFO] Building jar: /home/hafner/Programs/hudson/release/pmd/target/checkout/target/pmd-javadoc.jar
[INFO] [INFO] [hpi:upload {execution: default-cli}]
[INFO] [INFO] [hpi:announce {execution: default-cli}]
[INFO] [INFO] ------------------------------------------------------------------------
[INFO] [INFO] BUILD SUCCESSFUL
[INFO] [INFO] ------------------------------------------------------------------------
[INFO] [INFO] Total time: 8 minutes 30 seconds
[INFO] [INFO] Finished at: Tue Dec 29 17:40:10 CET 2009
[INFO] [INFO] Final Memory: 54M/119M
[INFO] [INFO] ------------------------------------------------------------------------
[INFO] Cleaning up after release...
[INFO] ------------------------------------------------------------------------
[INFO] BUILD SUCCESSFUL
[INFO] ------------------------------------------------------------------------
[INFO] Total time: 8 minutes 59 seconds
[INFO] Finished at: Tue Dec 29 17:40:10 CET 2009
[INFO] Final Memory: 30M/91M
[INFO] ------------------------------------------------------------------------
