[2020-08-05T19:55:43.905Z] Pull request #48 updated
[2020-08-05T19:55:43.906Z] Publishing GitHub checks...
[2020-08-05T19:55:44.982Z] GitHub checks have been published.
[2020-08-05T19:55:45.064Z] Connecting to https://api.github.com using 74951/****** (ci.jenkins.io GitHub App (jenkinsci org))
[2020-08-05T19:55:45.815Z] Connecting to https://api.github.com to check permissions of obtain list of jglick for jenkinsci/ldap-plugin
[2020-08-05T19:55:46.305Z] Obtained Jenkinsfile from f083903ad945065e5a2fc115a31a98661a25f0d6+febe2c6ee086fb3827b8023dcf9ac9ff5d2a979f (f1ff20180c573ee6d429859f986c1657957f7d60)
[2020-08-05T19:55:46.305Z] Running in Durability level: PERFORMANCE_OPTIMIZED
[2020-08-05T19:55:46.343Z] Loading library pipeline-library@master
[2020-08-05T19:55:46.343Z] Attempting to resolve master from remote references...
[2020-08-05T19:55:46.414Z] Found match: refs/heads/master revision 6089fb6c8549de12b90e5af4da82ba5ed9dce3e3
[2020-08-05T19:55:46.415Z] No credentials specified
[2020-08-05T19:55:46.416Z] Fetching changes from the remote Git repository
[2020-08-05T19:55:46.416Z] Fetching without tags
[2020-08-05T19:55:46.497Z] Checking out Revision 6089fb6c8549de12b90e5af4da82ba5ed9dce3e3 (master)
[2020-08-05T19:55:46.506Z] Commit message: "Remove forceAci - all usages updated (#152)"
[2020-08-05T19:55:47.081Z] [Pipeline] Start of Pipeline
[2020-08-05T19:55:47.188Z] [Pipeline] properties
[2020-08-05T19:55:47.286Z] [Pipeline] parallel
[2020-08-05T19:55:47.287Z] [Pipeline] { (Branch: linux-8)
[2020-08-05T19:55:47.287Z] [Pipeline] { (Branch: windows-8)
[2020-08-05T19:55:47.306Z] [Pipeline] node
[2020-08-05T19:55:47.307Z] [Pipeline] node
[2020-08-05T19:55:47.401Z] Running on ubuntu-jenkinsinfrae53290 in /home/jenkins/workspace/Plugins_ldap-plugin_PR-48
[2020-08-05T19:55:47.401Z] [Pipeline] {
[2020-08-05T19:55:47.429Z] [Pipeline] timeout
[2020-08-05T19:55:47.429Z] Timeout set to expire in 1 hr 0 min
[2020-08-05T19:55:47.429Z] [Pipeline] {
[2020-08-05T19:55:47.448Z] [Pipeline] stage
[2020-08-05T19:55:47.449Z] [Pipeline] { (Checkout (linux-8))
[2020-08-05T19:55:47.572Z] [Pipeline] checkout
[2020-08-05T19:55:47.607Z] using credential app-ci.jenkins.io
[2020-08-05T19:55:47.693Z] Cloning the remote Git repository
[2020-08-05T19:55:47.693Z] Cloning with configured refspecs honoured and without tags
[2020-08-05T19:55:47.888Z] Running on EC2 (aws) - Windows 2019 (i-0ed815aeccb16770d) in C:\Jenkins\workspace\Plugins_ldap-plugin_PR-48
[2020-08-05T19:55:47.888Z] [Pipeline] {
[2020-08-05T19:55:47.912Z] [Pipeline] timeout
[2020-08-05T19:55:47.912Z] Timeout set to expire in 1 hr 0 min
[2020-08-05T19:55:47.912Z] [Pipeline] {
[2020-08-05T19:55:47.936Z] [Pipeline] stage
[2020-08-05T19:55:47.937Z] [Pipeline] { (Checkout (windows-8))
[2020-08-05T19:55:47.966Z] [Pipeline] checkout
[2020-08-05T19:55:48.252Z] Fetching without tags
[2020-08-05T19:55:48.321Z] Merging remotes/origin/master commit febe2c6ee086fb3827b8023dcf9ac9ff5d2a979f into PR head commit f083903ad945065e5a2fc115a31a98661a25f0d6
[2020-08-05T19:55:48.489Z] Merge succeeded, producing f083903ad945065e5a2fc115a31a98661a25f0d6
[2020-08-05T19:55:48.489Z] Checking out Revision f083903ad945065e5a2fc115a31a98661a25f0d6 (PR-48)
[2020-08-05T19:55:48.561Z] Commit message: "Missing /project/scm/url"
[2020-08-05T19:55:47.888Z] remote: Enumerating objects
[2020-08-05T19:55:47.888Z] remote: Counting objects
[2020-08-05T19:55:47.894Z] remote: Compressing objects
[2020-08-05T19:55:47.900Z] Receiving objects
[2020-08-05T19:55:47.984Z] Resolving deltas
[2020-08-05T19:55:49.142Z] [Pipeline] fileExists
[2020-08-05T19:55:49.170Z] [Pipeline] fileExists
[2020-08-05T19:55:49.193Z] [Pipeline] readFile
[2020-08-05T19:55:49.213Z] [Pipeline] isUnix
[2020-08-05T19:55:49.214Z] [Pipeline] sh
[2020-08-05T19:55:49.493Z] + git clean -xffd
[2020-08-05T19:55:49.500Z] [Pipeline] }
[2020-08-05T19:55:49.533Z] [Pipeline] // stage
[2020-08-05T19:55:49.554Z] [Pipeline] stage
[2020-08-05T19:55:49.555Z] [Pipeline] { (Build (linux-8))
[2020-08-05T19:55:49.575Z] [Pipeline] pwd
[2020-08-05T19:55:49.577Z] [Pipeline] pwd
[2020-08-05T19:55:49.607Z] [Pipeline] pwd
[2020-08-05T19:55:49.630Z] [Pipeline] libraryResource
[2020-08-05T19:55:49.632Z] [Pipeline] writeFile
[2020-08-05T19:55:49.653Z] [Pipeline] tool
[2020-08-05T19:55:49.680Z] [Pipeline] tool
[2020-08-05T19:55:49.857Z] Unpacking https://github.com/AdoptOpenJDK/openjdk8-binaries/releases/download/jdk8u242-b08/OpenJDK8U-jdk_x64_linux_hotspot_8u242b08.tar.gz to /home/jenkins/tools/hudson.model.JDK/jdk8 on ubuntu-jenkinsinfrae53290
[2020-08-05T19:55:53.798Z] [Pipeline] withEnv
[2020-08-05T19:55:53.799Z] [Pipeline] {
[2020-08-05T19:55:53.831Z] [Pipeline] isUnix
[2020-08-05T19:55:53.832Z] [Pipeline] sh
[2020-08-05T19:55:54.108Z] + mvn --batch-mode --show-version --errors -Dorg.slf4j.simpleLogger.log.org.apache.maven.cli.transfer.Slf4jMavenTransferListener=warn -s /home/jenkins/workspace/Plugins_ldap-plugin_PR-48@tmp/settings-azure.xml --update-snapshots -Dmaven.repo.local=/home/jenkins/workspace/Plugins_ldap-plugin_PR-48@tmp/m2repo -Dmaven.test.failure.ignore -Dspotbugs.failOnError=false -Dcheckstyle.failOnViolation=false -Dcheckstyle.failsOnError=false -Dset.changelist help:evaluate -Dexpression=changelist -Doutput=/home/jenkins/workspace/Plugins_ldap-plugin_PR-48@tmp/changelist clean install
[2020-08-05T19:55:54.108Z] Apache Maven 3.6.3 (cecedd343002696d0abb50b32b541b8a6ba2883f)
[2020-08-05T19:55:54.108Z] Maven home: /home/jenkins/tools/hudson.tasks.Maven_MavenInstallation/mvn
[2020-08-05T19:55:54.108Z] Java version: 1.8.0_242, vendor: AdoptOpenJDK, runtime: /home/jenkins/tools/hudson.model.JDK/jdk8/jdk8u242-b08/jre
[2020-08-05T19:55:54.108Z] Default locale: en, platform encoding: UTF-8
[2020-08-05T19:55:54.108Z] OS name: "linux", version: "5.0.0-1032-azure", arch: "amd64", family: "unix"
[2020-08-05T19:55:58.316Z] [INFO] Error stacktraces are turned on.
[2020-08-05T19:55:58.316Z] [INFO] Setting: -Dchangelist=-rc421.f083903ad945 -DscmTag=f083903ad945065e5a2fc115a31a98661a25f0d6
[2020-08-05T19:55:58.316Z] [INFO] Scanning for projects...
[2020-08-05T19:56:00.263Z] using credential app-ci.jenkins.io
[2020-08-05T19:56:06.830Z] Cloning the remote Git repository
[2020-08-05T19:56:06.831Z] Cloning with configured refspecs honoured and without tags
[2020-08-05T19:56:15.284Z] remote: Enumerating objects
[2020-08-05T19:56:15.285Z] remote: Counting objects
[2020-08-05T19:56:15.289Z] remote: Compressing objects
[2020-08-05T19:56:15.365Z] Receiving objects
[2020-08-05T19:56:15.684Z] Resolving deltas
[2020-08-05T19:56:17.856Z] Fetching without tags
[2020-08-05T19:56:18.002Z] Merging remotes/origin/master commit febe2c6ee086fb3827b8023dcf9ac9ff5d2a979f into PR head commit f083903ad945065e5a2fc115a31a98661a25f0d6
[2020-08-05T19:56:20.659Z] Merge succeeded, producing f083903ad945065e5a2fc115a31a98661a25f0d6
[2020-08-05T19:56:20.659Z] Checking out Revision f083903ad945065e5a2fc115a31a98661a25f0d6 (PR-48)
[2020-08-05T19:56:21.059Z] Commit message: "Missing /project/scm/url"
[2020-08-05T19:56:21.632Z] [Pipeline] fileExists
[2020-08-05T19:56:21.670Z] [Pipeline] fileExists
[2020-08-05T19:56:21.709Z] [Pipeline] readFile
[2020-08-05T19:56:21.756Z] [Pipeline] isUnix
[2020-08-05T19:56:21.758Z] [Pipeline] bat
[2020-08-05T19:56:23.087Z] 
[2020-08-05T19:56:23.087Z] administrator@EC2AMAZ-DNUSM7L C:\Jenkins\workspace\Plugins_ldap-plugin_PR-48>git clean -xffd  1>nul 2>&1 
[2020-08-05T19:56:23.361Z] [Pipeline] }
[2020-08-05T19:56:23.382Z] [Pipeline] // stage
[2020-08-05T19:56:23.403Z] [Pipeline] stage
[2020-08-05T19:56:23.404Z] [Pipeline] { (Build (windows-8))
[2020-08-05T19:56:23.428Z] [Pipeline] pwd
[2020-08-05T19:56:23.454Z] [Pipeline] pwd
[2020-08-05T19:56:23.496Z] [Pipeline] libraryResource
[2020-08-05T19:56:23.498Z] [Pipeline] writeFile
[2020-08-05T19:56:23.534Z] [Pipeline] tool
[2020-08-05T19:56:23.707Z] Unpacking https://repo.maven.apache.org/maven2/org/apache/maven/apache-maven/3.6.3/apache-maven-3.6.3-bin.zip to C:\Jenkins\tools\hudson.tasks.Maven_MavenInstallation\mvn on EC2 (aws) - Windows 2019 (i-0ed815aeccb16770d)
[2020-08-05T19:56:25.950Z] [Pipeline] tool
[2020-08-05T19:56:26.247Z] Unpacking https://github.com/AdoptOpenJDK/openjdk8-binaries/releases/download/jdk8u242-b08/OpenJDK8U-jdk_x64_windows_hotspot_8u242b08.zip to C:\Jenkins\tools\hudson.model.JDK\jdk8 on EC2 (aws) - Windows 2019 (i-0ed815aeccb16770d)
[2020-08-05T19:56:31.729Z] [Pipeline] withEnv
[2020-08-05T19:56:31.730Z] [Pipeline] {
[2020-08-05T19:56:31.761Z] [Pipeline] isUnix
[2020-08-05T19:56:31.762Z] [Pipeline] bat
[2020-08-05T19:56:32.335Z] 
[2020-08-05T19:56:32.335Z] administrator@EC2AMAZ-DNUSM7L C:\Jenkins\workspace\Plugins_ldap-plugin_PR-48>mvn --batch-mode --show-version --errors -Dorg.slf4j.simpleLogger.log.org.apache.maven.cli.transfer.Slf4jMavenTransferListener=warn -s C:\Jenkins\workspace\Plugins_ldap-plugin_PR-48@tmp/settings-azure.xml --update-snapshots -Dmaven.repo.local=C:\Jenkins\workspace\Plugins_ldap-plugin_PR-48@tmp/m2repo -Dmaven.test.failure.ignore -Dspotbugs.failOnError=false -Dcheckstyle.failOnViolation=false -Dcheckstyle.failsOnError=false -Dset.changelist clean install 
[2020-08-05T19:56:36.280Z] Apache Maven 3.6.3 (cecedd343002696d0abb50b32b541b8a6ba2883f)
[2020-08-05T19:56:36.280Z] Maven home: C:\Jenkins\tools\hudson.tasks.Maven_MavenInstallation\mvn\bin\..
[2020-08-05T19:56:36.280Z] Java version: 1.8.0_242, vendor: AdoptOpenJDK, runtime: C:\Jenkins\tools\hudson.model.JDK\jdk8\jdk8u242-b08\jre
[2020-08-05T19:56:36.280Z] Default locale: en_US, platform encoding: Cp1252
[2020-08-05T19:56:36.280Z] OS name: "windows server 2019", version: "10.0", arch: "amd64", family: "windows"
[2020-08-05T19:56:45.006Z] [INFO] 
[2020-08-05T19:56:45.006Z] [INFO] --------------------< org.jenkins-ci.plugins:ldap >---------------------
[2020-08-05T19:56:45.006Z] [INFO] Building LDAP Plugin 1.25-rc421.f083903ad945
[2020-08-05T19:56:45.006Z] [INFO] --------------------------------[ hpi ]---------------------------------
[2020-08-05T19:56:45.006Z] [INFO] 
[2020-08-05T19:56:45.006Z] [INFO] --- maven-help-plugin:3.2.0:evaluate (default-cli) @ ldap ---
[2020-08-05T19:56:46.388Z] [INFO] No artifact parameter specified, using 'org.jenkins-ci.plugins:ldap:hpi:1.25-rc421.f083903ad945' as project.
[2020-08-05T19:56:46.388Z] [INFO] Result of evaluation written to: /home/jenkins/workspace/Plugins_ldap-plugin_PR-48@tmp/changelist
[2020-08-05T19:56:46.388Z] [INFO] 
[2020-08-05T19:56:46.388Z] [INFO] --------------------< org.jenkins-ci.plugins:ldap >---------------------
[2020-08-05T19:56:46.388Z] [INFO] Building LDAP Plugin 1.25-rc421.f083903ad945
[2020-08-05T19:56:46.389Z] [INFO] --------------------------------[ hpi ]---------------------------------
[2020-08-05T19:56:49.703Z] [INFO] Error stacktraces are turned on.
[2020-08-05T19:56:50.059Z] [INFO] Setting: -Dchangelist=-rc421.f083903ad945 -DscmTag=f083903ad945065e5a2fc115a31a98661a25f0d6
[2020-08-05T19:56:50.059Z] [INFO] Scanning for projects...
[2020-08-05T19:57:54.098Z] [INFO] 
[2020-08-05T19:57:54.098Z] [INFO] --- maven-clean-plugin:3.1.0:clean (default-clean) @ ldap ---
[2020-08-05T19:57:54.098Z] [INFO] 
[2020-08-05T19:57:54.098Z] [INFO] --- maven-hpi-plugin:3.15:validate (default-validate) @ ldap ---
[2020-08-05T19:57:54.098Z] [INFO] 
[2020-08-05T19:57:54.098Z] [INFO] --- maven-enforcer-plugin:3.0.0-M3:display-info (display-info) @ ldap ---
[2020-08-05T19:57:54.098Z] [INFO] Maven Version: 3.6.3
[2020-08-05T19:57:54.098Z] [INFO] JDK Version: 1.8.0_242 normalized as: 1.8.0-242
[2020-08-05T19:57:54.098Z] [INFO] OS Info: Arch: amd64 Family: unix Name: linux Version: 5.0.0-1032-azure
[2020-08-05T19:57:54.098Z] [INFO] 
[2020-08-05T19:57:54.098Z] [INFO] --- maven-enforcer-plugin:3.0.0-M3:enforce (display-info) @ ldap ---
[2020-08-05T19:57:54.098Z] [INFO] artifact junit:junit-dep: checking for updates from incrementals
[2020-08-05T19:57:54.098Z] [INFO] artifact junit:junit-dep: checking for updates from repo.jenkins-ci.org
[2020-08-05T19:57:54.098Z] [INFO] artifact junit:junit-dep: checking for updates from central
[2020-08-05T19:57:54.098Z] [INFO] artifact junit:junit: checking for updates from incrementals
[2020-08-05T19:57:54.098Z] [INFO] artifact junit:junit: checking for updates from repo.jenkins-ci.org
[2020-08-05T19:57:54.098Z] [INFO] artifact junit:junit: checking for updates from central
[2020-08-05T19:57:54.098Z] [INFO] Adding ignore: module-info
[2020-08-05T19:57:54.098Z] [INFO] artifact junit:junit-dep: checking for updates from incrementals
[2020-08-05T19:57:54.098Z] [INFO] artifact junit:junit-dep: checking for updates from repo.jenkins-ci.org
[2020-08-05T19:57:54.098Z] [INFO] artifact junit:junit-dep: checking for updates from central
[2020-08-05T19:57:54.098Z] [INFO] artifact junit:junit: checking for updates from incrementals
[2020-08-05T19:57:54.098Z] [INFO] artifact junit:junit: checking for updates from repo.jenkins-ci.org
[2020-08-05T19:57:54.098Z] [INFO] artifact junit:junit: checking for updates from central
[2020-08-05T19:57:54.098Z] [INFO] Ignoring requireUpperBoundDeps in com.google.code.findbugs:jsr305
[2020-08-05T19:57:54.098Z] [INFO] Ignoring requireUpperBoundDeps in com.google.guava:guava
[2020-08-05T19:57:54.098Z] [INFO] 
[2020-08-05T19:57:54.098Z] [INFO] --- maven-enforcer-plugin:3.0.0-M3:enforce (no-snapshots-in-release) @ ldap ---
[2020-08-05T19:57:54.098Z] [INFO] 
[2020-08-05T19:57:54.098Z] [INFO] --- gmavenplus-plugin:1.9.0:addTestSources (test-in-groovy) @ ldap ---
[2020-08-05T19:57:54.098Z] [INFO] 
[2020-08-05T19:57:54.098Z] [INFO] --- maven-localizer-plugin:1.26:generate (default) @ ldap ---
[2020-08-05T19:57:54.098Z] [INFO] 
[2020-08-05T19:57:54.098Z] [INFO] --- maven-hpi-plugin:3.15:generate-taglib-interface (default) @ ldap ---
[2020-08-05T19:57:54.364Z] [INFO] jenkins/security/plugins/ldap/ValidationTagLib.java
[2020-08-05T19:57:54.364Z] [INFO] jenkins/security/plugins/ldap/ValidationTagLib.gdsl
[2020-08-05T19:57:54.364Z] [INFO] 
[2020-08-05T19:57:54.364Z] [INFO] --- maven-resources-plugin:3.1.0:resources (default-resources) @ ldap ---
[2020-08-05T19:57:54.932Z] [INFO] Using 'UTF-8' encoding to copy filtered resources.
[2020-08-05T19:57:54.932Z] [INFO] Copying 91 resources
[2020-08-05T19:57:54.932Z] [INFO] 
[2020-08-05T19:57:54.932Z] [INFO] --- flatten-maven-plugin:1.2.4:flatten (flatten) @ ldap ---
[2020-08-05T19:57:57.471Z] [INFO] Generating flattened POM of project org.jenkins-ci.plugins:ldap:hpi:1.25-rc421.f083903ad945...
[2020-08-05T19:57:57.471Z] [INFO] 
[2020-08-05T19:57:57.471Z] [INFO] --- maven-compiler-plugin:3.8.1:compile (default-compile) @ ldap ---
[2020-08-05T19:57:58.409Z] [INFO] Changes detected - recompiling the module!
[2020-08-05T19:57:58.409Z] [INFO] Compiling 10 source files to /home/jenkins/workspace/Plugins_ldap-plugin_PR-48/target/classes
[2020-08-05T19:57:59.778Z] [INFO] 
[2020-08-05T19:57:59.778Z] [INFO] --------------------< org.jenkins-ci.plugins:ldap >---------------------
[2020-08-05T19:57:59.778Z] [INFO] Building LDAP Plugin 1.25-rc421.f083903ad945
[2020-08-05T19:57:59.778Z] [INFO] --------------------------------[ hpi ]---------------------------------
[2020-08-05T19:57:59.789Z] [INFO] /home/jenkins/workspace/Plugins_ldap-plugin_PR-48/src/main/java/jenkins/security/plugins/ldap/LDAPConfiguration.java: Some input files use or override a deprecated API.
[2020-08-05T19:57:59.789Z] [INFO] /home/jenkins/workspace/Plugins_ldap-plugin_PR-48/src/main/java/jenkins/security/plugins/ldap/LDAPConfiguration.java: Recompile with -Xlint:deprecation for details.
[2020-08-05T19:57:59.789Z] [INFO] /home/jenkins/workspace/Plugins_ldap-plugin_PR-48/src/main/java/jenkins/security/plugins/ldap/FromGroupSearchLDAPGroupMembershipStrategy.java: Some input files use unchecked or unsafe operations.
[2020-08-05T19:57:59.789Z] [INFO] /home/jenkins/workspace/Plugins_ldap-plugin_PR-48/src/main/java/jenkins/security/plugins/ldap/FromGroupSearchLDAPGroupMembershipStrategy.java: Recompile with -Xlint:unchecked for details.
[2020-08-05T19:57:59.789Z] [INFO] 
[2020-08-05T19:57:59.789Z] [INFO] --- access-modifier-checker:1.16:enforce (default-enforce) @ ldap ---
[2020-08-05T19:58:00.356Z] [INFO] 
[2020-08-05T19:58:00.356Z] [INFO] --- maven-hpi-plugin:3.15:insert-test (default-insert-test) @ ldap ---
[2020-08-05T19:58:00.356Z] [INFO] 
[2020-08-05T19:58:00.356Z] [INFO] --- gmavenplus-plugin:1.9.0:generateTestStubs (test-in-groovy) @ ldap ---
[2020-08-05T19:58:00.356Z] [INFO] No sources specified for stub generation. Skipping.
[2020-08-05T19:58:00.356Z] [INFO] Generated 0 stubs.
[2020-08-05T19:58:00.356Z] [INFO] 
[2020-08-05T19:58:00.356Z] [INFO] --- maven-antrun-plugin:3.0.0:run (createTempDir) @ ldap ---
[2020-08-05T19:58:02.892Z] [INFO] Executing tasks
[2020-08-05T19:58:02.892Z] [INFO]     [mkdir] Created dir: /home/jenkins/workspace/Plugins_ldap-plugin_PR-48/target/tmp
[2020-08-05T19:58:02.892Z] [INFO] Executed tasks
[2020-08-05T19:58:02.892Z] [INFO] 
[2020-08-05T19:58:02.892Z] [INFO] --- maven-resources-plugin:3.1.0:testResources (default-testResources) @ ldap ---
[2020-08-05T19:58:02.892Z] [INFO] Using 'UTF-8' encoding to copy filtered resources.
[2020-08-05T19:58:02.892Z] [INFO] Copying 9 resources
[2020-08-05T19:58:02.892Z] [INFO] 
[2020-08-05T19:58:02.892Z] [INFO] --- maven-compiler-plugin:3.8.1:testCompile (default-testCompile) @ ldap ---
[2020-08-05T19:58:02.892Z] [INFO] Changes detected - recompiling the module!
[2020-08-05T19:58:02.892Z] [INFO] Compiling 14 source files to /home/jenkins/workspace/Plugins_ldap-plugin_PR-48/target/test-classes
[2020-08-05T19:58:04.287Z] [INFO] /home/jenkins/workspace/Plugins_ldap-plugin_PR-48/src/test/java/hudson/security/LDAPSecurityRealmTest.java: Some input files use or override a deprecated API.
[2020-08-05T19:58:04.287Z] [INFO] /home/jenkins/workspace/Plugins_ldap-plugin_PR-48/src/test/java/hudson/security/LDAPSecurityRealmTest.java: Recompile with -Xlint:deprecation for details.
[2020-08-05T19:58:04.287Z] [INFO] /home/jenkins/workspace/Plugins_ldap-plugin_PR-48/src/test/java/jenkins/security/plugins/ldap/LDAPExtendedTemplateTest.java: /home/jenkins/workspace/Plugins_ldap-plugin_PR-48/src/test/java/jenkins/security/plugins/ldap/LDAPExtendedTemplateTest.java uses unchecked or unsafe operations.
[2020-08-05T19:58:04.287Z] [INFO] /home/jenkins/workspace/Plugins_ldap-plugin_PR-48/src/test/java/jenkins/security/plugins/ldap/LDAPExtendedTemplateTest.java: Recompile with -Xlint:unchecked for details.
[2020-08-05T19:58:04.287Z] [INFO] 
[2020-08-05T19:58:04.287Z] [INFO] --- maven-hpi-plugin:3.15:test-hpl (default-test-hpl) @ ldap ---
[2020-08-05T19:58:04.287Z] [INFO] Generating /home/jenkins/workspace/Plugins_ldap-plugin_PR-48/target/test-classes/the.hpl
[2020-08-05T19:58:05.228Z] [INFO] 
[2020-08-05T19:58:05.228Z] [INFO] --- maven-hpi-plugin:3.15:resolve-test-dependencies (default-resolve-test-dependencies) @ ldap ---
[2020-08-05T19:58:07.135Z] [INFO] 
[2020-08-05T19:58:07.135Z] [INFO] --- gmavenplus-plugin:1.9.0:compileTests (test-in-groovy) @ ldap ---
[2020-08-05T19:58:07.135Z] [INFO] No sources specified for compilation. Skipping.
[2020-08-05T19:58:07.135Z] [INFO] 
[2020-08-05T19:58:07.135Z] [INFO] --- maven-surefire-plugin:3.0.0-M5:test (default-test) @ ldap ---
[2020-08-05T19:58:08.073Z] [INFO] Surefire report directory: /home/jenkins/workspace/Plugins_ldap-plugin_PR-48/target/surefire-reports
[2020-08-05T19:58:09.009Z] [INFO] 
[2020-08-05T19:58:09.009Z] [INFO] -------------------------------------------------------
[2020-08-05T19:58:09.009Z] [INFO]  T E S T S
[2020-08-05T19:58:09.009Z] [INFO] -------------------------------------------------------
[2020-08-05T19:58:09.268Z] [INFO] Running InjectedTest
[2020-08-05T19:58:19.251Z] [INFO] Tests run: 27, Failures: 0, Errors: 0, Skipped: 0, Time elapsed: 9.81 s - in InjectedTest
[2020-08-05T19:58:19.251Z] [INFO] Running hudson.security.LDAPEmbeddedTest
[2020-08-05T19:59:38.452Z] [INFO] 
[2020-08-05T19:59:38.453Z] [INFO] --- maven-clean-plugin:3.1.0:clean (default-clean) @ ldap ---
[2020-08-05T19:59:38.453Z] [INFO] 
[2020-08-05T19:59:38.453Z] [INFO] --- maven-hpi-plugin:3.15:validate (default-validate) @ ldap ---
[2020-08-05T19:59:38.453Z] [INFO] 
[2020-08-05T19:59:38.453Z] [INFO] --- maven-enforcer-plugin:3.0.0-M3:display-info (display-info) @ ldap ---
[2020-08-05T19:59:38.453Z] [INFO] Maven Version: 3.6.3
[2020-08-05T19:59:38.453Z] [INFO] JDK Version: 1.8.0_242 normalized as: 1.8.0-242
[2020-08-05T19:59:38.453Z] [INFO] OS Info: Arch: amd64 Family: windows Name: windows server 2019 Version: 10.0
[2020-08-05T19:59:38.453Z] [INFO] 
[2020-08-05T19:59:38.453Z] [INFO] --- maven-enforcer-plugin:3.0.0-M3:enforce (display-info) @ ldap ---
[2020-08-05T19:59:38.453Z] [INFO] artifact junit:junit-dep: checking for updates from incrementals
[2020-08-05T19:59:38.453Z] [INFO] artifact junit:junit-dep: checking for updates from repo.jenkins-ci.org
[2020-08-05T19:59:38.453Z] [INFO] artifact junit:junit-dep: checking for updates from central
[2020-08-05T19:59:38.453Z] [INFO] artifact junit:junit: checking for updates from incrementals
[2020-08-05T19:59:38.453Z] [INFO] artifact junit:junit: checking for updates from repo.jenkins-ci.org
[2020-08-05T19:59:38.453Z] [INFO] artifact junit:junit: checking for updates from central
[2020-08-05T19:59:38.453Z] [INFO] Adding ignore: module-info
[2020-08-05T19:59:38.453Z] [INFO] artifact junit:junit-dep: checking for updates from incrementals
[2020-08-05T19:59:38.453Z] [INFO] artifact junit:junit-dep: checking for updates from repo.jenkins-ci.org
[2020-08-05T19:59:38.453Z] [INFO] artifact junit:junit-dep: checking for updates from central
[2020-08-05T19:59:38.453Z] [INFO] artifact junit:junit: checking for updates from incrementals
[2020-08-05T19:59:38.453Z] [INFO] artifact junit:junit: checking for updates from repo.jenkins-ci.org
[2020-08-05T19:59:38.453Z] [INFO] artifact junit:junit: checking for updates from central
[2020-08-05T19:59:38.453Z] [INFO] Ignoring requireUpperBoundDeps in com.google.code.findbugs:jsr305
[2020-08-05T19:59:38.453Z] [INFO] Ignoring requireUpperBoundDeps in com.google.guava:guava
[2020-08-05T19:59:38.453Z] [INFO] 
[2020-08-05T19:59:38.453Z] [INFO] --- maven-enforcer-plugin:3.0.0-M3:enforce (no-snapshots-in-release) @ ldap ---
[2020-08-05T19:59:38.453Z] [INFO] 
[2020-08-05T19:59:38.453Z] [INFO] --- gmavenplus-plugin:1.9.0:addTestSources (test-in-groovy) @ ldap ---
[2020-08-05T19:59:42.382Z] [INFO] 
[2020-08-05T19:59:42.382Z] [INFO] --- maven-localizer-plugin:1.26:generate (default) @ ldap ---
[2020-08-05T19:59:43.602Z] [INFO] 
[2020-08-05T19:59:43.602Z] [INFO] --- maven-hpi-plugin:3.15:generate-taglib-interface (default) @ ldap ---
[2020-08-05T19:59:43.960Z] [INFO] jenkins\security\plugins\ldap\ValidationTagLib.java
[2020-08-05T19:59:43.960Z] [INFO] jenkins\security\plugins\ldap\ValidationTagLib.gdsl
[2020-08-05T19:59:43.960Z] [INFO] 
[2020-08-05T19:59:43.960Z] [INFO] --- maven-resources-plugin:3.1.0:resources (default-resources) @ ldap ---
[2020-08-05T19:59:44.719Z] [INFO] Using 'UTF-8' encoding to copy filtered resources.
[2020-08-05T19:59:44.719Z] [INFO] Copying 91 resources
[2020-08-05T19:59:45.475Z] [INFO] 
[2020-08-05T19:59:45.475Z] [INFO] --- flatten-maven-plugin:1.2.4:flatten (flatten) @ ldap ---
[2020-08-05T19:59:49.414Z] [INFO] Generating flattened POM of project org.jenkins-ci.plugins:ldap:hpi:1.25-rc421.f083903ad945...
[2020-08-05T19:59:49.414Z] [INFO] 
[2020-08-05T19:59:49.414Z] [INFO] --- maven-compiler-plugin:3.8.1:compile (default-compile) @ ldap ---
[2020-08-05T19:59:51.160Z] [INFO] Changes detected - recompiling the module!
[2020-08-05T19:59:51.160Z] [INFO] Compiling 10 source files to C:\Jenkins\workspace\Plugins_ldap-plugin_PR-48\target\classes
[2020-08-05T19:59:54.262Z] [INFO] /C:/Jenkins/workspace/Plugins_ldap-plugin_PR-48/src/main/java/jenkins/security/plugins/ldap/LDAPConfiguration.java: Some input files use or override a deprecated API.
[2020-08-05T19:59:54.262Z] [INFO] /C:/Jenkins/workspace/Plugins_ldap-plugin_PR-48/src/main/java/jenkins/security/plugins/ldap/LDAPConfiguration.java: Recompile with -Xlint:deprecation for details.
[2020-08-05T19:59:54.262Z] [INFO] /C:/Jenkins/workspace/Plugins_ldap-plugin_PR-48/src/main/java/hudson/security/LDAPSecurityRealm.java: Some input files use unchecked or unsafe operations.
[2020-08-05T19:59:54.262Z] [INFO] /C:/Jenkins/workspace/Plugins_ldap-plugin_PR-48/src/main/java/hudson/security/LDAPSecurityRealm.java: Recompile with -Xlint:unchecked for details.
[2020-08-05T19:59:54.262Z] [INFO] 
[2020-08-05T19:59:54.262Z] [INFO] --- access-modifier-checker:1.16:enforce (default-enforce) @ ldap ---
[2020-08-05T19:59:55.019Z] [INFO] 
[2020-08-05T19:59:55.019Z] [INFO] --- maven-hpi-plugin:3.15:insert-test (default-insert-test) @ ldap ---
[2020-08-05T19:59:55.019Z] [INFO] 
[2020-08-05T19:59:55.019Z] [INFO] --- gmavenplus-plugin:1.9.0:generateTestStubs (test-in-groovy) @ ldap ---
[2020-08-05T19:59:55.019Z] [INFO] No sources specified for stub generation. Skipping.
[2020-08-05T19:59:55.019Z] [INFO] Generated 0 stubs.
[2020-08-05T19:59:55.019Z] [INFO] 
[2020-08-05T19:59:55.019Z] [INFO] --- maven-antrun-plugin:3.0.0:run (createTempDir) @ ldap ---
[2020-08-05T19:59:59.945Z] [INFO] Executing tasks
[2020-08-05T19:59:59.945Z] [INFO]     [mkdir] Created dir: C:\Jenkins\workspace\Plugins_ldap-plugin_PR-48\target\tmp
[2020-08-05T19:59:59.945Z] [INFO] Executed tasks
[2020-08-05T19:59:59.945Z] [INFO] 
[2020-08-05T19:59:59.945Z] [INFO] --- maven-resources-plugin:3.1.0:testResources (default-testResources) @ ldap ---
[2020-08-05T19:59:59.945Z] [INFO] Using 'UTF-8' encoding to copy filtered resources.
[2020-08-05T19:59:59.945Z] [INFO] Copying 9 resources
[2020-08-05T19:59:59.945Z] [INFO] 
[2020-08-05T19:59:59.945Z] [INFO] --- maven-compiler-plugin:3.8.1:testCompile (default-testCompile) @ ldap ---
[2020-08-05T19:59:59.945Z] [INFO] Changes detected - recompiling the module!
[2020-08-05T19:59:59.945Z] [INFO] Compiling 14 source files to C:\Jenkins\workspace\Plugins_ldap-plugin_PR-48\target\test-classes
[2020-08-05T20:00:13.356Z] [INFO] /C:/Jenkins/workspace/Plugins_ldap-plugin_PR-48/src/test/java/hudson/security/LDAPEmbeddedTest.java: Some input files use or override a deprecated API.
[2020-08-05T20:00:13.356Z] [INFO] /C:/Jenkins/workspace/Plugins_ldap-plugin_PR-48/src/test/java/hudson/security/LDAPEmbeddedTest.java: Recompile with -Xlint:deprecation for details.
[2020-08-05T20:00:13.356Z] [INFO] /C:/Jenkins/workspace/Plugins_ldap-plugin_PR-48/src/test/java/jenkins/security/plugins/ldap/LDAPExtendedTemplateTest.java: C:\Jenkins\workspace\Plugins_ldap-plugin_PR-48\src\test\java\jenkins\security\plugins\ldap\LDAPExtendedTemplateTest.java uses unchecked or unsafe operations.
[2020-08-05T20:00:13.356Z] [INFO] /C:/Jenkins/workspace/Plugins_ldap-plugin_PR-48/src/test/java/jenkins/security/plugins/ldap/LDAPExtendedTemplateTest.java: Recompile with -Xlint:unchecked for details.
[2020-08-05T20:00:13.356Z] [INFO] 
[2020-08-05T20:00:13.356Z] [INFO] --- maven-hpi-plugin:3.15:test-hpl (default-test-hpl) @ ldap ---
[2020-08-05T20:00:13.356Z] [INFO] Generating C:\Jenkins\workspace\Plugins_ldap-plugin_PR-48\target\test-classes\the.hpl
[2020-08-05T20:00:13.356Z] [INFO] 
[2020-08-05T20:00:13.356Z] [INFO] --- maven-hpi-plugin:3.15:resolve-test-dependencies (default-resolve-test-dependencies) @ ldap ---
[2020-08-05T20:00:15.720Z] [INFO] 
[2020-08-05T20:00:15.720Z] [INFO] --- gmavenplus-plugin:1.9.0:compileTests (test-in-groovy) @ ldap ---
[2020-08-05T20:00:15.720Z] [INFO] No sources specified for compilation. Skipping.
[2020-08-05T20:00:15.720Z] [INFO] 
[2020-08-05T20:00:15.720Z] [INFO] --- maven-surefire-plugin:3.0.0-M5:test (default-test) @ ldap ---
[2020-08-05T20:00:17.476Z] [INFO] Surefire report directory: C:\Jenkins\workspace\Plugins_ldap-plugin_PR-48\target\surefire-reports
[2020-08-05T20:00:19.222Z] [INFO] 
[2020-08-05T20:00:19.222Z] [INFO] -------------------------------------------------------
[2020-08-05T20:00:19.222Z] [INFO]  T E S T S
[2020-08-05T20:00:19.222Z] [INFO] -------------------------------------------------------
[2020-08-05T20:00:19.981Z] [INFO] Running InjectedTest
[2020-08-05T20:00:40.752Z] [INFO] Tests run: 14, Failures: 0, Errors: 0, Skipped: 0, Time elapsed: 136.52 s - in hudson.security.LDAPEmbeddedTest
[2020-08-05T20:00:40.753Z] [INFO] Running hudson.security.LDAPSecurityRealmTest
[2020-08-05T20:01:00.414Z] [INFO] Tests run: 27, Failures: 0, Errors: 0, Skipped: 0, Time elapsed: 34.663 s - in InjectedTest
[2020-08-05T20:01:00.414Z] [INFO] Running hudson.security.LDAPEmbeddedTest
[2020-08-05T20:01:48.449Z] [INFO] Tests run: 9, Failures: 0, Errors: 0, Skipped: 0, Time elapsed: 69.809 s - in hudson.security.LDAPSecurityRealmTest
[2020-08-05T20:01:48.449Z] [INFO] Running hudson.security.LdapMultiEmbedded2Test
[2020-08-05T20:02:00.661Z] [INFO] Tests run: 2, Failures: 0, Errors: 0, Skipped: 0, Time elapsed: 14.295 s - in hudson.security.LdapMultiEmbedded2Test
[2020-08-05T20:02:00.661Z] [INFO] Running hudson.security.LdapMultiEmbeddedTest
[2020-08-05T20:04:24.777Z] [INFO] Tests run: 14, Failures: 0, Errors: 0, Skipped: 0, Time elapsed: 207.763 s - in hudson.security.LDAPEmbeddedTest
[2020-08-05T20:04:24.777Z] [INFO] Running hudson.security.LDAPSecurityRealmTest
[2020-08-05T20:04:52.169Z] [INFO] Tests run: 19, Failures: 0, Errors: 0, Skipped: 0, Time elapsed: 167.135 s - in hudson.security.LdapMultiEmbeddedTest
[2020-08-05T20:04:52.169Z] [INFO] Running hudson.security.docker.MultiServerTest
[2020-08-05T20:05:10.281Z] [INFO] Tests run: 1, Failures: 0, Errors: 0, Skipped: 0, Time elapsed: 22.476 s - in hudson.security.docker.MultiServerTest
[2020-08-05T20:05:10.281Z] [INFO] Running hudson.security.docker.PlanetExpressTest
[2020-08-05T20:05:25.195Z] [INFO] Tests run: 1, Failures: 0, Errors: 0, Skipped: 0, Time elapsed: 15.182 s - in hudson.security.docker.PlanetExpressTest
[2020-08-05T20:05:25.195Z] [INFO] Running jenkins.security.plugins.ldap.CasCTest
[2020-08-05T20:05:27.123Z] [INFO] Tests run: 1, Failures: 0, Errors: 0, Skipped: 0, Time elapsed: 2.128 s - in jenkins.security.plugins.ldap.CasCTest
[2020-08-05T20:05:27.124Z] [INFO] Running jenkins.security.plugins.ldap.CascSecurityRealmTest
[2020-08-05T20:05:30.422Z] [INFO] Tests run: 1, Failures: 0, Errors: 0, Skipped: 0, Time elapsed: 3.38 s - in jenkins.security.plugins.ldap.CascSecurityRealmTest
[2020-08-05T20:05:30.422Z] [INFO] Running jenkins.security.plugins.ldap.LDAPConfigurationTest
[2020-08-05T20:05:40.405Z] [INFO] Tests run: 6, Failures: 0, Errors: 0, Skipped: 0, Time elapsed: 9.399 s - in jenkins.security.plugins.ldap.LDAPConfigurationTest
[2020-08-05T20:05:40.405Z] [INFO] Running jenkins.security.plugins.ldap.LDAPExtendedTemplateTest
[2020-08-05T20:05:48.310Z] [INFO] Tests run: 9, Failures: 0, Errors: 0, Skipped: 0, Time elapsed: 78.746 s - in hudson.security.LDAPSecurityRealmTest
[2020-08-05T20:05:48.311Z] [INFO] Running hudson.security.LdapMultiEmbedded2Test
[2020-08-05T20:05:58.503Z] [INFO] Tests run: 4, Failures: 0, Errors: 0, Skipped: 0, Time elapsed: 18.398 s - in jenkins.security.plugins.ldap.LDAPExtendedTemplateTest
[2020-08-05T20:05:59.883Z] [INFO] 
[2020-08-05T20:05:59.883Z] [INFO] Results:
[2020-08-05T20:05:59.883Z] [INFO] 
[2020-08-05T20:05:59.883Z] [INFO] Tests run: 85, Failures: 0, Errors: 0, Skipped: 0
[2020-08-05T20:05:59.883Z] [INFO] 
[2020-08-05T20:05:59.883Z] [INFO] 
[2020-08-05T20:05:59.883Z] [INFO] --- animal-sniffer-maven-plugin:1.19:check (check) @ ldap ---
[2020-08-05T20:06:00.820Z] [INFO] Resolved signature org.codehaus.mojo.signature:java18 version as 1.0 from dependencyManagement
[2020-08-05T20:06:00.820Z] [INFO] Checking unresolved references to org.codehaus.mojo.signature:java18:1.0
[2020-08-05T20:06:04.113Z] [INFO] 
[2020-08-05T20:06:04.113Z] [INFO] --- maven-license-plugin:1.8:process (default) @ ldap ---
[2020-08-05T20:06:07.405Z] [INFO] Generated /home/jenkins/workspace/Plugins_ldap-plugin_PR-48/target/ldap/WEB-INF/licenses.xml
[2020-08-05T20:06:07.405Z] [INFO] 
[2020-08-05T20:06:07.405Z] [INFO] --- maven-hpi-plugin:3.15:hpi (default-hpi) @ ldap ---
[2020-08-05T20:06:07.405Z] [INFO] Generating /home/jenkins/workspace/Plugins_ldap-plugin_PR-48/target/ldap/META-INF/MANIFEST.MF
[2020-08-05T20:06:07.405Z] [INFO] Checking for attached .jar artifact ...
[2020-08-05T20:06:07.405Z] [INFO] Generating jar /home/jenkins/workspace/Plugins_ldap-plugin_PR-48/target/ldap.jar
[2020-08-05T20:06:07.405Z] [INFO] Building jar: /home/jenkins/workspace/Plugins_ldap-plugin_PR-48/target/ldap.jar
[2020-08-05T20:06:07.405Z] [INFO] Exploding webapp...
[2020-08-05T20:06:07.405Z] [INFO] Copy webapp webResources to /home/jenkins/workspace/Plugins_ldap-plugin_PR-48/target/ldap
[2020-08-05T20:06:07.405Z] [INFO] Assembling webapp ldap in /home/jenkins/workspace/Plugins_ldap-plugin_PR-48/target/ldap
[2020-08-05T20:06:07.664Z] [INFO] Bundling direct dependency acegi-security-1.0.7.jar
[2020-08-05T20:06:07.664Z] [INFO] Bundling direct dependency spring-dao-1.2.9.jar
[2020-08-05T20:06:07.664Z] [WARNING] Bundling transitive dependency oro-2.0.8.jar (via acegi-security)
[2020-08-05T20:06:07.664Z] [INFO] Generating hpi /home/jenkins/workspace/Plugins_ldap-plugin_PR-48/target/ldap.hpi
[2020-08-05T20:06:07.664Z] [INFO] Building jar: /home/jenkins/workspace/Plugins_ldap-plugin_PR-48/target/ldap.hpi
[2020-08-05T20:06:07.664Z] [INFO] 
[2020-08-05T20:06:07.664Z] [INFO] --- maven-jar-plugin:3.2.0:test-jar (maybe-test-jar) @ ldap ---
[2020-08-05T20:06:08.600Z] [INFO] Skipping packaging of the test-jar
[2020-08-05T20:06:08.600Z] [INFO] 
[2020-08-05T20:06:08.600Z] [INFO] --- maven-source-plugin:3.2.1:jar-no-fork (attach-sources) @ ldap ---
[2020-08-05T20:06:08.600Z] [INFO] Building jar: /home/jenkins/workspace/Plugins_ldap-plugin_PR-48/target/ldap-sources.jar
[2020-08-05T20:06:08.600Z] [INFO] 
[2020-08-05T20:06:08.600Z] [INFO] --- maven-source-plugin:3.2.1:test-jar-no-fork (attach-test-sources) @ ldap ---
[2020-08-05T20:06:08.600Z] [INFO] Skipping source per configuration.
[2020-08-05T20:06:08.600Z] [INFO] 
[2020-08-05T20:06:08.600Z] [INFO] --- maven-javadoc-plugin:3.2.0:jar (attach-javadocs) @ ldap ---
[2020-08-05T20:06:11.887Z] [INFO] No previous run data found, generating javadoc.
[2020-08-05T20:06:13.796Z] [INFO] 
[2020-08-05T20:06:13.796Z] 100 warnings
[2020-08-05T20:06:13.796Z] [WARNING] Javadoc Warnings
[2020-08-05T20:06:13.796Z] [WARNING] /home/jenkins/workspace/Plugins_ldap-plugin_PR-48/src/main/java/hudson/security/LDAPSecurityRealm.java:480: warning: no @param for server
[2020-08-05T20:06:13.796Z] [WARNING] public LDAPSecurityRealm(String server, String rootDN, String userSearchBase, String userSearch, String groupSearchBase, String groupSearchFilter, LDAPGroupMembershipStrategy groupMembershipStrategy, String managerDN, Secret managerPasswordSecret, boolean inhibitInferRootDN, boolean disableMailAddressResolver, CacheConfiguration cache, EnvironmentProperty[] environmentProperties, String displayNameAttributeName, String mailAddressAttributeName) {
[2020-08-05T20:06:13.796Z] [WARNING] ^
[2020-08-05T20:06:13.796Z] [WARNING] /home/jenkins/workspace/Plugins_ldap-plugin_PR-48/src/main/java/hudson/security/LDAPSecurityRealm.java:480: warning: no @param for rootDN
[2020-08-05T20:06:13.796Z] [WARNING] public LDAPSecurityRealm(String server, String rootDN, String userSearchBase, String userSearch, String groupSearchBase, String groupSearchFilter, LDAPGroupMembershipStrategy groupMembershipStrategy, String managerDN, Secret managerPasswordSecret, boolean inhibitInferRootDN, boolean disableMailAddressResolver, CacheConfiguration cache, EnvironmentProperty[] environmentProperties, String displayNameAttributeName, String mailAddressAttributeName) {
[2020-08-05T20:06:13.796Z] [WARNING] ^
[2020-08-05T20:06:13.796Z] [WARNING] /home/jenkins/workspace/Plugins_ldap-plugin_PR-48/src/main/java/hudson/security/LDAPSecurityRealm.java:480: warning: no @param for userSearchBase
[2020-08-05T20:06:13.796Z] [WARNING] public LDAPSecurityRealm(String server, String rootDN, String userSearchBase, String userSearch, String groupSearchBase, String groupSearchFilter, LDAPGroupMembershipStrategy groupMembershipStrategy, String managerDN, Secret managerPasswordSecret, boolean inhibitInferRootDN, boolean disableMailAddressResolver, CacheConfiguration cache, EnvironmentProperty[] environmentProperties, String displayNameAttributeName, String mailAddressAttributeName) {
[2020-08-05T20:06:13.796Z] [WARNING] ^
[2020-08-05T20:06:13.796Z] [WARNING] /home/jenkins/workspace/Plugins_ldap-plugin_PR-48/src/main/java/hudson/security/LDAPSecurityRealm.java:480: warning: no @param for userSearch
[2020-08-05T20:06:13.796Z] [WARNING] public LDAPSecurityRealm(String server, String rootDN, String userSearchBase, String userSearch, String groupSearchBase, String groupSearchFilter, LDAPGroupMembershipStrategy groupMembershipStrategy, String managerDN, Secret managerPasswordSecret, boolean inhibitInferRootDN, boolean disableMailAddressResolver, CacheConfiguration cache, EnvironmentProperty[] environmentProperties, String displayNameAttributeName, String mailAddressAttributeName) {
[2020-08-05T20:06:13.796Z] [WARNING] ^
[2020-08-05T20:06:13.796Z] [WARNING] /home/jenkins/workspace/Plugins_ldap-plugin_PR-48/src/main/java/hudson/security/LDAPSecurityRealm.java:480: warning: no @param for groupSearchBase
[2020-08-05T20:06:13.796Z] [WARNING] public LDAPSecurityRealm(String server, String rootDN, String userSearchBase, String userSearch, String groupSearchBase, String groupSearchFilter, LDAPGroupMembershipStrategy groupMembershipStrategy, String managerDN, Secret managerPasswordSecret, boolean inhibitInferRootDN, boolean disableMailAddressResolver, CacheConfiguration cache, EnvironmentProperty[] environmentProperties, String displayNameAttributeName, String mailAddressAttributeName) {
[2020-08-05T20:06:13.796Z] [WARNING] ^
[2020-08-05T20:06:13.797Z] [WARNING] /home/jenkins/workspace/Plugins_ldap-plugin_PR-48/src/main/java/hudson/security/LDAPSecurityRealm.java:480: warning: no @param for groupSearchFilter
[2020-08-05T20:06:13.797Z] [WARNING] public LDAPSecurityRealm(String server, String rootDN, String userSearchBase, String userSearch, String groupSearchBase, String groupSearchFilter, LDAPGroupMembershipStrategy groupMembershipStrategy, String managerDN, Secret managerPasswordSecret, boolean inhibitInferRootDN, boolean disableMailAddressResolver, CacheConfiguration cache, EnvironmentProperty[] environmentProperties, String displayNameAttributeName, String mailAddressAttributeName) {
[2020-08-05T20:06:13.797Z] [WARNING] ^
[2020-08-05T20:06:13.797Z] [WARNING] /home/jenkins/workspace/Plugins_ldap-plugin_PR-48/src/main/java/hudson/security/LDAPSecurityRealm.java:480: warning: no @param for groupMembershipStrategy
[2020-08-05T20:06:13.797Z] [WARNING] public LDAPSecurityRealm(String server, String rootDN, String userSearchBase, String userSearch, String groupSearchBase, String groupSearchFilter, LDAPGroupMembershipStrategy groupMembershipStrategy, String managerDN, Secret managerPasswordSecret, boolean inhibitInferRootDN, boolean disableMailAddressResolver, CacheConfiguration cache, EnvironmentProperty[] environmentProperties, String displayNameAttributeName, String mailAddressAttributeName) {
[2020-08-05T20:06:13.797Z] [WARNING] ^
[2020-08-05T20:06:13.797Z] [WARNING] /home/jenkins/workspace/Plugins_ldap-plugin_PR-48/src/main/java/hudson/security/LDAPSecurityRealm.java:480: warning: no @param for managerDN
[2020-08-05T20:06:13.797Z] [WARNING] public LDAPSecurityRealm(String server, String rootDN, String userSearchBase, String userSearch, String groupSearchBase, String groupSearchFilter, LDAPGroupMembershipStrategy groupMembershipStrategy, String managerDN, Secret managerPasswordSecret, boolean inhibitInferRootDN, boolean disableMailAddressResolver, CacheConfiguration cache, EnvironmentProperty[] environmentProperties, String displayNameAttributeName, String mailAddressAttributeName) {
[2020-08-05T20:06:13.797Z] [WARNING] ^
[2020-08-05T20:06:13.797Z] [WARNING] /home/jenkins/workspace/Plugins_ldap-plugin_PR-48/src/main/java/hudson/security/LDAPSecurityRealm.java:480: warning: no @param for managerPasswordSecret
[2020-08-05T20:06:13.797Z] [WARNING] public LDAPSecurityRealm(String server, String rootDN, String userSearchBase, String userSearch, String groupSearchBase, String groupSearchFilter, LDAPGroupMembershipStrategy groupMembershipStrategy, String managerDN, Secret managerPasswordSecret, boolean inhibitInferRootDN, boolean disableMailAddressResolver, CacheConfiguration cache, EnvironmentProperty[] environmentProperties, String displayNameAttributeName, String mailAddressAttributeName) {
[2020-08-05T20:06:13.797Z] [WARNING] ^
[2020-08-05T20:06:13.797Z] [WARNING] /home/jenkins/workspace/Plugins_ldap-plugin_PR-48/src/main/java/hudson/security/LDAPSecurityRealm.java:480: warning: no @param for inhibitInferRootDN
[2020-08-05T20:06:13.797Z] [WARNING] public LDAPSecurityRealm(String server, String rootDN, String userSearchBase, String userSearch, String groupSearchBase, String groupSearchFilter, LDAPGroupMembershipStrategy groupMembershipStrategy, String managerDN, Secret managerPasswordSecret, boolean inhibitInferRootDN, boolean disableMailAddressResolver, CacheConfiguration cache, EnvironmentProperty[] environmentProperties, String displayNameAttributeName, String mailAddressAttributeName) {
[2020-08-05T20:06:13.797Z] [WARNING] ^
[2020-08-05T20:06:13.797Z] [WARNING] /home/jenkins/workspace/Plugins_ldap-plugin_PR-48/src/main/java/hudson/security/LDAPSecurityRealm.java:480: warning: no @param for disableMailAddressResolver
[2020-08-05T20:06:13.797Z] [WARNING] public LDAPSecurityRealm(String server, String rootDN, String userSearchBase, String userSearch, String groupSearchBase, String groupSearchFilter, LDAPGroupMembershipStrategy groupMembershipStrategy, String managerDN, Secret managerPasswordSecret, boolean inhibitInferRootDN, boolean disableMailAddressResolver, CacheConfiguration cache, EnvironmentProperty[] environmentProperties, String displayNameAttributeName, String mailAddressAttributeName) {
[2020-08-05T20:06:13.797Z] [WARNING] ^
[2020-08-05T20:06:13.797Z] [WARNING] /home/jenkins/workspace/Plugins_ldap-plugin_PR-48/src/main/java/hudson/security/LDAPSecurityRealm.java:480: warning: no @param for cache
[2020-08-05T20:06:13.797Z] [WARNING] public LDAPSecurityRealm(String server, String rootDN, String userSearchBase, String userSearch, String groupSearchBase, String groupSearchFilter, LDAPGroupMembershipStrategy groupMembershipStrategy, String managerDN, Secret managerPasswordSecret, boolean inhibitInferRootDN, boolean disableMailAddressResolver, CacheConfiguration cache, EnvironmentProperty[] environmentProperties, String displayNameAttributeName, String mailAddressAttributeName) {
[2020-08-05T20:06:13.797Z] [WARNING] ^
[2020-08-05T20:06:13.797Z] [WARNING] /home/jenkins/workspace/Plugins_ldap-plugin_PR-48/src/main/java/hudson/security/LDAPSecurityRealm.java:480: warning: no @param for environmentProperties
[2020-08-05T20:06:13.797Z] [WARNING] public LDAPSecurityRealm(String server, String rootDN, String userSearchBase, String userSearch, String groupSearchBase, String groupSearchFilter, LDAPGroupMembershipStrategy groupMembershipStrategy, String managerDN, Secret managerPasswordSecret, boolean inhibitInferRootDN, boolean disableMailAddressResolver, CacheConfiguration cache, EnvironmentProperty[] environmentProperties, String displayNameAttributeName, String mailAddressAttributeName) {
[2020-08-05T20:06:13.797Z] [WARNING] ^
[2020-08-05T20:06:13.797Z] [WARNING] /home/jenkins/workspace/Plugins_ldap-plugin_PR-48/src/main/java/hudson/security/LDAPSecurityRealm.java:480: warning: no @param for displayNameAttributeName
[2020-08-05T20:06:13.797Z] [WARNING] public LDAPSecurityRealm(String server, String rootDN, String userSearchBase, String userSearch, String groupSearchBase, String groupSearchFilter, LDAPGroupMembershipStrategy groupMembershipStrategy, String managerDN, Secret managerPasswordSecret, boolean inhibitInferRootDN, boolean disableMailAddressResolver, CacheConfiguration cache, EnvironmentProperty[] environmentProperties, String displayNameAttributeName, String mailAddressAttributeName) {
[2020-08-05T20:06:13.797Z] [WARNING] ^
[2020-08-05T20:06:13.797Z] [WARNING] /home/jenkins/workspace/Plugins_ldap-plugin_PR-48/src/main/java/hudson/security/LDAPSecurityRealm.java:480: warning: no @param for mailAddressAttributeName
[2020-08-05T20:06:13.797Z] [WARNING] public LDAPSecurityRealm(String server, String rootDN, String userSearchBase, String userSearch, String groupSearchBase, String groupSearchFilter, LDAPGroupMembershipStrategy groupMembershipStrategy, String managerDN, Secret managerPasswordSecret, boolean inhibitInferRootDN, boolean disableMailAddressResolver, CacheConfiguration cache, EnvironmentProperty[] environmentProperties, String displayNameAttributeName, String mailAddressAttributeName) {
[2020-08-05T20:06:13.797Z] [WARNING] ^
[2020-08-05T20:06:13.797Z] [WARNING] /home/jenkins/workspace/Plugins_ldap-plugin_PR-48/src/main/java/hudson/security/LDAPSecurityRealm.java:488: warning: no @param for server
[2020-08-05T20:06:13.797Z] [WARNING] public LDAPSecurityRealm(String server, String rootDN, String userSearchBase, String userSearch, String groupSearchBase, String groupSearchFilter, LDAPGroupMembershipStrategy groupMembershipStrategy, String managerDN, Secret managerPasswordSecret, boolean inhibitInferRootDN, boolean disableMailAddressResolver, CacheConfiguration cache, EnvironmentProperty[] environmentProperties, String displayNameAttributeName, String mailAddressAttributeName, IdStrategy userIdStrategy, IdStrategy groupIdStrategy) {
[2020-08-05T20:06:13.797Z] [WARNING] ^
[2020-08-05T20:06:13.797Z] [WARNING] /home/jenkins/workspace/Plugins_ldap-plugin_PR-48/src/main/java/hudson/security/LDAPSecurityRealm.java:488: warning: no @param for rootDN
[2020-08-05T20:06:13.797Z] [WARNING] public LDAPSecurityRealm(String server, String rootDN, String userSearchBase, String userSearch, String groupSearchBase, String groupSearchFilter, LDAPGroupMembershipStrategy groupMembershipStrategy, String managerDN, Secret managerPasswordSecret, boolean inhibitInferRootDN, boolean disableMailAddressResolver, CacheConfiguration cache, EnvironmentProperty[] environmentProperties, String displayNameAttributeName, String mailAddressAttributeName, IdStrategy userIdStrategy, IdStrategy groupIdStrategy) {
[2020-08-05T20:06:13.797Z] [WARNING] ^
[2020-08-05T20:06:13.797Z] [WARNING] /home/jenkins/workspace/Plugins_ldap-plugin_PR-48/src/main/java/hudson/security/LDAPSecurityRealm.java:488: warning: no @param for userSearchBase
[2020-08-05T20:06:13.797Z] [WARNING] public LDAPSecurityRealm(String server, String rootDN, String userSearchBase, String userSearch, String groupSearchBase, String groupSearchFilter, LDAPGroupMembershipStrategy groupMembershipStrategy, String managerDN, Secret managerPasswordSecret, boolean inhibitInferRootDN, boolean disableMailAddressResolver, CacheConfiguration cache, EnvironmentProperty[] environmentProperties, String displayNameAttributeName, String mailAddressAttributeName, IdStrategy userIdStrategy, IdStrategy groupIdStrategy) {
[2020-08-05T20:06:13.797Z] [WARNING] ^
[2020-08-05T20:06:13.797Z] [WARNING] /home/jenkins/workspace/Plugins_ldap-plugin_PR-48/src/main/java/hudson/security/LDAPSecurityRealm.java:488: warning: no @param for userSearch
[2020-08-05T20:06:13.797Z] [WARNING] public LDAPSecurityRealm(String server, String rootDN, String userSearchBase, String userSearch, String groupSearchBase, String groupSearchFilter, LDAPGroupMembershipStrategy groupMembershipStrategy, String managerDN, Secret managerPasswordSecret, boolean inhibitInferRootDN, boolean disableMailAddressResolver, CacheConfiguration cache, EnvironmentProperty[] environmentProperties, String displayNameAttributeName, String mailAddressAttributeName, IdStrategy userIdStrategy, IdStrategy groupIdStrategy) {
[2020-08-05T20:06:13.797Z] [WARNING] ^
[2020-08-05T20:06:13.797Z] [WARNING] /home/jenkins/workspace/Plugins_ldap-plugin_PR-48/src/main/java/hudson/security/LDAPSecurityRealm.java:488: warning: no @param for groupSearchBase
[2020-08-05T20:06:13.797Z] [WARNING] public LDAPSecurityRealm(String server, String rootDN, String userSearchBase, String userSearch, String groupSearchBase, String groupSearchFilter, LDAPGroupMembershipStrategy groupMembershipStrategy, String managerDN, Secret managerPasswordSecret, boolean inhibitInferRootDN, boolean disableMailAddressResolver, CacheConfiguration cache, EnvironmentProperty[] environmentProperties, String displayNameAttributeName, String mailAddressAttributeName, IdStrategy userIdStrategy, IdStrategy groupIdStrategy) {
[2020-08-05T20:06:13.797Z] [WARNING] ^
[2020-08-05T20:06:13.797Z] [WARNING] /home/jenkins/workspace/Plugins_ldap-plugin_PR-48/src/main/java/hudson/security/LDAPSecurityRealm.java:488: warning: no @param for groupSearchFilter
[2020-08-05T20:06:13.797Z] [WARNING] public LDAPSecurityRealm(String server, String rootDN, String userSearchBase, String userSearch, String groupSearchBase, String groupSearchFilter, LDAPGroupMembershipStrategy groupMembershipStrategy, String managerDN, Secret managerPasswordSecret, boolean inhibitInferRootDN, boolean disableMailAddressResolver, CacheConfiguration cache, EnvironmentProperty[] environmentProperties, String displayNameAttributeName, String mailAddressAttributeName, IdStrategy userIdStrategy, IdStrategy groupIdStrategy) {
[2020-08-05T20:06:13.797Z] [WARNING] ^
[2020-08-05T20:06:13.797Z] [WARNING] /home/jenkins/workspace/Plugins_ldap-plugin_PR-48/src/main/java/hudson/security/LDAPSecurityRealm.java:488: warning: no @param for groupMembershipStrategy
[2020-08-05T20:06:13.797Z] [WARNING] public LDAPSecurityRealm(String server, String rootDN, String userSearchBase, String userSearch, String groupSearchBase, String groupSearchFilter, LDAPGroupMembershipStrategy groupMembershipStrategy, String managerDN, Secret managerPasswordSecret, boolean inhibitInferRootDN, boolean disableMailAddressResolver, CacheConfiguration cache, EnvironmentProperty[] environmentProperties, String displayNameAttributeName, String mailAddressAttributeName, IdStrategy userIdStrategy, IdStrategy groupIdStrategy) {
[2020-08-05T20:06:13.797Z] [WARNING] ^
[2020-08-05T20:06:13.797Z] [WARNING] /home/jenkins/workspace/Plugins_ldap-plugin_PR-48/src/main/java/hudson/security/LDAPSecurityRealm.java:488: warning: no @param for managerDN
[2020-08-05T20:06:13.797Z] [WARNING] public LDAPSecurityRealm(String server, String rootDN, String userSearchBase, String userSearch, String groupSearchBase, String groupSearchFilter, LDAPGroupMembershipStrategy groupMembershipStrategy, String managerDN, Secret managerPasswordSecret, boolean inhibitInferRootDN, boolean disableMailAddressResolver, CacheConfiguration cache, EnvironmentProperty[] environmentProperties, String displayNameAttributeName, String mailAddressAttributeName, IdStrategy userIdStrategy, IdStrategy groupIdStrategy) {
[2020-08-05T20:06:13.797Z] [WARNING] ^
[2020-08-05T20:06:13.797Z] [WARNING] /home/jenkins/workspace/Plugins_ldap-plugin_PR-48/src/main/java/hudson/security/LDAPSecurityRealm.java:488: warning: no @param for managerPasswordSecret
[2020-08-05T20:06:13.797Z] [WARNING] public LDAPSecurityRealm(String server, String rootDN, String userSearchBase, String userSearch, String groupSearchBase, String groupSearchFilter, LDAPGroupMembershipStrategy groupMembershipStrategy, String managerDN, Secret managerPasswordSecret, boolean inhibitInferRootDN, boolean disableMailAddressResolver, CacheConfiguration cache, EnvironmentProperty[] environmentProperties, String displayNameAttributeName, String mailAddressAttributeName, IdStrategy userIdStrategy, IdStrategy groupIdStrategy) {
[2020-08-05T20:06:13.797Z] [WARNING] ^
[2020-08-05T20:06:13.797Z] [WARNING] /home/jenkins/workspace/Plugins_ldap-plugin_PR-48/src/main/java/hudson/security/LDAPSecurityRealm.java:488: warning: no @param for inhibitInferRootDN
[2020-08-05T20:06:13.797Z] [WARNING] public LDAPSecurityRealm(String server, String rootDN, String userSearchBase, String userSearch, String groupSearchBase, String groupSearchFilter, LDAPGroupMembershipStrategy groupMembershipStrategy, String managerDN, Secret managerPasswordSecret, boolean inhibitInferRootDN, boolean disableMailAddressResolver, CacheConfiguration cache, EnvironmentProperty[] environmentProperties, String displayNameAttributeName, String mailAddressAttributeName, IdStrategy userIdStrategy, IdStrategy groupIdStrategy) {
[2020-08-05T20:06:13.797Z] [WARNING] ^
[2020-08-05T20:06:13.797Z] [WARNING] /home/jenkins/workspace/Plugins_ldap-plugin_PR-48/src/main/java/hudson/security/LDAPSecurityRealm.java:488: warning: no @param for disableMailAddressResolver
[2020-08-05T20:06:13.797Z] [WARNING] public LDAPSecurityRealm(String server, String rootDN, String userSearchBase, String userSearch, String groupSearchBase, String groupSearchFilter, LDAPGroupMembershipStrategy groupMembershipStrategy, String managerDN, Secret managerPasswordSecret, boolean inhibitInferRootDN, boolean disableMailAddressResolver, CacheConfiguration cache, EnvironmentProperty[] environmentProperties, String displayNameAttributeName, String mailAddressAttributeName, IdStrategy userIdStrategy, IdStrategy groupIdStrategy) {
[2020-08-05T20:06:13.797Z] [WARNING] ^
[2020-08-05T20:06:13.797Z] [WARNING] /home/jenkins/workspace/Plugins_ldap-plugin_PR-48/src/main/java/hudson/security/LDAPSecurityRealm.java:488: warning: no @param for cache
[2020-08-05T20:06:13.797Z] [WARNING] public LDAPSecurityRealm(String server, String rootDN, String userSearchBase, String userSearch, String groupSearchBase, String groupSearchFilter, LDAPGroupMembershipStrategy groupMembershipStrategy, String managerDN, Secret managerPasswordSecret, boolean inhibitInferRootDN, boolean disableMailAddressResolver, CacheConfiguration cache, EnvironmentProperty[] environmentProperties, String displayNameAttributeName, String mailAddressAttributeName, IdStrategy userIdStrategy, IdStrategy groupIdStrategy) {
[2020-08-05T20:06:13.797Z] [WARNING] ^
[2020-08-05T20:06:13.797Z] [WARNING] /home/jenkins/workspace/Plugins_ldap-plugin_PR-48/src/main/java/hudson/security/LDAPSecurityRealm.java:488: warning: no @param for environmentProperties
[2020-08-05T20:06:13.797Z] [WARNING] public LDAPSecurityRealm(String server, String rootDN, String userSearchBase, String userSearch, String groupSearchBase, String groupSearchFilter, LDAPGroupMembershipStrategy groupMembershipStrategy, String managerDN, Secret managerPasswordSecret, boolean inhibitInferRootDN, boolean disableMailAddressResolver, CacheConfiguration cache, EnvironmentProperty[] environmentProperties, String displayNameAttributeName, String mailAddressAttributeName, IdStrategy userIdStrategy, IdStrategy groupIdStrategy) {
[2020-08-05T20:06:13.797Z] [WARNING] ^
[2020-08-05T20:06:13.797Z] [WARNING] /home/jenkins/workspace/Plugins_ldap-plugin_PR-48/src/main/java/hudson/security/LDAPSecurityRealm.java:488: warning: no @param for displayNameAttributeName
[2020-08-05T20:06:13.797Z] [WARNING] public LDAPSecurityRealm(String server, String rootDN, String userSearchBase, String userSearch, String groupSearchBase, String groupSearchFilter, LDAPGroupMembershipStrategy groupMembershipStrategy, String managerDN, Secret managerPasswordSecret, boolean inhibitInferRootDN, boolean disableMailAddressResolver, CacheConfiguration cache, EnvironmentProperty[] environmentProperties, String displayNameAttributeName, String mailAddressAttributeName, IdStrategy userIdStrategy, IdStrategy groupIdStrategy) {
[2020-08-05T20:06:13.797Z] [WARNING] ^
[2020-08-05T20:06:13.797Z] [WARNING] /home/jenkins/workspace/Plugins_ldap-plugin_PR-48/src/main/java/hudson/security/LDAPSecurityRealm.java:488: warning: no @param for mailAddressAttributeName
[2020-08-05T20:06:13.797Z] [WARNING] public LDAPSecurityRealm(String server, String rootDN, String userSearchBase, String userSearch, String groupSearchBase, String groupSearchFilter, LDAPGroupMembershipStrategy groupMembershipStrategy, String managerDN, Secret managerPasswordSecret, boolean inhibitInferRootDN, boolean disableMailAddressResolver, CacheConfiguration cache, EnvironmentProperty[] environmentProperties, String displayNameAttributeName, String mailAddressAttributeName, IdStrategy userIdStrategy, IdStrategy groupIdStrategy) {
[2020-08-05T20:06:13.797Z] [WARNING] ^
[2020-08-05T20:06:13.797Z] [WARNING] /home/jenkins/workspace/Plugins_ldap-plugin_PR-48/src/main/java/hudson/security/LDAPSecurityRealm.java:488: warning: no @param for userIdStrategy
[2020-08-05T20:06:13.797Z] [WARNING] public LDAPSecurityRealm(String server, String rootDN, String userSearchBase, String userSearch, String groupSearchBase, String groupSearchFilter, LDAPGroupMembershipStrategy groupMembershipStrategy, String managerDN, Secret managerPasswordSecret, boolean inhibitInferRootDN, boolean disableMailAddressResolver, CacheConfiguration cache, EnvironmentProperty[] environmentProperties, String displayNameAttributeName, String mailAddressAttributeName, IdStrategy userIdStrategy, IdStrategy groupIdStrategy) {
[2020-08-05T20:06:13.797Z] [WARNING] ^
[2020-08-05T20:06:13.797Z] [WARNING] /home/jenkins/workspace/Plugins_ldap-plugin_PR-48/src/main/java/hudson/security/LDAPSecurityRealm.java:488: warning: no @param for groupIdStrategy
[2020-08-05T20:06:13.797Z] [WARNING] public LDAPSecurityRealm(String server, String rootDN, String userSearchBase, String userSearch, String groupSearchBase, String groupSearchFilter, LDAPGroupMembershipStrategy groupMembershipStrategy, String managerDN, Secret managerPasswordSecret, boolean inhibitInferRootDN, boolean disableMailAddressResolver, CacheConfiguration cache, EnvironmentProperty[] environmentProperties, String displayNameAttributeName, String mailAddressAttributeName, IdStrategy userIdStrategy, IdStrategy groupIdStrategy) {
[2020-08-05T20:06:13.797Z] [WARNING] ^
[2020-08-05T20:06:13.797Z] [WARNING] /home/jenkins/workspace/Plugins_ldap-plugin_PR-48/src/main/java/hudson/security/LDAPSecurityRealm.java:421: warning: no @param for server
[2020-08-05T20:06:13.797Z] [WARNING] public LDAPSecurityRealm(String server, String rootDN, String userSearchBase, String userSearch, String groupSearchBase, String managerDN, String managerPassword, boolean inhibitInferRootDN) {
[2020-08-05T20:06:13.797Z] [WARNING] ^
[2020-08-05T20:06:13.797Z] [WARNING] /home/jenkins/workspace/Plugins_ldap-plugin_PR-48/src/main/java/hudson/security/LDAPSecurityRealm.java:421: warning: no @param for rootDN
[2020-08-05T20:06:13.797Z] [WARNING] public LDAPSecurityRealm(String server, String rootDN, String userSearchBase, String userSearch, String groupSearchBase, String managerDN, String managerPassword, boolean inhibitInferRootDN) {
[2020-08-05T20:06:13.797Z] [WARNING] ^
[2020-08-05T20:06:13.797Z] [WARNING] /home/jenkins/workspace/Plugins_ldap-plugin_PR-48/src/main/java/hudson/security/LDAPSecurityRealm.java:421: warning: no @param for userSearchBase
[2020-08-05T20:06:13.797Z] [WARNING] public LDAPSecurityRealm(String server, String rootDN, String userSearchBase, String userSearch, String groupSearchBase, String managerDN, String managerPassword, boolean inhibitInferRootDN) {
[2020-08-05T20:06:13.797Z] [WARNING] ^
[2020-08-05T20:06:13.797Z] [WARNING] /home/jenkins/workspace/Plugins_ldap-plugin_PR-48/src/main/java/hudson/security/LDAPSecurityRealm.java:421: warning: no @param for userSearch
[2020-08-05T20:06:13.797Z] [WARNING] public LDAPSecurityRealm(String server, String rootDN, String userSearchBase, String userSearch, String groupSearchBase, String managerDN, String managerPassword, boolean inhibitInferRootDN) {
[2020-08-05T20:06:13.797Z] [WARNING] ^
[2020-08-05T20:06:13.797Z] [WARNING] /home/jenkins/workspace/Plugins_ldap-plugin_PR-48/src/main/java/hudson/security/LDAPSecurityRealm.java:421: warning: no @param for groupSearchBase
[2020-08-05T20:06:13.798Z] [WARNING] public LDAPSecurityRealm(String server, String rootDN, String userSearchBase, String userSearch, String groupSearchBase, String managerDN, String managerPassword, boolean inhibitInferRootDN) {
[2020-08-05T20:06:13.798Z] [WARNING] ^
[2020-08-05T20:06:13.798Z] [WARNING] /home/jenkins/workspace/Plugins_ldap-plugin_PR-48/src/main/java/hudson/security/LDAPSecurityRealm.java:421: warning: no @param for managerDN
[2020-08-05T20:06:13.798Z] [WARNING] public LDAPSecurityRealm(String server, String rootDN, String userSearchBase, String userSearch, String groupSearchBase, String managerDN, String managerPassword, boolean inhibitInferRootDN) {
[2020-08-05T20:06:13.798Z] [WARNING] ^
[2020-08-05T20:06:13.798Z] [WARNING] /home/jenkins/workspace/Plugins_ldap-plugin_PR-48/src/main/java/hudson/security/LDAPSecurityRealm.java:421: warning: no @param for managerPassword
[2020-08-05T20:06:13.798Z] [WARNING] public LDAPSecurityRealm(String server, String rootDN, String userSearchBase, String userSearch, String groupSearchBase, String managerDN, String managerPassword, boolean inhibitInferRootDN) {
[2020-08-05T20:06:13.798Z] [WARNING] ^
[2020-08-05T20:06:13.798Z] [WARNING] /home/jenkins/workspace/Plugins_ldap-plugin_PR-48/src/main/java/hudson/security/LDAPSecurityRealm.java:421: warning: no @param for inhibitInferRootDN
[2020-08-05T20:06:13.798Z] [WARNING] public LDAPSecurityRealm(String server, String rootDN, String userSearchBase, String userSearch, String groupSearchBase, String managerDN, String managerPassword, boolean inhibitInferRootDN) {
[2020-08-05T20:06:13.798Z] [WARNING] ^
[2020-08-05T20:06:13.798Z] [WARNING] /home/jenkins/workspace/Plugins_ldap-plugin_PR-48/src/main/java/hudson/security/LDAPSecurityRealm.java:429: warning: no @param for server
[2020-08-05T20:06:13.798Z] [WARNING] public LDAPSecurityRealm(String server, String rootDN, String userSearchBase, String userSearch, String groupSearchBase, String managerDN, String managerPassword, boolean inhibitInferRootDN,
[2020-08-05T20:06:13.798Z] [WARNING] ^
[2020-08-05T20:06:13.798Z] [WARNING] /home/jenkins/workspace/Plugins_ldap-plugin_PR-48/src/main/java/hudson/security/LDAPSecurityRealm.java:429: warning: no @param for rootDN
[2020-08-05T20:06:13.798Z] [WARNING] public LDAPSecurityRealm(String server, String rootDN, String userSearchBase, String userSearch, String groupSearchBase, String managerDN, String managerPassword, boolean inhibitInferRootDN,
[2020-08-05T20:06:13.798Z] [WARNING] ^
[2020-08-05T20:06:13.798Z] [WARNING] /home/jenkins/workspace/Plugins_ldap-plugin_PR-48/src/main/java/hudson/security/LDAPSecurityRealm.java:429: warning: no @param for userSearchBase
[2020-08-05T20:06:13.798Z] [WARNING] public LDAPSecurityRealm(String server, String rootDN, String userSearchBase, String userSearch, String groupSearchBase, String managerDN, String managerPassword, boolean inhibitInferRootDN,
[2020-08-05T20:06:13.798Z] [WARNING] ^
[2020-08-05T20:06:13.798Z] [WARNING] /home/jenkins/workspace/Plugins_ldap-plugin_PR-48/src/main/java/hudson/security/LDAPSecurityRealm.java:429: warning: no @param for userSearch
[2020-08-05T20:06:13.798Z] [WARNING] public LDAPSecurityRealm(String server, String rootDN, String userSearchBase, String userSearch, String groupSearchBase, String managerDN, String managerPassword, boolean inhibitInferRootDN,
[2020-08-05T20:06:13.798Z] [WARNING] ^
[2020-08-05T20:06:13.798Z] [WARNING] /home/jenkins/workspace/Plugins_ldap-plugin_PR-48/src/main/java/hudson/security/LDAPSecurityRealm.java:429: warning: no @param for groupSearchBase
[2020-08-05T20:06:13.798Z] [WARNING] public LDAPSecurityRealm(String server, String rootDN, String userSearchBase, String userSearch, String groupSearchBase, String managerDN, String managerPassword, boolean inhibitInferRootDN,
[2020-08-05T20:06:13.798Z] [WARNING] ^
[2020-08-05T20:06:13.798Z] [WARNING] /home/jenkins/workspace/Plugins_ldap-plugin_PR-48/src/main/java/hudson/security/LDAPSecurityRealm.java:429: warning: no @param for managerDN
[2020-08-05T20:06:13.798Z] [WARNING] public LDAPSecurityRealm(String server, String rootDN, String userSearchBase, String userSearch, String groupSearchBase, String managerDN, String managerPassword, boolean inhibitInferRootDN,
[2020-08-05T20:06:13.798Z] [WARNING] ^
[2020-08-05T20:06:13.798Z] [WARNING] /home/jenkins/workspace/Plugins_ldap-plugin_PR-48/src/main/java/hudson/security/LDAPSecurityRealm.java:429: warning: no @param for managerPassword
[2020-08-05T20:06:13.798Z] [WARNING] public LDAPSecurityRealm(String server, String rootDN, String userSearchBase, String userSearch, String groupSearchBase, String managerDN, String managerPassword, boolean inhibitInferRootDN,
[2020-08-05T20:06:13.798Z] [WARNING] ^
[2020-08-05T20:06:13.798Z] [WARNING] /home/jenkins/workspace/Plugins_ldap-plugin_PR-48/src/main/java/hudson/security/LDAPSecurityRealm.java:429: warning: no @param for inhibitInferRootDN
[2020-08-05T20:06:13.798Z] [WARNING] public LDAPSecurityRealm(String server, String rootDN, String userSearchBase, String userSearch, String groupSearchBase, String managerDN, String managerPassword, boolean inhibitInferRootDN,
[2020-08-05T20:06:13.798Z] [WARNING] ^
[2020-08-05T20:06:13.798Z] [WARNING] /home/jenkins/workspace/Plugins_ldap-plugin_PR-48/src/main/java/hudson/security/LDAPSecurityRealm.java:429: warning: no @param for disableMailAddressResolver
[2020-08-05T20:06:13.798Z] [WARNING] public LDAPSecurityRealm(String server, String rootDN, String userSearchBase, String userSearch, String groupSearchBase, String managerDN, String managerPassword, boolean inhibitInferRootDN,
[2020-08-05T20:06:13.798Z] [WARNING] ^
[2020-08-05T20:06:13.798Z] [WARNING] /home/jenkins/workspace/Plugins_ldap-plugin_PR-48/src/main/java/hudson/security/LDAPSecurityRealm.java:439: warning: no @param for server
[2020-08-05T20:06:13.798Z] [WARNING] public LDAPSecurityRealm(String server, String rootDN, String userSearchBase, String userSearch, String groupSearchBase, String managerDN, String managerPassword, boolean inhibitInferRootDN,
[2020-08-05T20:06:13.798Z] [WARNING] ^
[2020-08-05T20:06:13.798Z] [WARNING] /home/jenkins/workspace/Plugins_ldap-plugin_PR-48/src/main/java/hudson/security/LDAPSecurityRealm.java:439: warning: no @param for rootDN
[2020-08-05T20:06:13.798Z] [WARNING] public LDAPSecurityRealm(String server, String rootDN, String userSearchBase, String userSearch, String groupSearchBase, String managerDN, String managerPassword, boolean inhibitInferRootDN,
[2020-08-05T20:06:13.798Z] [WARNING] ^
[2020-08-05T20:06:13.798Z] [WARNING] /home/jenkins/workspace/Plugins_ldap-plugin_PR-48/src/main/java/hudson/security/LDAPSecurityRealm.java:439: warning: no @param for userSearchBase
[2020-08-05T20:06:13.798Z] [WARNING] public LDAPSecurityRealm(String server, String rootDN, String userSearchBase, String userSearch, String groupSearchBase, String managerDN, String managerPassword, boolean inhibitInferRootDN,
[2020-08-05T20:06:13.798Z] [WARNING] ^
[2020-08-05T20:06:13.798Z] [WARNING] /home/jenkins/workspace/Plugins_ldap-plugin_PR-48/src/main/java/hudson/security/LDAPSecurityRealm.java:439: warning: no @param for userSearch
[2020-08-05T20:06:13.798Z] [WARNING] public LDAPSecurityRealm(String server, String rootDN, String userSearchBase, String userSearch, String groupSearchBase, String managerDN, String managerPassword, boolean inhibitInferRootDN,
[2020-08-05T20:06:13.798Z] [WARNING] ^
[2020-08-05T20:06:13.798Z] [WARNING] /home/jenkins/workspace/Plugins_ldap-plugin_PR-48/src/main/java/hudson/security/LDAPSecurityRealm.java:439: warning: no @param for groupSearchBase
[2020-08-05T20:06:13.798Z] [WARNING] public LDAPSecurityRealm(String server, String rootDN, String userSearchBase, String userSearch, String groupSearchBase, String managerDN, String managerPassword, boolean inhibitInferRootDN,
[2020-08-05T20:06:13.798Z] [WARNING] ^
[2020-08-05T20:06:13.798Z] [WARNING] /home/jenkins/workspace/Plugins_ldap-plugin_PR-48/src/main/java/hudson/security/LDAPSecurityRealm.java:439: warning: no @param for managerDN
[2020-08-05T20:06:13.798Z] [WARNING] public LDAPSecurityRealm(String server, String rootDN, String userSearchBase, String userSearch, String groupSearchBase, String managerDN, String managerPassword, boolean inhibitInferRootDN,
[2020-08-05T20:06:13.798Z] [WARNING] ^
[2020-08-05T20:06:13.798Z] [WARNING] /home/jenkins/workspace/Plugins_ldap-plugin_PR-48/src/main/java/hudson/security/LDAPSecurityRealm.java:439: warning: no @param for managerPassword
[2020-08-05T20:06:13.798Z] [WARNING] public LDAPSecurityRealm(String server, String rootDN, String userSearchBase, String userSearch, String groupSearchBase, String managerDN, String managerPassword, boolean inhibitInferRootDN,
[2020-08-05T20:06:13.798Z] [WARNING] ^
[2020-08-05T20:06:13.798Z] [WARNING] /home/jenkins/workspace/Plugins_ldap-plugin_PR-48/src/main/java/hudson/security/LDAPSecurityRealm.java:439: warning: no @param for inhibitInferRootDN
[2020-08-05T20:06:13.798Z] [WARNING] public LDAPSecurityRealm(String server, String rootDN, String userSearchBase, String userSearch, String groupSearchBase, String managerDN, String managerPassword, boolean inhibitInferRootDN,
[2020-08-05T20:06:13.798Z] [WARNING] ^
[2020-08-05T20:06:13.798Z] [WARNING] /home/jenkins/workspace/Plugins_ldap-plugin_PR-48/src/main/java/hudson/security/LDAPSecurityRealm.java:439: warning: no @param for disableMailAddressResolver
[2020-08-05T20:06:13.798Z] [WARNING] public LDAPSecurityRealm(String server, String rootDN, String userSearchBase, String userSearch, String groupSearchBase, String managerDN, String managerPassword, boolean inhibitInferRootDN,
[2020-08-05T20:06:13.798Z] [WARNING] ^
[2020-08-05T20:06:13.798Z] [WARNING] /home/jenkins/workspace/Plugins_ldap-plugin_PR-48/src/main/java/hudson/security/LDAPSecurityRealm.java:439: warning: no @param for cache
[2020-08-05T20:06:13.798Z] [WARNING] public LDAPSecurityRealm(String server, String rootDN, String userSearchBase, String userSearch, String groupSearchBase, String managerDN, String managerPassword, boolean inhibitInferRootDN,
[2020-08-05T20:06:13.798Z] [WARNING] ^
[2020-08-05T20:06:13.798Z] [WARNING] /home/jenkins/workspace/Plugins_ldap-plugin_PR-48/src/main/java/hudson/security/LDAPSecurityRealm.java:472: warning: no @param for server
[2020-08-05T20:06:13.798Z] [WARNING] public LDAPSecurityRealm(String server, String rootDN, String userSearchBase, String userSearch, String groupSearchBase, String groupSearchFilter, String groupMembershipFilter, String managerDN, Secret managerPasswordSecret, boolean inhibitInferRootDN, boolean disableMailAddressResolver, CacheConfiguration cache, EnvironmentProperty[] environmentProperties, String displayNameAttributeName, String mailAddressAttributeName) {
[2020-08-05T20:06:13.798Z] [WARNING] ^
[2020-08-05T20:06:13.798Z] [WARNING] /home/jenkins/workspace/Plugins_ldap-plugin_PR-48/src/main/java/hudson/security/LDAPSecurityRealm.java:472: warning: no @param for rootDN
[2020-08-05T20:06:13.798Z] [WARNING] public LDAPSecurityRealm(String server, String rootDN, String userSearchBase, String userSearch, String groupSearchBase, String groupSearchFilter, String groupMembershipFilter, String managerDN, Secret managerPasswordSecret, boolean inhibitInferRootDN, boolean disableMailAddressResolver, CacheConfiguration cache, EnvironmentProperty[] environmentProperties, String displayNameAttributeName, String mailAddressAttributeName) {
[2020-08-05T20:06:13.798Z] [WARNING] ^
[2020-08-05T20:06:13.798Z] [WARNING] /home/jenkins/workspace/Plugins_ldap-plugin_PR-48/src/main/java/hudson/security/LDAPSecurityRealm.java:472: warning: no @param for userSearchBase
[2020-08-05T20:06:13.798Z] [WARNING] public LDAPSecurityRealm(String server, String rootDN, String userSearchBase, String userSearch, String groupSearchBase, String groupSearchFilter, String groupMembershipFilter, String managerDN, Secret managerPasswordSecret, boolean inhibitInferRootDN, boolean disableMailAddressResolver, CacheConfiguration cache, EnvironmentProperty[] environmentProperties, String displayNameAttributeName, String mailAddressAttributeName) {
[2020-08-05T20:06:13.798Z] [WARNING] ^
[2020-08-05T20:06:13.798Z] [WARNING] /home/jenkins/workspace/Plugins_ldap-plugin_PR-48/src/main/java/hudson/security/LDAPSecurityRealm.java:472: warning: no @param for userSearch
[2020-08-05T20:06:13.798Z] [WARNING] public LDAPSecurityRealm(String server, String rootDN, String userSearchBase, String userSearch, String groupSearchBase, String groupSearchFilter, String groupMembershipFilter, String managerDN, Secret managerPasswordSecret, boolean inhibitInferRootDN, boolean disableMailAddressResolver, CacheConfiguration cache, EnvironmentProperty[] environmentProperties, String displayNameAttributeName, String mailAddressAttributeName) {
[2020-08-05T20:06:13.798Z] [WARNING] ^
[2020-08-05T20:06:13.798Z] [WARNING] /home/jenkins/workspace/Plugins_ldap-plugin_PR-48/src/main/java/hudson/security/LDAPSecurityRealm.java:472: warning: no @param for groupSearchBase
[2020-08-05T20:06:13.798Z] [WARNING] public LDAPSecurityRealm(String server, String rootDN, String userSearchBase, String userSearch, String groupSearchBase, String groupSearchFilter, String groupMembershipFilter, String managerDN, Secret managerPasswordSecret, boolean inhibitInferRootDN, boolean disableMailAddressResolver, CacheConfiguration cache, EnvironmentProperty[] environmentProperties, String displayNameAttributeName, String mailAddressAttributeName) {
[2020-08-05T20:06:13.798Z] [WARNING] ^
[2020-08-05T20:06:13.798Z] [WARNING] /home/jenkins/workspace/Plugins_ldap-plugin_PR-48/src/main/java/hudson/security/LDAPSecurityRealm.java:472: warning: no @param for groupSearchFilter
[2020-08-05T20:06:13.798Z] [WARNING] public LDAPSecurityRealm(String server, String rootDN, String userSearchBase, String userSearch, String groupSearchBase, String groupSearchFilter, String groupMembershipFilter, String managerDN, Secret managerPasswordSecret, boolean inhibitInferRootDN, boolean disableMailAddressResolver, CacheConfiguration cache, EnvironmentProperty[] environmentProperties, String displayNameAttributeName, String mailAddressAttributeName) {
[2020-08-05T20:06:13.798Z] [WARNING] ^
[2020-08-05T20:06:13.798Z] [WARNING] /home/jenkins/workspace/Plugins_ldap-plugin_PR-48/src/main/java/hudson/security/LDAPSecurityRealm.java:472: warning: no @param for groupMembershipFilter
[2020-08-05T20:06:13.798Z] [WARNING] public LDAPSecurityRealm(String server, String rootDN, String userSearchBase, String userSearch, String groupSearchBase, String groupSearchFilter, String groupMembershipFilter, String managerDN, Secret managerPasswordSecret, boolean inhibitInferRootDN, boolean disableMailAddressResolver, CacheConfiguration cache, EnvironmentProperty[] environmentProperties, String displayNameAttributeName, String mailAddressAttributeName) {
[2020-08-05T20:06:13.798Z] [WARNING] ^
[2020-08-05T20:06:13.798Z] [WARNING] /home/jenkins/workspace/Plugins_ldap-plugin_PR-48/src/main/java/hudson/security/LDAPSecurityRealm.java:472: warning: no @param for managerDN
[2020-08-05T20:06:13.798Z] [WARNING] public LDAPSecurityRealm(String server, String rootDN, String userSearchBase, String userSearch, String groupSearchBase, String groupSearchFilter, String groupMembershipFilter, String managerDN, Secret managerPasswordSecret, boolean inhibitInferRootDN, boolean disableMailAddressResolver, CacheConfiguration cache, EnvironmentProperty[] environmentProperties, String displayNameAttributeName, String mailAddressAttributeName) {
[2020-08-05T20:06:13.798Z] [WARNING] ^
[2020-08-05T20:06:13.798Z] [WARNING] /home/jenkins/workspace/Plugins_ldap-plugin_PR-48/src/main/java/hudson/security/LDAPSecurityRealm.java:472: warning: no @param for managerPasswordSecret
[2020-08-05T20:06:13.798Z] [WARNING] public LDAPSecurityRealm(String server, String rootDN, String userSearchBase, String userSearch, String groupSearchBase, String groupSearchFilter, String groupMembershipFilter, String managerDN, Secret managerPasswordSecret, boolean inhibitInferRootDN, boolean disableMailAddressResolver, CacheConfiguration cache, EnvironmentProperty[] environmentProperties, String displayNameAttributeName, String mailAddressAttributeName) {
[2020-08-05T20:06:13.798Z] [WARNING] ^
[2020-08-05T20:06:13.798Z] [WARNING] /home/jenkins/workspace/Plugins_ldap-plugin_PR-48/src/main/java/hudson/security/LDAPSecurityRealm.java:472: warning: no @param for inhibitInferRootDN
[2020-08-05T20:06:13.798Z] [WARNING] public LDAPSecurityRealm(String server, String rootDN, String userSearchBase, String userSearch, String groupSearchBase, String groupSearchFilter, String groupMembershipFilter, String managerDN, Secret managerPasswordSecret, boolean inhibitInferRootDN, boolean disableMailAddressResolver, CacheConfiguration cache, EnvironmentProperty[] environmentProperties, String displayNameAttributeName, String mailAddressAttributeName) {
[2020-08-05T20:06:13.798Z] [WARNING] ^
[2020-08-05T20:06:13.798Z] [WARNING] /home/jenkins/workspace/Plugins_ldap-plugin_PR-48/src/main/java/hudson/security/LDAPSecurityRealm.java:472: warning: no @param for disableMailAddressResolver
[2020-08-05T20:06:13.798Z] [WARNING] public LDAPSecurityRealm(String server, String rootDN, String userSearchBase, String userSearch, String groupSearchBase, String groupSearchFilter, String groupMembershipFilter, String managerDN, Secret managerPasswordSecret, boolean inhibitInferRootDN, boolean disableMailAddressResolver, CacheConfiguration cache, EnvironmentProperty[] environmentProperties, String displayNameAttributeName, String mailAddressAttributeName) {
[2020-08-05T20:06:13.798Z] [WARNING] ^
[2020-08-05T20:06:13.798Z] [WARNING] /home/jenkins/workspace/Plugins_ldap-plugin_PR-48/src/main/java/hudson/security/LDAPSecurityRealm.java:472: warning: no @param for cache
[2020-08-05T20:06:13.798Z] [WARNING] public LDAPSecurityRealm(String server, String rootDN, String userSearchBase, String userSearch, String groupSearchBase, String groupSearchFilter, String groupMembershipFilter, String managerDN, Secret managerPasswordSecret, boolean inhibitInferRootDN, boolean disableMailAddressResolver, CacheConfiguration cache, EnvironmentProperty[] environmentProperties, String displayNameAttributeName, String mailAddressAttributeName) {
[2020-08-05T20:06:13.798Z] [WARNING] ^
[2020-08-05T20:06:13.798Z] [WARNING] /home/jenkins/workspace/Plugins_ldap-plugin_PR-48/src/main/java/hudson/security/LDAPSecurityRealm.java:472: warning: no @param for environmentProperties
[2020-08-05T20:06:13.798Z] [WARNING] public LDAPSecurityRealm(String server, String rootDN, String userSearchBase, String userSearch, String groupSearchBase, String groupSearchFilter, String groupMembershipFilter, String managerDN, Secret managerPasswordSecret, boolean inhibitInferRootDN, boolean disableMailAddressResolver, CacheConfiguration cache, EnvironmentProperty[] environmentProperties, String displayNameAttributeName, String mailAddressAttributeName) {
[2020-08-05T20:06:13.798Z] [WARNING] ^
[2020-08-05T20:06:13.798Z] [WARNING] /home/jenkins/workspace/Plugins_ldap-plugin_PR-48/src/main/java/hudson/security/LDAPSecurityRealm.java:472: warning: no @param for displayNameAttributeName
[2020-08-05T20:06:13.798Z] [WARNING] public LDAPSecurityRealm(String server, String rootDN, String userSearchBase, String userSearch, String groupSearchBase, String groupSearchFilter, String groupMembershipFilter, String managerDN, Secret managerPasswordSecret, boolean inhibitInferRootDN, boolean disableMailAddressResolver, CacheConfiguration cache, EnvironmentProperty[] environmentProperties, String displayNameAttributeName, String mailAddressAttributeName) {
[2020-08-05T20:06:13.798Z] [WARNING] ^
[2020-08-05T20:06:13.798Z] [WARNING] /home/jenkins/workspace/Plugins_ldap-plugin_PR-48/src/main/java/hudson/security/LDAPSecurityRealm.java:472: warning: no @param for mailAddressAttributeName
[2020-08-05T20:06:13.798Z] [WARNING] public LDAPSecurityRealm(String server, String rootDN, String userSearchBase, String userSearch, String groupSearchBase, String groupSearchFilter, String groupMembershipFilter, String managerDN, Secret managerPasswordSecret, boolean inhibitInferRootDN, boolean disableMailAddressResolver, CacheConfiguration cache, EnvironmentProperty[] environmentProperties, String displayNameAttributeName, String mailAddressAttributeName) {
[2020-08-05T20:06:13.798Z] [WARNING] ^
[2020-08-05T20:06:13.798Z] [WARNING] /home/jenkins/workspace/Plugins_ldap-plugin_PR-48/src/main/java/hudson/security/LDAPSecurityRealm.java:448: warning: no @param for server
[2020-08-05T20:06:13.798Z] [WARNING] public LDAPSecurityRealm(String server, String rootDN, String userSearchBase, String userSearch, String groupSearchBase, String groupSearchFilter, String groupMembershipFilter, String managerDN, String managerPassword, boolean inhibitInferRootDN, boolean disableMailAddressResolver, CacheConfiguration cache) {
[2020-08-05T20:06:13.798Z] [WARNING] ^
[2020-08-05T20:06:13.798Z] [WARNING] /home/jenkins/workspace/Plugins_ldap-plugin_PR-48/src/main/java/hudson/security/LDAPSecurityRealm.java:448: warning: no @param for rootDN
[2020-08-05T20:06:13.798Z] [WARNING] public LDAPSecurityRealm(String server, String rootDN, String userSearchBase, String userSearch, String groupSearchBase, String groupSearchFilter, String groupMembershipFilter, String managerDN, String managerPassword, boolean inhibitInferRootDN, boolean disableMailAddressResolver, CacheConfiguration cache) {
[2020-08-05T20:06:13.798Z] [WARNING] ^
[2020-08-05T20:06:13.798Z] [WARNING] /home/jenkins/workspace/Plugins_ldap-plugin_PR-48/src/main/java/hudson/security/LDAPSecurityRealm.java:448: warning: no @param for userSearchBase
[2020-08-05T20:06:13.798Z] [WARNING] public LDAPSecurityRealm(String server, String rootDN, String userSearchBase, String userSearch, String groupSearchBase, String groupSearchFilter, String groupMembershipFilter, String managerDN, String managerPassword, boolean inhibitInferRootDN, boolean disableMailAddressResolver, CacheConfiguration cache) {
[2020-08-05T20:06:13.798Z] [WARNING] ^
[2020-08-05T20:06:13.798Z] [WARNING] /home/jenkins/workspace/Plugins_ldap-plugin_PR-48/src/main/java/hudson/security/LDAPSecurityRealm.java:448: warning: no @param for userSearch
[2020-08-05T20:06:13.798Z] [WARNING] public LDAPSecurityRealm(String server, String rootDN, String userSearchBase, String userSearch, String groupSearchBase, String groupSearchFilter, String groupMembershipFilter, String managerDN, String managerPassword, boolean inhibitInferRootDN, boolean disableMailAddressResolver, CacheConfiguration cache) {
[2020-08-05T20:06:13.798Z] [WARNING] ^
[2020-08-05T20:06:13.798Z] [WARNING] /home/jenkins/workspace/Plugins_ldap-plugin_PR-48/src/main/java/hudson/security/LDAPSecurityRealm.java:448: warning: no @param for groupSearchBase
[2020-08-05T20:06:13.798Z] [WARNING] public LDAPSecurityRealm(String server, String rootDN, String userSearchBase, String userSearch, String groupSearchBase, String groupSearchFilter, String groupMembershipFilter, String managerDN, String managerPassword, boolean inhibitInferRootDN, boolean disableMailAddressResolver, CacheConfiguration cache) {
[2020-08-05T20:06:13.798Z] [WARNING] ^
[2020-08-05T20:06:13.799Z] [WARNING] /home/jenkins/workspace/Plugins_ldap-plugin_PR-48/src/main/java/hudson/security/LDAPSecurityRealm.java:448: warning: no @param for groupSearchFilter
[2020-08-05T20:06:13.799Z] [WARNING] public LDAPSecurityRealm(String server, String rootDN, String userSearchBase, String userSearch, String groupSearchBase, String groupSearchFilter, String groupMembershipFilter, String managerDN, String managerPassword, boolean inhibitInferRootDN, boolean disableMailAddressResolver, CacheConfiguration cache) {
[2020-08-05T20:06:13.799Z] [WARNING] ^
[2020-08-05T20:06:13.799Z] [WARNING] /home/jenkins/workspace/Plugins_ldap-plugin_PR-48/src/main/java/hudson/security/LDAPSecurityRealm.java:448: warning: no @param for groupMembershipFilter
[2020-08-05T20:06:13.799Z] [WARNING] public LDAPSecurityRealm(String server, String rootDN, String userSearchBase, String userSearch, String groupSearchBase, String groupSearchFilter, String groupMembershipFilter, String managerDN, String managerPassword, boolean inhibitInferRootDN, boolean disableMailAddressResolver, CacheConfiguration cache) {
[2020-08-05T20:06:13.799Z] [WARNING] ^
[2020-08-05T20:06:13.799Z] [WARNING] /home/jenkins/workspace/Plugins_ldap-plugin_PR-48/src/main/java/hudson/security/LDAPSecurityRealm.java:448: warning: no @param for managerDN
[2020-08-05T20:06:13.799Z] [WARNING] public LDAPSecurityRealm(String server, String rootDN, String userSearchBase, String userSearch, String groupSearchBase, String groupSearchFilter, String groupMembershipFilter, String managerDN, String managerPassword, boolean inhibitInferRootDN, boolean disableMailAddressResolver, CacheConfiguration cache) {
[2020-08-05T20:06:13.799Z] [WARNING] ^
[2020-08-05T20:06:13.799Z] [WARNING] /home/jenkins/workspace/Plugins_ldap-plugin_PR-48/src/main/java/hudson/security/LDAPSecurityRealm.java:448: warning: no @param for managerPassword
[2020-08-05T20:06:13.799Z] [WARNING] public LDAPSecurityRealm(String server, String rootDN, String userSearchBase, String userSearch, String groupSearchBase, String groupSearchFilter, String groupMembershipFilter, String managerDN, String managerPassword, boolean inhibitInferRootDN, boolean disableMailAddressResolver, CacheConfiguration cache) {
[2020-08-05T20:06:13.799Z] [WARNING] ^
[2020-08-05T20:06:13.799Z] [WARNING] /home/jenkins/workspace/Plugins_ldap-plugin_PR-48/src/main/java/hudson/security/LDAPSecurityRealm.java:448: warning: no @param for inhibitInferRootDN
[2020-08-05T20:06:13.799Z] [WARNING] public LDAPSecurityRealm(String server, String rootDN, String userSearchBase, String userSearch, String groupSearchBase, String groupSearchFilter, String groupMembershipFilter, String managerDN, String managerPassword, boolean inhibitInferRootDN, boolean disableMailAddressResolver, CacheConfiguration cache) {
[2020-08-05T20:06:13.799Z] [WARNING] ^
[2020-08-05T20:06:13.799Z] [WARNING] /home/jenkins/workspace/Plugins_ldap-plugin_PR-48/src/main/java/hudson/security/LDAPSecurityRealm.java:448: warning: no @param for disableMailAddressResolver
[2020-08-05T20:06:13.799Z] [WARNING] public LDAPSecurityRealm(String server, String rootDN, String userSearchBase, String userSearch, String groupSearchBase, String groupSearchFilter, String groupMembershipFilter, String managerDN, String managerPassword, boolean inhibitInferRootDN, boolean disableMailAddressResolver, CacheConfiguration cache) {
[2020-08-05T20:06:13.799Z] [WARNING] ^
[2020-08-05T20:06:13.799Z] [WARNING] /home/jenkins/workspace/Plugins_ldap-plugin_PR-48/src/main/java/hudson/security/LDAPSecurityRealm.java:448: warning: no @param for cache
[2020-08-05T20:06:13.799Z] [WARNING] public LDAPSecurityRealm(String server, String rootDN, String userSearchBase, String userSearch, String groupSearchBase, String groupSearchFilter, String groupMembershipFilter, String managerDN, String managerPassword, boolean inhibitInferRootDN, boolean disableMailAddressResolver, CacheConfiguration cache) {
[2020-08-05T20:06:13.799Z] [WARNING] ^
[2020-08-05T20:06:13.799Z] [WARNING] /home/jenkins/workspace/Plugins_ldap-plugin_PR-48/src/main/java/hudson/security/LDAPSecurityRealm.java:456: warning: no @param for server
[2020-08-05T20:06:13.799Z] [WARNING] public LDAPSecurityRealm(String server, String rootDN, String userSearchBase, String userSearch, String groupSearchBase, String groupSearchFilter, String groupMembershipFilter, String managerDN, String managerPassword, boolean inhibitInferRootDN, boolean disableMailAddressResolver, CacheConfiguration cache, EnvironmentProperty[] environmentProperties) {
[2020-08-05T20:06:13.799Z] [WARNING] ^
[2020-08-05T20:06:13.799Z] [WARNING] /home/jenkins/workspace/Plugins_ldap-plugin_PR-48/src/main/java/hudson/security/LDAPSecurityRealm.java:456: warning: no @param for rootDN
[2020-08-05T20:06:13.799Z] [WARNING] public LDAPSecurityRealm(String server, String rootDN, String userSearchBase, String userSearch, String groupSearchBase, String groupSearchFilter, String groupMembershipFilter, String managerDN, String managerPassword, boolean inhibitInferRootDN, boolean disableMailAddressResolver, CacheConfiguration cache, EnvironmentProperty[] environmentProperties) {
[2020-08-05T20:06:13.799Z] [WARNING] ^
[2020-08-05T20:06:13.799Z] [WARNING] /home/jenkins/workspace/Plugins_ldap-plugin_PR-48/src/main/java/hudson/security/LDAPSecurityRealm.java:456: warning: no @param for userSearchBase
[2020-08-05T20:06:13.799Z] [WARNING] public LDAPSecurityRealm(String server, String rootDN, String userSearchBase, String userSearch, String groupSearchBase, String groupSearchFilter, String groupMembershipFilter, String managerDN, String managerPassword, boolean inhibitInferRootDN, boolean disableMailAddressResolver, CacheConfiguration cache, EnvironmentProperty[] environmentProperties) {
[2020-08-05T20:06:13.799Z] [WARNING] ^
[2020-08-05T20:06:13.799Z] [WARNING] /home/jenkins/workspace/Plugins_ldap-plugin_PR-48/src/main/java/hudson/security/LDAPSecurityRealm.java:456: warning: no @param for userSearch
[2020-08-05T20:06:13.799Z] [WARNING] public LDAPSecurityRealm(String server, String rootDN, String userSearchBase, String userSearch, String groupSearchBase, String groupSearchFilter, String groupMembershipFilter, String managerDN, String managerPassword, boolean inhibitInferRootDN, boolean disableMailAddressResolver, CacheConfiguration cache, EnvironmentProperty[] environmentProperties) {
[2020-08-05T20:06:13.799Z] [WARNING] ^
[2020-08-05T20:06:13.799Z] [WARNING] /home/jenkins/workspace/Plugins_ldap-plugin_PR-48/src/main/java/hudson/security/LDAPSecurityRealm.java:456: warning: no @param for groupSearchBase
[2020-08-05T20:06:13.799Z] [WARNING] public LDAPSecurityRealm(String server, String rootDN, String userSearchBase, String userSearch, String groupSearchBase, String groupSearchFilter, String groupMembershipFilter, String managerDN, String managerPassword, boolean inhibitInferRootDN, boolean disableMailAddressResolver, CacheConfiguration cache, EnvironmentProperty[] environmentProperties) {
[2020-08-05T20:06:13.799Z] [WARNING] ^
[2020-08-05T20:06:13.799Z] [WARNING] /home/jenkins/workspace/Plugins_ldap-plugin_PR-48/src/main/java/hudson/security/LDAPSecurityRealm.java:456: warning: no @param for groupSearchFilter
[2020-08-05T20:06:13.799Z] [WARNING] public LDAPSecurityRealm(String server, String rootDN, String userSearchBase, String userSearch, String groupSearchBase, String groupSearchFilter, String groupMembershipFilter, String managerDN, String managerPassword, boolean inhibitInferRootDN, boolean disableMailAddressResolver, CacheConfiguration cache, EnvironmentProperty[] environmentProperties) {
[2020-08-05T20:06:13.799Z] [WARNING] ^
[2020-08-05T20:06:13.799Z] [WARNING] /home/jenkins/workspace/Plugins_ldap-plugin_PR-48/src/main/java/hudson/security/LDAPSecurityRealm.java:456: warning: no @param for groupMembershipFilter
[2020-08-05T20:06:13.799Z] [WARNING] public LDAPSecurityRealm(String server, String rootDN, String userSearchBase, String userSearch, String groupSearchBase, String groupSearchFilter, String groupMembershipFilter, String managerDN, String managerPassword, boolean inhibitInferRootDN, boolean disableMailAddressResolver, CacheConfiguration cache, EnvironmentProperty[] environmentProperties) {
[2020-08-05T20:06:13.799Z] [WARNING] ^
[2020-08-05T20:06:13.799Z] [WARNING] /home/jenkins/workspace/Plugins_ldap-plugin_PR-48/src/main/java/hudson/security/LDAPSecurityRealm.java:456: warning: no @param for managerDN
[2020-08-05T20:06:13.799Z] [WARNING] public LDAPSecurityRealm(String server, String rootDN, String userSearchBase, String userSearch, String groupSearchBase, String groupSearchFilter, String groupMembershipFilter, String managerDN, String managerPassword, boolean inhibitInferRootDN, boolean disableMailAddressResolver, CacheConfiguration cache, EnvironmentProperty[] environmentProperties) {
[2020-08-05T20:06:13.799Z] [WARNING] ^
[2020-08-05T20:06:13.799Z] [WARNING] /home/jenkins/workspace/Plugins_ldap-plugin_PR-48/src/main/java/hudson/security/LDAPSecurityRealm.java:456: warning: no @param for managerPassword
[2020-08-05T20:06:13.799Z] [WARNING] public LDAPSecurityRealm(String server, String rootDN, String userSearchBase, String userSearch, String groupSearchBase, String groupSearchFilter, String groupMembershipFilter, String managerDN, String managerPassword, boolean inhibitInferRootDN, boolean disableMailAddressResolver, CacheConfiguration cache, EnvironmentProperty[] environmentProperties) {
[2020-08-05T20:06:13.799Z] [WARNING] ^
[2020-08-05T20:06:13.799Z] [WARNING] /home/jenkins/workspace/Plugins_ldap-plugin_PR-48/src/main/java/hudson/security/LDAPSecurityRealm.java:456: warning: no @param for inhibitInferRootDN
[2020-08-05T20:06:13.799Z] [WARNING] public LDAPSecurityRealm(String server, String rootDN, String userSearchBase, String userSearch, String groupSearchBase, String groupSearchFilter, String groupMembershipFilter, String managerDN, String managerPassword, boolean inhibitInferRootDN, boolean disableMailAddressResolver, CacheConfiguration cache, EnvironmentProperty[] environmentProperties) {
[2020-08-05T20:06:13.799Z] [WARNING] ^
[2020-08-05T20:06:13.799Z] [WARNING] /home/jenkins/workspace/Plugins_ldap-plugin_PR-48/src/main/java/hudson/security/LDAPSecurityRealm.java:456: warning: no @param for disableMailAddressResolver
[2020-08-05T20:06:13.799Z] [WARNING] public LDAPSecurityRealm(String server, String rootDN, String userSearchBase, String userSearch, String groupSearchBase, String groupSearchFilter, String groupMembershipFilter, String managerDN, String managerPassword, boolean inhibitInferRootDN, boolean disableMailAddressResolver, CacheConfiguration cache, EnvironmentProperty[] environmentProperties) {
[2020-08-05T20:06:13.799Z] [WARNING] ^
[2020-08-05T20:06:13.799Z] [WARNING] /home/jenkins/workspace/Plugins_ldap-plugin_PR-48/src/main/java/hudson/security/LDAPSecurityRealm.java:456: warning: no @param for cache
[2020-08-05T20:06:13.799Z] [WARNING] public LDAPSecurityRealm(String server, String rootDN, String userSearchBase, String userSearch, String groupSearchBase, String groupSearchFilter, String groupMembershipFilter, String managerDN, String managerPassword, boolean inhibitInferRootDN, boolean disableMailAddressResolver, CacheConfiguration cache, EnvironmentProperty[] environmentProperties) {
[2020-08-05T20:06:13.799Z] [WARNING] ^
[2020-08-05T20:06:13.799Z] [WARNING] /home/jenkins/workspace/Plugins_ldap-plugin_PR-48/src/main/java/hudson/security/LDAPSecurityRealm.java:456: warning: no @param for environmentProperties
[2020-08-05T20:06:13.799Z] [WARNING] public LDAPSecurityRealm(String server, String rootDN, String userSearchBase, String userSearch, String groupSearchBase, String groupSearchFilter, String groupMembershipFilter, String managerDN, String managerPassword, boolean inhibitInferRootDN, boolean disableMailAddressResolver, CacheConfiguration cache, EnvironmentProperty[] environmentProperties) {
[2020-08-05T20:06:13.799Z] [WARNING] ^
[2020-08-05T20:06:13.799Z] [WARNING] /home/jenkins/workspace/Plugins_ldap-plugin_PR-48/src/main/java/hudson/security/LDAPSecurityRealm.java:464: warning: no @param for server
[2020-08-05T20:06:13.799Z] [WARNING] public LDAPSecurityRealm(String server, String rootDN, String userSearchBase, String userSearch, String groupSearchBase, String groupSearchFilter, String groupMembershipFilter, String managerDN, String managerPassword, boolean inhibitInferRootDN, boolean disableMailAddressResolver, CacheConfiguration cache, EnvironmentProperty[] environmentProperties, String displayNameAttributeName, String mailAddressAttributeName) {
[2020-08-05T20:06:13.799Z] [WARNING] ^
[2020-08-05T20:06:14.058Z] [INFO] Building jar: /home/jenkins/workspace/Plugins_ldap-plugin_PR-48/target/ldap-javadoc.jar
[2020-08-05T20:06:14.058Z] [INFO] 
[2020-08-05T20:06:14.058Z] [INFO] >>> spotbugs-maven-plugin:4.0.4:check (spotbugs) > :spotbugs @ ldap >>>
[2020-08-05T20:06:14.058Z] [INFO] 
[2020-08-05T20:06:14.058Z] [INFO] --- spotbugs-maven-plugin:4.0.4:spotbugs (spotbugs) @ ldap ---
[2020-08-05T20:06:16.398Z] [INFO] Tests run: 2, Failures: 0, Errors: 0, Skipped: 0, Time elapsed: 34.099 s - in hudson.security.LdapMultiEmbedded2Test
[2020-08-05T20:06:16.398Z] [INFO] Running hudson.security.LdapMultiEmbeddedTest
[2020-08-05T20:06:19.331Z] [INFO] Fork Value is true
[2020-08-05T20:06:27.465Z] [INFO] Done SpotBugs Analysis....
[2020-08-05T20:06:27.465Z] [INFO] 
[2020-08-05T20:06:27.465Z] [INFO] <<< spotbugs-maven-plugin:4.0.4:check (spotbugs) < :spotbugs @ ldap <<<
[2020-08-05T20:06:27.465Z] [INFO] 
[2020-08-05T20:06:27.465Z] [INFO] 
[2020-08-05T20:06:27.465Z] [INFO] --- spotbugs-maven-plugin:4.0.4:check (spotbugs) @ ldap ---
[2020-08-05T20:06:27.465Z] [INFO] BugInstance size is 0
[2020-08-05T20:06:27.465Z] [INFO] Error size is 0
[2020-08-05T20:06:27.465Z] [INFO] No errors/warnings found
[2020-08-05T20:06:27.465Z] [INFO] 
[2020-08-05T20:06:27.465Z] [INFO] --- maven-install-plugin:3.0.0-M1:install (default-install) @ ldap ---
[2020-08-05T20:06:27.465Z] [INFO] Installing /home/jenkins/workspace/Plugins_ldap-plugin_PR-48/target/ldap.hpi to /home/jenkins/workspace/Plugins_ldap-plugin_PR-48@tmp/m2repo/org/jenkins-ci/plugins/ldap/1.25-rc421.f083903ad945/ldap-1.25-rc421.f083903ad945.hpi
[2020-08-05T20:06:27.465Z] [INFO] Installing /home/jenkins/workspace/Plugins_ldap-plugin_PR-48/target/ldap-1.25-rc421.f083903ad945.pom to /home/jenkins/workspace/Plugins_ldap-plugin_PR-48@tmp/m2repo/org/jenkins-ci/plugins/ldap/1.25-rc421.f083903ad945/ldap-1.25-rc421.f083903ad945.pom
[2020-08-05T20:06:27.465Z] [INFO] Installing /home/jenkins/workspace/Plugins_ldap-plugin_PR-48/target/ldap.jar to /home/jenkins/workspace/Plugins_ldap-plugin_PR-48@tmp/m2repo/org/jenkins-ci/plugins/ldap/1.25-rc421.f083903ad945/ldap-1.25-rc421.f083903ad945.jar
[2020-08-05T20:06:27.465Z] [INFO] Installing /home/jenkins/workspace/Plugins_ldap-plugin_PR-48/target/ldap-sources.jar to /home/jenkins/workspace/Plugins_ldap-plugin_PR-48@tmp/m2repo/org/jenkins-ci/plugins/ldap/1.25-rc421.f083903ad945/ldap-1.25-rc421.f083903ad945-sources.jar
[2020-08-05T20:06:27.465Z] [INFO] Installing /home/jenkins/workspace/Plugins_ldap-plugin_PR-48/target/ldap-javadoc.jar to /home/jenkins/workspace/Plugins_ldap-plugin_PR-48@tmp/m2repo/org/jenkins-ci/plugins/ldap/1.25-rc421.f083903ad945/ldap-1.25-rc421.f083903ad945-javadoc.jar
[2020-08-05T20:06:27.465Z] [INFO] ------------------------------------------------------------------------
[2020-08-05T20:06:27.465Z] [INFO] BUILD SUCCESS
[2020-08-05T20:06:27.465Z] [INFO] ------------------------------------------------------------------------
[2020-08-05T20:06:27.465Z] [INFO] Total time:  10:29 min
[2020-08-05T20:06:27.465Z] [INFO] Finished at: 2020-08-05T20:06:27Z
[2020-08-05T20:06:27.465Z] [INFO] ------------------------------------------------------------------------
[2020-08-05T20:06:27.472Z] [Pipeline] }
[2020-08-05T20:06:27.494Z] [Pipeline] // withEnv
[2020-08-05T20:06:27.515Z] [Pipeline] junit
[2020-08-05T20:06:27.518Z] Recording test results
[2020-08-05T20:06:27.684Z] [Pipeline] }
[2020-08-05T20:06:27.705Z] [Pipeline] // stage
[2020-08-05T20:06:27.726Z] [Pipeline] stage
[2020-08-05T20:06:27.727Z] [Pipeline] { (Archive (linux-8))
[2020-08-05T20:06:27.794Z] [Pipeline] echo
[2020-08-05T20:06:27.794Z] Recording static analysis results on 'linux-8' using reference job 'Plugins/ldap-plugin/master'
[2020-08-05T20:06:27.796Z] [Pipeline] recordIssues
[2020-08-05T20:06:27.799Z] [Maven] Sleeping for 5 seconds due to JENKINS-32191...
[2020-08-05T20:06:32.799Z] [Maven] Parsing console log (workspace: '/home/jenkins/workspace/Plugins_ldap-plugin_PR-48')
[2020-08-05T20:06:32.807Z] [Maven] Successfully parsed console log
[2020-08-05T20:06:32.807Z] [Maven] -> found 2 issues (skipped 0 duplicates)
[2020-08-05T20:06:32.807Z] [Maven] Skipping post processing
[2020-08-05T20:06:32.807Z] [Maven] No filter has been set, publishing all 2 issues
[2020-08-05T20:06:32.810Z] [Maven] Using reference build 'Plugins/ldap-plugin/master #33' to compute new, fixed, and outstanding issues
[2020-08-05T20:06:32.810Z] [Maven] Issues delta (vs. reference build): outstanding: 2, new: 0, fixed: 4
[2020-08-05T20:06:32.810Z] [Maven] No quality gates have been set - skipping
[2020-08-05T20:06:32.810Z] [Maven] Health report is disabled - skipping
[2020-08-05T20:06:32.810Z] [Maven] Created analysis result for 2 issues (found 0 new issues, fixed 4 issues)
[2020-08-05T20:06:32.810Z] [Maven] Attaching ResultAction with ID 'maven-warnings' to run 'Plugins/ldap-plugin/PR-48 #3'.
[2020-08-05T20:06:34.011Z] [Pipeline] recordIssues
[2020-08-05T20:06:34.014Z] [Java] Sleeping for 5 seconds due to JENKINS-32191...
[2020-08-05T20:06:39.015Z] [Java] Parsing console log (workspace: '/home/jenkins/workspace/Plugins_ldap-plugin_PR-48')
[2020-08-05T20:06:39.021Z] [Java] Successfully parsed console log
[2020-08-05T20:06:39.021Z] [Java] -> found 100 issues (skipped 0 duplicates)
[2020-08-05T20:06:40.792Z] [Java] Post processing issues on 'ubuntu-jenkinsinfrae53290' with source code encoding 'UTF-8'
[2020-08-05T20:06:40.792Z] [Java] Creating SCM blamer to obtain author and commit information for affected files
[2020-08-05T20:06:40.792Z] [Java] Creating SCM miner to obtain statistics for affected repository files
[2020-08-05T20:06:40.792Z] [Java] Resolving file names for all issues in source directory '/home/jenkins/workspace/Plugins_ldap-plugin_PR-48'
[2020-08-05T20:06:40.792Z] [Java] -> resolved paths in source directory (1 found, 0 not found)
[2020-08-05T20:06:40.792Z] [Java] Resolving module names from module definitions (build.xml, pom.xml, or Manifest.mf files)
[2020-08-05T20:06:40.792Z] [Java] -> resolved module names for 100 issues
[2020-08-05T20:06:40.792Z] [Java] Resolving package names (or namespaces) by parsing the affected files
[2020-08-05T20:06:40.792Z] [Java] -> resolved package names of 1 affected files
[2020-08-05T20:06:40.792Z] [Java] Applying 1 filters on the set of 100 issues (0 issues have been removed, 100 issues will be published)
[2020-08-05T20:06:40.792Z] [Java] Creating fingerprints for all affected code blocks to track issues over different builds
[2020-08-05T20:06:40.792Z] [Java] -> created fingerprints for 100 issues (skipped 0 issues)
[2020-08-05T20:06:40.792Z] [Java] Copying affected files to Jenkins' build folder '/var/jenkins_home/jobs/Plugins/jobs/ldap-plugin/branches/PR-48/builds/3/files-with-issues'
[2020-08-05T20:06:40.792Z] [Java] -> 1 copied, 0 not in workspace, 0 not-found, 0 with I/O error
[2020-08-05T20:06:40.795Z] [Java] Using reference build 'Plugins/ldap-plugin/master #33' to compute new, fixed, and outstanding issues
[2020-08-05T20:06:40.795Z] [Java] Issues delta (vs. reference build): outstanding: 0, new: 100, fixed: 0
[2020-08-05T20:06:40.795Z] [Java] No quality gates have been set - skipping
[2020-08-05T20:06:40.795Z] [Java] Health report is disabled - skipping
[2020-08-05T20:06:40.795Z] [Java] Created analysis result for 100 issues (found 100 new issues, fixed 0 issues)
[2020-08-05T20:06:40.795Z] [Java] Attaching ResultAction with ID 'java' to run 'Plugins/ldap-plugin/PR-48 #3'.
[2020-08-05T20:06:42.409Z] [JavaDoc] Sleeping for 5 seconds due to JENKINS-32191...
[2020-08-05T20:06:47.409Z] [JavaDoc] Parsing console log (workspace: '/home/jenkins/workspace/Plugins_ldap-plugin_PR-48')
[2020-08-05T20:06:47.417Z] [JavaDoc] Successfully parsed console log
[2020-08-05T20:06:47.417Z] [JavaDoc] -> found 100 issues (skipped 0 duplicates)
[2020-08-05T20:06:47.672Z] [JavaDoc] Post processing issues on 'ubuntu-jenkinsinfrae53290' with source code encoding 'UTF-8'
[2020-08-05T20:06:47.672Z] [JavaDoc] Creating SCM blamer to obtain author and commit information for affected files
[2020-08-05T20:06:47.672Z] [JavaDoc] Creating SCM miner to obtain statistics for affected repository files
[2020-08-05T20:06:47.672Z] [JavaDoc] Resolving file names for all issues in source directory '/home/jenkins/workspace/Plugins_ldap-plugin_PR-48'
[2020-08-05T20:06:47.672Z] [JavaDoc] -> resolved paths in source directory (1 found, 0 not found)
[2020-08-05T20:06:47.672Z] [JavaDoc] Resolving module names from module definitions (build.xml, pom.xml, or Manifest.mf files)
[2020-08-05T20:06:47.672Z] [JavaDoc] -> resolved module names for 100 issues
[2020-08-05T20:06:47.672Z] [JavaDoc] Resolving package names (or namespaces) by parsing the affected files
[2020-08-05T20:06:47.672Z] [JavaDoc] -> resolved package names of 1 affected files
[2020-08-05T20:06:47.672Z] [JavaDoc] Applying 1 filters on the set of 100 issues (0 issues have been removed, 100 issues will be published)
[2020-08-05T20:06:47.672Z] [JavaDoc] Creating fingerprints for all affected code blocks to track issues over different builds
[2020-08-05T20:06:47.672Z] [JavaDoc] -> created fingerprints for 100 issues (skipped 0 issues)
[2020-08-05T20:06:47.672Z] [JavaDoc] Copying affected files to Jenkins' build folder '/var/jenkins_home/jobs/Plugins/jobs/ldap-plugin/branches/PR-48/builds/3/files-with-issues'
[2020-08-05T20:06:47.672Z] [JavaDoc] -> 0 copied, 0 not in workspace, 0 not-found, 0 with I/O error
[2020-08-05T20:06:47.674Z] [JavaDoc] Using reference build 'Plugins/ldap-plugin/master #33' to compute new, fixed, and outstanding issues
[2020-08-05T20:06:47.674Z] [JavaDoc] Issues delta (vs. reference build): outstanding: 0, new: 100, fixed: 0
[2020-08-05T20:06:47.674Z] [JavaDoc] No quality gates have been set - skipping
[2020-08-05T20:06:47.674Z] [JavaDoc] Health report is disabled - skipping
[2020-08-05T20:06:47.674Z] [JavaDoc] Created analysis result for 100 issues (found 100 new issues, fixed 0 issues)
[2020-08-05T20:06:47.674Z] [JavaDoc] Attaching ResultAction with ID 'javadoc-warnings' to run 'Plugins/ldap-plugin/PR-48 #3'.
[2020-08-05T20:06:49.324Z] [Pipeline] recordIssues
[2020-08-05T20:06:54.650Z] [SpotBugs] Searching for all files in '/home/jenkins/workspace/Plugins_ldap-plugin_PR-48' that match the pattern '**/target/spotbugsXml.xml,**/target/findbugsXml.xml'
[2020-08-05T20:06:54.650Z] [SpotBugs] -> found 1 file
[2020-08-05T20:06:54.650Z] [SpotBugs] Successfully parsed file /home/jenkins/workspace/Plugins_ldap-plugin_PR-48/target/spotbugsXml.xml
[2020-08-05T20:06:54.650Z] [SpotBugs] -> found 0 issues (skipped 0 duplicates)
[2020-08-05T20:06:54.651Z] [SpotBugs] Skipping post processing
[2020-08-05T20:06:54.651Z] [SpotBugs] No filter has been set, publishing all 0 issues
[2020-08-05T20:06:54.653Z] [SpotBugs] Using reference build 'Plugins/ldap-plugin/master #33' to compute new, fixed, and outstanding issues
[2020-08-05T20:06:54.653Z] [SpotBugs] Issues delta (vs. reference build): outstanding: 0, new: 0, fixed: 0
[2020-08-05T20:06:54.653Z] [SpotBugs] Evaluating quality gates
[2020-08-05T20:06:54.653Z] [SpotBugs] -> PASSED - New (any severity): 0 - Quality QualityGate: 1
[2020-08-05T20:06:54.653Z] [SpotBugs] -> All quality gates have been passed
[2020-08-05T20:06:54.653Z] [SpotBugs] Health report is disabled - skipping
[2020-08-05T20:06:54.653Z] [SpotBugs] Created analysis result for 0 issues (found 0 new issues, fixed 0 issues)
[2020-08-05T20:06:54.653Z] [SpotBugs] Attaching ResultAction with ID 'spotbugs' to run 'Plugins/ldap-plugin/PR-48 #3'.
[2020-08-05T20:06:55.695Z] [Pipeline] recordIssues
[2020-08-05T20:06:55.723Z] [CheckStyle] [-ERROR-] No files found for pattern '**/target/checkstyle-result.xml'. Configuration error?
[2020-08-05T20:06:55.723Z] [CheckStyle] Searching for all files in '/home/jenkins/workspace/Plugins_ldap-plugin_PR-48' that match the pattern '**/target/checkstyle-result.xml'
[2020-08-05T20:06:55.723Z] [CheckStyle] Skipping post processing
[2020-08-05T20:06:55.723Z] [CheckStyle] No filter has been set, publishing all 0 issues
[2020-08-05T20:06:55.726Z] [CheckStyle] Using reference build 'Plugins/ldap-plugin/master #33' to compute new, fixed, and outstanding issues
[2020-08-05T20:06:55.726Z] [CheckStyle] Issues delta (vs. reference build): outstanding: 0, new: 0, fixed: 0
[2020-08-05T20:06:55.726Z] [CheckStyle] Evaluating quality gates
[2020-08-05T20:06:55.726Z] [CheckStyle] -> PASSED - Total (any severity): 0 - Quality QualityGate: 1
[2020-08-05T20:06:55.726Z] [CheckStyle] -> All quality gates have been passed
[2020-08-05T20:06:55.726Z] [CheckStyle] Health report is disabled - skipping
[2020-08-05T20:06:55.726Z] [CheckStyle] Created analysis result for 0 issues (found 0 new issues, fixed 0 issues)
[2020-08-05T20:06:55.726Z] [CheckStyle] Attaching ResultAction with ID 'checkstyle' to run 'Plugins/ldap-plugin/PR-48 #3'.
[2020-08-05T20:06:56.851Z] [Pipeline] recordIssues
[2020-08-05T20:06:56.877Z] [PMD] [-ERROR-] No files found for pattern '**/target/pmd.xml'. Configuration error?
[2020-08-05T20:06:56.877Z] [PMD] Searching for all files in '/home/jenkins/workspace/Plugins_ldap-plugin_PR-48' that match the pattern '**/target/pmd.xml'
[2020-08-05T20:06:56.878Z] [PMD] Skipping post processing
[2020-08-05T20:06:56.878Z] [PMD] No filter has been set, publishing all 0 issues
[2020-08-05T20:06:56.880Z] [PMD] Using reference build 'Plugins/ldap-plugin/master #33' to compute new, fixed, and outstanding issues
[2020-08-05T20:06:56.880Z] [PMD] Issues delta (vs. reference build): outstanding: 0, new: 0, fixed: 0
[2020-08-05T20:06:56.880Z] [PMD] No quality gates have been set - skipping
[2020-08-05T20:06:56.880Z] [PMD] Health report is disabled - skipping
[2020-08-05T20:06:56.880Z] [PMD] Created analysis result for 0 issues (found 0 new issues, fixed 0 issues)
[2020-08-05T20:06:56.880Z] [PMD] Attaching ResultAction with ID 'pmd' to run 'Plugins/ldap-plugin/PR-48 #3'.
[2020-08-05T20:06:57.859Z] [Pipeline] recordIssues
[2020-08-05T20:06:57.891Z] [CPD] [-ERROR-] No files found for pattern '**/target/cpd.xml'. Configuration error?
[2020-08-05T20:06:57.891Z] [CPD] Searching for all files in '/home/jenkins/workspace/Plugins_ldap-plugin_PR-48' that match the pattern '**/target/cpd.xml'
[2020-08-05T20:06:57.891Z] [CPD] Skipping post processing
[2020-08-05T20:06:57.891Z] [CPD] No filter has been set, publishing all 0 issues
[2020-08-05T20:06:57.894Z] [CPD] Using reference build 'Plugins/ldap-plugin/master #33' to compute new, fixed, and outstanding issues
[2020-08-05T20:06:57.894Z] [CPD] Issues delta (vs. reference build): outstanding: 0, new: 0, fixed: 0
[2020-08-05T20:06:57.894Z] [CPD] No quality gates have been set - skipping
[2020-08-05T20:06:57.894Z] [CPD] Health report is disabled - skipping
[2020-08-05T20:06:57.894Z] [CPD] Created analysis result for 0 issues (found 0 new issues, fixed 0 issues)
[2020-08-05T20:06:57.894Z] [CPD] Attaching ResultAction with ID 'cpd' to run 'Plugins/ldap-plugin/PR-48 #3'.
[2020-08-05T20:06:59.222Z] [Pipeline] recordIssues
[2020-08-05T20:06:59.558Z] [Open Tasks Scanner] Searching for files in workspace '/home/jenkins/workspace/Plugins_ldap-plugin_PR-48' that match the include pattern '**/*.java' and exclude pattern '**/target/**'
[2020-08-05T20:06:59.558Z] [Open Tasks Scanner] -> found 21 files that will be scanned
[2020-08-05T20:06:59.558Z] [Open Tasks Scanner] Using the following tasks patterns:
[2020-08-05T20:06:59.558Z] -> High: ^.*(\bFIXME\b)(.*)$
[2020-08-05T20:06:59.558Z] -> Normal: ^.*(\bTODO\b)(.*)$
[2020-08-05T20:06:59.558Z] 
[2020-08-05T20:06:59.558Z] [Open Tasks Scanner] Scanning all 21 files for open tasks
[2020-08-05T20:06:59.558Z] [Open Tasks Scanner] Found a total of 4 open tasks
[2020-08-05T20:06:59.558Z] [Open Tasks Scanner] -> TODO: 4 open tasks
[2020-08-05T20:06:59.558Z] [Open Tasks Scanner] Post processing issues on 'ubuntu-jenkinsinfrae53290' with source code encoding 'UTF-8'
[2020-08-05T20:06:59.558Z] [Open Tasks Scanner] Creating SCM blamer to obtain author and commit information for affected files
[2020-08-05T20:06:59.558Z] [Open Tasks Scanner] Creating SCM miner to obtain statistics for affected repository files
[2020-08-05T20:06:59.558Z] [Open Tasks Scanner] Resolving file names for all issues in source directory '/home/jenkins/workspace/Plugins_ldap-plugin_PR-48'
[2020-08-05T20:06:59.558Z] [Open Tasks Scanner] -> resolved paths in source directory (2 found, 0 not found)
[2020-08-05T20:06:59.558Z] [Open Tasks Scanner] Resolving module names from module definitions (build.xml, pom.xml, or Manifest.mf files)
[2020-08-05T20:06:59.558Z] [Open Tasks Scanner] -> resolved module names for 4 issues
[2020-08-05T20:06:59.558Z] [Open Tasks Scanner] Resolving package names (or namespaces) by parsing the affected files
[2020-08-05T20:06:59.558Z] [Open Tasks Scanner] -> resolved package names of 2 affected files
[2020-08-05T20:06:59.558Z] [Open Tasks Scanner] No filter has been set, publishing all 4 issues
[2020-08-05T20:06:59.558Z] [Open Tasks Scanner] Creating fingerprints for all affected code blocks to track issues over different builds
[2020-08-05T20:06:59.558Z] [Open Tasks Scanner] -> created fingerprints for 4 issues (skipped 0 issues)
[2020-08-05T20:06:59.558Z] [Open Tasks Scanner] Copying affected files to Jenkins' build folder '/var/jenkins_home/jobs/Plugins/jobs/ldap-plugin/branches/PR-48/builds/3/files-with-issues'
[2020-08-05T20:06:59.558Z] [Open Tasks Scanner] -> 1 copied, 0 not in workspace, 0 not-found, 0 with I/O error
[2020-08-05T20:06:59.561Z] [Open Tasks Scanner] Using reference build 'Plugins/ldap-plugin/master #33' to compute new, fixed, and outstanding issues
[2020-08-05T20:06:59.561Z] [Open Tasks Scanner] Issues delta (vs. reference build): outstanding: 3, new: 1, fixed: 1
[2020-08-05T20:06:59.561Z] [Open Tasks Scanner] No quality gates have been set - skipping
[2020-08-05T20:06:59.561Z] [Open Tasks Scanner] Health report is disabled - skipping
[2020-08-05T20:06:59.561Z] [Open Tasks Scanner] Created analysis result for 4 issues (found 1 new issues, fixed 1 issues)
[2020-08-05T20:06:59.561Z] [Open Tasks Scanner] Attaching ResultAction with ID 'open-tasks' to run 'Plugins/ldap-plugin/PR-48 #3'.
[2020-08-05T20:07:00.754Z] [Pipeline] readFile
[2020-08-05T20:07:00.796Z] [Pipeline] dir
[2020-08-05T20:07:00.796Z] Running in /home/jenkins/workspace/Plugins_ldap-plugin_PR-48@tmp/m2repo
[2020-08-05T20:07:00.796Z] [Pipeline] {
[2020-08-05T20:07:00.820Z] [Pipeline] fingerprint
[2020-08-05T20:07:00.823Z] Recording fingerprints
[2020-08-05T20:07:01.524Z] [Pipeline] archiveArtifacts
[2020-08-05T20:07:01.529Z] Archiving artifacts
[2020-08-05T20:07:01.922Z] [Pipeline] }
[2020-08-05T20:07:01.945Z] [Pipeline] // dir
[2020-08-05T20:07:01.967Z] [Pipeline] }
[2020-08-05T20:07:01.988Z] [Pipeline] // stage
[2020-08-05T20:07:02.020Z] [Pipeline] }
[2020-08-05T20:07:02.041Z] [Pipeline] // timeout
[2020-08-05T20:07:02.065Z] [Pipeline] isUnix
[2020-08-05T20:07:02.066Z] [Pipeline] sh
[2020-08-05T20:07:02.343Z] + docker system prune --force --all
[2020-08-05T20:07:02.601Z] Deleted Images:
[2020-08-05T20:07:02.601Z] untagged: jenkins/openldap-express:9b56839e8aef
[2020-08-05T20:07:02.601Z] untagged: rroemhild/test-openldap:latest
[2020-08-05T20:07:02.601Z] untagged: rroemhild/test-openldap@sha256:6671c2a007330bfa9e8ab1d50aba7502b330d9895fd334f5b576fff842a2c96f
[2020-08-05T20:07:02.601Z] deleted: sha256:87f8b88bca9cdbbd9e8c0c5f56fdcda5dbb36738334e86f6c57b3091ff88d46d
[2020-08-05T20:07:02.601Z] deleted: sha256:6cc78f577058e055ee073e0b03b19098ab5d7d587d986993df2095128eac5d10
[2020-08-05T20:07:02.601Z] deleted: sha256:11f3940a65ab99b74c5cb368e64a41b61b56a34df8ccf34ac920725736af577e
[2020-08-05T20:07:02.601Z] deleted: sha256:8652a1a084507c1ff47d4af9f0c4a0aaf17943bff8aac45b9e6588ca4cd4476d
[2020-08-05T20:07:02.601Z] deleted: sha256:da06f572f0a38ee564b1aa3521959a76dd153b4efb378feeaa0f35069b002d97
[2020-08-05T20:07:02.601Z] deleted: sha256:83b43189420d069cbdc1421b94c396c6b74d1ad8150933d411a223b145b981ab
[2020-08-05T20:07:02.601Z] 
[2020-08-05T20:07:02.601Z] Total reclaimed space: 123.8MB
[2020-08-05T20:07:02.608Z] [Pipeline] }
[2020-08-05T20:07:02.638Z] [Pipeline] // node
[2020-08-05T20:07:02.662Z] [Pipeline] }
[2020-08-05T20:12:26.786Z] [INFO] Tests run: 19, Failures: 0, Errors: 0, Skipped: 0, Time elapsed: 370.1 s - in hudson.security.LdapMultiEmbeddedTest
[2020-08-05T20:12:26.786Z] [INFO] Running hudson.security.docker.MultiServerTest
[2020-08-05T20:12:26.786Z] [WARNING] Tests run: 1, Failures: 0, Errors: 0, Skipped: 1, Time elapsed: 0.001 s - in hudson.security.docker.MultiServerTest
[2020-08-05T20:12:26.786Z] [INFO] Running hudson.security.docker.PlanetExpressTest
[2020-08-05T20:12:26.786Z] [WARNING] Tests run: 1, Failures: 0, Errors: 0, Skipped: 1, Time elapsed: 0 s - in hudson.security.docker.PlanetExpressTest
[2020-08-05T20:12:26.786Z] [INFO] Running jenkins.security.plugins.ldap.CasCTest
[2020-08-05T20:12:28.692Z] [INFO] Tests run: 1, Failures: 0, Errors: 0, Skipped: 0, Time elapsed: 2.743 s - in jenkins.security.plugins.ldap.CasCTest
[2020-08-05T20:12:28.692Z] [INFO] Running jenkins.security.plugins.ldap.CascSecurityRealmTest
[2020-08-05T20:12:31.816Z] [INFO] Tests run: 1, Failures: 0, Errors: 0, Skipped: 0, Time elapsed: 2.665 s - in jenkins.security.plugins.ldap.CascSecurityRealmTest
[2020-08-05T20:12:31.816Z] [INFO] Running jenkins.security.plugins.ldap.LDAPConfigurationTest
[2020-08-05T20:12:39.946Z] [INFO] Tests run: 6, Failures: 0, Errors: 0, Skipped: 0, Time elapsed: 7.608 s - in jenkins.security.plugins.ldap.LDAPConfigurationTest
[2020-08-05T20:12:39.946Z] [INFO] Running jenkins.security.plugins.ldap.LDAPExtendedTemplateTest
[2020-08-05T20:13:28.423Z] [INFO] Tests run: 4, Failures: 0, Errors: 0, Skipped: 0, Time elapsed: 44.164 s - in jenkins.security.plugins.ldap.LDAPExtendedTemplateTest
[2020-08-05T20:13:28.423Z] [INFO] 
[2020-08-05T20:13:28.423Z] [INFO] Results:
[2020-08-05T20:13:28.423Z] [INFO] 
[2020-08-05T20:13:28.423Z] [WARNING] Tests run: 85, Failures: 0, Errors: 0, Skipped: 2
[2020-08-05T20:13:28.423Z] [INFO] 
[2020-08-05T20:13:28.423Z] [INFO] 
[2020-08-05T20:13:28.423Z] [INFO] --- animal-sniffer-maven-plugin:1.19:check (check) @ ldap ---
[2020-08-05T20:13:28.423Z] [INFO] Resolved signature org.codehaus.mojo.signature:java18 version as 1.0 from dependencyManagement
[2020-08-05T20:13:28.423Z] [INFO] Checking unresolved references to org.codehaus.mojo.signature:java18:1.0
[2020-08-05T20:13:30.164Z] [INFO] 
[2020-08-05T20:13:30.164Z] [INFO] --- maven-license-plugin:1.8:process (default) @ ldap ---
[2020-08-05T20:13:35.091Z] [INFO] Generated C:\Jenkins\workspace\Plugins_ldap-plugin_PR-48\target\ldap\WEB-INF\licenses.xml
[2020-08-05T20:13:35.091Z] [INFO] 
[2020-08-05T20:13:35.091Z] [INFO] --- maven-hpi-plugin:3.15:hpi (default-hpi) @ ldap ---
[2020-08-05T20:13:35.091Z] [INFO] Generating C:\Jenkins\workspace\Plugins_ldap-plugin_PR-48\target\ldap\META-INF\MANIFEST.MF
[2020-08-05T20:13:35.091Z] [INFO] Checking for attached .jar artifact ...
[2020-08-05T20:13:35.091Z] [INFO] Generating jar C:\Jenkins\workspace\Plugins_ldap-plugin_PR-48\target\ldap.jar
[2020-08-05T20:13:35.091Z] [INFO] Building jar: C:\Jenkins\workspace\Plugins_ldap-plugin_PR-48\target\ldap.jar
[2020-08-05T20:13:35.449Z] [INFO] Exploding webapp...
[2020-08-05T20:13:35.449Z] [INFO] Copy webapp webResources to C:\Jenkins\workspace\Plugins_ldap-plugin_PR-48\target\ldap
[2020-08-05T20:13:35.449Z] [INFO] Assembling webapp ldap in C:\Jenkins\workspace\Plugins_ldap-plugin_PR-48\target\ldap
[2020-08-05T20:13:35.808Z] [INFO] Bundling direct dependency acegi-security-1.0.7.jar
[2020-08-05T20:13:35.808Z] [INFO] Bundling direct dependency spring-dao-1.2.9.jar
[2020-08-05T20:13:35.808Z] [WARNING] Bundling transitive dependency oro-2.0.8.jar (via acegi-security)
[2020-08-05T20:13:35.808Z] [INFO] Generating hpi C:\Jenkins\workspace\Plugins_ldap-plugin_PR-48\target\ldap.hpi
[2020-08-05T20:13:35.808Z] [INFO] Building jar: C:\Jenkins\workspace\Plugins_ldap-plugin_PR-48\target\ldap.hpi
[2020-08-05T20:13:35.808Z] [INFO] 
[2020-08-05T20:13:35.808Z] [INFO] --- maven-jar-plugin:3.2.0:test-jar (maybe-test-jar) @ ldap ---
[2020-08-05T20:13:36.565Z] [INFO] Skipping packaging of the test-jar
[2020-08-05T20:13:36.565Z] [INFO] 
[2020-08-05T20:13:36.565Z] [INFO] --- maven-source-plugin:3.2.1:jar-no-fork (attach-sources) @ ldap ---
[2020-08-05T20:13:36.922Z] [INFO] Building jar: C:\Jenkins\workspace\Plugins_ldap-plugin_PR-48\target\ldap-sources.jar
[2020-08-05T20:13:36.922Z] [INFO] 
[2020-08-05T20:13:36.922Z] [INFO] --- maven-source-plugin:3.2.1:test-jar-no-fork (attach-test-sources) @ ldap ---
[2020-08-05T20:13:36.922Z] [INFO] Skipping source per configuration.
[2020-08-05T20:13:36.922Z] [INFO] 
[2020-08-05T20:13:36.922Z] [INFO] --- maven-javadoc-plugin:3.2.0:jar (attach-javadocs) @ ldap ---
[2020-08-05T20:13:43.051Z] [INFO] No previous run data found, generating javadoc.
[2020-08-05T20:13:54.167Z] [INFO] 
[2020-08-05T20:13:54.167Z] 100 warnings
[2020-08-05T20:13:54.167Z] [WARNING] Javadoc Warnings
[2020-08-05T20:13:54.167Z] [WARNING] C:\Jenkins\workspace\Plugins_ldap-plugin_PR-48\src\main\java\hudson\security\LDAPSecurityRealm.java:480: warning: no @param for server
[2020-08-05T20:13:54.167Z] [WARNING] public LDAPSecurityRealm(String server, String rootDN, String userSearchBase, String userSearch, String groupSearchBase, String groupSearchFilter, LDAPGroupMembershipStrategy groupMembershipStrategy, String managerDN, Secret managerPasswordSecret, boolean inhibitInferRootDN, boolean disableMailAddressResolver, CacheConfiguration cache, EnvironmentProperty[] environmentProperties, String displayNameAttributeName, String mailAddressAttributeName) {
[2020-08-05T20:13:54.167Z] [WARNING] ^
[2020-08-05T20:13:54.167Z] [WARNING] C:\Jenkins\workspace\Plugins_ldap-plugin_PR-48\src\main\java\hudson\security\LDAPSecurityRealm.java:480: warning: no @param for rootDN
[2020-08-05T20:13:54.167Z] [WARNING] public LDAPSecurityRealm(String server, String rootDN, String userSearchBase, String userSearch, String groupSearchBase, String groupSearchFilter, LDAPGroupMembershipStrategy groupMembershipStrategy, String managerDN, Secret managerPasswordSecret, boolean inhibitInferRootDN, boolean disableMailAddressResolver, CacheConfiguration cache, EnvironmentProperty[] environmentProperties, String displayNameAttributeName, String mailAddressAttributeName) {
[2020-08-05T20:13:54.167Z] [WARNING] ^
[2020-08-05T20:13:54.167Z] [WARNING] C:\Jenkins\workspace\Plugins_ldap-plugin_PR-48\src\main\java\hudson\security\LDAPSecurityRealm.java:480: warning: no @param for userSearchBase
[2020-08-05T20:13:54.167Z] [WARNING] public LDAPSecurityRealm(String server, String rootDN, String userSearchBase, String userSearch, String groupSearchBase, String groupSearchFilter, LDAPGroupMembershipStrategy groupMembershipStrategy, String managerDN, Secret managerPasswordSecret, boolean inhibitInferRootDN, boolean disableMailAddressResolver, CacheConfiguration cache, EnvironmentProperty[] environmentProperties, String displayNameAttributeName, String mailAddressAttributeName) {
[2020-08-05T20:13:54.167Z] [WARNING] ^
[2020-08-05T20:13:54.167Z] [WARNING] C:\Jenkins\workspace\Plugins_ldap-plugin_PR-48\src\main\java\hudson\security\LDAPSecurityRealm.java:480: warning: no @param for userSearch
[2020-08-05T20:13:54.167Z] [WARNING] public LDAPSecurityRealm(String server, String rootDN, String userSearchBase, String userSearch, String groupSearchBase, String groupSearchFilter, LDAPGroupMembershipStrategy groupMembershipStrategy, String managerDN, Secret managerPasswordSecret, boolean inhibitInferRootDN, boolean disableMailAddressResolver, CacheConfiguration cache, EnvironmentProperty[] environmentProperties, String displayNameAttributeName, String mailAddressAttributeName) {
[2020-08-05T20:13:54.167Z] [WARNING] ^
[2020-08-05T20:13:54.167Z] [WARNING] C:\Jenkins\workspace\Plugins_ldap-plugin_PR-48\src\main\java\hudson\security\LDAPSecurityRealm.java:480: warning: no @param for groupSearchBase
[2020-08-05T20:13:54.167Z] [WARNING] public LDAPSecurityRealm(String server, String rootDN, String userSearchBase, String userSearch, String groupSearchBase, String groupSearchFilter, LDAPGroupMembershipStrategy groupMembershipStrategy, String managerDN, Secret managerPasswordSecret, boolean inhibitInferRootDN, boolean disableMailAddressResolver, CacheConfiguration cache, EnvironmentProperty[] environmentProperties, String displayNameAttributeName, String mailAddressAttributeName) {
[2020-08-05T20:13:54.167Z] [WARNING] ^
[2020-08-05T20:13:54.167Z] [WARNING] C:\Jenkins\workspace\Plugins_ldap-plugin_PR-48\src\main\java\hudson\security\LDAPSecurityRealm.java:480: warning: no @param for groupSearchFilter
[2020-08-05T20:13:54.167Z] [WARNING] public LDAPSecurityRealm(String server, String rootDN, String userSearchBase, String userSearch, String groupSearchBase, String groupSearchFilter, LDAPGroupMembershipStrategy groupMembershipStrategy, String managerDN, Secret managerPasswordSecret, boolean inhibitInferRootDN, boolean disableMailAddressResolver, CacheConfiguration cache, EnvironmentProperty[] environmentProperties, String displayNameAttributeName, String mailAddressAttributeName) {
[2020-08-05T20:13:54.167Z] [WARNING] ^
[2020-08-05T20:13:54.167Z] [WARNING] C:\Jenkins\workspace\Plugins_ldap-plugin_PR-48\src\main\java\hudson\security\LDAPSecurityRealm.java:480: warning: no @param for groupMembershipStrategy
[2020-08-05T20:13:54.167Z] [WARNING] public LDAPSecurityRealm(String server, String rootDN, String userSearchBase, String userSearch, String groupSearchBase, String groupSearchFilter, LDAPGroupMembershipStrategy groupMembershipStrategy, String managerDN, Secret managerPasswordSecret, boolean inhibitInferRootDN, boolean disableMailAddressResolver, CacheConfiguration cache, EnvironmentProperty[] environmentProperties, String displayNameAttributeName, String mailAddressAttributeName) {
[2020-08-05T20:13:54.167Z] [WARNING] ^
[2020-08-05T20:13:54.167Z] [WARNING] C:\Jenkins\workspace\Plugins_ldap-plugin_PR-48\src\main\java\hudson\security\LDAPSecurityRealm.java:480: warning: no @param for managerDN
[2020-08-05T20:13:54.167Z] [WARNING] public LDAPSecurityRealm(String server, String rootDN, String userSearchBase, String userSearch, String groupSearchBase, String groupSearchFilter, LDAPGroupMembershipStrategy groupMembershipStrategy, String managerDN, Secret managerPasswordSecret, boolean inhibitInferRootDN, boolean disableMailAddressResolver, CacheConfiguration cache, EnvironmentProperty[] environmentProperties, String displayNameAttributeName, String mailAddressAttributeName) {
[2020-08-05T20:13:54.167Z] [WARNING] ^
[2020-08-05T20:13:54.167Z] [WARNING] C:\Jenkins\workspace\Plugins_ldap-plugin_PR-48\src\main\java\hudson\security\LDAPSecurityRealm.java:480: warning: no @param for managerPasswordSecret
[2020-08-05T20:13:54.167Z] [WARNING] public LDAPSecurityRealm(String server, String rootDN, String userSearchBase, String userSearch, String groupSearchBase, String groupSearchFilter, LDAPGroupMembershipStrategy groupMembershipStrategy, String managerDN, Secret managerPasswordSecret, boolean inhibitInferRootDN, boolean disableMailAddressResolver, CacheConfiguration cache, EnvironmentProperty[] environmentProperties, String displayNameAttributeName, String mailAddressAttributeName) {
[2020-08-05T20:13:54.167Z] [WARNING] ^
[2020-08-05T20:13:54.167Z] [WARNING] C:\Jenkins\workspace\Plugins_ldap-plugin_PR-48\src\main\java\hudson\security\LDAPSecurityRealm.java:480: warning: no @param for inhibitInferRootDN
[2020-08-05T20:13:54.167Z] [WARNING] public LDAPSecurityRealm(String server, String rootDN, String userSearchBase, String userSearch, String groupSearchBase, String groupSearchFilter, LDAPGroupMembershipStrategy groupMembershipStrategy, String managerDN, Secret managerPasswordSecret, boolean inhibitInferRootDN, boolean disableMailAddressResolver, CacheConfiguration cache, EnvironmentProperty[] environmentProperties, String displayNameAttributeName, String mailAddressAttributeName) {
[2020-08-05T20:13:54.167Z] [WARNING] ^
[2020-08-05T20:13:54.167Z] [WARNING] C:\Jenkins\workspace\Plugins_ldap-plugin_PR-48\src\main\java\hudson\security\LDAPSecurityRealm.java:480: warning: no @param for disableMailAddressResolver
[2020-08-05T20:13:54.168Z] [WARNING] public LDAPSecurityRealm(String server, String rootDN, String userSearchBase, String userSearch, String groupSearchBase, String groupSearchFilter, LDAPGroupMembershipStrategy groupMembershipStrategy, String managerDN, Secret managerPasswordSecret, boolean inhibitInferRootDN, boolean disableMailAddressResolver, CacheConfiguration cache, EnvironmentProperty[] environmentProperties, String displayNameAttributeName, String mailAddressAttributeName) {
[2020-08-05T20:13:54.168Z] [WARNING] ^
[2020-08-05T20:13:54.168Z] [WARNING] C:\Jenkins\workspace\Plugins_ldap-plugin_PR-48\src\main\java\hudson\security\LDAPSecurityRealm.java:480: warning: no @param for cache
[2020-08-05T20:13:54.168Z] [WARNING] public LDAPSecurityRealm(String server, String rootDN, String userSearchBase, String userSearch, String groupSearchBase, String groupSearchFilter, LDAPGroupMembershipStrategy groupMembershipStrategy, String managerDN, Secret managerPasswordSecret, boolean inhibitInferRootDN, boolean disableMailAddressResolver, CacheConfiguration cache, EnvironmentProperty[] environmentProperties, String displayNameAttributeName, String mailAddressAttributeName) {
[2020-08-05T20:13:54.168Z] [WARNING] ^
[2020-08-05T20:13:54.168Z] [WARNING] C:\Jenkins\workspace\Plugins_ldap-plugin_PR-48\src\main\java\hudson\security\LDAPSecurityRealm.java:480: warning: no @param for environmentProperties
[2020-08-05T20:13:54.168Z] [WARNING] public LDAPSecurityRealm(String server, String rootDN, String userSearchBase, String userSearch, String groupSearchBase, String groupSearchFilter, LDAPGroupMembershipStrategy groupMembershipStrategy, String managerDN, Secret managerPasswordSecret, boolean inhibitInferRootDN, boolean disableMailAddressResolver, CacheConfiguration cache, EnvironmentProperty[] environmentProperties, String displayNameAttributeName, String mailAddressAttributeName) {
[2020-08-05T20:13:54.168Z] [WARNING] ^
[2020-08-05T20:13:54.168Z] [WARNING] C:\Jenkins\workspace\Plugins_ldap-plugin_PR-48\src\main\java\hudson\security\LDAPSecurityRealm.java:480: warning: no @param for displayNameAttributeName
[2020-08-05T20:13:54.168Z] [WARNING] public LDAPSecurityRealm(String server, String rootDN, String userSearchBase, String userSearch, String groupSearchBase, String groupSearchFilter, LDAPGroupMembershipStrategy groupMembershipStrategy, String managerDN, Secret managerPasswordSecret, boolean inhibitInferRootDN, boolean disableMailAddressResolver, CacheConfiguration cache, EnvironmentProperty[] environmentProperties, String displayNameAttributeName, String mailAddressAttributeName) {
[2020-08-05T20:13:54.168Z] [WARNING] ^
[2020-08-05T20:13:54.168Z] [WARNING] C:\Jenkins\workspace\Plugins_ldap-plugin_PR-48\src\main\java\hudson\security\LDAPSecurityRealm.java:480: warning: no @param for mailAddressAttributeName
[2020-08-05T20:13:54.168Z] [WARNING] public LDAPSecurityRealm(String server, String rootDN, String userSearchBase, String userSearch, String groupSearchBase, String groupSearchFilter, LDAPGroupMembershipStrategy groupMembershipStrategy, String managerDN, Secret managerPasswordSecret, boolean inhibitInferRootDN, boolean disableMailAddressResolver, CacheConfiguration cache, EnvironmentProperty[] environmentProperties, String displayNameAttributeName, String mailAddressAttributeName) {
[2020-08-05T20:13:54.168Z] [WARNING] ^
[2020-08-05T20:13:54.168Z] [WARNING] C:\Jenkins\workspace\Plugins_ldap-plugin_PR-48\src\main\java\hudson\security\LDAPSecurityRealm.java:488: warning: no @param for server
[2020-08-05T20:13:54.168Z] [WARNING] public LDAPSecurityRealm(String server, String rootDN, String userSearchBase, String userSearch, String groupSearchBase, String groupSearchFilter, LDAPGroupMembershipStrategy groupMembershipStrategy, String managerDN, Secret managerPasswordSecret, boolean inhibitInferRootDN, boolean disableMailAddressResolver, CacheConfiguration cache, EnvironmentProperty[] environmentProperties, String displayNameAttributeName, String mailAddressAttributeName, IdStrategy userIdStrategy, IdStrategy groupIdStrategy) {
[2020-08-05T20:13:54.168Z] [WARNING] ^
[2020-08-05T20:13:54.168Z] [WARNING] C:\Jenkins\workspace\Plugins_ldap-plugin_PR-48\src\main\java\hudson\security\LDAPSecurityRealm.java:488: warning: no @param for rootDN
[2020-08-05T20:13:54.168Z] [WARNING] public LDAPSecurityRealm(String server, String rootDN, String userSearchBase, String userSearch, String groupSearchBase, String groupSearchFilter, LDAPGroupMembershipStrategy groupMembershipStrategy, String managerDN, Secret managerPasswordSecret, boolean inhibitInferRootDN, boolean disableMailAddressResolver, CacheConfiguration cache, EnvironmentProperty[] environmentProperties, String displayNameAttributeName, String mailAddressAttributeName, IdStrategy userIdStrategy, IdStrategy groupIdStrategy) {
[2020-08-05T20:13:54.168Z] [WARNING] ^
[2020-08-05T20:13:54.168Z] [WARNING] C:\Jenkins\workspace\Plugins_ldap-plugin_PR-48\src\main\java\hudson\security\LDAPSecurityRealm.java:488: warning: no @param for userSearchBase
[2020-08-05T20:13:54.168Z] [WARNING] public LDAPSecurityRealm(String server, String rootDN, String userSearchBase, String userSearch, String groupSearchBase, String groupSearchFilter, LDAPGroupMembershipStrategy groupMembershipStrategy, String managerDN, Secret managerPasswordSecret, boolean inhibitInferRootDN, boolean disableMailAddressResolver, CacheConfiguration cache, EnvironmentProperty[] environmentProperties, String displayNameAttributeName, String mailAddressAttributeName, IdStrategy userIdStrategy, IdStrategy groupIdStrategy) {
[2020-08-05T20:13:54.168Z] [WARNING] ^
[2020-08-05T20:13:54.168Z] [WARNING] C:\Jenkins\workspace\Plugins_ldap-plugin_PR-48\src\main\java\hudson\security\LDAPSecurityRealm.java:488: warning: no @param for userSearch
[2020-08-05T20:13:54.168Z] [WARNING] public LDAPSecurityRealm(String server, String rootDN, String userSearchBase, String userSearch, String groupSearchBase, String groupSearchFilter, LDAPGroupMembershipStrategy groupMembershipStrategy, String managerDN, Secret managerPasswordSecret, boolean inhibitInferRootDN, boolean disableMailAddressResolver, CacheConfiguration cache, EnvironmentProperty[] environmentProperties, String displayNameAttributeName, String mailAddressAttributeName, IdStrategy userIdStrategy, IdStrategy groupIdStrategy) {
[2020-08-05T20:13:54.168Z] [WARNING] ^
[2020-08-05T20:13:54.168Z] [WARNING] C:\Jenkins\workspace\Plugins_ldap-plugin_PR-48\src\main\java\hudson\security\LDAPSecurityRealm.java:488: warning: no @param for groupSearchBase
[2020-08-05T20:13:54.168Z] [WARNING] public LDAPSecurityRealm(String server, String rootDN, String userSearchBase, String userSearch, String groupSearchBase, String groupSearchFilter, LDAPGroupMembershipStrategy groupMembershipStrategy, String managerDN, Secret managerPasswordSecret, boolean inhibitInferRootDN, boolean disableMailAddressResolver, CacheConfiguration cache, EnvironmentProperty[] environmentProperties, String displayNameAttributeName, String mailAddressAttributeName, IdStrategy userIdStrategy, IdStrategy groupIdStrategy) {
[2020-08-05T20:13:54.168Z] [WARNING] ^
[2020-08-05T20:13:54.168Z] [WARNING] C:\Jenkins\workspace\Plugins_ldap-plugin_PR-48\src\main\java\hudson\security\LDAPSecurityRealm.java:488: warning: no @param for groupSearchFilter
[2020-08-05T20:13:54.168Z] [WARNING] public LDAPSecurityRealm(String server, String rootDN, String userSearchBase, String userSearch, String groupSearchBase, String groupSearchFilter, LDAPGroupMembershipStrategy groupMembershipStrategy, String managerDN, Secret managerPasswordSecret, boolean inhibitInferRootDN, boolean disableMailAddressResolver, CacheConfiguration cache, EnvironmentProperty[] environmentProperties, String displayNameAttributeName, String mailAddressAttributeName, IdStrategy userIdStrategy, IdStrategy groupIdStrategy) {
[2020-08-05T20:13:54.168Z] [WARNING] ^
[2020-08-05T20:13:54.168Z] [WARNING] C:\Jenkins\workspace\Plugins_ldap-plugin_PR-48\src\main\java\hudson\security\LDAPSecurityRealm.java:488: warning: no @param for groupMembershipStrategy
[2020-08-05T20:13:54.168Z] [WARNING] public LDAPSecurityRealm(String server, String rootDN, String userSearchBase, String userSearch, String groupSearchBase, String groupSearchFilter, LDAPGroupMembershipStrategy groupMembershipStrategy, String managerDN, Secret managerPasswordSecret, boolean inhibitInferRootDN, boolean disableMailAddressResolver, CacheConfiguration cache, EnvironmentProperty[] environmentProperties, String displayNameAttributeName, String mailAddressAttributeName, IdStrategy userIdStrategy, IdStrategy groupIdStrategy) {
[2020-08-05T20:13:54.168Z] [WARNING] ^
[2020-08-05T20:13:54.168Z] [WARNING] C:\Jenkins\workspace\Plugins_ldap-plugin_PR-48\src\main\java\hudson\security\LDAPSecurityRealm.java:488: warning: no @param for managerDN
[2020-08-05T20:13:54.168Z] [WARNING] public LDAPSecurityRealm(String server, String rootDN, String userSearchBase, String userSearch, String groupSearchBase, String groupSearchFilter, LDAPGroupMembershipStrategy groupMembershipStrategy, String managerDN, Secret managerPasswordSecret, boolean inhibitInferRootDN, boolean disableMailAddressResolver, CacheConfiguration cache, EnvironmentProperty[] environmentProperties, String displayNameAttributeName, String mailAddressAttributeName, IdStrategy userIdStrategy, IdStrategy groupIdStrategy) {
[2020-08-05T20:13:54.168Z] [WARNING] ^
[2020-08-05T20:13:54.168Z] [WARNING] C:\Jenkins\workspace\Plugins_ldap-plugin_PR-48\src\main\java\hudson\security\LDAPSecurityRealm.java:488: warning: no @param for managerPasswordSecret
[2020-08-05T20:13:54.168Z] [WARNING] public LDAPSecurityRealm(String server, String rootDN, String userSearchBase, String userSearch, String groupSearchBase, String groupSearchFilter, LDAPGroupMembershipStrategy groupMembershipStrategy, String managerDN, Secret managerPasswordSecret, boolean inhibitInferRootDN, boolean disableMailAddressResolver, CacheConfiguration cache, EnvironmentProperty[] environmentProperties, String displayNameAttributeName, String mailAddressAttributeName, IdStrategy userIdStrategy, IdStrategy groupIdStrategy) {
[2020-08-05T20:13:54.168Z] [WARNING] ^
[2020-08-05T20:13:54.168Z] [WARNING] C:\Jenkins\workspace\Plugins_ldap-plugin_PR-48\src\main\java\hudson\security\LDAPSecurityRealm.java:488: warning: no @param for inhibitInferRootDN
[2020-08-05T20:13:54.168Z] [WARNING] public LDAPSecurityRealm(String server, String rootDN, String userSearchBase, String userSearch, String groupSearchBase, String groupSearchFilter, LDAPGroupMembershipStrategy groupMembershipStrategy, String managerDN, Secret managerPasswordSecret, boolean inhibitInferRootDN, boolean disableMailAddressResolver, CacheConfiguration cache, EnvironmentProperty[] environmentProperties, String displayNameAttributeName, String mailAddressAttributeName, IdStrategy userIdStrategy, IdStrategy groupIdStrategy) {
[2020-08-05T20:13:54.168Z] [WARNING] ^
[2020-08-05T20:13:54.168Z] [WARNING] C:\Jenkins\workspace\Plugins_ldap-plugin_PR-48\src\main\java\hudson\security\LDAPSecurityRealm.java:488: warning: no @param for disableMailAddressResolver
[2020-08-05T20:13:54.168Z] [WARNING] public LDAPSecurityRealm(String server, String rootDN, String userSearchBase, String userSearch, String groupSearchBase, String groupSearchFilter, LDAPGroupMembershipStrategy groupMembershipStrategy, String managerDN, Secret managerPasswordSecret, boolean inhibitInferRootDN, boolean disableMailAddressResolver, CacheConfiguration cache, EnvironmentProperty[] environmentProperties, String displayNameAttributeName, String mailAddressAttributeName, IdStrategy userIdStrategy, IdStrategy groupIdStrategy) {
[2020-08-05T20:13:54.168Z] [WARNING] ^
[2020-08-05T20:13:54.168Z] [WARNING] C:\Jenkins\workspace\Plugins_ldap-plugin_PR-48\src\main\java\hudson\security\LDAPSecurityRealm.java:488: warning: no @param for cache
[2020-08-05T20:13:54.168Z] [WARNING] public LDAPSecurityRealm(String server, String rootDN, String userSearchBase, String userSearch, String groupSearchBase, String groupSearchFilter, LDAPGroupMembershipStrategy groupMembershipStrategy, String managerDN, Secret managerPasswordSecret, boolean inhibitInferRootDN, boolean disableMailAddressResolver, CacheConfiguration cache, EnvironmentProperty[] environmentProperties, String displayNameAttributeName, String mailAddressAttributeName, IdStrategy userIdStrategy, IdStrategy groupIdStrategy) {
[2020-08-05T20:13:54.168Z] [WARNING] ^
[2020-08-05T20:13:54.168Z] [WARNING] C:\Jenkins\workspace\Plugins_ldap-plugin_PR-48\src\main\java\hudson\security\LDAPSecurityRealm.java:488: warning: no @param for environmentProperties
[2020-08-05T20:13:54.168Z] [WARNING] public LDAPSecurityRealm(String server, String rootDN, String userSearchBase, String userSearch, String groupSearchBase, String groupSearchFilter, LDAPGroupMembershipStrategy groupMembershipStrategy, String managerDN, Secret managerPasswordSecret, boolean inhibitInferRootDN, boolean disableMailAddressResolver, CacheConfiguration cache, EnvironmentProperty[] environmentProperties, String displayNameAttributeName, String mailAddressAttributeName, IdStrategy userIdStrategy, IdStrategy groupIdStrategy) {
[2020-08-05T20:13:54.168Z] [WARNING] ^
[2020-08-05T20:13:54.168Z] [WARNING] C:\Jenkins\workspace\Plugins_ldap-plugin_PR-48\src\main\java\hudson\security\LDAPSecurityRealm.java:488: warning: no @param for displayNameAttributeName
[2020-08-05T20:13:54.168Z] [WARNING] public LDAPSecurityRealm(String server, String rootDN, String userSearchBase, String userSearch, String groupSearchBase, String groupSearchFilter, LDAPGroupMembershipStrategy groupMembershipStrategy, String managerDN, Secret managerPasswordSecret, boolean inhibitInferRootDN, boolean disableMailAddressResolver, CacheConfiguration cache, EnvironmentProperty[] environmentProperties, String displayNameAttributeName, String mailAddressAttributeName, IdStrategy userIdStrategy, IdStrategy groupIdStrategy) {
[2020-08-05T20:13:54.168Z] [WARNING] ^
[2020-08-05T20:13:54.168Z] [WARNING] C:\Jenkins\workspace\Plugins_ldap-plugin_PR-48\src\main\java\hudson\security\LDAPSecurityRealm.java:488: warning: no @param for mailAddressAttributeName
[2020-08-05T20:13:54.168Z] [WARNING] public LDAPSecurityRealm(String server, String rootDN, String userSearchBase, String userSearch, String groupSearchBase, String groupSearchFilter, LDAPGroupMembershipStrategy groupMembershipStrategy, String managerDN, Secret managerPasswordSecret, boolean inhibitInferRootDN, boolean disableMailAddressResolver, CacheConfiguration cache, EnvironmentProperty[] environmentProperties, String displayNameAttributeName, String mailAddressAttributeName, IdStrategy userIdStrategy, IdStrategy groupIdStrategy) {
[2020-08-05T20:13:54.168Z] [WARNING] ^
[2020-08-05T20:13:54.168Z] [WARNING] C:\Jenkins\workspace\Plugins_ldap-plugin_PR-48\src\main\java\hudson\security\LDAPSecurityRealm.java:488: warning: no @param for userIdStrategy
[2020-08-05T20:13:54.168Z] [WARNING] public LDAPSecurityRealm(String server, String rootDN, String userSearchBase, String userSearch, String groupSearchBase, String groupSearchFilter, LDAPGroupMembershipStrategy groupMembershipStrategy, String managerDN, Secret managerPasswordSecret, boolean inhibitInferRootDN, boolean disableMailAddressResolver, CacheConfiguration cache, EnvironmentProperty[] environmentProperties, String displayNameAttributeName, String mailAddressAttributeName, IdStrategy userIdStrategy, IdStrategy groupIdStrategy) {
[2020-08-05T20:13:54.168Z] [WARNING] ^
[2020-08-05T20:13:54.168Z] [WARNING] C:\Jenkins\workspace\Plugins_ldap-plugin_PR-48\src\main\java\hudson\security\LDAPSecurityRealm.java:488: warning: no @param for groupIdStrategy
[2020-08-05T20:13:54.168Z] [WARNING] public LDAPSecurityRealm(String server, String rootDN, String userSearchBase, String userSearch, String groupSearchBase, String groupSearchFilter, LDAPGroupMembershipStrategy groupMembershipStrategy, String managerDN, Secret managerPasswordSecret, boolean inhibitInferRootDN, boolean disableMailAddressResolver, CacheConfiguration cache, EnvironmentProperty[] environmentProperties, String displayNameAttributeName, String mailAddressAttributeName, IdStrategy userIdStrategy, IdStrategy groupIdStrategy) {
[2020-08-05T20:13:54.168Z] [WARNING] ^
[2020-08-05T20:13:54.168Z] [WARNING] C:\Jenkins\workspace\Plugins_ldap-plugin_PR-48\src\main\java\hudson\security\LDAPSecurityRealm.java:421: warning: no @param for server
[2020-08-05T20:13:54.168Z] [WARNING] public LDAPSecurityRealm(String server, String rootDN, String userSearchBase, String userSearch, String groupSearchBase, String managerDN, String managerPassword, boolean inhibitInferRootDN) {
[2020-08-05T20:13:54.168Z] [WARNING] ^
[2020-08-05T20:13:54.168Z] [WARNING] C:\Jenkins\workspace\Plugins_ldap-plugin_PR-48\src\main\java\hudson\security\LDAPSecurityRealm.java:421: warning: no @param for rootDN
[2020-08-05T20:13:54.168Z] [WARNING] public LDAPSecurityRealm(String server, String rootDN, String userSearchBase, String userSearch, String groupSearchBase, String managerDN, String managerPassword, boolean inhibitInferRootDN) {
[2020-08-05T20:13:54.168Z] [WARNING] ^
[2020-08-05T20:13:54.168Z] [WARNING] C:\Jenkins\workspace\Plugins_ldap-plugin_PR-48\src\main\java\hudson\security\LDAPSecurityRealm.java:421: warning: no @param for userSearchBase
[2020-08-05T20:13:54.168Z] [WARNING] public LDAPSecurityRealm(String server, String rootDN, String userSearchBase, String userSearch, String groupSearchBase, String managerDN, String managerPassword, boolean inhibitInferRootDN) {
[2020-08-05T20:13:54.168Z] [WARNING] ^
[2020-08-05T20:13:54.168Z] [WARNING] C:\Jenkins\workspace\Plugins_ldap-plugin_PR-48\src\main\java\hudson\security\LDAPSecurityRealm.java:421: warning: no @param for userSearch
[2020-08-05T20:13:54.168Z] [WARNING] public LDAPSecurityRealm(String server, String rootDN, String userSearchBase, String userSearch, String groupSearchBase, String managerDN, String managerPassword, boolean inhibitInferRootDN) {
[2020-08-05T20:13:54.168Z] [WARNING] ^
[2020-08-05T20:13:54.168Z] [WARNING] C:\Jenkins\workspace\Plugins_ldap-plugin_PR-48\src\main\java\hudson\security\LDAPSecurityRealm.java:421: warning: no @param for groupSearchBase
[2020-08-05T20:13:54.168Z] [WARNING] public LDAPSecurityRealm(String server, String rootDN, String userSearchBase, String userSearch, String groupSearchBase, String managerDN, String managerPassword, boolean inhibitInferRootDN) {
[2020-08-05T20:13:54.168Z] [WARNING] ^
[2020-08-05T20:13:54.168Z] [WARNING] C:\Jenkins\workspace\Plugins_ldap-plugin_PR-48\src\main\java\hudson\security\LDAPSecurityRealm.java:421: warning: no @param for managerDN
[2020-08-05T20:13:54.168Z] [WARNING] public LDAPSecurityRealm(String server, String rootDN, String userSearchBase, String userSearch, String groupSearchBase, String managerDN, String managerPassword, boolean inhibitInferRootDN) {
[2020-08-05T20:13:54.168Z] [WARNING] ^
[2020-08-05T20:13:54.168Z] [WARNING] C:\Jenkins\workspace\Plugins_ldap-plugin_PR-48\src\main\java\hudson\security\LDAPSecurityRealm.java:421: warning: no @param for managerPassword
[2020-08-05T20:13:54.168Z] [WARNING] public LDAPSecurityRealm(String server, String rootDN, String userSearchBase, String userSearch, String groupSearchBase, String managerDN, String managerPassword, boolean inhibitInferRootDN) {
[2020-08-05T20:13:54.168Z] [WARNING] ^
[2020-08-05T20:13:54.168Z] [WARNING] C:\Jenkins\workspace\Plugins_ldap-plugin_PR-48\src\main\java\hudson\security\LDAPSecurityRealm.java:421: warning: no @param for inhibitInferRootDN
[2020-08-05T20:13:54.168Z] [WARNING] public LDAPSecurityRealm(String server, String rootDN, String userSearchBase, String userSearch, String groupSearchBase, String managerDN, String managerPassword, boolean inhibitInferRootDN) {
[2020-08-05T20:13:54.168Z] [WARNING] ^
[2020-08-05T20:13:54.168Z] [WARNING] C:\Jenkins\workspace\Plugins_ldap-plugin_PR-48\src\main\java\hudson\security\LDAPSecurityRealm.java:429: warning: no @param for server
[2020-08-05T20:13:54.168Z] [WARNING] public LDAPSecurityRealm(String server, String rootDN, String userSearchBase, String userSearch, String groupSearchBase, String managerDN, String managerPassword, boolean inhibitInferRootDN,
[2020-08-05T20:13:54.168Z] [WARNING] ^
[2020-08-05T20:13:54.168Z] [WARNING] C:\Jenkins\workspace\Plugins_ldap-plugin_PR-48\src\main\java\hudson\security\LDAPSecurityRealm.java:429: warning: no @param for rootDN
[2020-08-05T20:13:54.168Z] [WARNING] public LDAPSecurityRealm(String server, String rootDN, String userSearchBase, String userSearch, String groupSearchBase, String managerDN, String managerPassword, boolean inhibitInferRootDN,
[2020-08-05T20:13:54.168Z] [WARNING] ^
[2020-08-05T20:13:54.168Z] [WARNING] C:\Jenkins\workspace\Plugins_ldap-plugin_PR-48\src\main\java\hudson\security\LDAPSecurityRealm.java:429: warning: no @param for userSearchBase
[2020-08-05T20:13:54.168Z] [WARNING] public LDAPSecurityRealm(String server, String rootDN, String userSearchBase, String userSearch, String groupSearchBase, String managerDN, String managerPassword, boolean inhibitInferRootDN,
[2020-08-05T20:13:54.168Z] [WARNING] ^
[2020-08-05T20:13:54.169Z] [WARNING] C:\Jenkins\workspace\Plugins_ldap-plugin_PR-48\src\main\java\hudson\security\LDAPSecurityRealm.java:429: warning: no @param for userSearch
[2020-08-05T20:13:54.169Z] [WARNING] public LDAPSecurityRealm(String server, String rootDN, String userSearchBase, String userSearch, String groupSearchBase, String managerDN, String managerPassword, boolean inhibitInferRootDN,
[2020-08-05T20:13:54.169Z] [WARNING] ^
[2020-08-05T20:13:54.169Z] [WARNING] C:\Jenkins\workspace\Plugins_ldap-plugin_PR-48\src\main\java\hudson\security\LDAPSecurityRealm.java:429: warning: no @param for groupSearchBase
[2020-08-05T20:13:54.169Z] [WARNING] public LDAPSecurityRealm(String server, String rootDN, String userSearchBase, String userSearch, String groupSearchBase, String managerDN, String managerPassword, boolean inhibitInferRootDN,
[2020-08-05T20:13:54.169Z] [WARNING] ^
[2020-08-05T20:13:54.169Z] [WARNING] C:\Jenkins\workspace\Plugins_ldap-plugin_PR-48\src\main\java\hudson\security\LDAPSecurityRealm.java:429: warning: no @param for managerDN
[2020-08-05T20:13:54.169Z] [WARNING] public LDAPSecurityRealm(String server, String rootDN, String userSearchBase, String userSearch, String groupSearchBase, String managerDN, String managerPassword, boolean inhibitInferRootDN,
[2020-08-05T20:13:54.169Z] [WARNING] ^
[2020-08-05T20:13:54.169Z] [WARNING] C:\Jenkins\workspace\Plugins_ldap-plugin_PR-48\src\main\java\hudson\security\LDAPSecurityRealm.java:429: warning: no @param for managerPassword
[2020-08-05T20:13:54.169Z] [WARNING] public LDAPSecurityRealm(String server, String rootDN, String userSearchBase, String userSearch, String groupSearchBase, String managerDN, String managerPassword, boolean inhibitInferRootDN,
[2020-08-05T20:13:54.169Z] [WARNING] ^
[2020-08-05T20:13:54.169Z] [WARNING] C:\Jenkins\workspace\Plugins_ldap-plugin_PR-48\src\main\java\hudson\security\LDAPSecurityRealm.java:429: warning: no @param for inhibitInferRootDN
[2020-08-05T20:13:54.169Z] [WARNING] public LDAPSecurityRealm(String server, String rootDN, String userSearchBase, String userSearch, String groupSearchBase, String managerDN, String managerPassword, boolean inhibitInferRootDN,
[2020-08-05T20:13:54.169Z] [WARNING] ^
[2020-08-05T20:13:54.169Z] [WARNING] C:\Jenkins\workspace\Plugins_ldap-plugin_PR-48\src\main\java\hudson\security\LDAPSecurityRealm.java:429: warning: no @param for disableMailAddressResolver
[2020-08-05T20:13:54.169Z] [WARNING] public LDAPSecurityRealm(String server, String rootDN, String userSearchBase, String userSearch, String groupSearchBase, String managerDN, String managerPassword, boolean inhibitInferRootDN,
[2020-08-05T20:13:54.169Z] [WARNING] ^
[2020-08-05T20:13:54.169Z] [WARNING] C:\Jenkins\workspace\Plugins_ldap-plugin_PR-48\src\main\java\hudson\security\LDAPSecurityRealm.java:439: warning: no @param for server
[2020-08-05T20:13:54.169Z] [WARNING] public LDAPSecurityRealm(String server, String rootDN, String userSearchBase, String userSearch, String groupSearchBase, String managerDN, String managerPassword, boolean inhibitInferRootDN,
[2020-08-05T20:13:54.169Z] [WARNING] ^
[2020-08-05T20:13:54.169Z] [WARNING] C:\Jenkins\workspace\Plugins_ldap-plugin_PR-48\src\main\java\hudson\security\LDAPSecurityRealm.java:439: warning: no @param for rootDN
[2020-08-05T20:13:54.169Z] [WARNING] public LDAPSecurityRealm(String server, String rootDN, String userSearchBase, String userSearch, String groupSearchBase, String managerDN, String managerPassword, boolean inhibitInferRootDN,
[2020-08-05T20:13:54.169Z] [WARNING] ^
[2020-08-05T20:13:54.169Z] [WARNING] C:\Jenkins\workspace\Plugins_ldap-plugin_PR-48\src\main\java\hudson\security\LDAPSecurityRealm.java:439: warning: no @param for userSearchBase
[2020-08-05T20:13:54.169Z] [WARNING] public LDAPSecurityRealm(String server, String rootDN, String userSearchBase, String userSearch, String groupSearchBase, String managerDN, String managerPassword, boolean inhibitInferRootDN,
[2020-08-05T20:13:54.169Z] [WARNING] ^
[2020-08-05T20:13:54.169Z] [WARNING] C:\Jenkins\workspace\Plugins_ldap-plugin_PR-48\src\main\java\hudson\security\LDAPSecurityRealm.java:439: warning: no @param for userSearch
[2020-08-05T20:13:54.169Z] [WARNING] public LDAPSecurityRealm(String server, String rootDN, String userSearchBase, String userSearch, String groupSearchBase, String managerDN, String managerPassword, boolean inhibitInferRootDN,
[2020-08-05T20:13:54.169Z] [WARNING] ^
[2020-08-05T20:13:54.169Z] [WARNING] C:\Jenkins\workspace\Plugins_ldap-plugin_PR-48\src\main\java\hudson\security\LDAPSecurityRealm.java:439: warning: no @param for groupSearchBase
[2020-08-05T20:13:54.169Z] [WARNING] public LDAPSecurityRealm(String server, String rootDN, String userSearchBase, String userSearch, String groupSearchBase, String managerDN, String managerPassword, boolean inhibitInferRootDN,
[2020-08-05T20:13:54.169Z] [WARNING] ^
[2020-08-05T20:13:54.169Z] [WARNING] C:\Jenkins\workspace\Plugins_ldap-plugin_PR-48\src\main\java\hudson\security\LDAPSecurityRealm.java:439: warning: no @param for managerDN
[2020-08-05T20:13:54.169Z] [WARNING] public LDAPSecurityRealm(String server, String rootDN, String userSearchBase, String userSearch, String groupSearchBase, String managerDN, String managerPassword, boolean inhibitInferRootDN,
[2020-08-05T20:13:54.169Z] [WARNING] ^
[2020-08-05T20:13:54.169Z] [WARNING] C:\Jenkins\workspace\Plugins_ldap-plugin_PR-48\src\main\java\hudson\security\LDAPSecurityRealm.java:439: warning: no @param for managerPassword
[2020-08-05T20:13:54.169Z] [WARNING] public LDAPSecurityRealm(String server, String rootDN, String userSearchBase, String userSearch, String groupSearchBase, String managerDN, String managerPassword, boolean inhibitInferRootDN,
[2020-08-05T20:13:54.169Z] [WARNING] ^
[2020-08-05T20:13:54.169Z] [WARNING] C:\Jenkins\workspace\Plugins_ldap-plugin_PR-48\src\main\java\hudson\security\LDAPSecurityRealm.java:439: warning: no @param for inhibitInferRootDN
[2020-08-05T20:13:54.169Z] [WARNING] public LDAPSecurityRealm(String server, String rootDN, String userSearchBase, String userSearch, String groupSearchBase, String managerDN, String managerPassword, boolean inhibitInferRootDN,
[2020-08-05T20:13:54.169Z] [WARNING] ^
[2020-08-05T20:13:54.169Z] [WARNING] C:\Jenkins\workspace\Plugins_ldap-plugin_PR-48\src\main\java\hudson\security\LDAPSecurityRealm.java:439: warning: no @param for disableMailAddressResolver
[2020-08-05T20:13:54.169Z] [WARNING] public LDAPSecurityRealm(String server, String rootDN, String userSearchBase, String userSearch, String groupSearchBase, String managerDN, String managerPassword, boolean inhibitInferRootDN,
[2020-08-05T20:13:54.169Z] [WARNING] ^
[2020-08-05T20:13:54.169Z] [WARNING] C:\Jenkins\workspace\Plugins_ldap-plugin_PR-48\src\main\java\hudson\security\LDAPSecurityRealm.java:439: warning: no @param for cache
[2020-08-05T20:13:54.169Z] [WARNING] public LDAPSecurityRealm(String server, String rootDN, String userSearchBase, String userSearch, String groupSearchBase, String managerDN, String managerPassword, boolean inhibitInferRootDN,
[2020-08-05T20:13:54.169Z] [WARNING] ^
[2020-08-05T20:13:54.169Z] [WARNING] C:\Jenkins\workspace\Plugins_ldap-plugin_PR-48\src\main\java\hudson\security\LDAPSecurityRealm.java:472: warning: no @param for server
[2020-08-05T20:13:54.169Z] [WARNING] public LDAPSecurityRealm(String server, String rootDN, String userSearchBase, String userSearch, String groupSearchBase, String groupSearchFilter, String groupMembershipFilter, String managerDN, Secret managerPasswordSecret, boolean inhibitInferRootDN, boolean disableMailAddressResolver, CacheConfiguration cache, EnvironmentProperty[] environmentProperties, String displayNameAttributeName, String mailAddressAttributeName) {
[2020-08-05T20:13:54.169Z] [WARNING] ^
[2020-08-05T20:13:54.169Z] [WARNING] C:\Jenkins\workspace\Plugins_ldap-plugin_PR-48\src\main\java\hudson\security\LDAPSecurityRealm.java:472: warning: no @param for rootDN
[2020-08-05T20:13:54.169Z] [WARNING] public LDAPSecurityRealm(String server, String rootDN, String userSearchBase, String userSearch, String groupSearchBase, String groupSearchFilter, String groupMembershipFilter, String managerDN, Secret managerPasswordSecret, boolean inhibitInferRootDN, boolean disableMailAddressResolver, CacheConfiguration cache, EnvironmentProperty[] environmentProperties, String displayNameAttributeName, String mailAddressAttributeName) {
[2020-08-05T20:13:54.169Z] [WARNING] ^
[2020-08-05T20:13:54.169Z] [WARNING] C:\Jenkins\workspace\Plugins_ldap-plugin_PR-48\src\main\java\hudson\security\LDAPSecurityRealm.java:472: warning: no @param for userSearchBase
[2020-08-05T20:13:54.169Z] [WARNING] public LDAPSecurityRealm(String server, String rootDN, String userSearchBase, String userSearch, String groupSearchBase, String groupSearchFilter, String groupMembershipFilter, String managerDN, Secret managerPasswordSecret, boolean inhibitInferRootDN, boolean disableMailAddressResolver, CacheConfiguration cache, EnvironmentProperty[] environmentProperties, String displayNameAttributeName, String mailAddressAttributeName) {
[2020-08-05T20:13:54.169Z] [WARNING] ^
[2020-08-05T20:13:54.169Z] [WARNING] C:\Jenkins\workspace\Plugins_ldap-plugin_PR-48\src\main\java\hudson\security\LDAPSecurityRealm.java:472: warning: no @param for userSearch
[2020-08-05T20:13:54.169Z] [WARNING] public LDAPSecurityRealm(String server, String rootDN, String userSearchBase, String userSearch, String groupSearchBase, String groupSearchFilter, String groupMembershipFilter, String managerDN, Secret managerPasswordSecret, boolean inhibitInferRootDN, boolean disableMailAddressResolver, CacheConfiguration cache, EnvironmentProperty[] environmentProperties, String displayNameAttributeName, String mailAddressAttributeName) {
[2020-08-05T20:13:54.169Z] [WARNING] ^
[2020-08-05T20:13:54.169Z] [WARNING] C:\Jenkins\workspace\Plugins_ldap-plugin_PR-48\src\main\java\hudson\security\LDAPSecurityRealm.java:472: warning: no @param for groupSearchBase
[2020-08-05T20:13:54.169Z] [WARNING] public LDAPSecurityRealm(String server, String rootDN, String userSearchBase, String userSearch, String groupSearchBase, String groupSearchFilter, String groupMembershipFilter, String managerDN, Secret managerPasswordSecret, boolean inhibitInferRootDN, boolean disableMailAddressResolver, CacheConfiguration cache, EnvironmentProperty[] environmentProperties, String displayNameAttributeName, String mailAddressAttributeName) {
[2020-08-05T20:13:54.169Z] [WARNING] ^
[2020-08-05T20:13:54.169Z] [WARNING] C:\Jenkins\workspace\Plugins_ldap-plugin_PR-48\src\main\java\hudson\security\LDAPSecurityRealm.java:472: warning: no @param for groupSearchFilter
[2020-08-05T20:13:54.169Z] [WARNING] public LDAPSecurityRealm(String server, String rootDN, String userSearchBase, String userSearch, String groupSearchBase, String groupSearchFilter, String groupMembershipFilter, String managerDN, Secret managerPasswordSecret, boolean inhibitInferRootDN, boolean disableMailAddressResolver, CacheConfiguration cache, EnvironmentProperty[] environmentProperties, String displayNameAttributeName, String mailAddressAttributeName) {
[2020-08-05T20:13:54.169Z] [WARNING] ^
[2020-08-05T20:13:54.169Z] [WARNING] C:\Jenkins\workspace\Plugins_ldap-plugin_PR-48\src\main\java\hudson\security\LDAPSecurityRealm.java:472: warning: no @param for groupMembershipFilter
[2020-08-05T20:13:54.169Z] [WARNING] public LDAPSecurityRealm(String server, String rootDN, String userSearchBase, String userSearch, String groupSearchBase, String groupSearchFilter, String groupMembershipFilter, String managerDN, Secret managerPasswordSecret, boolean inhibitInferRootDN, boolean disableMailAddressResolver, CacheConfiguration cache, EnvironmentProperty[] environmentProperties, String displayNameAttributeName, String mailAddressAttributeName) {
[2020-08-05T20:13:54.169Z] [WARNING] ^
[2020-08-05T20:13:54.169Z] [WARNING] C:\Jenkins\workspace\Plugins_ldap-plugin_PR-48\src\main\java\hudson\security\LDAPSecurityRealm.java:472: warning: no @param for managerDN
[2020-08-05T20:13:54.169Z] [WARNING] public LDAPSecurityRealm(String server, String rootDN, String userSearchBase, String userSearch, String groupSearchBase, String groupSearchFilter, String groupMembershipFilter, String managerDN, Secret managerPasswordSecret, boolean inhibitInferRootDN, boolean disableMailAddressResolver, CacheConfiguration cache, EnvironmentProperty[] environmentProperties, String displayNameAttributeName, String mailAddressAttributeName) {
[2020-08-05T20:13:54.169Z] [WARNING] ^
[2020-08-05T20:13:54.169Z] [WARNING] C:\Jenkins\workspace\Plugins_ldap-plugin_PR-48\src\main\java\hudson\security\LDAPSecurityRealm.java:472: warning: no @param for managerPasswordSecret
[2020-08-05T20:13:54.169Z] [WARNING] public LDAPSecurityRealm(String server, String rootDN, String userSearchBase, String userSearch, String groupSearchBase, String groupSearchFilter, String groupMembershipFilter, String managerDN, Secret managerPasswordSecret, boolean inhibitInferRootDN, boolean disableMailAddressResolver, CacheConfiguration cache, EnvironmentProperty[] environmentProperties, String displayNameAttributeName, String mailAddressAttributeName) {
[2020-08-05T20:13:54.169Z] [WARNING] ^
[2020-08-05T20:13:54.169Z] [WARNING] C:\Jenkins\workspace\Plugins_ldap-plugin_PR-48\src\main\java\hudson\security\LDAPSecurityRealm.java:472: warning: no @param for inhibitInferRootDN
[2020-08-05T20:13:54.169Z] [WARNING] public LDAPSecurityRealm(String server, String rootDN, String userSearchBase, String userSearch, String groupSearchBase, String groupSearchFilter, String groupMembershipFilter, String managerDN, Secret managerPasswordSecret, boolean inhibitInferRootDN, boolean disableMailAddressResolver, CacheConfiguration cache, EnvironmentProperty[] environmentProperties, String displayNameAttributeName, String mailAddressAttributeName) {
[2020-08-05T20:13:54.169Z] [WARNING] ^
[2020-08-05T20:13:54.169Z] [WARNING] C:\Jenkins\workspace\Plugins_ldap-plugin_PR-48\src\main\java\hudson\security\LDAPSecurityRealm.java:472: warning: no @param for disableMailAddressResolver
[2020-08-05T20:13:54.169Z] [WARNING] public LDAPSecurityRealm(String server, String rootDN, String userSearchBase, String userSearch, String groupSearchBase, String groupSearchFilter, String groupMembershipFilter, String managerDN, Secret managerPasswordSecret, boolean inhibitInferRootDN, boolean disableMailAddressResolver, CacheConfiguration cache, EnvironmentProperty[] environmentProperties, String displayNameAttributeName, String mailAddressAttributeName) {
[2020-08-05T20:13:54.169Z] [WARNING] ^
[2020-08-05T20:13:54.169Z] [WARNING] C:\Jenkins\workspace\Plugins_ldap-plugin_PR-48\src\main\java\hudson\security\LDAPSecurityRealm.java:472: warning: no @param for cache
[2020-08-05T20:13:54.169Z] [WARNING] public LDAPSecurityRealm(String server, String rootDN, String userSearchBase, String userSearch, String groupSearchBase, String groupSearchFilter, String groupMembershipFilter, String managerDN, Secret managerPasswordSecret, boolean inhibitInferRootDN, boolean disableMailAddressResolver, CacheConfiguration cache, EnvironmentProperty[] environmentProperties, String displayNameAttributeName, String mailAddressAttributeName) {
[2020-08-05T20:13:54.169Z] [WARNING] ^
[2020-08-05T20:13:54.169Z] [WARNING] C:\Jenkins\workspace\Plugins_ldap-plugin_PR-48\src\main\java\hudson\security\LDAPSecurityRealm.java:472: warning: no @param for environmentProperties
[2020-08-05T20:13:54.169Z] [WARNING] public LDAPSecurityRealm(String server, String rootDN, String userSearchBase, String userSearch, String groupSearchBase, String groupSearchFilter, String groupMembershipFilter, String managerDN, Secret managerPasswordSecret, boolean inhibitInferRootDN, boolean disableMailAddressResolver, CacheConfiguration cache, EnvironmentProperty[] environmentProperties, String displayNameAttributeName, String mailAddressAttributeName) {
[2020-08-05T20:13:54.169Z] [WARNING] ^
[2020-08-05T20:13:54.169Z] [WARNING] C:\Jenkins\workspace\Plugins_ldap-plugin_PR-48\src\main\java\hudson\security\LDAPSecurityRealm.java:472: warning: no @param for displayNameAttributeName
[2020-08-05T20:13:54.169Z] [WARNING] public LDAPSecurityRealm(String server, String rootDN, String userSearchBase, String userSearch, String groupSearchBase, String groupSearchFilter, String groupMembershipFilter, String managerDN, Secret managerPasswordSecret, boolean inhibitInferRootDN, boolean disableMailAddressResolver, CacheConfiguration cache, EnvironmentProperty[] environmentProperties, String displayNameAttributeName, String mailAddressAttributeName) {
[2020-08-05T20:13:54.169Z] [WARNING] ^
[2020-08-05T20:13:54.169Z] [WARNING] C:\Jenkins\workspace\Plugins_ldap-plugin_PR-48\src\main\java\hudson\security\LDAPSecurityRealm.java:472: warning: no @param for mailAddressAttributeName
[2020-08-05T20:13:54.169Z] [WARNING] public LDAPSecurityRealm(String server, String rootDN, String userSearchBase, String userSearch, String groupSearchBase, String groupSearchFilter, String groupMembershipFilter, String managerDN, Secret managerPasswordSecret, boolean inhibitInferRootDN, boolean disableMailAddressResolver, CacheConfiguration cache, EnvironmentProperty[] environmentProperties, String displayNameAttributeName, String mailAddressAttributeName) {
[2020-08-05T20:13:54.169Z] [WARNING] ^
[2020-08-05T20:13:54.169Z] [WARNING] C:\Jenkins\workspace\Plugins_ldap-plugin_PR-48\src\main\java\hudson\security\LDAPSecurityRealm.java:448: warning: no @param for server
[2020-08-05T20:13:54.169Z] [WARNING] public LDAPSecurityRealm(String server, String rootDN, String userSearchBase, String userSearch, String groupSearchBase, String groupSearchFilter, String groupMembershipFilter, String managerDN, String managerPassword, boolean inhibitInferRootDN, boolean disableMailAddressResolver, CacheConfiguration cache) {
[2020-08-05T20:13:54.169Z] [WARNING] ^
[2020-08-05T20:13:54.169Z] [WARNING] C:\Jenkins\workspace\Plugins_ldap-plugin_PR-48\src\main\java\hudson\security\LDAPSecurityRealm.java:448: warning: no @param for rootDN
[2020-08-05T20:13:54.169Z] [WARNING] public LDAPSecurityRealm(String server, String rootDN, String userSearchBase, String userSearch, String groupSearchBase, String groupSearchFilter, String groupMembershipFilter, String managerDN, String managerPassword, boolean inhibitInferRootDN, boolean disableMailAddressResolver, CacheConfiguration cache) {
[2020-08-05T20:13:54.169Z] [WARNING] ^
[2020-08-05T20:13:54.169Z] [WARNING] C:\Jenkins\workspace\Plugins_ldap-plugin_PR-48\src\main\java\hudson\security\LDAPSecurityRealm.java:448: warning: no @param for userSearchBase
[2020-08-05T20:13:54.169Z] [WARNING] public LDAPSecurityRealm(String server, String rootDN, String userSearchBase, String userSearch, String groupSearchBase, String groupSearchFilter, String groupMembershipFilter, String managerDN, String managerPassword, boolean inhibitInferRootDN, boolean disableMailAddressResolver, CacheConfiguration cache) {
[2020-08-05T20:13:54.169Z] [WARNING] ^
[2020-08-05T20:13:54.169Z] [WARNING] C:\Jenkins\workspace\Plugins_ldap-plugin_PR-48\src\main\java\hudson\security\LDAPSecurityRealm.java:448: warning: no @param for userSearch
[2020-08-05T20:13:54.169Z] [WARNING] public LDAPSecurityRealm(String server, String rootDN, String userSearchBase, String userSearch, String groupSearchBase, String groupSearchFilter, String groupMembershipFilter, String managerDN, String managerPassword, boolean inhibitInferRootDN, boolean disableMailAddressResolver, CacheConfiguration cache) {
[2020-08-05T20:13:54.169Z] [WARNING] ^
[2020-08-05T20:13:54.169Z] [WARNING] C:\Jenkins\workspace\Plugins_ldap-plugin_PR-48\src\main\java\hudson\security\LDAPSecurityRealm.java:448: warning: no @param for groupSearchBase
[2020-08-05T20:13:54.169Z] [WARNING] public LDAPSecurityRealm(String server, String rootDN, String userSearchBase, String userSearch, String groupSearchBase, String groupSearchFilter, String groupMembershipFilter, String managerDN, String managerPassword, boolean inhibitInferRootDN, boolean disableMailAddressResolver, CacheConfiguration cache) {
[2020-08-05T20:13:54.169Z] [WARNING] ^
[2020-08-05T20:13:54.169Z] [WARNING] C:\Jenkins\workspace\Plugins_ldap-plugin_PR-48\src\main\java\hudson\security\LDAPSecurityRealm.java:448: warning: no @param for groupSearchFilter
[2020-08-05T20:13:54.169Z] [WARNING] public LDAPSecurityRealm(String server, String rootDN, String userSearchBase, String userSearch, String groupSearchBase, String groupSearchFilter, String groupMembershipFilter, String managerDN, String managerPassword, boolean inhibitInferRootDN, boolean disableMailAddressResolver, CacheConfiguration cache) {
[2020-08-05T20:13:54.169Z] [WARNING] ^
[2020-08-05T20:13:54.169Z] [WARNING] C:\Jenkins\workspace\Plugins_ldap-plugin_PR-48\src\main\java\hudson\security\LDAPSecurityRealm.java:448: warning: no @param for groupMembershipFilter
[2020-08-05T20:13:54.169Z] [WARNING] public LDAPSecurityRealm(String server, String rootDN, String userSearchBase, String userSearch, String groupSearchBase, String groupSearchFilter, String groupMembershipFilter, String managerDN, String managerPassword, boolean inhibitInferRootDN, boolean disableMailAddressResolver, CacheConfiguration cache) {
[2020-08-05T20:13:54.169Z] [WARNING] ^
[2020-08-05T20:13:54.169Z] [WARNING] C:\Jenkins\workspace\Plugins_ldap-plugin_PR-48\src\main\java\hudson\security\LDAPSecurityRealm.java:448: warning: no @param for managerDN
[2020-08-05T20:13:54.169Z] [WARNING] public LDAPSecurityRealm(String server, String rootDN, String userSearchBase, String userSearch, String groupSearchBase, String groupSearchFilter, String groupMembershipFilter, String managerDN, String managerPassword, boolean inhibitInferRootDN, boolean disableMailAddressResolver, CacheConfiguration cache) {
[2020-08-05T20:13:54.169Z] [WARNING] ^
[2020-08-05T20:13:54.169Z] [WARNING] C:\Jenkins\workspace\Plugins_ldap-plugin_PR-48\src\main\java\hudson\security\LDAPSecurityRealm.java:448: warning: no @param for managerPassword
[2020-08-05T20:13:54.169Z] [WARNING] public LDAPSecurityRealm(String server, String rootDN, String userSearchBase, String userSearch, String groupSearchBase, String groupSearchFilter, String groupMembershipFilter, String managerDN, String managerPassword, boolean inhibitInferRootDN, boolean disableMailAddressResolver, CacheConfiguration cache) {
[2020-08-05T20:13:54.169Z] [WARNING] ^
[2020-08-05T20:13:54.169Z] [WARNING] C:\Jenkins\workspace\Plugins_ldap-plugin_PR-48\src\main\java\hudson\security\LDAPSecurityRealm.java:448: warning: no @param for inhibitInferRootDN
[2020-08-05T20:13:54.170Z] [WARNING] public LDAPSecurityRealm(String server, String rootDN, String userSearchBase, String userSearch, String groupSearchBase, String groupSearchFilter, String groupMembershipFilter, String managerDN, String managerPassword, boolean inhibitInferRootDN, boolean disableMailAddressResolver, CacheConfiguration cache) {
[2020-08-05T20:13:54.170Z] [WARNING] ^
[2020-08-05T20:13:54.170Z] [WARNING] C:\Jenkins\workspace\Plugins_ldap-plugin_PR-48\src\main\java\hudson\security\LDAPSecurityRealm.java:448: warning: no @param for disableMailAddressResolver
[2020-08-05T20:13:54.170Z] [WARNING] public LDAPSecurityRealm(String server, String rootDN, String userSearchBase, String userSearch, String groupSearchBase, String groupSearchFilter, String groupMembershipFilter, String managerDN, String managerPassword, boolean inhibitInferRootDN, boolean disableMailAddressResolver, CacheConfiguration cache) {
[2020-08-05T20:13:54.170Z] [WARNING] ^
[2020-08-05T20:13:54.170Z] [WARNING] C:\Jenkins\workspace\Plugins_ldap-plugin_PR-48\src\main\java\hudson\security\LDAPSecurityRealm.java:448: warning: no @param for cache
[2020-08-05T20:13:54.170Z] [WARNING] public LDAPSecurityRealm(String server, String rootDN, String userSearchBase, String userSearch, String groupSearchBase, String groupSearchFilter, String groupMembershipFilter, String managerDN, String managerPassword, boolean inhibitInferRootDN, boolean disableMailAddressResolver, CacheConfiguration cache) {
[2020-08-05T20:13:54.170Z] [WARNING] ^
[2020-08-05T20:13:54.170Z] [WARNING] C:\Jenkins\workspace\Plugins_ldap-plugin_PR-48\src\main\java\hudson\security\LDAPSecurityRealm.java:456: warning: no @param for server
[2020-08-05T20:13:54.170Z] [WARNING] public LDAPSecurityRealm(String server, String rootDN, String userSearchBase, String userSearch, String groupSearchBase, String groupSearchFilter, String groupMembershipFilter, String managerDN, String managerPassword, boolean inhibitInferRootDN, boolean disableMailAddressResolver, CacheConfiguration cache, EnvironmentProperty[] environmentProperties) {
[2020-08-05T20:13:54.170Z] [WARNING] ^
[2020-08-05T20:13:54.170Z] [WARNING] C:\Jenkins\workspace\Plugins_ldap-plugin_PR-48\src\main\java\hudson\security\LDAPSecurityRealm.java:456: warning: no @param for rootDN
[2020-08-05T20:13:54.170Z] [WARNING] public LDAPSecurityRealm(String server, String rootDN, String userSearchBase, String userSearch, String groupSearchBase, String groupSearchFilter, String groupMembershipFilter, String managerDN, String managerPassword, boolean inhibitInferRootDN, boolean disableMailAddressResolver, CacheConfiguration cache, EnvironmentProperty[] environmentProperties) {
[2020-08-05T20:13:54.170Z] [WARNING] ^
[2020-08-05T20:13:54.170Z] [WARNING] C:\Jenkins\workspace\Plugins_ldap-plugin_PR-48\src\main\java\hudson\security\LDAPSecurityRealm.java:456: warning: no @param for userSearchBase
[2020-08-05T20:13:54.170Z] [WARNING] public LDAPSecurityRealm(String server, String rootDN, String userSearchBase, String userSearch, String groupSearchBase, String groupSearchFilter, String groupMembershipFilter, String managerDN, String managerPassword, boolean inhibitInferRootDN, boolean disableMailAddressResolver, CacheConfiguration cache, EnvironmentProperty[] environmentProperties) {
[2020-08-05T20:13:54.170Z] [WARNING] ^
[2020-08-05T20:13:54.170Z] [WARNING] C:\Jenkins\workspace\Plugins_ldap-plugin_PR-48\src\main\java\hudson\security\LDAPSecurityRealm.java:456: warning: no @param for userSearch
[2020-08-05T20:13:54.170Z] [WARNING] public LDAPSecurityRealm(String server, String rootDN, String userSearchBase, String userSearch, String groupSearchBase, String groupSearchFilter, String groupMembershipFilter, String managerDN, String managerPassword, boolean inhibitInferRootDN, boolean disableMailAddressResolver, CacheConfiguration cache, EnvironmentProperty[] environmentProperties) {
[2020-08-05T20:13:54.170Z] [WARNING] ^
[2020-08-05T20:13:54.170Z] [WARNING] C:\Jenkins\workspace\Plugins_ldap-plugin_PR-48\src\main\java\hudson\security\LDAPSecurityRealm.java:456: warning: no @param for groupSearchBase
[2020-08-05T20:13:54.170Z] [WARNING] public LDAPSecurityRealm(String server, String rootDN, String userSearchBase, String userSearch, String groupSearchBase, String groupSearchFilter, String groupMembershipFilter, String managerDN, String managerPassword, boolean inhibitInferRootDN, boolean disableMailAddressResolver, CacheConfiguration cache, EnvironmentProperty[] environmentProperties) {
[2020-08-05T20:13:54.170Z] [WARNING] ^
[2020-08-05T20:13:54.170Z] [WARNING] C:\Jenkins\workspace\Plugins_ldap-plugin_PR-48\src\main\java\hudson\security\LDAPSecurityRealm.java:456: warning: no @param for groupSearchFilter
[2020-08-05T20:13:54.170Z] [WARNING] public LDAPSecurityRealm(String server, String rootDN, String userSearchBase, String userSearch, String groupSearchBase, String groupSearchFilter, String groupMembershipFilter, String managerDN, String managerPassword, boolean inhibitInferRootDN, boolean disableMailAddressResolver, CacheConfiguration cache, EnvironmentProperty[] environmentProperties) {
[2020-08-05T20:13:54.170Z] [WARNING] ^
[2020-08-05T20:13:54.170Z] [WARNING] C:\Jenkins\workspace\Plugins_ldap-plugin_PR-48\src\main\java\hudson\security\LDAPSecurityRealm.java:456: warning: no @param for groupMembershipFilter
[2020-08-05T20:13:54.170Z] [WARNING] public LDAPSecurityRealm(String server, String rootDN, String userSearchBase, String userSearch, String groupSearchBase, String groupSearchFilter, String groupMembershipFilter, String managerDN, String managerPassword, boolean inhibitInferRootDN, boolean disableMailAddressResolver, CacheConfiguration cache, EnvironmentProperty[] environmentProperties) {
[2020-08-05T20:13:54.170Z] [WARNING] ^
[2020-08-05T20:13:54.170Z] [WARNING] C:\Jenkins\workspace\Plugins_ldap-plugin_PR-48\src\main\java\hudson\security\LDAPSecurityRealm.java:456: warning: no @param for managerDN
[2020-08-05T20:13:54.170Z] [WARNING] public LDAPSecurityRealm(String server, String rootDN, String userSearchBase, String userSearch, String groupSearchBase, String groupSearchFilter, String groupMembershipFilter, String managerDN, String managerPassword, boolean inhibitInferRootDN, boolean disableMailAddressResolver, CacheConfiguration cache, EnvironmentProperty[] environmentProperties) {
[2020-08-05T20:13:54.170Z] [WARNING] ^
[2020-08-05T20:13:54.170Z] [WARNING] C:\Jenkins\workspace\Plugins_ldap-plugin_PR-48\src\main\java\hudson\security\LDAPSecurityRealm.java:456: warning: no @param for managerPassword
[2020-08-05T20:13:54.170Z] [WARNING] public LDAPSecurityRealm(String server, String rootDN, String userSearchBase, String userSearch, String groupSearchBase, String groupSearchFilter, String groupMembershipFilter, String managerDN, String managerPassword, boolean inhibitInferRootDN, boolean disableMailAddressResolver, CacheConfiguration cache, EnvironmentProperty[] environmentProperties) {
[2020-08-05T20:13:54.170Z] [WARNING] ^
[2020-08-05T20:13:54.170Z] [WARNING] C:\Jenkins\workspace\Plugins_ldap-plugin_PR-48\src\main\java\hudson\security\LDAPSecurityRealm.java:456: warning: no @param for inhibitInferRootDN
[2020-08-05T20:13:54.170Z] [WARNING] public LDAPSecurityRealm(String server, String rootDN, String userSearchBase, String userSearch, String groupSearchBase, String groupSearchFilter, String groupMembershipFilter, String managerDN, String managerPassword, boolean inhibitInferRootDN, boolean disableMailAddressResolver, CacheConfiguration cache, EnvironmentProperty[] environmentProperties) {
[2020-08-05T20:13:54.170Z] [WARNING] ^
[2020-08-05T20:13:54.170Z] [WARNING] C:\Jenkins\workspace\Plugins_ldap-plugin_PR-48\src\main\java\hudson\security\LDAPSecurityRealm.java:456: warning: no @param for disableMailAddressResolver
[2020-08-05T20:13:54.170Z] [WARNING] public LDAPSecurityRealm(String server, String rootDN, String userSearchBase, String userSearch, String groupSearchBase, String groupSearchFilter, String groupMembershipFilter, String managerDN, String managerPassword, boolean inhibitInferRootDN, boolean disableMailAddressResolver, CacheConfiguration cache, EnvironmentProperty[] environmentProperties) {
[2020-08-05T20:13:54.170Z] [WARNING] ^
[2020-08-05T20:13:54.170Z] [WARNING] C:\Jenkins\workspace\Plugins_ldap-plugin_PR-48\src\main\java\hudson\security\LDAPSecurityRealm.java:456: warning: no @param for cache
[2020-08-05T20:13:54.170Z] [WARNING] public LDAPSecurityRealm(String server, String rootDN, String userSearchBase, String userSearch, String groupSearchBase, String groupSearchFilter, String groupMembershipFilter, String managerDN, String managerPassword, boolean inhibitInferRootDN, boolean disableMailAddressResolver, CacheConfiguration cache, EnvironmentProperty[] environmentProperties) {
[2020-08-05T20:13:54.170Z] [WARNING] ^
[2020-08-05T20:13:54.170Z] [WARNING] C:\Jenkins\workspace\Plugins_ldap-plugin_PR-48\src\main\java\hudson\security\LDAPSecurityRealm.java:456: warning: no @param for environmentProperties
[2020-08-05T20:13:54.170Z] [WARNING] public LDAPSecurityRealm(String server, String rootDN, String userSearchBase, String userSearch, String groupSearchBase, String groupSearchFilter, String groupMembershipFilter, String managerDN, String managerPassword, boolean inhibitInferRootDN, boolean disableMailAddressResolver, CacheConfiguration cache, EnvironmentProperty[] environmentProperties) {
[2020-08-05T20:13:54.170Z] [WARNING] ^
[2020-08-05T20:13:54.170Z] [WARNING] C:\Jenkins\workspace\Plugins_ldap-plugin_PR-48\src\main\java\hudson\security\LDAPSecurityRealm.java:464: warning: no @param for server
[2020-08-05T20:13:54.170Z] [WARNING] public LDAPSecurityRealm(String server, String rootDN, String userSearchBase, String userSearch, String groupSearchBase, String groupSearchFilter, String groupMembershipFilter, String managerDN, String managerPassword, boolean inhibitInferRootDN, boolean disableMailAddressResolver, CacheConfiguration cache, EnvironmentProperty[] environmentProperties, String displayNameAttributeName, String mailAddressAttributeName) {
[2020-08-05T20:13:54.170Z] [WARNING] ^
[2020-08-05T20:13:54.170Z] [INFO] Building jar: C:\Jenkins\workspace\Plugins_ldap-plugin_PR-48\target\ldap-javadoc.jar
[2020-08-05T20:13:54.170Z] [INFO] 
[2020-08-05T20:13:54.170Z] [INFO] >>> spotbugs-maven-plugin:4.0.4:check (spotbugs) > :spotbugs @ ldap >>>
[2020-08-05T20:13:54.170Z] [INFO] 
[2020-08-05T20:13:54.170Z] [INFO] --- spotbugs-maven-plugin:4.0.4:spotbugs (spotbugs) @ ldap ---
[2020-08-05T20:14:01.657Z] [INFO] Fork Value is true
[2020-08-05T20:14:10.981Z] [INFO] Done SpotBugs Analysis....
[2020-08-05T20:14:10.981Z] [INFO] 
[2020-08-05T20:14:10.981Z] [INFO] <<< spotbugs-maven-plugin:4.0.4:check (spotbugs) < :spotbugs @ ldap <<<
[2020-08-05T20:14:10.981Z] [INFO] 
[2020-08-05T20:14:10.981Z] [INFO] 
[2020-08-05T20:14:10.981Z] [INFO] --- spotbugs-maven-plugin:4.0.4:check (spotbugs) @ ldap ---
[2020-08-05T20:14:11.339Z] [INFO] BugInstance size is 0
[2020-08-05T20:14:11.339Z] [INFO] Error size is 0
[2020-08-05T20:14:11.339Z] [INFO] No errors/warnings found
[2020-08-05T20:14:11.339Z] [INFO] 
[2020-08-05T20:14:11.339Z] [INFO] --- maven-install-plugin:3.0.0-M1:install (default-install) @ ldap ---
[2020-08-05T20:14:11.688Z] [INFO] Installing C:\Jenkins\workspace\Plugins_ldap-plugin_PR-48\target\ldap.hpi to C:\Jenkins\workspace\Plugins_ldap-plugin_PR-48@tmp\m2repo\org\jenkins-ci\plugins\ldap\1.25-rc421.f083903ad945\ldap-1.25-rc421.f083903ad945.hpi
[2020-08-05T20:14:11.688Z] [INFO] Installing C:\Jenkins\workspace\Plugins_ldap-plugin_PR-48\target\ldap-1.25-rc421.f083903ad945.pom to C:\Jenkins\workspace\Plugins_ldap-plugin_PR-48@tmp\m2repo\org\jenkins-ci\plugins\ldap\1.25-rc421.f083903ad945\ldap-1.25-rc421.f083903ad945.pom
[2020-08-05T20:14:11.688Z] [INFO] Installing C:\Jenkins\workspace\Plugins_ldap-plugin_PR-48\target\ldap.jar to C:\Jenkins\workspace\Plugins_ldap-plugin_PR-48@tmp\m2repo\org\jenkins-ci\plugins\ldap\1.25-rc421.f083903ad945\ldap-1.25-rc421.f083903ad945.jar
[2020-08-05T20:14:11.688Z] [INFO] Installing C:\Jenkins\workspace\Plugins_ldap-plugin_PR-48\target\ldap-sources.jar to C:\Jenkins\workspace\Plugins_ldap-plugin_PR-48@tmp\m2repo\org\jenkins-ci\plugins\ldap\1.25-rc421.f083903ad945\ldap-1.25-rc421.f083903ad945-sources.jar
[2020-08-05T20:14:11.688Z] [INFO] Installing C:\Jenkins\workspace\Plugins_ldap-plugin_PR-48\target\ldap-javadoc.jar to C:\Jenkins\workspace\Plugins_ldap-plugin_PR-48@tmp\m2repo\org\jenkins-ci\plugins\ldap\1.25-rc421.f083903ad945\ldap-1.25-rc421.f083903ad945-javadoc.jar
[2020-08-05T20:14:11.688Z] [INFO] ------------------------------------------------------------------------
[2020-08-05T20:14:11.688Z] [INFO] BUILD SUCCESS
[2020-08-05T20:14:11.688Z] [INFO] ------------------------------------------------------------------------
[2020-08-05T20:14:11.688Z] [INFO] Total time:  17:21 min
[2020-08-05T20:14:11.688Z] [INFO] Finished at: 2020-08-05T20:14:11Z
[2020-08-05T20:14:11.688Z] [INFO] ------------------------------------------------------------------------
[2020-08-05T20:14:11.756Z] [Pipeline] }
[2020-08-05T20:14:11.794Z] [Pipeline] // withEnv
[2020-08-05T20:14:11.816Z] [Pipeline] junit
[2020-08-05T20:14:11.849Z] Recording test results
[2020-08-05T20:14:16.001Z] [Pipeline] }
[2020-08-05T20:14:16.024Z] [Pipeline] // stage
[2020-08-05T20:14:16.047Z] [Pipeline] stage
[2020-08-05T20:14:16.047Z] [Pipeline] { (Archive (windows-8))
[2020-08-05T20:14:16.070Z] [Pipeline] echo
[2020-08-05T20:14:16.070Z] Skipping static analysis results for windows-8
[2020-08-05T20:14:16.070Z] [Pipeline] }
[2020-08-05T20:14:16.092Z] [Pipeline] // stage
[2020-08-05T20:14:16.137Z] [Pipeline] }
[2020-08-05T20:14:16.159Z] [Pipeline] // timeout
[2020-08-05T20:14:16.274Z] [Pipeline] }
[2020-08-05T20:14:16.302Z] [Pipeline] // node
[2020-08-05T20:14:16.328Z] [Pipeline] }
[2020-08-05T20:14:16.368Z] [Pipeline] // parallel
[2020-08-05T20:14:16.391Z] [Pipeline] stage
[2020-08-05T20:14:16.392Z] [Pipeline] { (Deploy)
[2020-08-05T20:14:16.415Z] [Pipeline] node
[2020-08-05T20:14:16.421Z] Running on EC2 (aws) - Windows 2019 (i-092d91e538e85d044) in C:\Jenkins\workspace\Plugins_ldap-plugin_PR-48
[2020-08-05T20:14:16.438Z] [Pipeline] {
[2020-08-05T20:14:16.473Z] [Pipeline] withCredentials
[2020-08-05T20:14:16.542Z] Masking supported pattern matches of %FUNCTION_TOKEN%
[2020-08-05T20:14:16.542Z] [Pipeline] {
[2020-08-05T20:14:16.570Z] [Pipeline] isUnix
[2020-08-05T20:14:16.572Z] [Pipeline] bat
[2020-08-05T20:14:17.243Z] 
[2020-08-05T20:14:17.243Z] administrator@EC2AMAZ-B6JA1KK C:\Jenkins\workspace\Plugins_ldap-plugin_PR-48>curl.exe -i -H "Content-Type: application/json" -d "{""build_url"":""https://ci.jenkins.io/job/Plugins/job/ldap-plugin/job/PR-48/3/""}" "https://jenkins-community-functions.azurewebsites.net/api/incrementals-publisher?clientId=default&code=****"   || echo Problem calling Incrementals deployment function 
[2020-08-05T20:14:17.243Z]   % Total    % Received % Xferd  Average Speed   Time    Time     Time  Current
[2020-08-05T20:14:17.243Z]                                  Dload  Upload   Total   Spent    Left  Speed
[2020-08-05T20:14:27.017Z]   0     0    0     0    0     0      0      0 --:--:-- --:--:-- --:--:--     0100    78    0     0  100    78      0     78  0:00:01  0:00:01 --:--:--    60100    78    0     0  100    78      0     39  0:00:02  0:00:02 --:--:--    33100    78    0     0  100    78      0     26  0:00:03  0:00:03 --:--:--    23100    78    0     0  100    78      0     19  0:00:04  0:00:04 --:--:--    18100    78    0     0  100    78      0     15  0:00:05  0:00:05 --:--:--    14100    78    0     0  100    78      0     13  0:00:06  0:00:06 --:--:--     0100    78    0     0  100    78      0     11  0:00:07  0:00:07 --:--:--     0100    78    0     0  100    78      0      9  0:00:08  0:00:08 --:--:--     0100    78    0     0  100    78      0      8  0:00:09  0:00:09 --:--:--     0100   108  100    30  100    78      3      8  0:00:10  0:00:09  0:00:01     6100   108  100    30  100    78      3      8  0:00:10  0:00:09  0:00:01     8
[2020-08-05T20:14:27.017Z] HTTP/1.1 200 OK
[2020-08-05T20:14:27.017Z] Content-Length: 30
[2020-08-05T20:14:27.017Z] Content-Type: text/plain; charset=utf-8
[2020-08-05T20:14:27.017Z] Request-Context: appId=cid-v1:ea51b449-66e3-4af7-ac1a-bf45e22a223b
[2020-08-05T20:14:27.017Z] Date: Wed, 05 Aug 2020 20:14:26 GMT
[2020-08-05T20:14:27.017Z] 
[2020-08-05T20:14:27.017Z] Response from Artifactory: OK
[2020-08-05T20:14:27.083Z] [Pipeline] }
[2020-08-05T20:14:27.107Z] [Pipeline] // withCredentials
[2020-08-05T20:14:27.151Z] [Pipeline] }
[2020-08-05T20:14:27.182Z] [Pipeline] // node
[2020-08-05T20:14:27.210Z] [Pipeline] }
[2020-08-05T20:14:27.236Z] [Pipeline] // stage
[2020-08-05T20:14:27.266Z] [Pipeline] End of Pipeline
[2020-08-05T20:14:27.299Z] Publishing GitHub checks...
[2020-08-05T20:14:28.346Z] GitHub checks have been published.
[2020-08-05T20:14:30.455Z] 
[2020-08-05T20:14:30.455Z] GitHub has been notified of this commits build result
[2020-08-05T20:14:30.455Z] 
[2020-08-05T20:14:30.455Z] Finished: SUCCESS
