At revision 25068.
[INFO] Scanning for projects...
[INFO] ------------------------------------------------------------------------
[INFO] Building Hudson FindBugs Plug-in
[INFO]    task-segment: [release:prepare, release:perform] (aggregator-style)
[INFO] ------------------------------------------------------------------------
[INFO] [release:prepare {execution: default-cli}]
[INFO] Release preparation already completed. You can now continue with release:perform, or start again using the -Dresume=false flag
[INFO] [release:perform {execution: default-cli}]
[INFO] Checking out the project to perform the release ...
[INFO] Executing: /bin/sh -c cd /home/hafner/Programs/hudson/release/findbugs/target && svn --username drulli --non-interactive checkout https://svn.dev.java.net/svn/hudson/tags/findbugs-4.1 /home/hafner/Programs/hudson/release/findbugs/target/checkout
[INFO] Working directory: /home/hafner/Programs/hudson/release/findbugs/target
[INFO] Executing goals 'deploy hpi:upload hpi:announce'...
[INFO] [INFO] Scanning for projects...
[INFO] [INFO] ------------------------------------------------------------------------
[INFO] [INFO] Building Hudson FindBugs Plug-in
[INFO] [INFO]    task-segment: [deploy, hpi:upload, hpi:announce]
[INFO] [INFO] ------------------------------------------------------------------------
[INFO] [INFO] [enforcer:display-info {execution: default}]
[INFO] [INFO] Maven Version: 2.2.1
[INFO] [INFO] JDK Version: 1.6.0_15 normalized as: 1.6.0-15
[INFO] [INFO] OS Info: Arch: i386 Family: unix Name: linux Version: 2.6.31-16-generic-pae
[INFO] [INFO] [localizer:generate {execution: default}]
[INFO] [INFO] [resources:resources {execution: default-resources}]
[INFO] [WARNING] Using platform encoding (UTF-8 actually) to copy filtered resources, i.e. build is platform dependent!
[INFO] [INFO] Copying 24 resources
[INFO] [INFO] [hpi:apt-compile {execution: default-apt-compile}]
[INFO] [INFO] Compiling 24 source files to /home/hafner/Programs/hudson/release/findbugs/target/checkout/target/classes
[INFO] Note: Generating hudson/plugins/findbugs/FindBugsPublisher.stapler
[INFO] Note: Generating hudson/plugins/findbugs/FindBugsReporter.stapler
[INFO] Note: hudson.plugins.findbugs.FindBugsPublisher.FIND_BUGS_DESCRIPTOR indexed under hudson.Extension
[INFO] Note: hudson.plugins.findbugs.FindBugsReporter.FINDBUGS_SCANNER_DESCRIPTOR indexed under hudson.Extension
[INFO] [INFO] [hpi:insert-test {execution: default-insert-test}]
[INFO] [INFO] [groovy:generateTestStubs {execution: test-in-groovy}]
[INFO] [INFO]  No sources found for Java stub generation
[INFO] [INFO] [resources:testResources {execution: default-testResources}]
[INFO] [WARNING] Using platform encoding (UTF-8 actually) to copy filtered resources, i.e. build is platform dependent!
[INFO] [INFO] Copying 11 resources
[INFO] [INFO] [compiler:testCompile {execution: default-testCompile}]
[INFO] [INFO] Compiling 10 source files to /home/hafner/Programs/hudson/release/findbugs/target/checkout/target/test-classes
[INFO] [INFO] [hpi:test-hpl {execution: default-test-hpl}]
[INFO] [INFO] Generating /home/hafner/Programs/hudson/release/findbugs/target/checkout/target/test-classes/the.hpl
[INFO] [INFO] [groovy:testCompile {execution: test-in-groovy}]
[INFO] [INFO]  No sources found to compile
[INFO] [INFO] [surefire:test {execution: default-test}]
[INFO] [INFO] Surefire report directory: /home/hafner/Programs/hudson/release/findbugs/target/checkout/target/surefire-reports
[INFO] 
[INFO] -------------------------------------------------------
[INFO]  T E S T S
[INFO] -------------------------------------------------------
[INFO] Running hudson.plugins.findbugs.parser.maven.BugInstanceTest
[INFO] Tests run: 3, Failures: 0, Errors: 0, Skipped: 0, Time elapsed: 0.053 sec
[INFO] Running hudson.plugins.findbugs.FindBugsMessagesTest
[INFO] Tests run: 4, Failures: 0, Errors: 0, Skipped: 0, Time elapsed: 1.221 sec
[INFO] Running hudson.plugins.findbugs.parser.maven.MavenFindBugsParserTest
[INFO] Tests run: 12, Failures: 0, Errors: 0, Skipped: 0, Time elapsed: 0.284 sec
[INFO] Running hudson.plugins.findbugs.parser.BugSerializeModelTest
[INFO] Tests run: 3, Failures: 0, Errors: 0, Skipped: 0, Time elapsed: 0.518 sec
[INFO] Running hudson.plugins.findbugs.ResultSummaryTest
[INFO] Tests run: 14, Failures: 0, Errors: 0, Skipped: 0, Time elapsed: 0.253 sec
[INFO] Running hudson.plugins.findbugs.parser.BugsDifferencerTest
[INFO] Tests run: 4, Failures: 0, Errors: 0, Skipped: 0, Time elapsed: 0.016 sec
[INFO] Running InjectedTest
[INFO] Tests run: 0, Failures: 0, Errors: 0, Skipped: 0, Time elapsed: 0.005 sec
[INFO] Running hudson.plugins.findbugs.FindBugsResultTest
[INFO] Tests run: 3, Failures: 0, Errors: 0, Skipped: 0, Time elapsed: 0.554 sec
[INFO] Running hudson.plugins.findbugs.parser.NativeFindBugsParserTest
[INFO] Dec 29, 2009 5:43:07 PM hudson.plugins.findbugs.parser.NativeFindBugsParser parse
[INFO] WARNING: Can't resolve absolute file name for file BlockCrcUpgrade.java, dir list = [/home/johan/hudson/hudson-findbugs/work/jobs/Hadoop/workspace/hadoop/src/java, /home/johan/hudson/hudson-findbugs/work/jobs/Hadoop/workspace/hadoop/src/examples, /home/johan/hudson/hudson-findbugs/work/jobs/Hadoop/workspace/hadoop/src/contrib/streaming/src/java]
[INFO] Dec 29, 2009 5:43:07 PM hudson.plugins.findbugs.parser.NativeFindBugsParser parse
[INFO] WARNING: Can't resolve absolute file name for file StreamJob.java, dir list = [/home/johan/hudson/hudson-findbugs/work/jobs/Hadoop/workspace/hadoop/src/java, /home/johan/hudson/hudson-findbugs/work/jobs/Hadoop/workspace/hadoop/src/examples, /home/johan/hudson/hudson-findbugs/work/jobs/Hadoop/workspace/hadoop/src/contrib/streaming/src/java]
[INFO] Dec 29, 2009 5:43:08 PM hudson.plugins.findbugs.parser.NativeFindBugsParser parse
[INFO] WARNING: Can't resolve absolute file name for file PluginLoader.java, dir list = [/export/homes/submit/.hudson/jobs/FindBugs/workspace/findbugs/findbugs/src/java, /export/homes/submit/.hudson/jobs/FindBugs/workspace/findbugs/findbugs/src/java5]
[INFO] Dec 29, 2009 5:43:08 PM hudson.plugins.findbugs.parser.NativeFindBugsParser parse
[INFO] WARNING: Can't resolve absolute file name for file PluginLoader.java, dir list = [/export/homes/submit/.hudson/jobs/FindBugs/workspace/findbugs/findbugs/src/java, /export/homes/submit/.hudson/jobs/FindBugs/workspace/findbugs/findbugs/src/java5]
[INFO] Dec 29, 2009 5:43:08 PM hudson.plugins.findbugs.parser.NativeFindBugsParser parse
[INFO] WARNING: Can't resolve absolute file name for file ResultSummary.java, dir list = []
[INFO] Dec 29, 2009 5:43:08 PM hudson.plugins.findbugs.parser.NativeFindBugsParser parse
[INFO] WARNING: Can't resolve absolute file name for file ResultSummary.java, dir list = []
[INFO] Dec 29, 2009 5:43:08 PM hudson.plugins.findbugs.parser.NativeFindBugsParser parse
[INFO] WARNING: Can't resolve absolute file name for file TasksModuleDetail.java, dir list = []
[INFO] Dec 29, 2009 5:43:08 PM hudson.plugins.findbugs.parser.NativeFindBugsParser parse
[INFO] WARNING: Can't resolve absolute file name for file TasksReporter.java, dir list = []
[INFO] Dec 29, 2009 5:43:08 PM hudson.plugins.findbugs.parser.NativeFindBugsParser parse
[INFO] WARNING: Can't resolve absolute file name for file TasksReporter.java, dir list = []
[INFO] Dec 29, 2009 5:43:08 PM hudson.plugins.findbugs.parser.NativeFindBugsParser parse
[INFO] WARNING: Can't resolve absolute file name for file TasksReporter.java, dir list = []
[INFO] Dec 29, 2009 5:43:08 PM hudson.plugins.findbugs.parser.NativeFindBugsParser parse
[INFO] WARNING: Can't resolve absolute file name for file TasksReporter.java, dir list = []
[INFO] Dec 29, 2009 5:43:08 PM hudson.plugins.findbugs.parser.NativeFindBugsParser parse
[INFO] WARNING: Can't resolve absolute file name for file TasksReporter.java, dir list = []
[INFO] Dec 29, 2009 5:43:08 PM hudson.plugins.findbugs.parser.NativeFindBugsParser parse
[INFO] WARNING: Can't resolve absolute file name for file TasksReporter.java, dir list = []
[INFO] Dec 29, 2009 5:43:08 PM hudson.plugins.findbugs.parser.NativeFindBugsParser parse
[INFO] WARNING: Can't resolve absolute file name for file TasksReporter.java, dir list = []
[INFO] Dec 29, 2009 5:43:08 PM hudson.plugins.findbugs.parser.NativeFindBugsParser parse
[INFO] WARNING: Can't resolve absolute file name for file TasksReporter.java, dir list = []
[INFO] Dec 29, 2009 5:43:08 PM hudson.plugins.findbugs.parser.NativeFindBugsParser parse
[INFO] WARNING: Can't resolve absolute file name for file E:\Dokumente und Einstellungen\Ulli\Eigene Dateien\Workspace\Eclipse\tasks\src\main\java\hudson\plugins\tasks\TasksReporter.java, dir list = []
[INFO] Dec 29, 2009 5:43:08 PM hudson.plugins.findbugs.parser.NativeFindBugsParser parse
[INFO] WARNING: Can't resolve absolute file name for file TasksResult.java, dir list = []
[INFO] Dec 29, 2009 5:43:08 PM hudson.plugins.findbugs.parser.NativeFindBugsParser parse
[INFO] WARNING: Can't resolve absolute file name for file TasksResult.java, dir list = []
[INFO] Dec 29, 2009 5:43:08 PM hudson.plugins.findbugs.parser.NativeFindBugsParser parse
[INFO] WARNING: Can't resolve absolute file name for file TasksResultAction.java, dir list = []
[INFO] Dec 29, 2009 5:43:08 PM hudson.plugins.findbugs.parser.NativeFindBugsParser parse
[INFO] WARNING: Can't resolve absolute file name for file TasksResultAction.java, dir list = []
[INFO] Dec 29, 2009 5:43:08 PM hudson.plugins.findbugs.parser.NativeFindBugsParser parse
[INFO] WARNING: Can't resolve absolute file name for file TaskScanner.java, dir list = []
[INFO] Dec 29, 2009 5:43:08 PM hudson.plugins.findbugs.parser.NativeFindBugsParser parse
[INFO] WARNING: Can't resolve absolute file name for file ChartBuilder.java, dir list = []
[INFO] Dec 29, 2009 5:43:08 PM hudson.plugins.findbugs.parser.NativeFindBugsParser parse
[INFO] WARNING: Can't resolve absolute file name for file HealthAwarePublisher.java, dir list = []
[INFO] Dec 29, 2009 5:43:08 PM hudson.plugins.findbugs.parser.NativeFindBugsParser parse
[INFO] WARNING: Can't resolve absolute file name for file HealthAwarePublisher.java, dir list = []
[INFO] Dec 29, 2009 5:43:08 PM hudson.plugins.findbugs.parser.NativeFindBugsParser parse
[INFO] WARNING: Can't resolve absolute file name for file HealthAwarePublisher.java, dir list = []
[INFO] Dec 29, 2009 5:43:08 PM hudson.plugins.findbugs.parser.NativeFindBugsParser parse
[INFO] WARNING: Can't resolve absolute file name for file HealthReportBuilderTest.java, dir list = []
[INFO] Dec 29, 2009 5:43:08 PM hudson.plugins.findbugs.parser.NativeFindBugsParser parse
[INFO] WARNING: Can't resolve absolute file name for file HealthReportBuilderTest.java, dir list = []
[INFO] Dec 29, 2009 5:43:08 PM hudson.plugins.findbugs.parser.NativeFindBugsParser parse
[INFO] WARNING: Can't resolve absolute file name for file HealthReportBuilderTest.java, dir list = []
[INFO] Dec 29, 2009 5:43:08 PM hudson.plugins.findbugs.parser.NativeFindBugsParser parse
[INFO] WARNING: Can't resolve absolute file name for file HealthReportBuilderTest.java, dir list = []
[INFO] Dec 29, 2009 5:43:08 PM hudson.plugins.findbugs.parser.NativeFindBugsParser parse
[INFO] WARNING: Can't resolve absolute file name for file HealthReportBuilderTest.java, dir list = []
[INFO] Dec 29, 2009 5:43:08 PM hudson.plugins.findbugs.parser.NativeFindBugsParser parse
[INFO] WARNING: Can't resolve absolute file name for file HealthReportBuilderTest.java, dir list = []
[INFO] Dec 29, 2009 5:43:08 PM hudson.plugins.findbugs.parser.NativeFindBugsParser parse
[INFO] WARNING: Can't resolve absolute file name for file HealthReportBuilderTest.java, dir list = []
[INFO] Dec 29, 2009 5:43:08 PM hudson.plugins.findbugs.parser.NativeFindBugsParser parse
[INFO] WARNING: Can't resolve absolute file name for file HealthReportBuilderTest.java, dir list = []
[INFO] Dec 29, 2009 5:43:08 PM hudson.plugins.findbugs.parser.NativeFindBugsParser parse
[INFO] WARNING: Can't resolve absolute file name for file HealthReportBuilderTest.java, dir list = []
[INFO] Dec 29, 2009 5:43:08 PM hudson.plugins.findbugs.parser.NativeFindBugsParser parse
[INFO] WARNING: Can't resolve absolute file name for file HealthReportBuilderTest.java, dir list = []
[INFO] Dec 29, 2009 5:43:08 PM hudson.plugins.findbugs.parser.NativeFindBugsParser parse
[INFO] WARNING: Can't resolve absolute file name for file HealthReportBuilderTest.java, dir list = []
[INFO] Dec 29, 2009 5:43:08 PM hudson.plugins.findbugs.parser.NativeFindBugsParser parse
[INFO] WARNING: Can't resolve absolute file name for file HealthReportBuilderTest.java, dir list = []
[INFO] Dec 29, 2009 5:43:08 PM hudson.plugins.findbugs.parser.NativeFindBugsParser parse
[INFO] WARNING: Can't resolve absolute file name for file HealthReportBuilderTest.java, dir list = []
[INFO] Dec 29, 2009 5:43:08 PM hudson.plugins.findbugs.parser.NativeFindBugsParser parse
[INFO] WARNING: Can't resolve absolute file name for file HealthReportBuilderTest.java, dir list = []
[INFO] Dec 29, 2009 5:43:08 PM hudson.plugins.findbugs.parser.NativeFindBugsParser parse
[INFO] WARNING: Can't resolve absolute file name for file HealthReportBuilderTest.java, dir list = []
[INFO] Dec 29, 2009 5:43:08 PM hudson.plugins.findbugs.parser.NativeFindBugsParser parse
[INFO] WARNING: Can't resolve absolute file name for file HealthReportBuilderTest.java, dir list = []
[INFO] Dec 29, 2009 5:43:08 PM hudson.plugins.findbugs.parser.NativeFindBugsParser parse
[INFO] WARNING: Can't resolve absolute file name for file HealthReportBuilderTest.java, dir list = []
[INFO] Dec 29, 2009 5:43:08 PM hudson.plugins.findbugs.parser.NativeFindBugsParser parse
[INFO] WARNING: Can't resolve absolute file name for file HealthReportBuilderTest.java, dir list = []
[INFO] Dec 29, 2009 5:43:08 PM hudson.plugins.findbugs.parser.NativeFindBugsParser parse
[INFO] WARNING: Can't resolve absolute file name for file HealthReportBuilderTest.java, dir list = []
[INFO] Dec 29, 2009 5:43:08 PM hudson.plugins.findbugs.parser.NativeFindBugsParser parse
[INFO] WARNING: Can't resolve absolute file name for file HealthReportBuilderTest.java, dir list = []
[INFO] Dec 29, 2009 5:43:08 PM hudson.plugins.findbugs.parser.NativeFindBugsParser parse
[INFO] WARNING: Can't resolve absolute file name for file HealthReportBuilderTest.java, dir list = []
[INFO] Dec 29, 2009 5:43:08 PM hudson.plugins.findbugs.parser.NativeFindBugsParser parse
[INFO] WARNING: Can't resolve absolute file name for file HealthReportBuilderTest.java, dir list = []
[INFO] Dec 29, 2009 5:43:08 PM hudson.plugins.findbugs.parser.NativeFindBugsParser parse
[INFO] WARNING: Can't resolve absolute file name for file HealthReportBuilderTest.java, dir list = []
[INFO] Dec 29, 2009 5:43:08 PM hudson.plugins.findbugs.parser.NativeFindBugsParser parse
[INFO] WARNING: Can't resolve absolute file name for file HealthReportBuilderTest.java, dir list = []
[INFO] Dec 29, 2009 5:43:08 PM hudson.plugins.findbugs.parser.NativeFindBugsParser parse
[INFO] WARNING: Can't resolve absolute file name for file HealthReportBuilderTest.java, dir list = []
[INFO] Dec 29, 2009 5:43:08 PM hudson.plugins.findbugs.parser.NativeFindBugsParser parse
[INFO] WARNING: Can't resolve absolute file name for file HealthReportBuilderTest.java, dir list = []
[INFO] Dec 29, 2009 5:43:08 PM hudson.plugins.findbugs.parser.NativeFindBugsParser parse
[INFO] WARNING: Can't resolve absolute file name for file HealthReportBuilderTest.java, dir list = []
[INFO] Dec 29, 2009 5:43:08 PM hudson.plugins.findbugs.parser.NativeFindBugsParser parse
[INFO] WARNING: Can't resolve absolute file name for file Messages.java, dir list = []
[INFO] Dec 29, 2009 5:43:08 PM hudson.plugins.findbugs.parser.NativeFindBugsParser parse
[INFO] WARNING: Can't resolve absolute file name for file Messages.java, dir list = []
[INFO] Dec 29, 2009 5:43:08 PM hudson.plugins.findbugs.parser.NativeFindBugsParser parse
[INFO] WARNING: Can't resolve absolute file name for file Messages.java, dir list = []
[INFO] Dec 29, 2009 5:43:08 PM hudson.plugins.findbugs.parser.NativeFindBugsParser parse
[INFO] WARNING: Can't resolve absolute file name for file ModuleDetail.java, dir list = []
[INFO] Dec 29, 2009 5:43:08 PM hudson.plugins.findbugs.parser.NativeFindBugsParser parse
[INFO] WARNING: Can't resolve absolute file name for file SourceDetail.java, dir list = []
[INFO] Dec 29, 2009 5:43:08 PM hudson.plugins.findbugs.parser.NativeFindBugsParser parse
[INFO] WARNING: Can't resolve absolute file name for file ThresholdValidator.java, dir list = []
[INFO] Dec 29, 2009 5:43:08 PM hudson.plugins.findbugs.parser.NativeFindBugsParser parse
[INFO] WARNING: Can't resolve absolute file name for file AbstractAnnotation.java, dir list = []
[INFO] Dec 29, 2009 5:43:08 PM hudson.plugins.findbugs.parser.NativeFindBugsParser parse
[INFO] WARNING: Can't resolve absolute file name for file AbstractAnnotation.java, dir list = []
[INFO] Dec 29, 2009 5:43:08 PM hudson.plugins.findbugs.parser.NativeFindBugsParser parse
[INFO] WARNING: Can't resolve absolute file name for file AbstractAnnotation.java, dir list = []
[INFO] Dec 29, 2009 5:43:08 PM hudson.plugins.findbugs.parser.NativeFindBugsParser parse
[INFO] WARNING: Can't resolve absolute file name for file AbstractSerializeModelTest.java, dir list = []
[INFO] Dec 29, 2009 5:43:08 PM hudson.plugins.findbugs.parser.NativeFindBugsParser parse
[INFO] WARNING: Can't resolve absolute file name for file LineRange.java, dir list = []
[INFO] Dec 29, 2009 5:43:08 PM hudson.plugins.findbugs.parser.NativeFindBugsParser parse
[INFO] WARNING: Can't resolve absolute file name for file WarningsResultBuilder.java, dir list = []
[INFO] Tests run: 5, Failures: 0, Errors: 0, Skipped: 0, Time elapsed: 2.331 sec
[INFO] Running hudson.plugins.findbugs.FindBugsHealthDescriptorTest
[INFO] Tests run: 8, Failures: 0, Errors: 0, Skipped: 0, Time elapsed: 0.121 sec
[INFO] 
[INFO] Results :
[INFO] 
[INFO] Tests run: 56, Failures: 0, Errors: 0, Skipped: 0
[INFO] 
[INFO] [INFO] [hpi:hpi {execution: default-hpi}]
[INFO] [INFO] Exploding webapp...
[INFO] [INFO] Copy webapp webResources to /home/hafner/Programs/hudson/release/findbugs/target/checkout/target/findbugs
[INFO] [INFO] Assembling webapp findbugs in /home/hafner/Programs/hudson/release/findbugs/target/checkout/target/findbugs
[INFO] [INFO] Generating hpi /home/hafner/Programs/hudson/release/findbugs/target/checkout/target/findbugs.hpi
[INFO] [INFO] Generating /home/hafner/Programs/hudson/release/findbugs/target/checkout/target/findbugs/META-INF/MANIFEST.MF
[INFO] [INFO] Building jar: /home/hafner/Programs/hudson/release/findbugs/target/checkout/target/findbugs.hpi
[INFO] [INFO] Building jar: /home/hafner/Programs/hudson/release/findbugs/target/checkout/target/findbugs.jar
[INFO] [INFO] Preparing source:jar
[INFO] [WARNING] Removing: jar from forked lifecycle, to prevent recursive invocation.
[INFO] [INFO] [enforcer:display-info {execution: default}]
[INFO] [INFO] Maven Version: 2.2.1
[INFO] [INFO] JDK Version: 1.6.0_15 normalized as: 1.6.0-15
[INFO] [INFO] OS Info: Arch: i386 Family: unix Name: linux Version: 2.6.31-16-generic-pae
[INFO] [INFO] [localizer:generate {execution: default}]
[INFO] [INFO] [source:jar {execution: attach-sources}]
[INFO] [INFO] Building jar: /home/hafner/Programs/hudson/release/findbugs/target/checkout/target/findbugs-sources.jar
[INFO] [INFO] Preparing javadoc:jar
[INFO] [WARNING] Removing: jar from forked lifecycle, to prevent recursive invocation.
[INFO] [WARNING] Removing: jar from forked lifecycle, to prevent recursive invocation.
[INFO] [INFO] [enforcer:display-info {execution: default}]
[INFO] [INFO] Maven Version: 2.2.1
[INFO] [INFO] JDK Version: 1.6.0_15 normalized as: 1.6.0-15
[INFO] [INFO] OS Info: Arch: i386 Family: unix Name: linux Version: 2.6.31-16-generic-pae
[INFO] [INFO] [localizer:generate {execution: default}]
[INFO] [INFO] [javadoc:jar {execution: attach-javadocs}]
[INFO] Loading source files for package hudson.plugins.findbugs...
[INFO] Loading source files for package hudson.plugins.findbugs.parser...
[INFO] Loading source files for package hudson.plugins.findbugs.parser.maven...
[INFO] Constructing Javadoc information...
[INFO] Standard Doclet version 1.6.0_15
[INFO] Building tree for all the packages and classes...
[INFO] Generating /home/hafner/Programs/hudson/release/findbugs/target/checkout/target/apidocs/hudson/plugins/findbugs//FindBugsDescriptor.html...
[INFO] Generating /home/hafner/Programs/hudson/release/findbugs/target/checkout/target/apidocs/hudson/plugins/findbugs//FindBugsHealthDescriptor.html...
[INFO] Generating /home/hafner/Programs/hudson/release/findbugs/target/checkout/target/apidocs/hudson/plugins/findbugs//FindBugsMavenResult.html...
[INFO] Generating /home/hafner/Programs/hudson/release/findbugs/target/checkout/target/apidocs/hudson/plugins/findbugs//FindBugsMessages.html...
[INFO] Generating /home/hafner/Programs/hudson/release/findbugs/target/checkout/target/apidocs/hudson/plugins/findbugs//FindBugsPlugin.html...
[INFO] Generating /home/hafner/Programs/hudson/release/findbugs/target/checkout/target/apidocs/hudson/plugins/findbugs//FindBugsProjectAction.html...
[INFO] Generating /home/hafner/Programs/hudson/release/findbugs/target/checkout/target/apidocs/hudson/plugins/findbugs//FindBugsPublisher.html...
[INFO] Generating /home/hafner/Programs/hudson/release/findbugs/target/checkout/target/apidocs/hudson/plugins/findbugs//FindBugsReporter.html...
[INFO] Generating /home/hafner/Programs/hudson/release/findbugs/target/checkout/target/apidocs/hudson/plugins/findbugs//FindBugsReporterDescriptor.html...
[INFO] Generating /home/hafner/Programs/hudson/release/findbugs/target/checkout/target/apidocs/hudson/plugins/findbugs//FindBugsResult.html...
[INFO] Generating /home/hafner/Programs/hudson/release/findbugs/target/checkout/target/apidocs/hudson/plugins/findbugs//FindBugsResultAction.html...
[INFO] Generating /home/hafner/Programs/hudson/release/findbugs/target/checkout/target/apidocs/hudson/plugins/findbugs//FindBugsResultBuilder.html...
[INFO] Generating /home/hafner/Programs/hudson/release/findbugs/target/checkout/target/apidocs/hudson/plugins/findbugs//MavenFindBugsResultAction.html...
[INFO] Generating /home/hafner/Programs/hudson/release/findbugs/target/checkout/target/apidocs/hudson/plugins/findbugs//Messages.html...
[INFO] Generating /home/hafner/Programs/hudson/release/findbugs/target/checkout/target/apidocs/hudson/plugins/findbugs//Pattern.html...
[INFO] Generating /home/hafner/Programs/hudson/release/findbugs/target/checkout/target/apidocs/hudson/plugins/findbugs//ResultSummary.html...
[INFO] Generating /home/hafner/Programs/hudson/release/findbugs/target/checkout/target/apidocs/hudson/plugins/findbugs/parser//Bug.html...
[INFO] Generating /home/hafner/Programs/hudson/release/findbugs/target/checkout/target/apidocs/hudson/plugins/findbugs/parser//FindBugsParser.html...
[INFO] Generating /home/hafner/Programs/hudson/release/findbugs/target/checkout/target/apidocs/hudson/plugins/findbugs/parser//NativeFindBugsParser.html...
[INFO] Generating /home/hafner/Programs/hudson/release/findbugs/target/checkout/target/apidocs/hudson/plugins/findbugs/parser//XmlBugInstance.html...
[INFO] Generating /home/hafner/Programs/hudson/release/findbugs/target/checkout/target/apidocs/hudson/plugins/findbugs/parser/maven//BugCollection.html...
[INFO] Generating /home/hafner/Programs/hudson/release/findbugs/target/checkout/target/apidocs/hudson/plugins/findbugs/parser/maven//BugInstance.html...
[INFO] Generating /home/hafner/Programs/hudson/release/findbugs/target/checkout/target/apidocs/hudson/plugins/findbugs/parser/maven//File.html...
[INFO] Generating /home/hafner/Programs/hudson/release/findbugs/target/checkout/target/apidocs/hudson/plugins/findbugs/parser/maven//MavenFindBugsParser.html...
[INFO] Generating /home/hafner/Programs/hudson/release/findbugs/target/checkout/target/apidocs/overview-frame.html...
[INFO] Generating /home/hafner/Programs/hudson/release/findbugs/target/checkout/target/apidocs/hudson/plugins/findbugs//package-frame.html...
[INFO] Generating /home/hafner/Programs/hudson/release/findbugs/target/checkout/target/apidocs/hudson/plugins/findbugs//package-summary.html...
[INFO] Generating /home/hafner/Programs/hudson/release/findbugs/target/checkout/target/apidocs/hudson/plugins/findbugs//package-tree.html...
[INFO] Generating /home/hafner/Programs/hudson/release/findbugs/target/checkout/target/apidocs/hudson/plugins/findbugs/parser//package-frame.html...
[INFO] Generating /home/hafner/Programs/hudson/release/findbugs/target/checkout/target/apidocs/hudson/plugins/findbugs/parser//package-summary.html...
[INFO] Generating /home/hafner/Programs/hudson/release/findbugs/target/checkout/target/apidocs/hudson/plugins/findbugs/parser//package-tree.html...
[INFO] Generating /home/hafner/Programs/hudson/release/findbugs/target/checkout/target/apidocs/hudson/plugins/findbugs/parser/maven//package-frame.html...
[INFO] Generating /home/hafner/Programs/hudson/release/findbugs/target/checkout/target/apidocs/hudson/plugins/findbugs/parser/maven//package-summary.html...
[INFO] Generating /home/hafner/Programs/hudson/release/findbugs/target/checkout/target/apidocs/hudson/plugins/findbugs/parser/maven//package-tree.html...
[INFO] Generating /home/hafner/Programs/hudson/release/findbugs/target/checkout/target/apidocs/constant-values.html...
[INFO] Generating /home/hafner/Programs/hudson/release/findbugs/target/checkout/target/apidocs/serialized-form.html...
[INFO] Generating /home/hafner/Programs/hudson/release/findbugs/target/checkout/target/apidocs/hudson/plugins/findbugs//class-use/MavenFindBugsResultAction.html...
[INFO] Generating /home/hafner/Programs/hudson/release/findbugs/target/checkout/target/apidocs/hudson/plugins/findbugs//class-use/FindBugsHealthDescriptor.html...
[INFO] Generating /home/hafner/Programs/hudson/release/findbugs/target/checkout/target/apidocs/hudson/plugins/findbugs//class-use/FindBugsReporter.html...
[INFO] Generating /home/hafner/Programs/hudson/release/findbugs/target/checkout/target/apidocs/hudson/plugins/findbugs//class-use/ResultSummary.html...
[INFO] Generating /home/hafner/Programs/hudson/release/findbugs/target/checkout/target/apidocs/hudson/plugins/findbugs//class-use/FindBugsDescriptor.html...
[INFO] Generating /home/hafner/Programs/hudson/release/findbugs/target/checkout/target/apidocs/hudson/plugins/findbugs//class-use/Messages.html...
[INFO] Generating /home/hafner/Programs/hudson/release/findbugs/target/checkout/target/apidocs/hudson/plugins/findbugs//class-use/FindBugsMessages.html...
[INFO] Generating /home/hafner/Programs/hudson/release/findbugs/target/checkout/target/apidocs/hudson/plugins/findbugs//class-use/FindBugsProjectAction.html...
[INFO] Generating /home/hafner/Programs/hudson/release/findbugs/target/checkout/target/apidocs/hudson/plugins/findbugs//class-use/FindBugsPublisher.html...
[INFO] Generating /home/hafner/Programs/hudson/release/findbugs/target/checkout/target/apidocs/hudson/plugins/findbugs//class-use/FindBugsResult.html...
[INFO] Generating /home/hafner/Programs/hudson/release/findbugs/target/checkout/target/apidocs/hudson/plugins/findbugs//class-use/FindBugsReporterDescriptor.html...
[INFO] Generating /home/hafner/Programs/hudson/release/findbugs/target/checkout/target/apidocs/hudson/plugins/findbugs//class-use/FindBugsMavenResult.html...
[INFO] Generating /home/hafner/Programs/hudson/release/findbugs/target/checkout/target/apidocs/hudson/plugins/findbugs//class-use/Pattern.html...
[INFO] Generating /home/hafner/Programs/hudson/release/findbugs/target/checkout/target/apidocs/hudson/plugins/findbugs//class-use/FindBugsResultBuilder.html...
[INFO] Generating /home/hafner/Programs/hudson/release/findbugs/target/checkout/target/apidocs/hudson/plugins/findbugs//class-use/FindBugsResultAction.html...
[INFO] Generating /home/hafner/Programs/hudson/release/findbugs/target/checkout/target/apidocs/hudson/plugins/findbugs//class-use/FindBugsPlugin.html...
[INFO] Generating /home/hafner/Programs/hudson/release/findbugs/target/checkout/target/apidocs/hudson/plugins/findbugs/parser//class-use/Bug.html...
[INFO] Generating /home/hafner/Programs/hudson/release/findbugs/target/checkout/target/apidocs/hudson/plugins/findbugs/parser//class-use/FindBugsParser.html...
[INFO] Generating /home/hafner/Programs/hudson/release/findbugs/target/checkout/target/apidocs/hudson/plugins/findbugs/parser//class-use/NativeFindBugsParser.html...
[INFO] Generating /home/hafner/Programs/hudson/release/findbugs/target/checkout/target/apidocs/hudson/plugins/findbugs/parser//class-use/XmlBugInstance.html...
[INFO] Generating /home/hafner/Programs/hudson/release/findbugs/target/checkout/target/apidocs/hudson/plugins/findbugs/parser/maven//class-use/File.html...
[INFO] Generating /home/hafner/Programs/hudson/release/findbugs/target/checkout/target/apidocs/hudson/plugins/findbugs/parser/maven//class-use/BugInstance.html...
[INFO] Generating /home/hafner/Programs/hudson/release/findbugs/target/checkout/target/apidocs/hudson/plugins/findbugs/parser/maven//class-use/BugCollection.html...
[INFO] Generating /home/hafner/Programs/hudson/release/findbugs/target/checkout/target/apidocs/hudson/plugins/findbugs/parser/maven//class-use/MavenFindBugsParser.html...
[INFO] Generating /home/hafner/Programs/hudson/release/findbugs/target/checkout/target/apidocs/hudson/plugins/findbugs//package-use.html...
[INFO] Generating /home/hafner/Programs/hudson/release/findbugs/target/checkout/target/apidocs/hudson/plugins/findbugs/parser//package-use.html...
[INFO] Generating /home/hafner/Programs/hudson/release/findbugs/target/checkout/target/apidocs/hudson/plugins/findbugs/parser/maven//package-use.html...
[INFO] Building index for all the packages and classes...
[INFO] Generating /home/hafner/Programs/hudson/release/findbugs/target/checkout/target/apidocs/overview-tree.html...
[INFO] Generating /home/hafner/Programs/hudson/release/findbugs/target/checkout/target/apidocs/index-all.html...
[INFO] Generating /home/hafner/Programs/hudson/release/findbugs/target/checkout/target/apidocs/deprecated-list.html...
[INFO] Building index for all classes...
[INFO] Generating /home/hafner/Programs/hudson/release/findbugs/target/checkout/target/apidocs/allclasses-frame.html...
[INFO] Generating /home/hafner/Programs/hudson/release/findbugs/target/checkout/target/apidocs/allclasses-noframe.html...
[INFO] Generating /home/hafner/Programs/hudson/release/findbugs/target/checkout/target/apidocs/index.html...
[INFO] Generating /home/hafner/Programs/hudson/release/findbugs/target/checkout/target/apidocs/overview-summary.html...
[INFO] Generating /home/hafner/Programs/hudson/release/findbugs/target/checkout/target/apidocs/help-doc.html...
[INFO] Generating /home/hafner/Programs/hudson/release/findbugs/target/checkout/target/apidocs/stylesheet.css...
[INFO] [INFO] Building jar: /home/hafner/Programs/hudson/release/findbugs/target/checkout/target/findbugs-javadoc.jar
[INFO] [INFO] [install:install {execution: default-install}]
[INFO] [INFO] Installing /home/hafner/Programs/hudson/release/findbugs/target/checkout/target/findbugs.hpi to /home/hafner/.m2/repository/org/jvnet/hudson/plugins/findbugs/4.1/findbugs-4.1.hpi
[INFO] [INFO] Installing /home/hafner/Programs/hudson/release/findbugs/target/checkout/target/findbugs.jar to /home/hafner/.m2/repository/org/jvnet/hudson/plugins/findbugs/4.1/findbugs-4.1.jar
[INFO] [INFO] Installing /home/hafner/Programs/hudson/release/findbugs/target/checkout/target/findbugs-sources.jar to /home/hafner/.m2/repository/org/jvnet/hudson/plugins/findbugs/4.1/findbugs-4.1-sources.jar
[INFO] [INFO] Installing /home/hafner/Programs/hudson/release/findbugs/target/checkout/target/findbugs-javadoc.jar to /home/hafner/.m2/repository/org/jvnet/hudson/plugins/findbugs/4.1/findbugs-4.1-javadoc.jar
[INFO] [INFO] [deploy:deploy {execution: default-deploy}]
[INFO] Uploading: java-net:/maven2-repository/trunk/repository//trunk/repository/org/jvnet/hudson/plugins/findbugs/4.1/findbugs-4.1.hpi
[INFO] 
[INFO] [INFO] Retrieving previous metadata from java.net-m2-repository
[INFO] [INFO] Uploading repository metadata for: 'artifact org.jvnet.hudson.plugins:findbugs'
[INFO] [INFO] Uploading project information for findbugs 4.1
[INFO] Uploading: java-net:/maven2-repository/trunk/repository//trunk/repository/org/jvnet/hudson/plugins/findbugs/4.1/findbugs-4.1.jar
[INFO] 
[INFO] Uploading: java-net:/maven2-repository/trunk/repository//trunk/repository/org/jvnet/hudson/plugins/findbugs/4.1/findbugs-4.1-sources.jar
[INFO] 
[INFO] Uploading: java-net:/maven2-repository/trunk/repository//trunk/repository/org/jvnet/hudson/plugins/findbugs/4.1/findbugs-4.1-javadoc.jar
[INFO] 
[INFO] [INFO] Preparing hpi:upload
[INFO] [INFO] [enforcer:display-info {execution: default}]
[INFO] [INFO] Maven Version: 2.2.1
[INFO] [INFO] JDK Version: 1.6.0_15 normalized as: 1.6.0-15
[INFO] [INFO] OS Info: Arch: i386 Family: unix Name: linux Version: 2.6.31-16-generic-pae
[INFO] [INFO] [localizer:generate {execution: default}]
[INFO] [INFO] [resources:resources {execution: default-resources}]
[INFO] [WARNING] Using platform encoding (UTF-8 actually) to copy filtered resources, i.e. build is platform dependent!
[INFO] [INFO] Copying 24 resources
[INFO] [INFO] [hpi:apt-compile {execution: default-apt-compile}]
[INFO] [INFO] Nothing to compile - all classes are up to date
[INFO] [INFO] [hpi:insert-test {execution: default-insert-test}]
[INFO] [INFO] [groovy:generateTestStubs {execution: test-in-groovy}]
[INFO] [INFO]  No sources found for Java stub generation
[INFO] [INFO] [resources:testResources {execution: default-testResources}]
[INFO] [WARNING] Using platform encoding (UTF-8 actually) to copy filtered resources, i.e. build is platform dependent!
[INFO] [INFO] Copying 11 resources
[INFO] [INFO] [compiler:testCompile {execution: default-testCompile}]
[INFO] [INFO] Nothing to compile - all classes are up to date
[INFO] [INFO] [hpi:test-hpl {execution: default-test-hpl}]
[INFO] [INFO] Generating /home/hafner/Programs/hudson/release/findbugs/target/checkout/target/test-classes/the.hpl
[INFO] [INFO] [groovy:testCompile {execution: test-in-groovy}]
[INFO] [INFO]  No sources found to compile
[INFO] [INFO] [surefire:test {execution: default-test}]
[INFO] [INFO] Surefire report directory: /home/hafner/Programs/hudson/release/findbugs/target/checkout/target/surefire-reports
[INFO] 
[INFO] -------------------------------------------------------
[INFO]  T E S T S
[INFO] -------------------------------------------------------
[INFO] Running hudson.plugins.findbugs.parser.maven.BugInstanceTest
[INFO] Tests run: 3, Failures: 0, Errors: 0, Skipped: 0, Time elapsed: 0.048 sec
[INFO] Running hudson.plugins.findbugs.FindBugsMessagesTest
[INFO] Tests run: 4, Failures: 0, Errors: 0, Skipped: 0, Time elapsed: 1.367 sec
[INFO] Running hudson.plugins.findbugs.parser.maven.MavenFindBugsParserTest
[INFO] Tests run: 12, Failures: 0, Errors: 0, Skipped: 0, Time elapsed: 0.354 sec
[INFO] Running hudson.plugins.findbugs.parser.BugSerializeModelTest
[INFO] Tests run: 3, Failures: 0, Errors: 0, Skipped: 0, Time elapsed: 0.451 sec
[INFO] Running hudson.plugins.findbugs.ResultSummaryTest
[INFO] Tests run: 14, Failures: 0, Errors: 0, Skipped: 0, Time elapsed: 0.187 sec
[INFO] Running hudson.plugins.findbugs.parser.BugsDifferencerTest
[INFO] Tests run: 4, Failures: 0, Errors: 0, Skipped: 0, Time elapsed: 0.01 sec
[INFO] Running InjectedTest
[INFO] Tests run: 0, Failures: 0, Errors: 0, Skipped: 0, Time elapsed: 0.004 sec
[INFO] Running hudson.plugins.findbugs.FindBugsResultTest
[INFO] Tests run: 3, Failures: 0, Errors: 0, Skipped: 0, Time elapsed: 0.554 sec
[INFO] Running hudson.plugins.findbugs.parser.NativeFindBugsParserTest
[INFO] Dec 29, 2009 5:48:37 PM hudson.plugins.findbugs.parser.NativeFindBugsParser parse
[INFO] WARNING: Can't resolve absolute file name for file BlockCrcUpgrade.java, dir list = [/home/johan/hudson/hudson-findbugs/work/jobs/Hadoop/workspace/hadoop/src/java, /home/johan/hudson/hudson-findbugs/work/jobs/Hadoop/workspace/hadoop/src/examples, /home/johan/hudson/hudson-findbugs/work/jobs/Hadoop/workspace/hadoop/src/contrib/streaming/src/java]
[INFO] Dec 29, 2009 5:48:37 PM hudson.plugins.findbugs.parser.NativeFindBugsParser parse
[INFO] WARNING: Can't resolve absolute file name for file StreamJob.java, dir list = [/home/johan/hudson/hudson-findbugs/work/jobs/Hadoop/workspace/hadoop/src/java, /home/johan/hudson/hudson-findbugs/work/jobs/Hadoop/workspace/hadoop/src/examples, /home/johan/hudson/hudson-findbugs/work/jobs/Hadoop/workspace/hadoop/src/contrib/streaming/src/java]
[INFO] Dec 29, 2009 5:48:37 PM hudson.plugins.findbugs.parser.NativeFindBugsParser parse
[INFO] WARNING: Can't resolve absolute file name for file PluginLoader.java, dir list = [/export/homes/submit/.hudson/jobs/FindBugs/workspace/findbugs/findbugs/src/java, /export/homes/submit/.hudson/jobs/FindBugs/workspace/findbugs/findbugs/src/java5]
[INFO] Dec 29, 2009 5:48:37 PM hudson.plugins.findbugs.parser.NativeFindBugsParser parse
[INFO] WARNING: Can't resolve absolute file name for file PluginLoader.java, dir list = [/export/homes/submit/.hudson/jobs/FindBugs/workspace/findbugs/findbugs/src/java, /export/homes/submit/.hudson/jobs/FindBugs/workspace/findbugs/findbugs/src/java5]
[INFO] Dec 29, 2009 5:48:38 PM hudson.plugins.findbugs.parser.NativeFindBugsParser parse
[INFO] WARNING: Can't resolve absolute file name for file ResultSummary.java, dir list = []
[INFO] Dec 29, 2009 5:48:38 PM hudson.plugins.findbugs.parser.NativeFindBugsParser parse
[INFO] WARNING: Can't resolve absolute file name for file ResultSummary.java, dir list = []
[INFO] Dec 29, 2009 5:48:38 PM hudson.plugins.findbugs.parser.NativeFindBugsParser parse
[INFO] WARNING: Can't resolve absolute file name for file TasksModuleDetail.java, dir list = []
[INFO] Dec 29, 2009 5:48:38 PM hudson.plugins.findbugs.parser.NativeFindBugsParser parse
[INFO] WARNING: Can't resolve absolute file name for file TasksReporter.java, dir list = []
[INFO] Dec 29, 2009 5:48:38 PM hudson.plugins.findbugs.parser.NativeFindBugsParser parse
[INFO] WARNING: Can't resolve absolute file name for file TasksReporter.java, dir list = []
[INFO] Dec 29, 2009 5:48:38 PM hudson.plugins.findbugs.parser.NativeFindBugsParser parse
[INFO] WARNING: Can't resolve absolute file name for file TasksReporter.java, dir list = []
[INFO] Dec 29, 2009 5:48:38 PM hudson.plugins.findbugs.parser.NativeFindBugsParser parse
[INFO] WARNING: Can't resolve absolute file name for file TasksReporter.java, dir list = []
[INFO] Dec 29, 2009 5:48:38 PM hudson.plugins.findbugs.parser.NativeFindBugsParser parse
[INFO] WARNING: Can't resolve absolute file name for file TasksReporter.java, dir list = []
[INFO] Dec 29, 2009 5:48:38 PM hudson.plugins.findbugs.parser.NativeFindBugsParser parse
[INFO] WARNING: Can't resolve absolute file name for file TasksReporter.java, dir list = []
[INFO] Dec 29, 2009 5:48:38 PM hudson.plugins.findbugs.parser.NativeFindBugsParser parse
[INFO] WARNING: Can't resolve absolute file name for file TasksReporter.java, dir list = []
[INFO] Dec 29, 2009 5:48:38 PM hudson.plugins.findbugs.parser.NativeFindBugsParser parse
[INFO] WARNING: Can't resolve absolute file name for file TasksReporter.java, dir list = []
[INFO] Dec 29, 2009 5:48:38 PM hudson.plugins.findbugs.parser.NativeFindBugsParser parse
[INFO] WARNING: Can't resolve absolute file name for file E:\Dokumente und Einstellungen\Ulli\Eigene Dateien\Workspace\Eclipse\tasks\src\main\java\hudson\plugins\tasks\TasksReporter.java, dir list = []
[INFO] Dec 29, 2009 5:48:38 PM hudson.plugins.findbugs.parser.NativeFindBugsParser parse
[INFO] WARNING: Can't resolve absolute file name for file TasksResult.java, dir list = []
[INFO] Dec 29, 2009 5:48:38 PM hudson.plugins.findbugs.parser.NativeFindBugsParser parse
[INFO] WARNING: Can't resolve absolute file name for file TasksResult.java, dir list = []
[INFO] Dec 29, 2009 5:48:38 PM hudson.plugins.findbugs.parser.NativeFindBugsParser parse
[INFO] WARNING: Can't resolve absolute file name for file TasksResultAction.java, dir list = []
[INFO] Dec 29, 2009 5:48:38 PM hudson.plugins.findbugs.parser.NativeFindBugsParser parse
[INFO] WARNING: Can't resolve absolute file name for file TasksResultAction.java, dir list = []
[INFO] Dec 29, 2009 5:48:38 PM hudson.plugins.findbugs.parser.NativeFindBugsParser parse
[INFO] WARNING: Can't resolve absolute file name for file TaskScanner.java, dir list = []
[INFO] Dec 29, 2009 5:48:38 PM hudson.plugins.findbugs.parser.NativeFindBugsParser parse
[INFO] WARNING: Can't resolve absolute file name for file ChartBuilder.java, dir list = []
[INFO] Dec 29, 2009 5:48:38 PM hudson.plugins.findbugs.parser.NativeFindBugsParser parse
[INFO] WARNING: Can't resolve absolute file name for file HealthAwarePublisher.java, dir list = []
[INFO] Dec 29, 2009 5:48:38 PM hudson.plugins.findbugs.parser.NativeFindBugsParser parse
[INFO] WARNING: Can't resolve absolute file name for file HealthAwarePublisher.java, dir list = []
[INFO] Dec 29, 2009 5:48:38 PM hudson.plugins.findbugs.parser.NativeFindBugsParser parse
[INFO] WARNING: Can't resolve absolute file name for file HealthAwarePublisher.java, dir list = []
[INFO] Dec 29, 2009 5:48:38 PM hudson.plugins.findbugs.parser.NativeFindBugsParser parse
[INFO] WARNING: Can't resolve absolute file name for file HealthReportBuilderTest.java, dir list = []
[INFO] Dec 29, 2009 5:48:38 PM hudson.plugins.findbugs.parser.NativeFindBugsParser parse
[INFO] WARNING: Can't resolve absolute file name for file HealthReportBuilderTest.java, dir list = []
[INFO] Dec 29, 2009 5:48:38 PM hudson.plugins.findbugs.parser.NativeFindBugsParser parse
[INFO] WARNING: Can't resolve absolute file name for file HealthReportBuilderTest.java, dir list = []
[INFO] Dec 29, 2009 5:48:38 PM hudson.plugins.findbugs.parser.NativeFindBugsParser parse
[INFO] WARNING: Can't resolve absolute file name for file HealthReportBuilderTest.java, dir list = []
[INFO] Dec 29, 2009 5:48:38 PM hudson.plugins.findbugs.parser.NativeFindBugsParser parse
[INFO] WARNING: Can't resolve absolute file name for file HealthReportBuilderTest.java, dir list = []
[INFO] Dec 29, 2009 5:48:38 PM hudson.plugins.findbugs.parser.NativeFindBugsParser parse
[INFO] WARNING: Can't resolve absolute file name for file HealthReportBuilderTest.java, dir list = []
[INFO] Dec 29, 2009 5:48:38 PM hudson.plugins.findbugs.parser.NativeFindBugsParser parse
[INFO] WARNING: Can't resolve absolute file name for file HealthReportBuilderTest.java, dir list = []
[INFO] Dec 29, 2009 5:48:38 PM hudson.plugins.findbugs.parser.NativeFindBugsParser parse
[INFO] WARNING: Can't resolve absolute file name for file HealthReportBuilderTest.java, dir list = []
[INFO] Dec 29, 2009 5:48:38 PM hudson.plugins.findbugs.parser.NativeFindBugsParser parse
[INFO] WARNING: Can't resolve absolute file name for file HealthReportBuilderTest.java, dir list = []
[INFO] Dec 29, 2009 5:48:38 PM hudson.plugins.findbugs.parser.NativeFindBugsParser parse
[INFO] WARNING: Can't resolve absolute file name for file HealthReportBuilderTest.java, dir list = []
[INFO] Dec 29, 2009 5:48:38 PM hudson.plugins.findbugs.parser.NativeFindBugsParser parse
[INFO] WARNING: Can't resolve absolute file name for file HealthReportBuilderTest.java, dir list = []
[INFO] Dec 29, 2009 5:48:38 PM hudson.plugins.findbugs.parser.NativeFindBugsParser parse
[INFO] WARNING: Can't resolve absolute file name for file HealthReportBuilderTest.java, dir list = []
[INFO] Dec 29, 2009 5:48:38 PM hudson.plugins.findbugs.parser.NativeFindBugsParser parse
[INFO] WARNING: Can't resolve absolute file name for file HealthReportBuilderTest.java, dir list = []
[INFO] Dec 29, 2009 5:48:38 PM hudson.plugins.findbugs.parser.NativeFindBugsParser parse
[INFO] WARNING: Can't resolve absolute file name for file HealthReportBuilderTest.java, dir list = []
[INFO] Dec 29, 2009 5:48:38 PM hudson.plugins.findbugs.parser.NativeFindBugsParser parse
[INFO] WARNING: Can't resolve absolute file name for file HealthReportBuilderTest.java, dir list = []
[INFO] Dec 29, 2009 5:48:38 PM hudson.plugins.findbugs.parser.NativeFindBugsParser parse
[INFO] WARNING: Can't resolve absolute file name for file HealthReportBuilderTest.java, dir list = []
[INFO] Dec 29, 2009 5:48:38 PM hudson.plugins.findbugs.parser.NativeFindBugsParser parse
[INFO] WARNING: Can't resolve absolute file name for file HealthReportBuilderTest.java, dir list = []
[INFO] Dec 29, 2009 5:48:38 PM hudson.plugins.findbugs.parser.NativeFindBugsParser parse
[INFO] WARNING: Can't resolve absolute file name for file HealthReportBuilderTest.java, dir list = []
[INFO] Dec 29, 2009 5:48:38 PM hudson.plugins.findbugs.parser.NativeFindBugsParser parse
[INFO] WARNING: Can't resolve absolute file name for file HealthReportBuilderTest.java, dir list = []
[INFO] Dec 29, 2009 5:48:38 PM hudson.plugins.findbugs.parser.NativeFindBugsParser parse
[INFO] WARNING: Can't resolve absolute file name for file HealthReportBuilderTest.java, dir list = []
[INFO] Dec 29, 2009 5:48:38 PM hudson.plugins.findbugs.parser.NativeFindBugsParser parse
[INFO] WARNING: Can't resolve absolute file name for file HealthReportBuilderTest.java, dir list = []
[INFO] Dec 29, 2009 5:48:38 PM hudson.plugins.findbugs.parser.NativeFindBugsParser parse
[INFO] WARNING: Can't resolve absolute file name for file HealthReportBuilderTest.java, dir list = []
[INFO] Dec 29, 2009 5:48:38 PM hudson.plugins.findbugs.parser.NativeFindBugsParser parse
[INFO] WARNING: Can't resolve absolute file name for file HealthReportBuilderTest.java, dir list = []
[INFO] Dec 29, 2009 5:48:38 PM hudson.plugins.findbugs.parser.NativeFindBugsParser parse
[INFO] WARNING: Can't resolve absolute file name for file HealthReportBuilderTest.java, dir list = []
[INFO] Dec 29, 2009 5:48:38 PM hudson.plugins.findbugs.parser.NativeFindBugsParser parse
[INFO] WARNING: Can't resolve absolute file name for file HealthReportBuilderTest.java, dir list = []
[INFO] Dec 29, 2009 5:48:38 PM hudson.plugins.findbugs.parser.NativeFindBugsParser parse
[INFO] WARNING: Can't resolve absolute file name for file HealthReportBuilderTest.java, dir list = []
[INFO] Dec 29, 2009 5:48:38 PM hudson.plugins.findbugs.parser.NativeFindBugsParser parse
[INFO] WARNING: Can't resolve absolute file name for file HealthReportBuilderTest.java, dir list = []
[INFO] Dec 29, 2009 5:48:38 PM hudson.plugins.findbugs.parser.NativeFindBugsParser parse
[INFO] WARNING: Can't resolve absolute file name for file Messages.java, dir list = []
[INFO] Dec 29, 2009 5:48:38 PM hudson.plugins.findbugs.parser.NativeFindBugsParser parse
[INFO] WARNING: Can't resolve absolute file name for file Messages.java, dir list = []
[INFO] Dec 29, 2009 5:48:38 PM hudson.plugins.findbugs.parser.NativeFindBugsParser parse
[INFO] WARNING: Can't resolve absolute file name for file Messages.java, dir list = []
[INFO] Dec 29, 2009 5:48:38 PM hudson.plugins.findbugs.parser.NativeFindBugsParser parse
[INFO] WARNING: Can't resolve absolute file name for file ModuleDetail.java, dir list = []
[INFO] Dec 29, 2009 5:48:38 PM hudson.plugins.findbugs.parser.NativeFindBugsParser parse
[INFO] WARNING: Can't resolve absolute file name for file SourceDetail.java, dir list = []
[INFO] Dec 29, 2009 5:48:38 PM hudson.plugins.findbugs.parser.NativeFindBugsParser parse
[INFO] WARNING: Can't resolve absolute file name for file ThresholdValidator.java, dir list = []
[INFO] Dec 29, 2009 5:48:38 PM hudson.plugins.findbugs.parser.NativeFindBugsParser parse
[INFO] WARNING: Can't resolve absolute file name for file AbstractAnnotation.java, dir list = []
[INFO] Dec 29, 2009 5:48:38 PM hudson.plugins.findbugs.parser.NativeFindBugsParser parse
[INFO] WARNING: Can't resolve absolute file name for file AbstractAnnotation.java, dir list = []
[INFO] Dec 29, 2009 5:48:38 PM hudson.plugins.findbugs.parser.NativeFindBugsParser parse
[INFO] WARNING: Can't resolve absolute file name for file AbstractAnnotation.java, dir list = []
[INFO] Dec 29, 2009 5:48:38 PM hudson.plugins.findbugs.parser.NativeFindBugsParser parse
[INFO] WARNING: Can't resolve absolute file name for file AbstractSerializeModelTest.java, dir list = []
[INFO] Dec 29, 2009 5:48:38 PM hudson.plugins.findbugs.parser.NativeFindBugsParser parse
[INFO] WARNING: Can't resolve absolute file name for file LineRange.java, dir list = []
[INFO] Dec 29, 2009 5:48:38 PM hudson.plugins.findbugs.parser.NativeFindBugsParser parse
[INFO] WARNING: Can't resolve absolute file name for file WarningsResultBuilder.java, dir list = []
[INFO] Tests run: 5, Failures: 0, Errors: 0, Skipped: 0, Time elapsed: 2.025 sec
[INFO] Running hudson.plugins.findbugs.FindBugsHealthDescriptorTest
[INFO] Tests run: 8, Failures: 0, Errors: 0, Skipped: 0, Time elapsed: 0.062 sec
[INFO] 
[INFO] Results :
[INFO] 
[INFO] Tests run: 56, Failures: 0, Errors: 0, Skipped: 0
[INFO] 
[INFO] [INFO] [hpi:hpi {execution: default-hpi}]
[INFO] [INFO] Exploding webapp...
[INFO] [INFO] Copy webapp webResources to /home/hafner/Programs/hudson/release/findbugs/target/checkout/target/findbugs
[INFO] [INFO] Assembling webapp findbugs in /home/hafner/Programs/hudson/release/findbugs/target/checkout/target/findbugs
[INFO] [INFO] Generating hpi /home/hafner/Programs/hudson/release/findbugs/target/checkout/target/findbugs.hpi
[INFO] [INFO] Generating /home/hafner/Programs/hudson/release/findbugs/target/checkout/target/findbugs/META-INF/MANIFEST.MF
[INFO] [INFO] Building jar: /home/hafner/Programs/hudson/release/findbugs/target/checkout/target/findbugs.hpi
[INFO] [INFO] Building jar: /home/hafner/Programs/hudson/release/findbugs/target/checkout/target/findbugs.jar
[INFO] [INFO] Preparing source:jar
[INFO] [WARNING] Removing: jar from forked lifecycle, to prevent recursive invocation.
[INFO] [INFO] [enforcer:display-info {execution: default}]
[INFO] [INFO] Maven Version: 2.2.1
[INFO] [INFO] JDK Version: 1.6.0_15 normalized as: 1.6.0-15
[INFO] [INFO] OS Info: Arch: i386 Family: unix Name: linux Version: 2.6.31-16-generic-pae
[INFO] [INFO] [localizer:generate {execution: default}]
[INFO] [INFO] [source:jar {execution: attach-sources}]
[INFO] [INFO] Building jar: /home/hafner/Programs/hudson/release/findbugs/target/checkout/target/findbugs-sources.jar
[INFO] [INFO] Preparing javadoc:jar
[INFO] [WARNING] Removing: jar from forked lifecycle, to prevent recursive invocation.
[INFO] [WARNING] Removing: jar from forked lifecycle, to prevent recursive invocation.
[INFO] [INFO] [enforcer:display-info {execution: default}]
[INFO] [INFO] Maven Version: 2.2.1
[INFO] [INFO] JDK Version: 1.6.0_15 normalized as: 1.6.0-15
[INFO] [INFO] OS Info: Arch: i386 Family: unix Name: linux Version: 2.6.31-16-generic-pae
[INFO] [INFO] [localizer:generate {execution: default}]
[INFO] [INFO] [javadoc:jar {execution: attach-javadocs}]
[INFO] Loading source files for package hudson.plugins.findbugs...
[INFO] Loading source files for package hudson.plugins.findbugs.parser...
[INFO] Loading source files for package hudson.plugins.findbugs.parser.maven...
[INFO] Constructing Javadoc information...
[INFO] Standard Doclet version 1.6.0_15
[INFO] Building tree for all the packages and classes...
[INFO] Generating /home/hafner/Programs/hudson/release/findbugs/target/checkout/target/apidocs/hudson/plugins/findbugs//FindBugsDescriptor.html...
[INFO] Generating /home/hafner/Programs/hudson/release/findbugs/target/checkout/target/apidocs/hudson/plugins/findbugs//FindBugsHealthDescriptor.html...
[INFO] Generating /home/hafner/Programs/hudson/release/findbugs/target/checkout/target/apidocs/hudson/plugins/findbugs//FindBugsMavenResult.html...
[INFO] Generating /home/hafner/Programs/hudson/release/findbugs/target/checkout/target/apidocs/hudson/plugins/findbugs//FindBugsMessages.html...
[INFO] Generating /home/hafner/Programs/hudson/release/findbugs/target/checkout/target/apidocs/hudson/plugins/findbugs//FindBugsPlugin.html...
[INFO] Generating /home/hafner/Programs/hudson/release/findbugs/target/checkout/target/apidocs/hudson/plugins/findbugs//FindBugsProjectAction.html...
[INFO] Generating /home/hafner/Programs/hudson/release/findbugs/target/checkout/target/apidocs/hudson/plugins/findbugs//FindBugsPublisher.html...
[INFO] Generating /home/hafner/Programs/hudson/release/findbugs/target/checkout/target/apidocs/hudson/plugins/findbugs//FindBugsReporter.html...
[INFO] Generating /home/hafner/Programs/hudson/release/findbugs/target/checkout/target/apidocs/hudson/plugins/findbugs//FindBugsReporterDescriptor.html...
[INFO] Generating /home/hafner/Programs/hudson/release/findbugs/target/checkout/target/apidocs/hudson/plugins/findbugs//FindBugsResult.html...
[INFO] Generating /home/hafner/Programs/hudson/release/findbugs/target/checkout/target/apidocs/hudson/plugins/findbugs//FindBugsResultAction.html...
[INFO] Generating /home/hafner/Programs/hudson/release/findbugs/target/checkout/target/apidocs/hudson/plugins/findbugs//FindBugsResultBuilder.html...
[INFO] Generating /home/hafner/Programs/hudson/release/findbugs/target/checkout/target/apidocs/hudson/plugins/findbugs//MavenFindBugsResultAction.html...
[INFO] Generating /home/hafner/Programs/hudson/release/findbugs/target/checkout/target/apidocs/hudson/plugins/findbugs//Messages.html...
[INFO] Generating /home/hafner/Programs/hudson/release/findbugs/target/checkout/target/apidocs/hudson/plugins/findbugs//Pattern.html...
[INFO] Generating /home/hafner/Programs/hudson/release/findbugs/target/checkout/target/apidocs/hudson/plugins/findbugs//ResultSummary.html...
[INFO] Generating /home/hafner/Programs/hudson/release/findbugs/target/checkout/target/apidocs/hudson/plugins/findbugs/parser//Bug.html...
[INFO] Generating /home/hafner/Programs/hudson/release/findbugs/target/checkout/target/apidocs/hudson/plugins/findbugs/parser//FindBugsParser.html...
[INFO] Generating /home/hafner/Programs/hudson/release/findbugs/target/checkout/target/apidocs/hudson/plugins/findbugs/parser//NativeFindBugsParser.html...
[INFO] Generating /home/hafner/Programs/hudson/release/findbugs/target/checkout/target/apidocs/hudson/plugins/findbugs/parser//XmlBugInstance.html...
[INFO] Generating /home/hafner/Programs/hudson/release/findbugs/target/checkout/target/apidocs/hudson/plugins/findbugs/parser/maven//BugCollection.html...
[INFO] Generating /home/hafner/Programs/hudson/release/findbugs/target/checkout/target/apidocs/hudson/plugins/findbugs/parser/maven//BugInstance.html...
[INFO] Generating /home/hafner/Programs/hudson/release/findbugs/target/checkout/target/apidocs/hudson/plugins/findbugs/parser/maven//File.html...
[INFO] Generating /home/hafner/Programs/hudson/release/findbugs/target/checkout/target/apidocs/hudson/plugins/findbugs/parser/maven//MavenFindBugsParser.html...
[INFO] Generating /home/hafner/Programs/hudson/release/findbugs/target/checkout/target/apidocs/overview-frame.html...
[INFO] Generating /home/hafner/Programs/hudson/release/findbugs/target/checkout/target/apidocs/hudson/plugins/findbugs//package-frame.html...
[INFO] Generating /home/hafner/Programs/hudson/release/findbugs/target/checkout/target/apidocs/hudson/plugins/findbugs//package-summary.html...
[INFO] Generating /home/hafner/Programs/hudson/release/findbugs/target/checkout/target/apidocs/hudson/plugins/findbugs//package-tree.html...
[INFO] Generating /home/hafner/Programs/hudson/release/findbugs/target/checkout/target/apidocs/hudson/plugins/findbugs/parser//package-frame.html...
[INFO] Generating /home/hafner/Programs/hudson/release/findbugs/target/checkout/target/apidocs/hudson/plugins/findbugs/parser//package-summary.html...
[INFO] Generating /home/hafner/Programs/hudson/release/findbugs/target/checkout/target/apidocs/hudson/plugins/findbugs/parser//package-tree.html...
[INFO] Generating /home/hafner/Programs/hudson/release/findbugs/target/checkout/target/apidocs/hudson/plugins/findbugs/parser/maven//package-frame.html...
[INFO] Generating /home/hafner/Programs/hudson/release/findbugs/target/checkout/target/apidocs/hudson/plugins/findbugs/parser/maven//package-summary.html...
[INFO] Generating /home/hafner/Programs/hudson/release/findbugs/target/checkout/target/apidocs/hudson/plugins/findbugs/parser/maven//package-tree.html...
[INFO] Generating /home/hafner/Programs/hudson/release/findbugs/target/checkout/target/apidocs/constant-values.html...
[INFO] Generating /home/hafner/Programs/hudson/release/findbugs/target/checkout/target/apidocs/serialized-form.html...
[INFO] Generating /home/hafner/Programs/hudson/release/findbugs/target/checkout/target/apidocs/hudson/plugins/findbugs//class-use/MavenFindBugsResultAction.html...
[INFO] Generating /home/hafner/Programs/hudson/release/findbugs/target/checkout/target/apidocs/hudson/plugins/findbugs//class-use/FindBugsHealthDescriptor.html...
[INFO] Generating /home/hafner/Programs/hudson/release/findbugs/target/checkout/target/apidocs/hudson/plugins/findbugs//class-use/FindBugsReporter.html...
[INFO] Generating /home/hafner/Programs/hudson/release/findbugs/target/checkout/target/apidocs/hudson/plugins/findbugs//class-use/ResultSummary.html...
[INFO] Generating /home/hafner/Programs/hudson/release/findbugs/target/checkout/target/apidocs/hudson/plugins/findbugs//class-use/FindBugsDescriptor.html...
[INFO] Generating /home/hafner/Programs/hudson/release/findbugs/target/checkout/target/apidocs/hudson/plugins/findbugs//class-use/Messages.html...
[INFO] Generating /home/hafner/Programs/hudson/release/findbugs/target/checkout/target/apidocs/hudson/plugins/findbugs//class-use/FindBugsMessages.html...
[INFO] Generating /home/hafner/Programs/hudson/release/findbugs/target/checkout/target/apidocs/hudson/plugins/findbugs//class-use/FindBugsProjectAction.html...
[INFO] Generating /home/hafner/Programs/hudson/release/findbugs/target/checkout/target/apidocs/hudson/plugins/findbugs//class-use/FindBugsPublisher.html...
[INFO] Generating /home/hafner/Programs/hudson/release/findbugs/target/checkout/target/apidocs/hudson/plugins/findbugs//class-use/FindBugsResult.html...
[INFO] Generating /home/hafner/Programs/hudson/release/findbugs/target/checkout/target/apidocs/hudson/plugins/findbugs//class-use/FindBugsReporterDescriptor.html...
[INFO] Generating /home/hafner/Programs/hudson/release/findbugs/target/checkout/target/apidocs/hudson/plugins/findbugs//class-use/FindBugsMavenResult.html...
[INFO] Generating /home/hafner/Programs/hudson/release/findbugs/target/checkout/target/apidocs/hudson/plugins/findbugs//class-use/Pattern.html...
[INFO] Generating /home/hafner/Programs/hudson/release/findbugs/target/checkout/target/apidocs/hudson/plugins/findbugs//class-use/FindBugsResultBuilder.html...
[INFO] Generating /home/hafner/Programs/hudson/release/findbugs/target/checkout/target/apidocs/hudson/plugins/findbugs//class-use/FindBugsResultAction.html...
[INFO] Generating /home/hafner/Programs/hudson/release/findbugs/target/checkout/target/apidocs/hudson/plugins/findbugs//class-use/FindBugsPlugin.html...
[INFO] Generating /home/hafner/Programs/hudson/release/findbugs/target/checkout/target/apidocs/hudson/plugins/findbugs/parser//class-use/Bug.html...
[INFO] Generating /home/hafner/Programs/hudson/release/findbugs/target/checkout/target/apidocs/hudson/plugins/findbugs/parser//class-use/FindBugsParser.html...
[INFO] Generating /home/hafner/Programs/hudson/release/findbugs/target/checkout/target/apidocs/hudson/plugins/findbugs/parser//class-use/NativeFindBugsParser.html...
[INFO] Generating /home/hafner/Programs/hudson/release/findbugs/target/checkout/target/apidocs/hudson/plugins/findbugs/parser//class-use/XmlBugInstance.html...
[INFO] Generating /home/hafner/Programs/hudson/release/findbugs/target/checkout/target/apidocs/hudson/plugins/findbugs/parser/maven//class-use/File.html...
[INFO] Generating /home/hafner/Programs/hudson/release/findbugs/target/checkout/target/apidocs/hudson/plugins/findbugs/parser/maven//class-use/BugInstance.html...
[INFO] Generating /home/hafner/Programs/hudson/release/findbugs/target/checkout/target/apidocs/hudson/plugins/findbugs/parser/maven//class-use/BugCollection.html...
[INFO] Generating /home/hafner/Programs/hudson/release/findbugs/target/checkout/target/apidocs/hudson/plugins/findbugs/parser/maven//class-use/MavenFindBugsParser.html...
[INFO] Generating /home/hafner/Programs/hudson/release/findbugs/target/checkout/target/apidocs/hudson/plugins/findbugs//package-use.html...
[INFO] Generating /home/hafner/Programs/hudson/release/findbugs/target/checkout/target/apidocs/hudson/plugins/findbugs/parser//package-use.html...
[INFO] Generating /home/hafner/Programs/hudson/release/findbugs/target/checkout/target/apidocs/hudson/plugins/findbugs/parser/maven//package-use.html...
[INFO] Building index for all the packages and classes...
[INFO] Generating /home/hafner/Programs/hudson/release/findbugs/target/checkout/target/apidocs/overview-tree.html...
[INFO] Generating /home/hafner/Programs/hudson/release/findbugs/target/checkout/target/apidocs/index-all.html...
[INFO] Generating /home/hafner/Programs/hudson/release/findbugs/target/checkout/target/apidocs/deprecated-list.html...
[INFO] Building index for all classes...
[INFO] Generating /home/hafner/Programs/hudson/release/findbugs/target/checkout/target/apidocs/allclasses-frame.html...
[INFO] Generating /home/hafner/Programs/hudson/release/findbugs/target/checkout/target/apidocs/allclasses-noframe.html...
[INFO] Generating /home/hafner/Programs/hudson/release/findbugs/target/checkout/target/apidocs/index.html...
[INFO] Generating /home/hafner/Programs/hudson/release/findbugs/target/checkout/target/apidocs/overview-summary.html...
[INFO] Generating /home/hafner/Programs/hudson/release/findbugs/target/checkout/target/apidocs/help-doc.html...
[INFO] Generating /home/hafner/Programs/hudson/release/findbugs/target/checkout/target/apidocs/stylesheet.css...
[INFO] [INFO] Building jar: /home/hafner/Programs/hudson/release/findbugs/target/checkout/target/findbugs-javadoc.jar
[INFO] [INFO] [hpi:upload {execution: default-cli}]
[INFO] [INFO] [hpi:announce {execution: default-cli}]
[INFO] [INFO] ------------------------------------------------------------------------
[INFO] [INFO] BUILD SUCCESSFUL
[INFO] [INFO] ------------------------------------------------------------------------
[INFO] [INFO] Total time: 8 minutes 31 seconds
[INFO] [INFO] Finished at: Tue Dec 29 17:51:16 CET 2009
[INFO] [INFO] Final Memory: 51M/122M
[INFO] [INFO] ------------------------------------------------------------------------
[INFO] Cleaning up after release...
[INFO] ------------------------------------------------------------------------
[INFO] BUILD SUCCESSFUL
[INFO] ------------------------------------------------------------------------
[INFO] Total time: 9 minutes 5 seconds
[INFO] Finished at: Tue Dec 29 17:51:17 CET 2009
[INFO] Final Memory: 30M/84M
[INFO] ------------------------------------------------------------------------
